<?xml version="1.0" encoding="UTF-8"?>
<!-- Generated by org.testng.reporters.JUnitReportReporter -->
<testsuite hostname="SPZMUMLAP0011" failures="0" tests="3" name="tests.settings.organisationSettings.general.GenerateDuplicateSequence.Test.PurchaseOrderSequenceParallelTest" time="326.209" errors="0" timestamp="2023-12-17T21:49:55 IST" skipped="0">
  <testcase classname="tests.settings.organisationSettings.general.GenerateDuplicateSequence.Test.PurchaseOrderSequenceParallelTest" name="generatePurchaseOrderSequence" time="134.117"/>
  <system-out>
    <![CDATA[Test Case Description: Entered Username : hgdummydoc
Expected: true
Actual: true

Test Case Description: Entered Password : FO#sSpRd12$23$
Expected: true
Actual: true

Test Case Description: Clicked on Login Button
Expected: true
Actual: true

Test Case Description: Selected Store - Pharmacy Viet- Pharmacy
Expected: true
Actual: true

Test Case Description: <b>Purchase Order</b> created
Expected: true
Actual: true
]]>
  </system-out>
  <testcase classname="tests.settings.organisationSettings.general.GenerateDuplicateSequence.Test.PurchaseOrderSequenceParallelTest" name="validatePurchaseOrderSequence" time="65.425"/>
  <system-out>
    <![CDATA[Test Case Description: Entered Username : hgdummydoc
Expected: true
Actual: true

Test Case Description: Entered Password : FO#sSpRd12$23$
Expected: true
Actual: true

Test Case Description: Clicked on Login Button
Expected: true
Actual: true

Test Case Description: Purchase Bill created at 17-12-2023 --> Purchase Bill No : <b>RSO-PO-171223-101125</b>
Expected: true
Actual: true

Test Case Description: Purchase Bill created at 17-12-2023 --> Purchase Bill No : <b>RSO-PO-171223-101125</b>
Expected: true
Actual: true

Duplicate Purchase Grn no found: RSO-PO-171223-101125
Test Case Description: Duplicate Purchase Grn no found: RSO-PO-171223-101125
TEST Case Failed ->Duplicate Purchase Grn no found: RSO-PO-171223-101125 expected [true] but found [false]
Expected: true
Actual: false

Validate Purchase Order Sequence - No Duplicates found
Test Case Description: Validate Purchase Order Sequence - No Duplicates found
TEST Case Failed ->Validate Purchase Order Sequence - No Duplicates found expected [true] but found [false]
Expected: true
Actual: false

Test Case Description: Validated Primary Sequence counter got increased by 2 count
Expected: true
Actual: true

Test Case Description: Counter Level : Organisation = BEFORE :  --> <font color='yellow'>RSO-PO-171223-101123</font> --> AFTER :  --> <font color='lime'>RSO-PO-171223-101125</font>
Expected: true
Actual: true
]]>
  </system-out>
  <testcase classname="tests.settings.organisationSettings.general.GenerateDuplicateSequence.Test.PurchaseOrderSequenceParallelTest" name="generatePurchaseOrderSequence" time="126.667"/>
  <system-out>
    <![CDATA[Test Case Description: Entered Username : hgdummydoc
Expected: true
Actual: true

Test Case Description: Entered Password : FO#sSpRd12$23$
Expected: true
Actual: true

Test Case Description: Clicked on Login Button
Expected: true
Actual: true

Test Case Description: Selected Store - Pharmacy Viet- Pharmacy
Expected: true
Actual: true

Test Case Description: <b>Purchase Order</b> created
Expected: true
Actual: true
]]>
  </system-out>
</testsuite> <!-- tests.settings.organisationSettings.general.GenerateDuplicateSequence.Test.PurchaseOrderSequenceParallelTest -->
