<?xml version="1.0" encoding="UTF-8"?>
<!-- Generated by org.testng.reporters.JUnitReportReporter -->
<testsuite hostname="SPZMUMLAP0011" failures="0" tests="1" name="tests.authorizationpolicy.opd.SettleBillsPolicyTest" time="146.002" errors="0" timestamp="2023-11-09T21:50:09 IST" skipped="0">
  <testcase classname="tests.authorizationpolicy.opd.SettleBillsPolicyTest" name="validatePolicy_settleBills" time="146.002"/>
  <system-out>
    <![CDATA[Test Case Description: Expected User is Logged in - <b>Dr. Akash Jajee</b> .Current User is Dr. Akash Jajee
Expected: true
Actual: true

Test Case Description: Selected Option <b>Organisation Settings</b>
Expected: true
Actual: true

Test Case Description: Selected Option in the Left Panel = <b>General</b>
Expected: true
Actual: true

Test Case Description: Selected Sub Option in the Left Panel = <b>Organisation Setup</b>
Expected: true
Actual: true

Test Case Description: Clicked user policy for user : Dr. Akash Jajee
Expected: true
Actual: true

Test Case Description: opened authorization policy page for the user : Dr. Akash Jajee
Expected: true
Actual: true

Test Case Description: OPD policy clicked
Expected: true
Actual: true

Test Case Description: OPD Credit Bill Settle access
Authorized:    NO
Expected: true
Actual: true

Test Case Description: Selected Option <b>Organisation Settings</b>
Expected: true
Actual: true

Test Case Description: Selected Option in the Left Panel = <b>General</b>
Expected: true
Actual: true

Test Case Description: Selected Sub Option in the Left Panel = <b>Organisation Setup</b>
Expected: true
Actual: true

Test Case Description: <font color='blue'>Validated OPD Credit Bill Settle access is disabled for the user</font>
Expected: true
Actual: true

Test Case Description: Expected User is Logged in - <b>Dr. Akash Jajee</b> .Current User is Dr. Akash Jajee
Expected: true
Actual: true

Test Case Description: Selected Option <b>Organisation Settings</b>
Expected: true
Actual: true

Test Case Description: Selected Option in the Left Panel = <b>General</b>
Expected: true
Actual: true

Test Case Description: Selected Sub Option in the Left Panel = <b>Organisation Setup</b>
Expected: true
Actual: true

Test Case Description: Clicked user policy for user : Dr. Akash Jajee
Expected: true
Actual: true

Test Case Description: opened authorization policy page for the user : Dr. Akash Jajee
Expected: true
Actual: true

Test Case Description: OPD policy clicked
Expected: true
Actual: true

Test Case Description: OPD Credit Bill Settle access
Authorized:    YES
Expected: true
Actual: true

<font color='blue'>Validated OPD Credit Bill Settle access is enabled for the user</font>
Test Case Description: <font color='blue'>Validated OPD Credit Bill Settle access is enabled for the user</font>
TEST Case Failed -><font color='blue'>Validated OPD Credit Bill Settle access is enabled for the user</font> expected [true] but found [false]
Expected: true
Actual: false
]]>
  </system-out>
</testsuite> <!-- tests.authorizationpolicy.opd.SettleBillsPolicyTest -->
