<?xml version="1.0" encoding="UTF-8"?>
<!-- Generated by org.testng.reporters.JUnitReportReporter -->
<testsuite hostname="SPZMUMLAP0011" failures="0" tests="1" name="tests.inventoryStores.pharmacyStore.Order.RequisitionTest" time="528.600" errors="0" timestamp="2023-07-14T23:10:43 IST" skipped="0">
  <testcase classname="tests.inventoryStores.pharmacyStore.Order.RequisitionTest" name="validateCreateRequisitionThroughIndentTest" time="528.600"/>
  <system-out>
    <![CDATA[Test Case Description: The Facility - <b>TST</b> is already selected.
Expected: true
Actual: true

Test Case Description: Selected Option <b>Organisation Settings</b>
Expected: true
Actual: true

Test Case Description: Selected Option in the Left Panel = <b>Inventory & Supply Chain</b>
Expected: true
Actual: true

Test Case Description: Selected Sub Option in the Left Panel = <b>Store Setup</b>
Expected: true
Actual: true

Test Case Description: Default Billing Address for OpticalStore is <b>marathalli</b>
Expected: true
Actual: true

Test Case Description: GST no. present in OpticalStore is <b>21BAC</b>
Expected: true
Actual: true

Test Case Description: Default Shipping Address for OpticalStore is <b>marathalli</b>
Expected: true
Actual: true

Test Case Description: Selected Option in the Left Panel = <b>Inventory & Supply Chain</b>
Expected: true
Actual: true

Test Case Description: Selected Sub Option in the Left Panel = <b>Vendor Master</b>
Expected: true
Actual: true

Test Case Description: Vendor Credit days present in Supplier ABC is <b>45</b>
Expected: true
Actual: true

Test Case Description: Vendor GST No present in Supplier ABC is <b>21EAC</b>
Expected: true
Actual: true

Test Case Description: Pharmacy Automation 2- Pharmacy store is selected.
Expected: true
Actual: true

Test Case Description: Selected Option in the Left Panel = <b>Items</b>
Expected: true
Actual: true

Test Case Description: Selected Sub Option in the Left Panel = <b>Master</b>
Expected: true
Actual: true

Test Case Description: <b> Xiidra </b> is present in Item Master List
Expected: true
Actual: true

Test Case Description: Available stock of item : Xiidra --> <b>250.0</b>
Expected: true
Actual: true

Test Case Description: Selected Option in the Left Panel = <b>Order</b>
Expected: true
Actual: true

Test Case Description: Selected Sub Option in the Left Panel = <b>Requisition</b>
Expected: true
Actual: true

Test Case Description: Clicked <b>New</b> Requisition button
Expected: true
Actual: true

Test Case Description: Create Requisition Page Opened
Expected: true
Actual: true

Test Case Description: Validated default Order Date <b>(14/07/2023)</b> and Time <b>(11:04 PM)</b>
Expected: true
Actual: true

Test Case Description: Entered AUTO TEST in Order Note
Expected: true
Actual: true

Test Case Description: Selected <b>OpticalStore</b> in Receiving Store
Expected: true
Actual: true

Test Case Description: Selected <b>Urgent</b> in Receiving Type
Expected: true
Actual: true

Test Case Description: Entered Xiidra in Item Search
Expected: true
Actual: true

Test Case Description: Item found : <b>Xiidra</b> and selected
Expected: true
Actual: true

Test Case Description: Validate Item Search List -> Item Code : INV-RX-1004-100
Expected: true
Actual: true

Test Case Description: Validate Item Search List -> Category : Prescribed
Expected: true
Actual: true

Test Case Description: Validate Item Search List -> Item Available Stock : 250.0
Expected: true
Actual: true

Test Case Description: Validated selected item -> Description : </b>Xiidra</b>
Expected: true
Actual: true

Test Case Description: Validated displayed Category : </b>PRESCRIBED</b>
Expected: true
Actual: true

Test Case Description: Validated displayed Sub Category : </b>CIPLA</b>
Expected: true
Actual: true

Test Case Description: Validated displayed Code : </b>INV-RX-1004-100</b>
Expected: true
Actual: true

Test Case Description: Entered lesser than unit value in Quantity
Expected: true
Actual: true

Test Case Description: Validated Displayed Error Message -> Item can be in multiple of 10
Expected: true
Actual: true

Test Case Description: Entered <b>50.0</b> in Quantity
Expected: true
Actual: true

Test Case Description: Entered <b>TEST</b> in Remark
Expected: true
Actual: true

Test Case Description: Clicked <b>Save</b> Requisition
Expected: true
Actual: true

Test Case Description: Selected Option in the Left Panel = <b>Order</b>
Expected: true
Actual: true

Test Case Description: Selected Sub Option in the Left Panel = <b>Requisition</b>
Expected: true
Actual: true

Test Case Description: Selected Requisition Order -> <b>Requisition No :</b> RSO-REQFF-140723-104552 | <b>Status :</b> Open
Expected: true
Actual: true

Test Case Description: Validated Requisition Created List -> Order Created At 14-07-2023  |  11:04PM
Expected: true
Actual: true

Test Case Description: Validated Requisition Created List -> Order Receiving Store : <b>OpticalStore - Optical</b>
Expected: true
Actual: true

Test Case Description: Validated Requisition Created List -> Requisition Type :<b>Urgent</b>
Expected: true
Actual: true

Test Case Description: Validated Requisition Created List -> Requisition Status :<b>Open</b>
Expected: true
Actual: true

Test Case Description: Clicked <b>View Order</b>
Expected: true
Actual: true

Test Case Description: Clicked <b>Approve</b> Requisition
Expected: true
Actual: true

Test Case Description: OpticalStore- Optical store is selected.
Expected: true
Actual: true

Test Case Description: Selected Option in the Left Panel = <b>Order</b>
Expected: true
Actual: true

Test Case Description: Selected Sub Option in the Left Panel = <b>Requisition Received</b>
Expected: true
Actual: true

Test Case Description: Selected Requisition Order -> <b>Requisition No :</b> RSO-REQFF-140723-104552 | <b>Status :</b> Pending
Expected: true
Actual: true

Test Case Description: Selected Option in the Left Panel = <b>Order</b>
Expected: true
Actual: true

Test Case Description: Selected Sub Option in the Left Panel = <b>Indent</b>
Expected: true
Actual: true

Test Case Description: New Button clicked in Indent Order
Expected: true
Actual: true

Test Case Description: Selected Store as : OpticalStore
Expected: true
Actual: true

Test Case Description: Requisition button clicked under Indent 
Expected: true
Actual: true

Test Case Description: Entered Order Note  <b>AUTO TEST</b> 
Expected: true
Actual: true

Test Case Description: <b> Requisition under indent is found RSO-REQFF-140723-104552</b>
Expected: true
Actual: true

Test Case Description:  Indent order saved
Expected: true
Actual: true

Test Case Description: Indent Order Created for Requisition -> ID :<b> KARN1000018</b>
Expected: true
Actual: true

Test Case Description: Clicked on New Order button to create PO
Expected: true
Actual: true

Test Case Description: Validated Indent Number while creating new purchase order =  <b>KARN1000018</b>
Expected: true
Actual: true

Test Case Description: Selected store : <b>OpticalStore </b>
Expected: true
Actual: true

Test Case Description: Vendor selected : <b>Supplier ABC</b>
Expected: true
Actual: true

Test Case Description: Entered AUTO TEST in Order Note
Expected: true
Actual: true

Test Case Description: Validated displayed Store GST No : <b>21BAC</b>
Expected: true
Actual: true

Test Case Description: Validated displayed PO expiry Date : <b>14/07/2023</b>
Expected: true
Actual: true

Test Case Description: Validated displayed Vendor Credit Days : <b>45</b>
Expected: true
Actual: true

Test Case Description: Validated displayed Bill To Address : <b>OpticalStore - marathalli, Bengaluru, KARNATAKA, 560037</b>
Expected: true
Actual: true

Test Case Description: Validated displayed Ship To Address : <b>OpticalStore - marathalli, Bengaluru, KARNATAKA, 560037</b>
Expected: true
Actual: true

Test Case Description: Rate per unit =  <b>300 </b>
Expected: true
Actual: true

Test Case Description: Indent purchase order Save Button clicked
Expected: true
Actual: true

Test Case Description: Selected Option in the Left Panel = <b>Order</b>
Expected: true
Actual: true

Test Case Description: Selected Sub Option in the Left Panel = <b>Purchase</b>
Expected: true
Actual: true

Test Case Description: Clicked <b>Approve</b> button
Expected: true
Actual: true

Test Case Description: Validated Purchase Order Approved Notify Msg displayed
Expected: true
Actual: true

Test Case Description: Validated -> Purchase Order created -> PO No : <b>RSO-PO-140723-100836</b>
Expected: true
Actual: true

Test Case Description: Clicked New transaction button to create GRN
Expected: true
Actual: true

Test Case Description: Selected Bill Type as <b>Bill</b>
Expected: true
Actual: true

Test Case Description: Entered<b> BILL_NO_934837</b> in Bill Number
Expected: true
Actual: true

Test Case Description: Validated GRN -> Entered Item Rate :<b>300.0 </b>
Expected: true
Actual: true

Test Case Description: Entered  batch number : <b>871914 </b>
Expected: true
Actual: true

Test Case Description: Entered item Mrp : <b>400 </b>
Expected: true
Actual: true

Test Case Description: Validated GRN -> Entered Item Quantity :<b>300.0 </b>
Expected: true
Actual: true

Test Case Description: Selected Option in the Left Panel = <b>Transaction</b>
Expected: true
Actual: true

Test Case Description: Selected Sub Option in the Left Panel = <b>Purchase/GRN</b>
Expected: true
Actual: true

Test Case Description: Purchase Grn no =<b>RSO-PT-101215</b>
Expected: true
Actual: true

Test Case Description: Purchase Grn created and approved
Expected: true
Actual: true

Test Case Description: Purchase Grn Created At = <b>14-07-2023 | 11:06 PM</b>
Expected: true
Actual: true

Test Case Description: Selected Option in the Left Panel = <b>Order</b>
Expected: true
Actual: true

Test Case Description: Selected Sub Option in the Left Panel = <b>Requisition Received</b>
Expected: true
Actual: true

Test Case Description: Selected Requisition Order -> <b>Requisition No :</b> RSO-REQFF-140723-104552 | <b>Status :</b> Pending
Expected: true
Actual: true

Test Case Description: Clicked <b>New Transaction</b>
Expected: true
Actual: true

Test Case Description: Issue Items page displayed
Expected: true
Actual: true

Test Case Description: Validated Displayed Receiving Store : TESTING_FACILITY / Pharmacy Automation 2
Expected: true
Actual: true

Test Case Description: Validated Requisition Received -> Item found : Xiidra-
Expected: true
Actual: true

Test Case Description: Validated Requisition Received -> Item(Xiidra-) Requested Quantity : 50.0
Expected: true
Actual: true

Test Case Description: Validated Requisition Received -> Item(Xiidra-) Remaining Quantity : 50.0
Expected: true
Actual: true

Test Case Description: Validated Requisition Received -> Item(Xiidra-) Remark : TEST
Expected: true
Actual: true

Test Case Description: Selected Item : <b>Xiidra-</b> in Issue Items
Expected: true
Actual: true

Test Case Description: Entered <b>50.0</b> in Issue Quantity
Expected: true
Actual: true

Test Case Description: Validated Requisition Received Lot Details -> Item(Xiidra) Balance Quantity : <b>50.0</b>
Expected: true
Actual: true

Test Case Description: Validated Requisition Received Lot Details -> Item(Xiidra) Issue Quantity : <b>50</b>
Expected: true
Actual: true

Test Case Description: Validated Requisition Received Lot Details -> Item(Xiidra) Remaining Quantity : <b>0</b>
Expected: true
Actual: true

Test Case Description: Clicked <b>Confirm</b> Button
Expected: true
Actual: true

Test Case Description: Validated Requisition Received Issue Items -> Item found : Xiidra
Expected: true
Actual: true

Test Case Description: Validated Requisition Received Issue Items -> Item(Xiidra) GRN No : RSO-PT-101215
Expected: true
Actual: true

Test Case Description: Validated Requisition Received Issue Items -> Item(Xiidra) GRN Date : 14/07/2023
Expected: true
Actual: true

Test Case Description: Validated Requisition Received Issue Items -> Item(Xiidra) Batch No : 871914
Expected: true
Actual: true

Test Case Description: Validated Requisition Received Issue Items -> Item(Xiidra) MRP : 400.0
Expected: true
Actual: true

Test Case Description: Validated Requisition Received Issue Items -> Item(Xiidra) Rate : 300.0
Expected: true
Actual: true

Test Case Description: Validated Requisition Received Issue Items -> Item(Xiidra) Issue Quantity : 050.0
Expected: true
Actual: true

Test Case Description: Validated Requisition Received Issue Items -> Item(Xiidra) Amount : 15000.00
Expected: true
Actual: true

Test Case Description: Validated Requisition Received Issue Items -> Displayed Total for Item(Xiidra) Total: 50
Expected: true
Actual: true

Test Case Description: Clicked <b>Edit Lot</b> button
Expected: true
Actual: true

Test Case Description: Validated Edit Lot -> Displayed Lot Page
Expected: true
Actual: true

Test Case Description: Validated Requisition Received Lot Details -> Item(Xiidra) Issue Quantity : <b>50</b>
Expected: true
Actual: true

Test Case Description: Validated Requisition Received Lot Details -> Item(Xiidra) Remaining Quantity : <b>0</b>
Expected: true
Actual: true

Test Case Description: Validated Issue Items -> Total Amount Inc Tax = <b>15000.00</b>
Expected: true
Actual: true

Test Case Description: Clicked <b>Save</b>
Expected: true
Actual: true

Test Case Description: Selected Option in the Left Panel = <b>Order</b>
Expected: true
Actual: true

Test Case Description: Selected Sub Option in the Left Panel = <b>Requisition Received</b>
Expected: true
Actual: true

Test Case Description: Selected Requisition Order -> <b>Requisition No :</b> RSO-REQFF-140723-104552 | <b>Status :</b> Transferred
Expected: true
Actual: true

Test Case Description: Issue Transaction Found -> ID : <b>RSO-ISSFF-140723-100370</b>
Expected: true
Actual: true

Test Case Description: Validated Issue History -> Transaction Status -> OPEN
Expected: true
Actual: true

Test Case Description: Clicked Issue Transaction : RSO-ISSFF-140723-100370
Expected: true
Actual: true

Test Case Description: Validated Issue History -> Item found : Xiidra-
Expected: true
Actual: true

Test Case Description: Validated Issue History -> Item(Xiidra-) Batch No : 871914
Expected: true
Actual: true

Test Case Description: Validated Issue History -> Item(Xiidra-) Issue Quantity : 50.0
Expected: true
Actual: true

Test Case Description: Validated Requisition Received Issue Items -> Item(Xiidra-) Amount : 15000.0
Expected: true
Actual: true

Test Case Description: Validated Requisition Received -> <b>New Transaction</b> button is not displayed , if order has Open Transaction 
Expected: true
Actual: true

Test Case Description: Selected Option in the Left Panel = <b>Transaction</b>
Expected: true
Actual: true

Test Case Description: Selected Sub Option in the Left Panel = <b>Transfer/Issue</b>
Expected: true
Actual: true

Test Case Description: Issue Transaction Found -> ID : <b>RSO-ISSFF-140723-100370</b> 
Expected: true
Actual: true

Test Case Description: Approved Transfer Transaction
Expected: true
Actual: true

Test Case Description: Selected Option in the Left Panel = <b>Order</b>
Expected: true
Actual: true

Test Case Description: Selected Sub Option in the Left Panel = <b>Requisition Received</b>
Expected: true
Actual: true

Test Case Description: Selected Requisition Order -> <b>Requisition No :</b> RSO-REQFF-140723-104552 | <b>Status :</b> Transferred
Expected: true
Actual: true

Test Case Description: Validated Requisition Received -> <b>New Transaction</b> button is displayed , if transaction is closed 
Expected: true
Actual: true

Test Case Description: Issue Transaction Found -> ID : <b>RSO-ISSFF-140723-100370</b>
Expected: true
Actual: true

Test Case Description: Validated Issue History -> Transaction Status -> APPROVED
Expected: true
Actual: true

Test Case Description: Pharmacy Automation 2- Pharmacy store is selected.
Expected: true
Actual: true

Test Case Description: Selected Option in the Left Panel = <b>Transaction</b>
Expected: true
Actual: true

Test Case Description: Selected Sub Option in the Left Panel = <b>Receive</b>
Expected: true
Actual: true

Test Case Description: Clicked <b>Receive</b>
Expected: true
Actual: true

Test Case Description: Validated Receive Transaction -> Received Item Description : <b>Xiidra</b>
Expected: true
Actual: true

Test Case Description: Validated Receive Transaction -> Item Batch No : <b>871914</b>
Expected: true
Actual: true

Test Case Description: Validated Receive Transaction -> Received Item Quantity : <b>50.0</b>
Expected: true
Actual: true

Test Case Description: Validated Receive Transaction -> Item MRP : <b>400.0</b>
Expected: true
Actual: true

Test Case Description: Clicked <b>Save Changes</b>
Expected: true
Actual: true

Test Case Description: OpticalStore- Optical store is selected.
Expected: true
Actual: true

Test Case Description: Selected Option in the Left Panel = <b>Order</b>
Expected: true
Actual: true

Test Case Description: Selected Sub Option in the Left Panel = <b>Requisition Received</b>
Expected: true
Actual: true

Test Case Description: Selected Requisition Order -> <b>Requisition No :</b> RSO-REQFF-140723-104552 | <b>Status :</b> Closed
Expected: true
Actual: true

Test Case Description: Issue Transaction Found -> ID : <b>RSO-ISSFF-140723-100370</b>
Expected: true
Actual: true

Test Case Description: Validated Issue History -> Transaction Status -> CLOSED
Expected: true
Actual: true

Test Case Description: Validated Requisition Received -> <b>New Transaction</b> button is not displayed , if order is completed 
Expected: true
Actual: true

Test Case Description: Pharmacy Automation 2- Pharmacy store is selected.
Expected: true
Actual: true

Test Case Description: Selected Option in the Left Panel = <b>Order</b>
Expected: true
Actual: true

Test Case Description: Selected Sub Option in the Left Panel = <b>Requisition</b>
Expected: true
Actual: true

Test Case Description: Selected Requisition Order -> <b>Requisition No :</b> RSO-REQFF-140723-104552 | <b>Status :</b> Closed
Expected: true
Actual: true

Test Case Description: Validated Requisition Status : <b>Closed</b>
Expected: true
Actual: true

Test Case Description: Validated Requisition RHS status : <b>Closed</b>
Expected: true
Actual: true

Test Case Description: Selected Option in the Left Panel = <b>Items</b>
Expected: true
Actual: true

Test Case Description: Selected Sub Option in the Left Panel = <b>Master</b>
Expected: true
Actual: true

Test Case Description: <b> Xiidra </b> is present in Item Master List
Expected: true
Actual: true

Test Case Description: Available stock of item : Xiidra --> <b>300.0</b>
Expected: true
Actual: true

Test Case Description: Validated Item (Xiidra) Stock increased from <b>250.0</b> to <b>300.0</b>
Expected: true
Actual: true
]]>
  </system-out>
</testsuite> <!-- tests.inventoryStores.pharmacyStore.Order.RequisitionTest -->
