<?xml version="1.0" encoding="UTF-8"?>
<!-- Generated by org.testng.reporters.JUnitReportReporter -->
<testsuite hostname="SPZMUMLAP0011" failures="0" tests="3" name="tests.settings.organisationSettings.general.GenerateDuplicateSequence.Test.AdvancePaymentSequenceParallelTest" time="319.604" errors="0" timestamp="2023-12-15T21:13:48 IST" skipped="0">
  <testcase classname="tests.settings.organisationSettings.general.GenerateDuplicateSequence.Test.AdvancePaymentSequenceParallelTest" name="addNewAppointmentForAdvanceReceipt" time="57.989"/>
  <system-out/>
  <testcase classname="tests.settings.organisationSettings.general.GenerateDuplicateSequence.Test.AdvancePaymentSequenceParallelTest" name="generateAdvanceReceipt" time="111.984"/>
  <system-out>
    <![CDATA[Test Case Description: Entered Username : hgdummydoc
Expected: true
Actual: true

Test Case Description: Entered Password : FO#sSpRd12$23$
Expected: true
Actual: true

Test Case Description: Clicked on Login Button
Expected: true
Actual: true

Test Case Description: Generated Advance ID : <b>OPTHA1-ADV--2023-RSO-KARN1-151223/313</b>
Expected: true
Actual: true

Test Case Description: Refund completed
Expected: true
Actual: true

Test Case Description: Generated Refund ID : <b>RSO-RFD-11280</b>
Expected: true
Actual: true
]]>
  </system-out>
  <testcase classname="tests.settings.organisationSettings.general.GenerateDuplicateSequence.Test.AdvancePaymentSequenceParallelTest" name="generateAdvanceReceipt" time="149.631"/>
  <system-out>
    <![CDATA[Test Case Description: Entered Username : hgdummydoc
Expected: true
Actual: true

Test Case Description: Entered Password : FO#sSpRd12$23$
Expected: true
Actual: true

Test Case Description: Clicked on Login Button
Expected: true
Actual: true

Test Case Description: Generated Advance ID : <b>OPTHA1-ADV--2023-RSO-KARN1-151223/312</b>
Expected: true
Actual: true

Test Case Description: Validate Advance ID Sequence - No Duplicates found
Expected: true
Actual: true

Test Case Description: Validated Primary Sequence counter after consuming sequence --> Counter Level : Facility --> <font color='yellow'>OPTHA1-ADV--2023-RSO-KARN1-151223/313</font>
Expected: true
Actual: true

Test Case Description: Validated Secondary Sequence counter after consuming sequence --> Counter Level : Organisation --> <font color='yellow'>RSO-ADV-12456</font>
Expected: true
Actual: true

Test Case Description: Validated Secondary Sequence counter after consuming sequence --> Counter Level : Region --> <font color='yellow'>KARN1-000396</font>
Expected: true
Actual: true

Test Case Description: Refund completed
Expected: true
Actual: true

Test Case Description: Generated Refund ID : <b>RSO-RFD-11279</b>
Expected: true
Actual: true

Test Case Description: Validate Refund ID Sequence - No Duplicates found
Expected: true
Actual: true

Test Case Description: Validated Primary Sequence counter after consuming sequence --> Counter Level : Organisation --> <font color='yellow'>RSO-RFD-11280</font>
Expected: true
Actual: true
]]>
  </system-out>
</testsuite> <!-- tests.settings.organisationSettings.general.GenerateDuplicateSequence.Test.AdvancePaymentSequenceParallelTest -->
