<?xml version="1.0" encoding="UTF-8"?>
<!-- Generated by org.testng.reporters.JUnitReportReporter -->
<testsuite hostname="SPZMUMLAP0011" failures="0" tests="4" name="tests.settings.organisationSettings.general.GenerateDuplicateSequence.Test.InvoiceSequenceParallelTest" time="348.291" errors="0" timestamp="2023-12-12T01:20:47 IST" skipped="0">
  <testcase classname="tests.settings.organisationSettings.general.GenerateDuplicateSequence.Test.InvoiceSequenceParallelTest" name="generateInvoiceNumberInOPD" time="82.065"/>
  <system-out>
    <![CDATA[Test Case Description: Entered Username : hgdummydoc
Expected: true
Actual: true

Test Case Description: Entered Password : HGraph@3$3$
Expected: true
Actual: true

Test Case Description: Clicked on Login Button
Expected: true
Actual: true

Test Case Description: Add Appointment Button Clicked
Expected: true
Actual: true

Test Case Description: Add New Patient Button Clicked
Expected: true
Actual: true

Test Case Description: Entered Patient Name : Samarjit
Expected: true
Actual: true

Test Case Description: Click Save Button
Expected: true
Actual: true

Test Case Description: Appointment Created = Appointment ID = <b>OPTHA1-RSO-2023-002918</b>
Expected: true
Actual: true

Test Case Description: New Bill Created
Expected: true
Actual: true

Test Case Description: Created Bill No = Bill Number : RSO-INV-2023-2003021
Expected: true
Actual: true

Test Case Description: Validate OPD Invoice Sequence
Expected: true
Actual: true
]]>
  </system-out>
  <testcase classname="tests.settings.organisationSettings.general.GenerateDuplicateSequence.Test.InvoiceSequenceParallelTest" name="generateInvoiceNumberInOPD" time="89.226"/>
  <system-out>
    <![CDATA[Test Case Description: Entered Username : hgdummydoc
Expected: true
Actual: true

Test Case Description: Entered Password : HGraph@3$3$
Expected: true
Actual: true

Test Case Description: Clicked on Login Button
Expected: true
Actual: true

Test Case Description: Add Appointment Button Clicked
Expected: true
Actual: true

Test Case Description: Add New Patient Button Clicked
Expected: true
Actual: true

Test Case Description: Entered Patient Name : Comghan
Expected: true
Actual: true

Test Case Description: Click Save Button
Expected: true
Actual: true

Test Case Description: Appointment Created = Appointment ID = <b>OPTHA1-RSO-2023-002919</b>
Expected: true
Actual: true

Test Case Description: New Bill Created
Expected: true
Actual: true

Test Case Description: Created Bill No = Bill Number : RSO-INV-2023-2003023
Expected: true
Actual: true

Test Case Description: Validate OPD Invoice Sequence
Expected: true
Actual: true
]]>
  </system-out>
  <testcase classname="tests.settings.organisationSettings.general.GenerateDuplicateSequence.Test.InvoiceSequenceParallelTest" name="generateInvoiceNumberInOPD" time="89.327"/>
  <system-out>
    <![CDATA[Test Case Description: Entered Username : hgdummydoc
Expected: true
Actual: true

Test Case Description: Entered Password : HGraph@3$3$
Expected: true
Actual: true

Test Case Description: Clicked on Login Button
Expected: true
Actual: true

Test Case Description: Add Appointment Button Clicked
Expected: true
Actual: true

Test Case Description: Add New Patient Button Clicked
Expected: true
Actual: true

Test Case Description: Entered Patient Name : Sol
Expected: true
Actual: true

Test Case Description: Click Save Button
Expected: true
Actual: true

Test Case Description: Appointment Created = Appointment ID = <b>OPTHA1-RSO-2023-002917</b>
Expected: true
Actual: true

Test Case Description: New Bill Created
Expected: true
Actual: true

Test Case Description: Created Bill No = Bill Number : RSO-INV-2023-2003022
Expected: true
Actual: true

Test Case Description: Validate OPD Invoice Sequence
Expected: true
Actual: true
]]>
  </system-out>
  <testcase classname="tests.settings.organisationSettings.general.GenerateDuplicateSequence.Test.InvoiceSequenceParallelTest" name="generateInvoiceNumberInOPD" time="87.673"/>
  <system-out>
    <![CDATA[Test Case Description: Entered Username : hgdummydoc
Expected: true
Actual: true

Test Case Description: Entered Password : HGraph@3$3$
Expected: true
Actual: true

Test Case Description: Clicked on Login Button
Expected: true
Actual: true

Test Case Description: Add Appointment Button Clicked
Expected: true
Actual: true

Test Case Description: Add New Patient Button Clicked
Expected: true
Actual: true

Test Case Description: Entered Patient Name : Nyah
Expected: true
Actual: true

Test Case Description: Click Save Button
Expected: true
Actual: true

Test Case Description: Appointment Created = Appointment ID = <b>OPTHA1-RSO-2023-002916</b>
Expected: true
Actual: true

Test Case Description: New Bill Created
Expected: true
Actual: true

Test Case Description: Created Bill No = Bill Number : RSO-INV-2023-2003024
Expected: true
Actual: true

Test Case Description: Validate OPD Invoice Sequence
Expected: true
Actual: true
]]>
  </system-out>
</testsuite> <!-- tests.settings.organisationSettings.general.GenerateDuplicateSequence.Test.InvoiceSequenceParallelTest -->
