<?xml version="1.0" encoding="UTF-8"?>
<!-- Generated by org.testng.reporters.JUnitReportReporter -->
<testsuite hostname="SPZMUMLAP0011" failures="0" tests="1" name="tests.inventoryStores.pharmacyStore.Transaction.Sample" time="3559.964" errors="0" timestamp="2023-07-21T09:58:39 IST" skipped="0">
  <testcase classname="tests.inventoryStores.pharmacyStore.Transaction.Sample" name="createPurchaseGrn" time="3559.964"/>
  <system-out>
    <![CDATA[Test Case Description: The Facility - <b>TST</b> is already selected.
Expected: true
Actual: true

Test Case Description: Automation_Store Updated- Pharmacy store is selected.
Expected: true
Actual: true

Test Case Description: Store pop up closed
Expected: true
Actual: true

Test Case Description: Selected Option in the Left Panel = <b>Transaction</b>
Expected: true
Actual: true

Test Case Description: Selected Sub Option in the Left Panel = <b>Purchase/GRN</b>
Expected: true
Actual: true

Test Case Description: Selected Item <b>icare</b> in Purchase/GRN
Expected: true
Actual: true

Test Case Description: Entered batch number as :<b> 377704</b>
Expected: true
Actual: true

Test Case Description: Selected Item <b>icare</b> in Purchase/GRN
Expected: true
Actual: true

Test Case Description: Entered batch number as :<b> 377704</b>
Expected: true
Actual: true

Test Case Description: Selected Item <b>icare</b> in Purchase/GRN
Expected: true
Actual: true

Test Case Description: Entered batch number as :<b> 377704</b>
Expected: true
Actual: true

Test Case Description: Selected Item <b>icare</b> in Purchase/GRN
Expected: true
Actual: true

Test Case Description: Entered batch number as :<b> 377704</b>
Expected: true
Actual: true

Test Case Description: Selected Item <b>icare</b> in Purchase/GRN
Expected: true
Actual: true

Test Case Description: Entered batch number as :<b> 377704</b>
Expected: true
Actual: true

Test Case Description: Selected Item <b>icare</b> in Purchase/GRN
Expected: true
Actual: true

Test Case Description: Entered batch number as :<b> 377704</b>
Expected: true
Actual: true

Test Case Description: Selected Item <b>icare</b> in Purchase/GRN
Expected: true
Actual: true

Test Case Description: Entered batch number as :<b> 377704</b>
Expected: true
Actual: true

Test Case Description: Selected Item <b>icare</b> in Purchase/GRN
Expected: true
Actual: true

Test Case Description: Entered batch number as :<b> 377704</b>
Expected: true
Actual: true

Test Case Description: Selected Item <b>icare</b> in Purchase/GRN
Expected: true
Actual: true

Test Case Description: Entered batch number as :<b> 377704</b>
Expected: true
Actual: true

Test Case Description: Selected Item <b>icare</b> in Purchase/GRN
Expected: true
Actual: true

Test Case Description: Entered batch number as :<b> 377704</b>
Expected: true
Actual: true

Test Case Description: Selected Item <b>icare</b> in Purchase/GRN
Expected: true
Actual: true

Test Case Description: Entered batch number as :<b> 377704</b>
Expected: true
Actual: true

Test Case Description: Selected Item <b>icare</b> in Purchase/GRN
Expected: true
Actual: true

Test Case Description: Entered batch number as :<b> 377704</b>
Expected: true
Actual: true

Test Case Description: Selected Item <b>icare</b> in Purchase/GRN
Expected: true
Actual: true

Test Case Description: Entered batch number as :<b> 377704</b>
Expected: true
Actual: true

Test Case Description: Selected Item <b>icare</b> in Purchase/GRN
Expected: true
Actual: true

Test Case Description: Entered batch number as :<b> 377704</b>
Expected: true
Actual: true

Test Case Description: Selected Item <b>icare</b> in Purchase/GRN
Expected: true
Actual: true

Test Case Description: Entered batch number as :<b> 377704</b>
Expected: true
Actual: true

Test Case Description: Selected Item <b>icare</b> in Purchase/GRN
Expected: true
Actual: true

Test Case Description: Entered batch number as :<b> 377704</b>
Expected: true
Actual: true

Test Case Description: Selected Item <b>icare</b> in Purchase/GRN
Expected: true
Actual: true

Test Case Description: Entered batch number as :<b> 377704</b>
Expected: true
Actual: true

Test Case Description: Selected Item <b>icare</b> in Purchase/GRN
Expected: true
Actual: true

Test Case Description: Entered batch number as :<b> 377704</b>
Expected: true
Actual: true

Test Case Description: Selected Item <b>icare</b> in Purchase/GRN
Expected: true
Actual: true

Test Case Description: Entered batch number as :<b> 377704</b>
Expected: true
Actual: true

Test Case Description: Selected Item <b>icare</b> in Purchase/GRN
Expected: true
Actual: true

Test Case Description: Entered batch number as :<b> 377704</b>
Expected: true
Actual: true

Test Case Description: Selected Item <b>icare</b> in Purchase/GRN
Expected: true
Actual: true

Test Case Description: Entered batch number as :<b> 377704</b>
Expected: true
Actual: true

Test Case Description: Selected Item <b>icare</b> in Purchase/GRN
Expected: true
Actual: true

Test Case Description: Entered batch number as :<b> 377704</b>
Expected: true
Actual: true

Test Case Description: Selected Item <b>icare</b> in Purchase/GRN
Expected: true
Actual: true

Test Case Description: Entered batch number as :<b> 377704</b>
Expected: true
Actual: true

Test Case Description: Selected Item <b>icare</b> in Purchase/GRN
Expected: true
Actual: true

Test Case Description: Entered batch number as :<b> 377704</b>
Expected: true
Actual: true

Test Case Description: Selected Item <b>icare</b> in Purchase/GRN
Expected: true
Actual: true

Test Case Description: Entered batch number as :<b> 377704</b>
Expected: true
Actual: true

Test Case Description: Selected Item <b>icare</b> in Purchase/GRN
Expected: true
Actual: true

Test Case Description: Entered batch number as :<b> 377704</b>
Expected: true
Actual: true

Test Case Description: Selected Item <b>icare</b> in Purchase/GRN
Expected: true
Actual: true

Test Case Description: Entered batch number as :<b> 377704</b>
Expected: true
Actual: true

Test Case Description: Selected Item <b>icare</b> in Purchase/GRN
Expected: true
Actual: true

Test Case Description: Entered batch number as :<b> 377704</b>
Expected: true
Actual: true

Test Case Description: Selected Item <b>icare</b> in Purchase/GRN
Expected: true
Actual: true

Test Case Description: Entered batch number as :<b> 377704</b>
Expected: true
Actual: true

Test Case Description: Selected Item <b>icare</b> in Purchase/GRN
Expected: true
Actual: true

Test Case Description: Entered batch number as :<b> 377704</b>
Expected: true
Actual: true

Test Case Description: Selected Item <b>icare</b> in Purchase/GRN
Expected: true
Actual: true

Test Case Description: Entered batch number as :<b> 377704</b>
Expected: true
Actual: true

Test Case Description: Selected Item <b>icare</b> in Purchase/GRN
Expected: true
Actual: true

Test Case Description: Entered batch number as :<b> 377704</b>
Expected: true
Actual: true

Test Case Description: Selected Item <b>icare</b> in Purchase/GRN
Expected: true
Actual: true

Test Case Description: Entered batch number as :<b> 377704</b>
Expected: true
Actual: true

Test Case Description: Selected Item <b>icare</b> in Purchase/GRN
Expected: true
Actual: true

Test Case Description: Entered batch number as :<b> 377704</b>
Expected: true
Actual: true

Test Case Description: Selected Item <b>icare</b> in Purchase/GRN
Expected: true
Actual: true

Test Case Description: Entered batch number as :<b> 377704</b>
Expected: true
Actual: true

Test Case Description: Selected Item <b>icare</b> in Purchase/GRN
Expected: true
Actual: true

Test Case Description: Entered batch number as :<b> 377704</b>
Expected: true
Actual: true

Test Case Description: Selected Item <b>icare</b> in Purchase/GRN
Expected: true
Actual: true

Test Case Description: Entered batch number as :<b> 377704</b>
Expected: true
Actual: true

Test Case Description: Selected Item <b>icare</b> in Purchase/GRN
Expected: true
Actual: true

Test Case Description: Entered batch number as :<b> 377704</b>
Expected: true
Actual: true

Test Case Description: Selected Item <b>icare</b> in Purchase/GRN
Expected: true
Actual: true

Test Case Description: Entered batch number as :<b> 377704</b>
Expected: true
Actual: true

Test Case Description: Selected Item <b>icare</b> in Purchase/GRN
Expected: true
Actual: true

Test Case Description: Entered batch number as :<b> 377704</b>
Expected: true
Actual: true

Test Case Description: Selected Item <b>icare</b> in Purchase/GRN
Expected: true
Actual: true

Test Case Description: Entered batch number as :<b> 377704</b>
Expected: true
Actual: true

Test Case Description: Selected Item <b>icare</b> in Purchase/GRN
Expected: true
Actual: true

Test Case Description: Entered batch number as :<b> 377704</b>
Expected: true
Actual: true

Test Case Description: Selected Item <b>icare</b> in Purchase/GRN
Expected: true
Actual: true

Test Case Description: Entered batch number as :<b> 377704</b>
Expected: true
Actual: true

Test Case Description: Selected Item <b>icare</b> in Purchase/GRN
Expected: true
Actual: true

Test Case Description: Entered batch number as :<b> 377704</b>
Expected: true
Actual: true

Test Case Description: Selected Item <b>icare</b> in Purchase/GRN
Expected: true
Actual: true

Test Case Description: Entered batch number as :<b> 377704</b>
Expected: true
Actual: true

Test Case Description: Selected Item <b>icare</b> in Purchase/GRN
Expected: true
Actual: true

Test Case Description: Entered batch number as :<b> 377704</b>
Expected: true
Actual: true

Test Case Description: Selected Item <b>icare</b> in Purchase/GRN
Expected: true
Actual: true

Test Case Description: Entered batch number as :<b> 377704</b>
Expected: true
Actual: true

Test Case Description: Selected Item <b>icare</b> in Purchase/GRN
Expected: true
Actual: true

Test Case Description: Entered batch number as :<b> 377704</b>
Expected: true
Actual: true

Test Case Description: Selected Item <b>icare</b> in Purchase/GRN
Expected: true
Actual: true

Test Case Description: Entered batch number as :<b> 377704</b>
Expected: true
Actual: true

Test Case Description: Selected Item <b>icare</b> in Purchase/GRN
Expected: true
Actual: true

Test Case Description: Entered batch number as :<b> 377704</b>
Expected: true
Actual: true

Test Case Description: Selected Item <b>icare</b> in Purchase/GRN
Expected: true
Actual: true

Test Case Description: Entered batch number as :<b> 377704</b>
Expected: true
Actual: true

Test Case Description: Selected Item <b>icare</b> in Purchase/GRN
Expected: true
Actual: true

Test Case Description: Entered batch number as :<b> 377704</b>
Expected: true
Actual: true

Test Case Description: Selected Item <b>icare</b> in Purchase/GRN
Expected: true
Actual: true

Test Case Description: Entered batch number as :<b> 377704</b>
Expected: true
Actual: true

Test Case Description: Selected Item <b>icare</b> in Purchase/GRN
Expected: true
Actual: true

Test Case Description: Entered batch number as :<b> 377704</b>
Expected: true
Actual: true

Test Case Description: Selected Item <b>icare</b> in Purchase/GRN
Expected: true
Actual: true

Test Case Description: Entered batch number as :<b> 377704</b>
Expected: true
Actual: true

Test Case Description: Selected Item <b>icare</b> in Purchase/GRN
Expected: true
Actual: true

Test Case Description: Entered batch number as :<b> 377704</b>
Expected: true
Actual: true

Test Case Description: Selected Item <b>icare</b> in Purchase/GRN
Expected: true
Actual: true

Test Case Description: Entered batch number as :<b> 377704</b>
Expected: true
Actual: true

Test Case Description: Selected Item <b>icare</b> in Purchase/GRN
Expected: true
Actual: true

Test Case Description: Entered batch number as :<b> 377704</b>
Expected: true
Actual: true

Test Case Description: Selected Item <b>icare</b> in Purchase/GRN
Expected: true
Actual: true

Test Case Description: Entered batch number as :<b> 377704</b>
Expected: true
Actual: true

Test Case Description: Selected Item <b>icare</b> in Purchase/GRN
Expected: true
Actual: true

Test Case Description: Entered batch number as :<b> 377704</b>
Expected: true
Actual: true

Test Case Description: Selected Item <b>icare</b> in Purchase/GRN
Expected: true
Actual: true

Test Case Description: Entered batch number as :<b> 377704</b>
Expected: true
Actual: true

Test Case Description: Selected Item <b>icare</b> in Purchase/GRN
Expected: true
Actual: true

Test Case Description: Entered batch number as :<b> 377704</b>
Expected: true
Actual: true

Test Case Description: Selected Item <b>icare</b> in Purchase/GRN
Expected: true
Actual: true

Test Case Description: Entered batch number as :<b> 377704</b>
Expected: true
Actual: true

Test Case Description: Selected Item <b>icare</b> in Purchase/GRN
Expected: true
Actual: true

Test Case Description: Entered batch number as :<b> 377704</b>
Expected: true
Actual: true

Test Case Description: Selected Item <b>icare</b> in Purchase/GRN
Expected: true
Actual: true

Test Case Description: Entered batch number as :<b> 377704</b>
Expected: true
Actual: true

Test Case Description: Selected Item <b>icare</b> in Purchase/GRN
Expected: true
Actual: true

Test Case Description: Entered batch number as :<b> 377704</b>
Expected: true
Actual: true

Test Case Description: Selected Item <b>icare</b> in Purchase/GRN
Expected: true
Actual: true

Test Case Description: Entered batch number as :<b> 377704</b>
Expected: true
Actual: true

Test Case Description: Selected Item <b>icare</b> in Purchase/GRN
Expected: true
Actual: true

Test Case Description: Entered batch number as :<b> 377704</b>
Expected: true
Actual: true

Test Case Description: Selected Item <b>icare</b> in Purchase/GRN
Expected: true
Actual: true

Test Case Description: Entered batch number as :<b> 377704</b>
Expected: true
Actual: true

Test Case Description: Selected Item <b>icare</b> in Purchase/GRN
Expected: true
Actual: true

Test Case Description: Entered batch number as :<b> 377704</b>
Expected: true
Actual: true

Test Case Description: Selected Item <b>icare</b> in Purchase/GRN
Expected: true
Actual: true

Test Case Description: Entered batch number as :<b> 377704</b>
Expected: true
Actual: true

Test Case Description: Selected Item <b>icare</b> in Purchase/GRN
Expected: true
Actual: true

Test Case Description: Entered batch number as :<b> 377704</b>
Expected: true
Actual: true

Test Case Description: Selected Item <b>icare</b> in Purchase/GRN
Expected: true
Actual: true

Test Case Description: Entered batch number as :<b> 377704</b>
Expected: true
Actual: true

Test Case Description: Selected Item <b>icare</b> in Purchase/GRN
Expected: true
Actual: true

Test Case Description: Entered batch number as :<b> 377704</b>
Expected: true
Actual: true

Test Case Description: Selected Item <b>icare</b> in Purchase/GRN
Expected: true
Actual: true

Test Case Description: Entered batch number as :<b> 377704</b>
Expected: true
Actual: true

Test Case Description: Selected Item <b>icare</b> in Purchase/GRN
Expected: true
Actual: true

Test Case Description: Entered batch number as :<b> 377704</b>
Expected: true
Actual: true

Test Case Description: Selected Item <b>icare</b> in Purchase/GRN
Expected: true
Actual: true

Test Case Description: Entered batch number as :<b> 377704</b>
Expected: true
Actual: true

Test Case Description: Selected Item <b>icare</b> in Purchase/GRN
Expected: true
Actual: true

Test Case Description: Entered batch number as :<b> 377704</b>
Expected: true
Actual: true

Test Case Description: Selected Item <b>icare</b> in Purchase/GRN
Expected: true
Actual: true

Test Case Description: Entered batch number as :<b> 377704</b>
Expected: true
Actual: true

Test Case Description: Selected Item <b>icare</b> in Purchase/GRN
Expected: true
Actual: true

Test Case Description: Entered batch number as :<b> 377704</b>
Expected: true
Actual: true

Test Case Description: Selected Item <b>icare</b> in Purchase/GRN
Expected: true
Actual: true

Test Case Description: Entered batch number as :<b> 377704</b>
Expected: true
Actual: true

Test Case Description: Selected Item <b>icare</b> in Purchase/GRN
Expected: true
Actual: true

Test Case Description: Entered batch number as :<b> 377704</b>
Expected: true
Actual: true

Test Case Description: Selected Item <b>icare</b> in Purchase/GRN
Expected: true
Actual: true

Test Case Description: Entered batch number as :<b> 377704</b>
Expected: true
Actual: true

Test Case Description: Selected Item <b>icare</b> in Purchase/GRN
Expected: true
Actual: true

Test Case Description: Entered batch number as :<b> 377704</b>
Expected: true
Actual: true

Test Case Description: Selected Item <b>icare</b> in Purchase/GRN
Expected: true
Actual: true

Test Case Description: Entered batch number as :<b> 377704</b>
Expected: true
Actual: true

Test Case Description: Selected Item <b>icare</b> in Purchase/GRN
Expected: true
Actual: true

Test Case Description: Entered batch number as :<b> 377704</b>
Expected: true
Actual: true

Test Case Description: Selected Item <b>icare</b> in Purchase/GRN
Expected: true
Actual: true

Test Case Description: Entered batch number as :<b> 377704</b>
Expected: true
Actual: true

Test Case Description: Selected Item <b>icare</b> in Purchase/GRN
Expected: true
Actual: true

Test Case Description: Entered batch number as :<b> 377704</b>
Expected: true
Actual: true

Test Case Description: Selected Item <b>icare</b> in Purchase/GRN
Expected: true
Actual: true

Test Case Description: Entered batch number as :<b> 377704</b>
Expected: true
Actual: true

Test Case Description: Selected Item <b>icare</b> in Purchase/GRN
Expected: true
Actual: true

Test Case Description: Entered batch number as :<b> 377704</b>
Expected: true
Actual: true

Test Case Description: Selected Item <b>icare</b> in Purchase/GRN
Expected: true
Actual: true

Test Case Description: Entered batch number as :<b> 377704</b>
Expected: true
Actual: true

Test Case Description: Selected Item <b>icare</b> in Purchase/GRN
Expected: true
Actual: true

Test Case Description: Entered batch number as :<b> 377704</b>
Expected: true
Actual: true

Test Case Description: Selected Item <b>icare</b> in Purchase/GRN
Expected: true
Actual: true

Test Case Description: Entered batch number as :<b> 377704</b>
Expected: true
Actual: true

Test Case Description: Selected Item <b>icare</b> in Purchase/GRN
Expected: true
Actual: true

Test Case Description: Entered batch number as :<b> 377704</b>
Expected: true
Actual: true

Test Case Description: Selected Item <b>icare</b> in Purchase/GRN
Expected: true
Actual: true

Test Case Description: Entered batch number as :<b> 377704</b>
Expected: true
Actual: true

Test Case Description: Selected Item <b>icare</b> in Purchase/GRN
Expected: true
Actual: true

Test Case Description: Entered batch number as :<b> 377704</b>
Expected: true
Actual: true

Test Case Description: Selected Item <b>icare</b> in Purchase/GRN
Expected: true
Actual: true

Test Case Description: Entered batch number as :<b> 377704</b>
Expected: true
Actual: true

Test Case Description: Selected Item <b>icare</b> in Purchase/GRN
Expected: true
Actual: true

Test Case Description: Entered batch number as :<b> 377704</b>
Expected: true
Actual: true

Test Case Description: Selected Item <b>icare</b> in Purchase/GRN
Expected: true
Actual: true

Test Case Description: Entered batch number as :<b> 377704</b>
Expected: true
Actual: true

Test Case Description: Selected Item <b>icare</b> in Purchase/GRN
Expected: true
Actual: true

Test Case Description: Entered batch number as :<b> 377704</b>
Expected: true
Actual: true

Test Case Description: Selected Item <b>icare</b> in Purchase/GRN
Expected: true
Actual: true

Test Case Description: Entered batch number as :<b> 377704</b>
Expected: true
Actual: true

Test Case Description: Selected Item <b>icare</b> in Purchase/GRN
Expected: true
Actual: true

Test Case Description: Entered batch number as :<b> 377704</b>
Expected: true
Actual: true

Test Case Description: Selected Item <b>icare</b> in Purchase/GRN
Expected: true
Actual: true

Test Case Description: Entered batch number as :<b> 377704</b>
Expected: true
Actual: true

Test Case Description: Selected Item <b>icare</b> in Purchase/GRN
Expected: true
Actual: true

Test Case Description: Entered batch number as :<b> 377704</b>
Expected: true
Actual: true

Test Case Description: Selected Item <b>icare</b> in Purchase/GRN
Expected: true
Actual: true

Test Case Description: Entered batch number as :<b> 377704</b>
Expected: true
Actual: true

Test Case Description: Selected Item <b>icare</b> in Purchase/GRN
Expected: true
Actual: true

Test Case Description: Entered batch number as :<b> 377704</b>
Expected: true
Actual: true

Test Case Description: Selected Item <b>icare</b> in Purchase/GRN
Expected: true
Actual: true

Test Case Description: Entered batch number as :<b> 377704</b>
Expected: true
Actual: true

Test Case Description: Selected Item <b>icare</b> in Purchase/GRN
Expected: true
Actual: true

Test Case Description: Entered batch number as :<b> 377704</b>
Expected: true
Actual: true

Test Case Description: Selected Item <b>icare</b> in Purchase/GRN
Expected: true
Actual: true

Test Case Description: Entered batch number as :<b> 377704</b>
Expected: true
Actual: true

Test Case Description: Selected Item <b>icare</b> in Purchase/GRN
Expected: true
Actual: true

Test Case Description: Entered batch number as :<b> 377704</b>
Expected: true
Actual: true

Test Case Description: Selected Item <b>icare</b> in Purchase/GRN
Expected: true
Actual: true

Test Case Description: Entered batch number as :<b> 377704</b>
Expected: true
Actual: true

Test Case Description: Selected Item <b>icare</b> in Purchase/GRN
Expected: true
Actual: true

Test Case Description: Entered batch number as :<b> 377704</b>
Expected: true
Actual: true

Test Case Description: Selected Item <b>icare</b> in Purchase/GRN
Expected: true
Actual: true

Test Case Description: Entered batch number as :<b> 377704</b>
Expected: true
Actual: true

Test Case Description: Selected Item <b>icare</b> in Purchase/GRN
Expected: true
Actual: true

Test Case Description: Entered batch number as :<b> 377704</b>
Expected: true
Actual: true

Test Case Description: Selected Item <b>icare</b> in Purchase/GRN
Expected: true
Actual: true

Test Case Description: Entered batch number as :<b> 377704</b>
Expected: true
Actual: true

Test Case Description: Selected Item <b>icare</b> in Purchase/GRN
Expected: true
Actual: true

Test Case Description: Entered batch number as :<b> 377704</b>
Expected: true
Actual: true

Test Case Description: Selected Item <b>icare</b> in Purchase/GRN
Expected: true
Actual: true

Test Case Description: Entered batch number as :<b> 377704</b>
Expected: true
Actual: true

Test Case Description: Selected Item <b>icare</b> in Purchase/GRN
Expected: true
Actual: true

Test Case Description: Entered batch number as :<b> 377704</b>
Expected: true
Actual: true

Test Case Description: Selected Item <b>icare</b> in Purchase/GRN
Expected: true
Actual: true

Test Case Description: Entered batch number as :<b> 377704</b>
Expected: true
Actual: true

Test Case Description: Selected Item <b>icare</b> in Purchase/GRN
Expected: true
Actual: true

Test Case Description: Entered batch number as :<b> 377704</b>
Expected: true
Actual: true

Test Case Description: Selected Item <b>icare</b> in Purchase/GRN
Expected: true
Actual: true

Test Case Description: Entered batch number as :<b> 377704</b>
Expected: true
Actual: true

Test Case Description: Selected Item <b>icare</b> in Purchase/GRN
Expected: true
Actual: true

Test Case Description: Entered batch number as :<b> 377704</b>
Expected: true
Actual: true

Test Case Description: Selected Item <b>icare</b> in Purchase/GRN
Expected: true
Actual: true

Test Case Description: Entered batch number as :<b> 377704</b>
Expected: true
Actual: true

Test Case Description: Selected Item <b>icare</b> in Purchase/GRN
Expected: true
Actual: true

Test Case Description: Entered batch number as :<b> 377704</b>
Expected: true
Actual: true

Test Case Description: Selected Item <b>icare</b> in Purchase/GRN
Expected: true
Actual: true

Test Case Description: Entered batch number as :<b> 377704</b>
Expected: true
Actual: true

Test Case Description: Selected Item <b>icare</b> in Purchase/GRN
Expected: true
Actual: true

Test Case Description: Entered batch number as :<b> 377704</b>
Expected: true
Actual: true

Test Case Description: Selected Item <b>icare</b> in Purchase/GRN
Expected: true
Actual: true

Test Case Description: Entered batch number as :<b> 377704</b>
Expected: true
Actual: true

Test Case Description: Selected Item <b>icare</b> in Purchase/GRN
Expected: true
Actual: true

Test Case Description: Entered batch number as :<b> 377704</b>
Expected: true
Actual: true

Test Case Description: Selected Item <b>icare</b> in Purchase/GRN
Expected: true
Actual: true

Test Case Description: Entered batch number as :<b> 377704</b>
Expected: true
Actual: true

Test Case Description: Selected Item <b>icare</b> in Purchase/GRN
Expected: true
Actual: true

Test Case Description: Entered batch number as :<b> 377704</b>
Expected: true
Actual: true

Test Case Description: Selected Item <b>icare</b> in Purchase/GRN
Expected: true
Actual: true

Test Case Description: Entered batch number as :<b> 377704</b>
Expected: true
Actual: true

Test Case Description: Selected Item <b>icare</b> in Purchase/GRN
Expected: true
Actual: true

Test Case Description: Entered batch number as :<b> 377704</b>
Expected: true
Actual: true

Test Case Description: Selected Item <b>icare</b> in Purchase/GRN
Expected: true
Actual: true

Test Case Description: Entered batch number as :<b> 377704</b>
Expected: true
Actual: true

Test Case Description: Selected Item <b>icare</b> in Purchase/GRN
Expected: true
Actual: true

Test Case Description: Entered batch number as :<b> 377704</b>
Expected: true
Actual: true

Test Case Description: Selected Item <b>icare</b> in Purchase/GRN
Expected: true
Actual: true

Test Case Description: Entered batch number as :<b> 377704</b>
Expected: true
Actual: true

Test Case Description: Selected Item <b>icare</b> in Purchase/GRN
Expected: true
Actual: true

Test Case Description: Entered batch number as :<b> 377704</b>
Expected: true
Actual: true

Test Case Description: Selected Item <b>icare</b> in Purchase/GRN
Expected: true
Actual: true

Test Case Description: Entered batch number as :<b> 377704</b>
Expected: true
Actual: true

Test Case Description: Selected Item <b>icare</b> in Purchase/GRN
Expected: true
Actual: true

Test Case Description: Entered batch number as :<b> 377704</b>
Expected: true
Actual: true

Test Case Description: Selected Item <b>icare</b> in Purchase/GRN
Expected: true
Actual: true

Test Case Description: Entered batch number as :<b> 377704</b>
Expected: true
Actual: true

Test Case Description: Selected Item <b>icare</b> in Purchase/GRN
Expected: true
Actual: true

Test Case Description: Entered batch number as :<b> 377704</b>
Expected: true
Actual: true

Test Case Description: Selected Item <b>icare</b> in Purchase/GRN
Expected: true
Actual: true

Test Case Description: Entered batch number as :<b> 377704</b>
Expected: true
Actual: true

Test Case Description: Selected Item <b>icare</b> in Purchase/GRN
Expected: true
Actual: true

Test Case Description: Entered batch number as :<b> 377704</b>
Expected: true
Actual: true

Test Case Description: Selected Item <b>icare</b> in Purchase/GRN
Expected: true
Actual: true

Test Case Description: Entered batch number as :<b> 377704</b>
Expected: true
Actual: true

Test Case Description: Selected Item <b>icare</b> in Purchase/GRN
Expected: true
Actual: true

Test Case Description: Entered batch number as :<b> 377704</b>
Expected: true
Actual: true

Test Case Description: Selected Item <b>icare</b> in Purchase/GRN
Expected: true
Actual: true

Test Case Description: Entered batch number as :<b> 377704</b>
Expected: true
Actual: true

Test Case Description: Selected Item <b>icare</b> in Purchase/GRN
Expected: true
Actual: true

Test Case Description: Entered batch number as :<b> 377704</b>
Expected: true
Actual: true

Test Case Description: Selected Item <b>icare</b> in Purchase/GRN
Expected: true
Actual: true

Test Case Description: Entered batch number as :<b> 377704</b>
Expected: true
Actual: true

Test Case Description: Selected Item <b>icare</b> in Purchase/GRN
Expected: true
Actual: true

Test Case Description: Entered batch number as :<b> 377704</b>
Expected: true
Actual: true

Test Case Description: Selected Item <b>icare</b> in Purchase/GRN
Expected: true
Actual: true

Test Case Description: Entered batch number as :<b> 377704</b>
Expected: true
Actual: true

Test Case Description: Selected Item <b>icare</b> in Purchase/GRN
Expected: true
Actual: true

Test Case Description: Entered batch number as :<b> 377704</b>
Expected: true
Actual: true

Test Case Description: Selected Item <b>icare</b> in Purchase/GRN
Expected: true
Actual: true

Test Case Description: Entered batch number as :<b> 377704</b>
Expected: true
Actual: true

Test Case Description: Selected Item <b>icare</b> in Purchase/GRN
Expected: true
Actual: true

Test Case Description: Entered batch number as :<b> 377704</b>
Expected: true
Actual: true

Test Case Description: Selected Item <b>icare</b> in Purchase/GRN
Expected: true
Actual: true

Test Case Description: Entered batch number as :<b> 377704</b>
Expected: true
Actual: true

Test Case Description: Selected Item <b>icare</b> in Purchase/GRN
Expected: true
Actual: true

Test Case Description: Entered batch number as :<b> 377704</b>
Expected: true
Actual: true

Test Case Description: Selected Item <b>icare</b> in Purchase/GRN
Expected: true
Actual: true

Test Case Description: Entered batch number as :<b> 377704</b>
Expected: true
Actual: true

Test Case Description: Selected Item <b>icare</b> in Purchase/GRN
Expected: true
Actual: true

Test Case Description: Entered batch number as :<b> 377704</b>
Expected: true
Actual: true

Test Case Description: Selected Item <b>icare</b> in Purchase/GRN
Expected: true
Actual: true

Test Case Description: Entered batch number as :<b> 377704</b>
Expected: true
Actual: true

Test Case Description: Selected Item <b>icare</b> in Purchase/GRN
Expected: true
Actual: true

Test Case Description: Entered batch number as :<b> 377704</b>
Expected: true
Actual: true

Test Case Description: Selected Item <b>icare</b> in Purchase/GRN
Expected: true
Actual: true

Test Case Description: Entered batch number as :<b> 377704</b>
Expected: true
Actual: true

Test Case Description: Selected Item <b>icare</b> in Purchase/GRN
Expected: true
Actual: true

Test Case Description: Entered batch number as :<b> 377704</b>
Expected: true
Actual: true

Test Case Description: Selected Item <b>icare</b> in Purchase/GRN
Expected: true
Actual: true

Test Case Description: Entered batch number as :<b> 377704</b>
Expected: true
Actual: true

Test Case Description: Selected Item <b>icare</b> in Purchase/GRN
Expected: true
Actual: true

Test Case Description: Entered batch number as :<b> 377704</b>
Expected: true
Actual: true

Test Case Description: Selected Item <b>icare</b> in Purchase/GRN
Expected: true
Actual: true

Test Case Description: Entered batch number as :<b> 377704</b>
Expected: true
Actual: true

Test Case Description: Selected Item <b>icare</b> in Purchase/GRN
Expected: true
Actual: true

Test Case Description: Entered batch number as :<b> 377704</b>
Expected: true
Actual: true

Test Case Description: Selected Item <b>icare</b> in Purchase/GRN
Expected: true
Actual: true

Test Case Description: Entered batch number as :<b> 377704</b>
Expected: true
Actual: true

Test Case Description: Selected Item <b>icare</b> in Purchase/GRN
Expected: true
Actual: true

Test Case Description: Entered batch number as :<b> 377704</b>
Expected: true
Actual: true

Test Case Description: Selected Item <b>icare</b> in Purchase/GRN
Expected: true
Actual: true

Test Case Description: Entered batch number as :<b> 377704</b>
Expected: true
Actual: true

Test Case Description: Selected Item <b>icare</b> in Purchase/GRN
Expected: true
Actual: true

Test Case Description: Entered batch number as :<b> 377704</b>
Expected: true
Actual: true

Test Case Description: Selected Item <b>icare</b> in Purchase/GRN
Expected: true
Actual: true

Test Case Description: Entered batch number as :<b> 377704</b>
Expected: true
Actual: true

Test Case Description: Selected Item <b>icare</b> in Purchase/GRN
Expected: true
Actual: true

Test Case Description: Entered batch number as :<b> 377704</b>
Expected: true
Actual: true

Test Case Description: Selected Item <b>icare</b> in Purchase/GRN
Expected: true
Actual: true

Test Case Description: Entered batch number as :<b> 377704</b>
Expected: true
Actual: true

Test Case Description: Selected Item <b>icare</b> in Purchase/GRN
Expected: true
Actual: true

Test Case Description: Entered batch number as :<b> 377704</b>
Expected: true
Actual: true

Test Case Description: Selected Item <b>icare</b> in Purchase/GRN
Expected: true
Actual: true

Test Case Description: Entered batch number as :<b> 377704</b>
Expected: true
Actual: true

Test Case Description: Selected Item <b>icare</b> in Purchase/GRN
Expected: true
Actual: true

Test Case Description: Entered batch number as :<b> 377704</b>
Expected: true
Actual: true

Test Case Description: Selected Item <b>icare</b> in Purchase/GRN
Expected: true
Actual: true

Test Case Description: Entered batch number as :<b> 377704</b>
Expected: true
Actual: true

Test Case Description: Selected Item <b>icare</b> in Purchase/GRN
Expected: true
Actual: true

Test Case Description: Entered batch number as :<b> 377704</b>
Expected: true
Actual: true

Test Case Description: Selected Item <b>icare</b> in Purchase/GRN
Expected: true
Actual: true

Test Case Description: Entered batch number as :<b> 377704</b>
Expected: true
Actual: true

Test Case Description: Selected Item <b>icare</b> in Purchase/GRN
Expected: true
Actual: true

Test Case Description: Entered batch number as :<b> 377704</b>
Expected: true
Actual: true

Test Case Description: Selected Item <b>icare</b> in Purchase/GRN
Expected: true
Actual: true

Test Case Description: Entered batch number as :<b> 377704</b>
Expected: true
Actual: true

Test Case Description: Selected Item <b>icare</b> in Purchase/GRN
Expected: true
Actual: true

Test Case Description: Entered batch number as :<b> 377704</b>
Expected: true
Actual: true

Test Case Description: Selected Item <b>icare</b> in Purchase/GRN
Expected: true
Actual: true

Test Case Description: Entered batch number as :<b> 377704</b>
Expected: true
Actual: true

Test Case Description: Selected Item <b>icare</b> in Purchase/GRN
Expected: true
Actual: true

Test Case Description: Entered batch number as :<b> 377704</b>
Expected: true
Actual: true

Test Case Description: Selected Item <b>icare</b> in Purchase/GRN
Expected: true
Actual: true

Test Case Description: Entered batch number as :<b> 377704</b>
Expected: true
Actual: true

Test Case Description: Selected Item <b>icare</b> in Purchase/GRN
Expected: true
Actual: true

Test Case Description: Entered batch number as :<b> 377704</b>
Expected: true
Actual: true

Test Case Description: Selected Item <b>icare</b> in Purchase/GRN
Expected: true
Actual: true

Test Case Description: Entered batch number as :<b> 377704</b>
Expected: true
Actual: true

Test Case Description: Selected Item <b>icare</b> in Purchase/GRN
Expected: true
Actual: true

Test Case Description: Entered batch number as :<b> 377704</b>
Expected: true
Actual: true

Test Case Description: Selected Item <b>icare</b> in Purchase/GRN
Expected: true
Actual: true

Test Case Description: Entered batch number as :<b> 377704</b>
Expected: true
Actual: true

Test Case Description: Selected Item <b>icare</b> in Purchase/GRN
Expected: true
Actual: true

Test Case Description: Entered batch number as :<b> 377704</b>
Expected: true
Actual: true

Test Case Description: Selected Item <b>icare</b> in Purchase/GRN
Expected: true
Actual: true

Test Case Description: Entered batch number as :<b> 377704</b>
Expected: true
Actual: true

Test Case Description: Selected Item <b>icare</b> in Purchase/GRN
Expected: true
Actual: true

Test Case Description: Entered batch number as :<b> 377704</b>
Expected: true
Actual: true

Test Case Description: Selected Item <b>icare</b> in Purchase/GRN
Expected: true
Actual: true

Test Case Description: Entered batch number as :<b> 377704</b>
Expected: true
Actual: true

Test Case Description: Selected Item <b>icare</b> in Purchase/GRN
Expected: true
Actual: true

Test Case Description: Entered batch number as :<b> 377704</b>
Expected: true
Actual: true

Test Case Description: Selected Item <b>icare</b> in Purchase/GRN
Expected: true
Actual: true

Test Case Description: Entered batch number as :<b> 377704</b>
Expected: true
Actual: true

Test Case Description: Selected Item <b>icare</b> in Purchase/GRN
Expected: true
Actual: true

Test Case Description: Entered batch number as :<b> 377704</b>
Expected: true
Actual: true

Test Case Description: Selected Item <b>icare</b> in Purchase/GRN
Expected: true
Actual: true

Test Case Description: Entered batch number as :<b> 377704</b>
Expected: true
Actual: true

Test Case Description: Selected Item <b>icare</b> in Purchase/GRN
Expected: true
Actual: true

Test Case Description: Entered batch number as :<b> 377704</b>
Expected: true
Actual: true

Test Case Description: Selected Item <b>icare</b> in Purchase/GRN
Expected: true
Actual: true

Test Case Description: Entered batch number as :<b> 377704</b>
Expected: true
Actual: true

Test Case Description: Selected Item <b>icare</b> in Purchase/GRN
Expected: true
Actual: true

Test Case Description: Entered batch number as :<b> 377704</b>
Expected: true
Actual: true

Test Case Description: Selected Item <b>icare</b> in Purchase/GRN
Expected: true
Actual: true

Test Case Description: Entered batch number as :<b> 377704</b>
Expected: true
Actual: true

Test Case Description: Selected Item <b>icare</b> in Purchase/GRN
Expected: true
Actual: true

Test Case Description: Entered batch number as :<b> 377704</b>
Expected: true
Actual: true

Test Case Description: Selected Item <b>icare</b> in Purchase/GRN
Expected: true
Actual: true

Test Case Description: Entered batch number as :<b> 377704</b>
Expected: true
Actual: true
]]>
  </system-out>
</testsuite> <!-- tests.inventoryStores.pharmacyStore.Transaction.Sample -->
