<?xml version="1.0" encoding="UTF-8"?>
<!-- Generated by org.testng.reporters.JUnitReportReporter -->
<testsuite hostname="SPZMUMLAP0011" failures="0" tests="1" name="tests.settings.organisationSettings.inventoryAndSupplyChain.Reports.StoreSetUpReport_Test" time="307.827" errors="0" timestamp="2023-12-14T19:28:48 IST" skipped="0">
  <testcase classname="tests.settings.organisationSettings.inventoryAndSupplyChain.Reports.StoreSetUpReport_Test" name="validateStoreSetUpReport" time="307.827"/>
  <system-out>
    <![CDATA[Test Case Description: Expected User is Logged in - <b>Karthik</b> .Current User is Karthik
Expected: true
Actual: true

Test Case Description: Selected Option <b>Organisation Settings</b>
Expected: true
Actual: true

Test Case Description: Selected Option in the Left Panel = <b>Inventory & Supply Chain</b>
Expected: true
Actual: true

Test Case Description: Selected Sub Option in the Left Panel = <b>Store Setup</b>
Expected: true
Actual: true

STORE -> HG Bangalore Central HUB
Test Case Description: STORE -> HG Bangalore Central HUB
TEST Case Failed ->STORE -> HG Bangalore Central HUB expected [true] but found [false]
Expected: true
Actual: false

STORE -> New Central HUB
Test Case Description: STORE -> New Central HUB
TEST Case Failed ->STORE -> New Central HUB expected [true] but found [false]
Expected: true
Actual: false
]]>
  </system-out>
</testsuite> <!-- tests.settings.organisationSettings.inventoryAndSupplyChain.Reports.StoreSetUpReport_Test -->
