<?xml version="1.0" encoding="UTF-8"?>
<!-- Generated by org.testng.reporters.JUnitReportReporter -->
<testsuite hostname="SPZMUMLAP0011" failures="0" tests="1" name="tests.authorizationpolicy.opd.TemplateBillsPolicyTest" time="117.718" errors="0" timestamp="2023-11-09T21:50:09 IST" skipped="0">
  <testcase classname="tests.authorizationpolicy.opd.TemplateBillsPolicyTest" name="validatePolicy_viewTemplateBills" time="117.718"/>
  <system-out>
    <![CDATA[Test Case Description: Clicked user policy for user : Dr. Akash Jajee
Expected: true
Actual: true

Test Case Description: opened authorization policy page for the user : Dr. Akash Jajee
Expected: true
Actual: true

Test Case Description: OPD policy clicked
Expected: true
Actual: true

Test Case Description: OPD billing Templates view Access
Authorized:    NO
Expected: true
Actual: true

Test Case Description: Selected Option <b>Organisation Settings</b>
Expected: true
Actual: true

Test Case Description: Selected Option in the Left Panel = <b>General</b>
Expected: true
Actual: true

Test Case Description: Selected Sub Option in the Left Panel = <b>Organisation Setup</b>
Expected: true
Actual: true

Test Case Description: Expected User is Logged in - <b>Dr. Akash Jajee</b> .Current User is Dr. Akash Jajee
Expected: true
Actual: true

Test Case Description: Patient name - Mr. Mark 
Expected: true
Actual: true

Test Case Description: <font color='blue'>Validated OPD billing Templates view Access is disabled for the user</font>
Expected: true
Actual: true

Test Case Description: Expected User is Logged in - <b>Dr. Akash Jajee</b> .Current User is Dr. Akash Jajee
Expected: true
Actual: true

Test Case Description: Selected Option <b>Organisation Settings</b>
Expected: true
Actual: true

Test Case Description: Selected Option in the Left Panel = <b>General</b>
Expected: true
Actual: true

Test Case Description: Selected Sub Option in the Left Panel = <b>Organisation Setup</b>
Expected: true
Actual: true

Test Case Description: Clicked user policy for user : Dr. Akash Jajee
Expected: true
Actual: true

Test Case Description: opened authorization policy page for the user : Dr. Akash Jajee
Expected: true
Actual: true

Test Case Description: OPD policy clicked
Expected: true
Actual: true

Test Case Description: OPD billing Templates view Access
Authorized:    YES
Expected: true
Actual: true

Test Case Description: Patient name - Mr. Mark 
Expected: true
Actual: true

Test Case Description: <font color='blue'>Validated OPD billing Templates view Access is enabled for the user</font>
Expected: true
Actual: true
]]>
  </system-out>
</testsuite> <!-- tests.authorizationpolicy.opd.TemplateBillsPolicyTest -->
