<?xml version="1.0" encoding="UTF-8"?>
<!-- Generated by org.testng.reporters.JUnitReportReporter -->
<testsuite hostname="SPZMUMLAP0011" failures="0" tests="2" name="tests.settings.organisationSettings.general.GenerateDuplicateSequence.Test.AppointmentSequenceParallelTest" time="213.252" errors="0" timestamp="2023-12-15T13:37:28 IST" skipped="0">
  <testcase classname="tests.settings.organisationSettings.general.GenerateDuplicateSequence.Test.AppointmentSequenceParallelTest" name="generateAppointmentId" time="78.168"/>
  <system-out>
    <![CDATA[Test Case Description: Entered Username : hgdummydoc
Expected: true
Actual: true

Test Case Description: Entered Password : FO#sSpRd12$23$
Expected: true
Actual: true

Test Case Description: Clicked on Login Button
Expected: true
Actual: true

Test Case Description: Add Appointment Button Clicked
Expected: true
Actual: true

Test Case Description: Add New Patient Button Clicked
Expected: true
Actual: true

Test Case Description: Entered Patient Name : Raithin
Expected: true
Actual: true

Test Case Description: Click Save Button
Expected: true
Actual: true

Test Case Description: Appointment Created = Appointment ID = <b>OPTHA1-RSO-2023/002950</b>
Expected: true
Actual: true
]]>
  </system-out>
  <testcase classname="tests.settings.organisationSettings.general.GenerateDuplicateSequence.Test.AppointmentSequenceParallelTest" name="generateAppointmentId" time="135.084"/>
  <system-out>
    <![CDATA[Test Case Description: Entered Username : hgdummydoc
Expected: true
Actual: true

Test Case Description: Entered Password : FO#sSpRd12$23$
Expected: true
Actual: true

Test Case Description: Clicked on Login Button
Expected: true
Actual: true

Test Case Description: Add Appointment Button Clicked
Expected: true
Actual: true

Test Case Description: Add New Patient Button Clicked
Expected: true
Actual: true

Test Case Description: Entered Patient Name : Calder
Expected: true
Actual: true

Test Case Description: Click Save Button
Expected: true
Actual: true

Test Case Description: Appointment Created = Appointment ID = <b>OPTHA1-RSO-2023/002949</b>
Expected: true
Actual: true

Test Case Description: Validate Appointment ID Sequence - No Duplicates found
Expected: true
Actual: true

Validated Primary Sequence counter after consuming sequence --> Counter Level : Facility --> <font color='yellow'>TST-RSO-2023/001302</font>
Test Case Description: Validated Primary Sequence counter after consuming sequence --> Counter Level : Facility --> <font color='yellow'>TST-RSO-2023/001302</font>
TEST Case Failed ->Validated Primary Sequence counter after consuming sequence --> Counter Level : Facility --> <font color='yellow'>TST-RSO-2023/001302</font> expected [true] but found [false]
Expected: true
Actual: false

Test Case Description: Validated Secondary Sequence counter after consuming sequence --> Counter Level : Region --> <font color='yellow'>KARN123-24/002537</font>
Expected: true
Actual: true

Test Case Description: Validated Secondary Sequence counter after consuming sequence --> Counter Level : Organisation --> <font color='yellow'>RSO-OPD-225533</font>
Expected: true
Actual: true
]]>
  </system-out>
</testsuite> <!-- tests.settings.organisationSettings.general.GenerateDuplicateSequence.Test.AppointmentSequenceParallelTest -->
