<?xml version="1.0" encoding="UTF-8"?>
<!-- Generated by org.testng.reporters.JUnitReportReporter -->
<testsuite hostname="SPZMUMLAP0011" failures="0" tests="5" name="tests.inventoryStores.pharmacyStore.TaxInvoiceTest" time="1203.719" errors="0" timestamp="2023-07-14T09:31:18 IST" skipped="0">
  <testcase classname="tests.inventoryStores.pharmacyStore.TaxInvoiceTest" name="validateApproveTaxInvoice" time="27.655"/>
  <system-out>
    <![CDATA[Test Case Description: The Facility - <b>TST</b> is already selected.
Expected: true
Actual: true

Test Case Description: Pharmacy automation- Pharmacy store is selected.
Expected: true
Actual: true

Test Case Description: Store pop up closed
Expected: true
Actual: true

Test Case Description: Selected Option in the Left Panel = Tax Invoice / Delivery Challan
Expected: true
Actual: true

Test Case Description: <b>Approve</b> button is clickable
Expected: true
Actual: true

Test Case Description: <b>This Transaction is approved</b> notify message is displayed
Expected: true
Actual: true

Test Case Description: Validated Approve --> Transaction RHS --> STATUS : <b>approved</b>
Expected: true
Actual: true

Test Case Description: Validated Approve --> Transaction RHS --> APPROVED BY USER : <b>PR.Akash test</b>
Expected: true
Actual: true

Test Case Description: Validated Approve --> Print option is displayed
Expected: true
Actual: true

Test Case Description: Validated Approve --> Edit option is removed
Expected: true
Actual: true

Test Case Description: Clicked Print button
Expected: true
Actual: true

Test Case Description: Validated Print -->Transaction Print page opened
Expected: true
Actual: true
]]>
  </system-out>
  <testcase classname="tests.inventoryStores.pharmacyStore.TaxInvoiceTest" name="validateCreateTaxInvoice" time="228.284"/>
  <system-out>
    <![CDATA[Test Case Description: The Facility - <b>TST</b> is already selected.
Expected: true
Actual: true

Test Case Description: Selected Option <b>Organisation Settings</b>
Expected: true
Actual: true

Test Case Description: Selected Option in the Left Panel = <b>Inventory & Supply Chain</b>
Expected: true
Actual: true

Test Case Description: Selected Sub Option in the Left Panel = <b>Store Setup</b>
Expected: true
Actual: true

Test Case Description: GST no. present in OpticalStore is <b>21BAC</b>
Expected: true
Actual: true

Test Case Description: GST no. present in Pharmacy automation is <b>20BAC</b>
Expected: true
Actual: true

Test Case Description: Pharmacy automation- Pharmacy store is selected.
Expected: true
Actual: true

Test Case Description: Selected Option in the Left Panel = <b>Items</b>
Expected: true
Actual: true

Test Case Description: Selected Sub Option in the Left Panel = <b>Master</b>
Expected: true
Actual: true

Test Case Description: <b> Luxturna </b> is present in Item Master List
Expected: true
Actual: true

Test Case Description: Available stock of item : Luxturna --> <b>903.0</b>
Expected: true
Actual: true

Test Case Description: Selected Option in the Left Panel = <b>Transaction</b>
Expected: true
Actual: true

Test Case Description: Selected Sub Option in the Left Panel = <b>Transfer/Issue</b>
Expected: true
Actual: true

Test Case Description: Selected Received Store as : <b>OpticalStore</b>
Expected: true
Actual: true

Test Case Description: Clicked on Description button
Expected: true
Actual: true

Test Case Description: Selected Item : <b>Luxturna</b>
Expected: true
Actual: true

Test Case Description: Entered <b>1</b> in Quantity
Expected: true
Actual: true

Test Case Description: Transfer Transaction saved
Expected: true
Actual: true

Test Case Description: Transfer ID : <b>RSO-test1-000028</b> || Transfer Date : <b>14-07-2023  09:06 AM</b>
Expected: true
Actual: true

Test Case Description: Approved Transfer Transaction
Expected: true
Actual: true

Test Case Description: Selected Option in the Left Panel = Tax Invoice / Delivery Challan
Expected: true
Actual: true

Test Case Description: Clicked New Button
Expected: true
Actual: true

Test Case Description: Clicked <b>New Tax invoice</b>
Expected: true
Actual: true

Test Case Description: Validated --> Navigated to Create Tax Invoice Page
Expected: true
Actual: true

Test Case Description: Selected <b>To</b> store as : <b>OpticalStore- Optical</b>
Expected: true
Actual: true

Test Case Description: Transfer Transaction found
Expected: true
Actual: true

Test Case Description: Validated Transfer Type : <b>Direct</b>
Expected: true
Actual: true

Test Case Description: Validated Transfer Against Store : <b>OpticalStore</b>
Expected: true
Actual: true

Test Case Description: Validated Transfer Date & Time : <b>14-07-2023  09:06 AM</b>
Expected: true
Actual: true

Test Case Description: Validated Transfer Type : <b>PR.Akash test</b>
Expected: true
Actual: true

Test Case Description: Selected Transfer transaction : RSO-test1-000028
Expected: true
Actual: true

Test Case Description: Clicked Remove Item From list
Expected: true
Actual: true

Test Case Description: Validated --> Remove Functionality -->Item Removed from list
Expected: true
Actual: true

Test Case Description: Validated -->Time Period-Yesterday
Expected: true
Actual: true

Test Case Description: Validated -->Time Period-This Week
Expected: true
Actual: true

Test Case Description: Validated -->Time Period-This Month
Expected: true
Actual: true

Test Case Description: Validated -->Time Period-This Quarter
Expected: true
Actual: true

Test Case Description: Validated -->Time Period-This Year
Expected: true
Actual: true

Test Case Description: Validated -->Time Period-Previous Week
Expected: true
Actual: true

Test Case Description: Validated -->Time Period-Previous Month
Expected: true
Actual: true

Test Case Description: Validated -->Time Period-Previous Quarter
Expected: true
Actual: true

Test Case Description: Validated -->Time Period-Previous Year
Expected: true
Actual: true

Test Case Description: Validated -->Time Period-Today
Expected: true
Actual: true

Test Case Description: Selected Transfer transaction : RSO-test1-000028
Expected: true
Actual: true

Test Case Description: Validated Item Description : <b>Luxturna</b>
Expected: true
Actual: true

Test Case Description: Validated Item Quantity : <b>1.0</b>
Expected: true
Actual: true

Test Case Description: Validated Item HSN : <b>NYC-1000</b>
Expected: true
Actual: true

Test Case Description: Validated Item UOM : <b>Capsules</b>
Expected: true
Actual: true

Test Case Description: Validated Item Batch No : <b>310197</b>
Expected: true
Actual: true

Test Case Description: Validated Item Expiry Dt. : <b>2033-01-31</b>
Expected: true
Actual: true

Test Case Description: Validated Item Rate : <b>1000.0</b>
Expected: true
Actual: true

Test Case Description: Validated Item MRP : <b>2000.0</b>
Expected: true
Actual: true

Test Case Description: Validated Item Taxable Amt : <b>1000.0</b>
Expected: true
Actual: true

Test Case Description: Validated Item Tax Amount : <b>280.0
</b>
Expected: true
Actual: true

Test Case Description: Validated Item Net Amt : <b>1280.0</b>
Expected: true
Actual: true

Test Case Description: Validated IGST breakup percentage--> IGST - <b>28%</b>
Expected: true
Actual: true

Test Case Description: Validated IGST breakup amount--> IGST - <b>280.00</b>
Expected: true
Actual: true

Test Case Description: Validated -> Final Taxable Amount = <b>1000.00</b>
Expected: true
Actual: true

Test Case Description: Validated -> Final Tax Amount = <b>280.00</b>
Expected: true
Actual: true

Test Case Description: Validated -> Final Total Amount = <b>1280.00</b>
Expected: true
Actual: true

Test Case Description: Selected Transaction Date as : <b>14/07/2023</b>
Expected: true
Actual: true

Test Case Description: Selected Transaction Time as : <b>08:08 PM</b>
Expected: true
Actual: true

Test Case Description: Selected <b>Test</b> in Transportation Mode
Expected: true
Actual: true

Test Case Description: Entered <b>1234</b> in Transaction Id
Expected: true
Actual: true

Test Case Description: Selected Delivery Date as : <b>14/07/2023</b>
Expected: true
Actual: true

Test Case Description: Entered <b>AUTO</b> in Dispatch Remark
Expected: true
Actual: true

Test Case Description: Clicked <b>Save Changes</b>
Expected: true
Actual: true

Test Case Description: Clicked <b>Refresh</b> button
Expected: true
Actual: true

Test Case Description: Tax Invoice created successfully -> Transaction ID : <b>RSO-TI-140723-100221</b>
Expected: true
Actual: true

Test Case Description: Validated RHS -> Transaction Type : <b>Tax Invoice</b>
Expected: true
Actual: true

Test Case Description: Validated RHS -> Receiving Store : <b>OpticalStore | Optical</b>
Expected: true
Actual: true

Test Case Description: Validated RHS -> Transaction Created by user : <b>PR.Akash test</b>
Expected: true
Actual: true

Test Case Description: Validated RHS -> Status : <b>open</b>
Expected: true
Actual: true

Test Case Description: Entered <b>RSO-TI-140723-100221</b> in Transaction global search
Expected: true
Actual: true

Test Case Description: Validated Search -> Transaction Found
Expected: true
Actual: true

Test Case Description: Clicked clear search button
Expected: true
Actual: true

Test Case Description: Clicked sort by Tax Invoice
Expected: true
Actual: true

Test Case Description: Validated -> Sort transaction by Tax Invoice
Expected: true
Actual: true
]]>
  </system-out>
  <testcase classname="tests.inventoryStores.pharmacyStore.TaxInvoiceTest" name="validateTransactionReceivedTaxInvoice" time="792.045"/>
  <system-out>
    <![CDATA[Test Case Description: The Facility - <b>TST</b> is already selected.
Expected: true
Actual: true

Test Case Description: OpticalStore- Optical store is selected.
Expected: true
Actual: true

Test Case Description: Selected Option in the Left Panel = <b>Transaction</b>
Expected: true
Actual: true

Test Case Description: Selected Sub Option in the Left Panel = <b>Receive</b>
Expected: true
Actual: true

Test Case Description: Found Transaction : <b>RSO-test1-000028</b>
Expected: true
Actual: true

Test Case Description: Clicked <b>Receive</b>
Expected: true
Actual: true

Test Case Description: Clicked <b>Save Changes</b>
Expected: true
Actual: true

Test Case Description: Transaction received successfully
Expected: true
Actual: true

Test Case Description: Pharmacy automation- Pharmacy store is selected.
Expected: true
Actual: true

Test Case Description: Selected Option in the Left Panel = <b>Items</b>
Expected: true
Actual: true

Test Case Description: Selected Sub Option in the Left Panel = <b>Master</b>
Expected: true
Actual: true

Test Case Description: <b> Luxturna </b> is present in Item Master List
Expected: true
Actual: true

Test Case Description: Available stock of item : Luxturna --> <b>902.0</b>
Expected: true
Actual: true

Test Case Description: Validated Receive -> Available Stock reduced from <b>903.0</b> to <b>902.0</b>
Expected: true
Actual: true
]]>
  </system-out>
  <testcase classname="tests.inventoryStores.pharmacyStore.TaxInvoiceTest" name="validateEditTaxInvoice" time="39.394"/>
  <system-out>
    <![CDATA[Test Case Description: The Facility - <b>TST</b> is already selected.
Expected: true
Actual: true

Test Case Description: Pharmacy automation- Pharmacy store is selected.
Expected: true
Actual: true

Test Case Description: Store pop up closed
Expected: true
Actual: true

Test Case Description: Selected Option in the Left Panel = Tax Invoice / Delivery Challan
Expected: true
Actual: true

Test Case Description: Clicked <b>Edit</b> button 
Expected: true
Actual: true

Test Case Description: Validated Edit -> Receiving Store : OpticalStore- Optical
Expected: true
Actual: true

Test Case Description: Validated Edit -> Selected item  : OpticalStore- Optical
Expected: true
Actual: true

Test Case Description: Validated Edit -> Final Total Amount = <b>1280.00</b>
Expected: true
Actual: true

Test Case Description: Validated IGST breakup percentage--> IGST - <b>28%</b>
Expected: true
Actual: true

Test Case Description: Validated IGST breakup amount--> IGST - <b>280.00</b>
Expected: true
Actual: true

Test Case Description: Clicked Remove Item From list
Expected: true
Actual: true

Test Case Description: Validated Edit--> Item Removed from list
Expected: true
Actual: true

Test Case Description: Selected Transfer transaction : RSO-test1-000028
Expected: true
Actual: true

Test Case Description: Clicked <b>Save Changes</b>
Expected: true
Actual: true

Test Case Description: Clicked <b>Refresh</b> button
Expected: true
Actual: true

Test Case Description: Transaction time updated : <b>14-07-2023 | 09:08 AM</b>
Expected: true
Actual: true
]]>
  </system-out>
  <testcase classname="tests.inventoryStores.pharmacyStore.TaxInvoiceTest" name="validateCancelTaxInvoice" time="116.341"/>
  <system-out>
    <![CDATA[Test Case Description: The Facility - <b>TST</b> is already selected.
Expected: true
Actual: true

Test Case Description: Pharmacy automation- Pharmacy store is selected.
Expected: true
Actual: true

Test Case Description: Selected Option in the Left Panel = <b>Transaction</b>
Expected: true
Actual: true

Test Case Description: Selected Sub Option in the Left Panel = <b>Transfer/Issue</b>
Expected: true
Actual: true

Test Case Description: Selected Received Store as : <b>OpticalStore</b>
Expected: true
Actual: true

Test Case Description: Clicked on Description button
Expected: true
Actual: true

Test Case Description: Selected Item : <b>Luxturna</b>
Expected: true
Actual: true

Test Case Description: Entered <b>1</b> in Quantity
Expected: true
Actual: true

Test Case Description: Transfer Transaction saved
Expected: true
Actual: true

Test Case Description: Transfer ID : <b>RSO-test1-000029</b> || Transfer Date : <b>14-07-2023  09:23 AM</b>
Expected: true
Actual: true

Test Case Description: Approved Transfer Transaction
Expected: true
Actual: true

Test Case Description: Selected Option in the Left Panel = Tax Invoice / Delivery Challan
Expected: true
Actual: true

Test Case Description: Clicked New Button
Expected: true
Actual: true

Test Case Description: Clicked <b>New Tax invoice</b>
Expected: true
Actual: true

Test Case Description: Selected <b>To</b> store as : <b>OpticalStore- Optical</b>
Expected: true
Actual: true

Test Case Description: Selected Transfer transaction : RSO-test1-000029
Expected: true
Actual: true

Test Case Description: Selected <b>Test</b> in Transportation Mode
Expected: true
Actual: true

Test Case Description: Entered <b>1234</b> in Transaction Id
Expected: true
Actual: true

Test Case Description: Clicked <b>Save Changes</b>
Expected: true
Actual: true

Test Case Description: Clicked <b>Refresh</b> button
Expected: true
Actual: true

Test Case Description: Tax Invoice created successfully -> Transaction ID : <b>RSO-TI-140723-100222</b>
Expected: true
Actual: true

Test Case Description: Transaction Status : <b>open</b>
Expected: true
Actual: true

Test Case Description: Selected Option in the Left Panel = Tax Invoice / Delivery Challan
Expected: true
Actual: true

Test Case Description: Clicked Cancel Transaction--> Transaction ID =RSO-TI-140723-100222
Expected: true
Actual: true

Test Case Description: Clicked Don't Cancel button
Expected: true
Actual: true

Test Case Description: Entered <b>AUTO TESTING CANCELLATION</b> in cancellation reason
Expected: true
Actual: true

Test Case Description: Clicked <b>Cancel Tax Invoice</b> button
Expected: true
Actual: true

Test Case Description: <b>Transaction is cancelled</b> notify message is displayed
Expected: true
Actual: true

Test Case Description: Store pop up closed
Expected: true
Actual: true

Test Case Description: Validated Cancel --> RHS Status = <b>cancelled</b>
Expected: true
Actual: true

Test Case Description: Validated RHS -->Cancelled Reason = <b>AUTO TESTING CANCELLATION</b>
Expected: true
Actual: true

Test Case Description: Validated RHS -->Cancelled By User = <b>PR.Akash test</b>
Expected: true
Actual: true

Test Case Description: Validated RHS -->Cancelled Reason = <b>14-07-2023 | 09:24 AM</b>
Expected: true
Actual: true
]]>
  </system-out>
</testsuite> <!-- tests.inventoryStores.pharmacyStore.TaxInvoiceTest -->
