<?xml version="1.0" encoding="UTF-8"?>
<!-- Generated by org.testng.reporters.JUnitReportReporter -->
<testsuite hostname="SPZMUMLAP0011" failures="0" tests="3" name="tests.settings.organisationSettings.general.GenerateDuplicateSequence.Test.TaxInvoiceSequenceParallelTest" time="134.196" errors="0" timestamp="2023-12-11T19:46:18 IST" skipped="0">
  <testcase classname="tests.settings.organisationSettings.general.GenerateDuplicateSequence.Test.TaxInvoiceSequenceParallelTest" name="generateTaxInvoiceSequence" time="53.673"/>
  <system-out>
    <![CDATA[Test Case Description: Entered Username : hgdummydoc
Expected: true
Actual: true

Test Case Description: Entered Password : HGraph@3$3$
Expected: true
Actual: true

Test Case Description: Clicked on Login Button
Expected: true
Actual: true

Test Case Description: Selected Store - Optical Store 1- Optical
Expected: true
Actual: true

Test Case Description: Clicked <b>Tax Invoice</b>
Expected: true
Actual: true
]]>
  </system-out>
  <testcase classname="tests.settings.organisationSettings.general.GenerateDuplicateSequence.Test.TaxInvoiceSequenceParallelTest" name="validateTaxInvoiceSequence" time="43.945"/>
  <system-out>
    <![CDATA[Test Case Description: Entered Username : hgdummydoc
Expected: true
Actual: true

Test Case Description: Entered Password : HGraph@3$3$
Expected: true
Actual: true

Test Case Description: Clicked on Login Button
Expected: true
Actual: true

Test Case Description: Generated Tax Invoice ID : RSO-111223-TI-100363
Expected: true
Actual: true

Test Case Description: Generated Tax Invoice ID : RSO-111223-TI-100362
Expected: true
Actual: true

Test Case Description: Validated Tax Invoice Sequence
Expected: true
Actual: true
]]>
  </system-out>
  <testcase classname="tests.settings.organisationSettings.general.GenerateDuplicateSequence.Test.TaxInvoiceSequenceParallelTest" name="generateTaxInvoiceSequence" time="36.578"/>
  <system-out>
    <![CDATA[Test Case Description: Entered Username : hgdummydoc
Expected: true
Actual: true

Test Case Description: Entered Password : HGraph@3$3$
Expected: true
Actual: true

Test Case Description: Clicked on Login Button
Expected: true
Actual: true

Test Case Description: Selected Store - Optical Store 1- Optical
Expected: true
Actual: true

Test Case Description: Clicked <b>Tax Invoice</b>
Expected: true
Actual: true
]]>
  </system-out>
</testsuite> <!-- tests.settings.organisationSettings.general.GenerateDuplicateSequence.Test.TaxInvoiceSequenceParallelTest -->
