<?xml version="1.0" encoding="UTF-8"?>
<!-- Generated by org.testng.reporters.JUnitReportReporter -->
<testsuite hostname="SPZMUMLAP0011" failures="0" tests="2" name="tests.departments.opd.ValidateOptoTest" time="34.464" errors="0" timestamp="2023-07-14T00:05:58 IST" skipped="0">
  <testcase classname="tests.departments.opd.ValidateOptoTest" name="createOptometristTemplate" time="24.923"/>
  <system-out>
    <![CDATA[Test Case Description: User already logged in
Expected: true
Actual: true

Test Case Description: The Facility - <b>TST</b> is already selected.
Expected: true
Actual: true

Test Case Description: Expected User is Logged in - <b>HG Optom1</b> .Current User is HG Optom1
Expected: true
Actual: true

Test Case Description: New Template button clicked
Expected: true
Actual: true

Test Case Description: Validate <b>Optometrist</b> template is selected and opened. Header of Template = Optometrist Template RSO-CS-1003890
Expected: true
Actual: true

Test Case Description: Validate Optometrist template  is selected
Expected: true
Actual: true

Test Case Description: Validate clicked on History tab
Expected: true
Actual: true

Test Case Description: Clicked on NIL Checkbox for Chief Complaints
Expected: true
Actual: true

Test Case Description: Clicked on NIL Checkbox for Ophthalmic History
Expected: true
Actual: true

Test Case Description: Clicked on NIL Checkbox for Systemic History
Expected: true
Actual: true

Test Case Description: Clicked on NIL Checkbox for All Allergies
Expected: true
Actual: true

Test Case Description: Validate clicked on Refraction tab
Expected: true
Actual: true

Test Case Description: Validate PL- R/OD Button is Clickable
Expected: true
Actual: true

Test Case Description: Validate PL- R/OD Button is Clicked
Expected: true
Actual: true

Test Case Description: Validate Visual Acuity for right eye Comment is entered as Vision Tab Comments
Expected: true
Actual: true

Test Case Description: Validate R/OD Visual Acuity Comment is entered as Visual acuity comment
Expected: true
Actual: true

Test Case Description: Validate PL- L/OS Button is Clickable
Expected: true
Actual: true

Test Case Description: Validate PL- L/OS Button is Clicked
Expected: true
Actual: true

Test Case Description: Validate Visual Acuity for left eye Comment is entered as Vision Tab Comments
Expected: true
Actual: true

Test Case Description: Validate L/OD Visual Acuity Comment is entered as Visual acuity comment
Expected: true
Actual: true

Test Case Description: IOP Value filled for R/OD
Expected: true
Actual: true

Test Case Description: IOP Value filled for L/OS
Expected: true
Actual: true

Test Case Description: The colour of Badge IOP is Green.
Expected: true
Actual: true

Test Case Description: IOP fields are filled successfully, button is GREEN
Expected: true
Actual: true

Test Case Description: Optometrist Template Saved. 
Expected: true
Actual: true

Test Case Description: Optometrist Template closed.
Expected: true
Actual: true
]]>
  </system-out>
  <testcase classname="tests.departments.opd.ValidateOptoTest" name="validatePatientArrivedInOptometrist" time="9.541"/>
  <system-out>
    <![CDATA[Test Case Description: User already logged in
Expected: true
Actual: true

Test Case Description: The Facility - <b>TST</b> is already selected.
Expected: true
Actual: true

Test Case Description: Expected User is Logged in - <b>HG Optom1</b> .Current User is HG Optom1
Expected: true
Actual: true

Test Case Description: Patient name - Mr. SMOKE
Expected: true
Actual: true

Test Case Description: Validate My Queue tab is selected
Expected: true
Actual: true

Test Case Description: Patient Name Matched in Appointment Details Section
Expected: true
Actual: true

Test Case Description: Validate Patient  MR. SMOKE is clicked in My Queue of Optometrist
Expected: true
Actual: true
]]>
  </system-out>
</testsuite> <!-- tests.departments.opd.ValidateOptoTest -->
