<?xml version="1.0" encoding="UTF-8"?>
<!-- Generated by org.testng.reporters.JUnitReportReporter -->
<testsuite hostname="SPZMUMLAP0011" failures="0" tests="3" name="tests.settings.organisationSettings.general.GenerateDuplicateSequence.Test.SrnSequenceParallelTest" time="146.609" errors="0" timestamp="2023-11-29T16:23:31 IST" skipped="0">
  <testcase classname="tests.settings.organisationSettings.general.GenerateDuplicateSequence.Test.SrnSequenceParallelTest" name="validateSrnSequence" time="32.086"/>
  <system-out>
    <![CDATA[Test Case Description: Entered Username : hgdummydoc
Expected: true
Actual: true

Test Case Description: Entered Password : HGraph@3$3$
Expected: true
Actual: true

Test Case Description: Clicked on Login Button
Expected: true
Actual: true

Test Case Description: SRN Transaction ID =<b>Transaction ID:    KARN1/000062</b>
Expected: true
Actual: true

Test Case Description: SRN Transaction ID =<b>Transaction ID:    KARN1/000061</b>
Expected: true
Actual: true

Test Case Description: Validated SRN Sequence
Expected: true
Actual: true
]]>
  </system-out>
  <testcase classname="tests.settings.organisationSettings.general.GenerateDuplicateSequence.Test.SrnSequenceParallelTest" name="generateSrnSequence" time="58.072"/>
  <system-out>
    <![CDATA[Test Case Description: Entered Username : hgdummydoc
Expected: true
Actual: true

Test Case Description: Entered Password : HGraph@3$3$
Expected: true
Actual: true

Test Case Description: Clicked on Login Button
Expected: true
Actual: true

Test Case Description: Selected Store - Optical Store 1- Optical
Expected: true
Actual: true

Test Case Description: SRN Created
Expected: true
Actual: true
]]>
  </system-out>
  <testcase classname="tests.settings.organisationSettings.general.GenerateDuplicateSequence.Test.SrnSequenceParallelTest" name="generateSrnSequence" time="56.451"/>
  <system-out>
    <![CDATA[Test Case Description: Entered Username : hgdummydoc
Expected: true
Actual: true

Test Case Description: Entered Password : HGraph@3$3$
Expected: true
Actual: true

Test Case Description: Clicked on Login Button
Expected: true
Actual: true

Test Case Description: Selected Store - Optical Store 1- Optical
Expected: true
Actual: true

Test Case Description: SRN Created
Expected: true
Actual: true
]]>
  </system-out>
</testsuite> <!-- tests.settings.organisationSettings.general.GenerateDuplicateSequence.Test.SrnSequenceParallelTest -->
