<?xml version="1.0" encoding="UTF-8"?>
<!-- Generated by org.testng.reporters.JUnitReportReporter -->
<testsuite hostname="SPZMUMLAP0011" failures="0" tests="5" name="tests.authorizationpolicy.inventory.InventoryPolicyWorkOrderTest" time="575.972" errors="0" timestamp="2023-06-28T22:56:36 IST" skipped="0">
  <testcase classname="tests.authorizationpolicy.inventory.InventoryPolicyWorkOrderTest" name="validateAddWorkOrder" time="107.070"/>
  <system-out>
    <![CDATA[Test Case Description: Clicked user policy for user : PR.Akash test
Expected: true
Actual: true

Test Case Description: opened authorization policy page for the user : PR.Akash test
Expected: true
Actual: true

Test Case Description: INVENTORY policy clicked
Expected: true
Actual: true

Test Case Description: Inventory Work Order Add access
Authorized:    NO
Expected: true
Actual: true

Test Case Description: Pharmacy automation- Pharmacy store is selected.
Expected: true
Actual: true

Test Case Description: Selected Option in the Left Panel = <b>Order</b>
Expected: true
Actual: true

Test Case Description: Selected Sub Option in the Left Panel = <b>Work Order</b>
Expected: true
Actual: true

Test Case Description: Validated -->Work Order creation-->Add functionality is disabled in Work Order
Expected: true
Actual: true

Test Case Description: Clicked user policy for user : PR.Akash test
Expected: true
Actual: true

Test Case Description: opened authorization policy page for the user : PR.Akash test
Expected: true
Actual: true

Test Case Description: INVENTORY policy clicked
Expected: true
Actual: true

Test Case Description: Inventory Work Order Add access
Authorized:    YES
Expected: true
Actual: true

Test Case Description: Store pop up closed
Expected: true
Actual: true

Test Case Description: Selected Option in the Left Panel = <b>Order</b>
Expected: true
Actual: true

Test Case Description: Selected Sub Option in the Left Panel = <b>Work Order</b>
Expected: true
Actual: true

Test Case Description: Validated -->Work Order creation-->Add functionality is enabled in Work Order
Expected: true
Actual: true
]]>
  </system-out>
  <testcase classname="tests.authorizationpolicy.inventory.InventoryPolicyWorkOrderTest" name="validateViewWorkOrder" time="98.650"/>
  <system-out>
    <![CDATA[Test Case Description: Clicked user policy for user : PR.Akash test
Expected: true
Actual: true

Test Case Description: opened authorization policy page for the user : PR.Akash test
Expected: true
Actual: true

Test Case Description: INVENTORY policy clicked
Expected: true
Actual: true

Test Case Description: Inventory Work Order View access
Authorized:    NO
Expected: true
Actual: true

Test Case Description: Pharmacy automation- Pharmacy store is selected.
Expected: true
Actual: true

Test Case Description: Selected Option in the Left Panel = <b>Order</b>
Expected: true
Actual: true

Test Case Description: Validated -->Work Order view access-->Work Order tab is disabled in store
Expected: true
Actual: true

Test Case Description: Clicked user policy for user : PR.Akash test
Expected: true
Actual: true

Test Case Description: opened authorization policy page for the user : PR.Akash test
Expected: true
Actual: true

Test Case Description: INVENTORY policy clicked
Expected: true
Actual: true

Test Case Description: Inventory Work Order View access
Authorized:    YES
Expected: true
Actual: true

Test Case Description: Selected Option in the Left Panel = <b>Order</b>
Expected: true
Actual: true

Test Case Description: Selected Sub Option in the Left Panel = <b>Work Order</b>
Expected: true
Actual: true

Test Case Description: Validated -->Work Order view access-->Work Order tab is enabled in store
Expected: true
Actual: true
]]>
  </system-out>
  <testcase classname="tests.authorizationpolicy.inventory.InventoryPolicyWorkOrderTest" name="validateEditWorkOrder" time="114.428"/>
  <system-out>
    <![CDATA[Test Case Description: Clicked user policy for user : PR.Akash test
Expected: true
Actual: true

Test Case Description: opened authorization policy page for the user : PR.Akash test
Expected: true
Actual: true

Test Case Description: INVENTORY policy clicked
Expected: true
Actual: true

Test Case Description: Inventory Work Order Edit access
Authorized:    NO
Expected: true
Actual: true

Test Case Description: Pharmacy automation- Pharmacy store is selected.
Expected: true
Actual: true

Test Case Description: Store pop up closed
Expected: true
Actual: true

Test Case Description: Selected Option in the Left Panel = <b>Order</b>
Expected: true
Actual: true

Test Case Description: Selected Sub Option in the Left Panel = <b>Work Order</b>
Expected: true
Actual: true

Test Case Description: Validated -->Work Order edit-->Edit functionality is disabled in Work Order
Expected: true
Actual: true

Test Case Description: Clicked user policy for user : PR.Akash test
Expected: true
Actual: true

Test Case Description: opened authorization policy page for the user : PR.Akash test
Expected: true
Actual: true

Test Case Description: INVENTORY policy clicked
Expected: true
Actual: true

Test Case Description: Inventory Work Order Edit access
Authorized:    YES
Expected: true
Actual: true

Test Case Description: Selected Option in the Left Panel = <b>Order</b>
Expected: true
Actual: true

Test Case Description: Selected Sub Option in the Left Panel = <b>Work Order</b>
Expected: true
Actual: true

Test Case Description: Validated -->Work Order edit-->Edit functionality is enabled in Work Order
Expected: true
Actual: true
]]>
  </system-out>
  <testcase classname="tests.authorizationpolicy.inventory.InventoryPolicyWorkOrderTest" name="validateCancelWorkOrder" time="108.960"/>
  <system-out>
    <![CDATA[Test Case Description: Clicked user policy for user : PR.Akash test
Expected: true
Actual: true

Test Case Description: opened authorization policy page for the user : PR.Akash test
Expected: true
Actual: true

Test Case Description: INVENTORY policy clicked
Expected: true
Actual: true

Test Case Description: Inventory Work Order cancel access
Authorized:    NO
Expected: true
Actual: true

Test Case Description: Pharmacy automation- Pharmacy store is selected.
Expected: true
Actual: true

Test Case Description: Store pop up closed
Expected: true
Actual: true

Test Case Description: Selected Option in the Left Panel = <b>Order</b>
Expected: true
Actual: true

Test Case Description: Selected Sub Option in the Left Panel = <b>Work Order</b>
Expected: true
Actual: true

Test Case Description: Validated -->Work Order cancellation-->Cancel functionality is disabled in Work Order
Expected: true
Actual: true

Test Case Description: Clicked user policy for user : PR.Akash test
Expected: true
Actual: true

Test Case Description: opened authorization policy page for the user : PR.Akash test
Expected: true
Actual: true

Test Case Description: INVENTORY policy clicked
Expected: true
Actual: true

Test Case Description: Inventory Work Order cancel access
Authorized:    YES
Expected: true
Actual: true

Test Case Description: Selected Option in the Left Panel = <b>Order</b>
Expected: true
Actual: true

Test Case Description: Selected Sub Option in the Left Panel = <b>Work Order</b>
Expected: true
Actual: true

Test Case Description: Validated -->Work Order cancellation-->Cancel functionality is enabled in WorkOrder
Expected: true
Actual: true
]]>
  </system-out>
  <testcase classname="tests.authorizationpolicy.inventory.InventoryPolicyWorkOrderTest" name="validateApproveWorkOrder" time="146.864"/>
  <system-out>
    <![CDATA[Test Case Description: Clicked user policy for user : PR.Akash test
Expected: true
Actual: true

Test Case Description: opened authorization policy page for the user : PR.Akash test
Expected: true
Actual: true

Test Case Description: INVENTORY policy clicked
Expected: true
Actual: true

Test Case Description: Inventory Work Order Approval access
Authorized:    NO    
Maker-Checker: No
Expected: true
Actual: true

Test Case Description: Pharmacy automation- Pharmacy store is selected.
Expected: true
Actual: true

Test Case Description: Store pop up closed
Expected: true
Actual: true

Test Case Description: Selected Option in the Left Panel = <b>Order</b>
Expected: true
Actual: true

Test Case Description: Selected Sub Option in the Left Panel = <b>Work Order</b>
Expected: true
Actual: true

Test Case Description: Clicked <b>Save Changes</b>
Expected: true
Actual: true

Test Case Description: Selected Option in the Left Panel = <b>Order</b>
Expected: true
Actual: true

Test Case Description: Selected Sub Option in the Left Panel = <b>Work Order</b>
Expected: true
Actual: true

Test Case Description: Validated -->Work Order Approval --> Approve functionality is disabled in Work Order
Expected: true
Actual: true

Test Case Description: Clicked user policy for user : PR.Akash test
Expected: true
Actual: true

Test Case Description: opened authorization policy page for the user : PR.Akash test
Expected: true
Actual: true

Test Case Description: INVENTORY policy clicked
Expected: true
Actual: true

Test Case Description: Inventory Work Order Approval access
Authorized:    YES    
Maker-Checker: No
Expected: true
Actual: true

Test Case Description: Selected Option in the Left Panel = <b>Order</b>
Expected: true
Actual: true

Test Case Description: Selected Sub Option in the Left Panel = <b>Work Order</b>
Expected: true
Actual: true

Test Case Description: Validated -->Work Order Approval --> Approve functionality is enabled in Work Order
Expected: true
Actual: true
]]>
  </system-out>
</testsuite> <!-- tests.authorizationpolicy.inventory.InventoryPolicyWorkOrderTest -->
