<?xml version="1.0" encoding="UTF-8"?>
<!-- Generated by org.testng.reporters.JUnitReportReporter -->
<testsuite hostname="SPZMUMLAP0011" failures="0" tests="12" name="tests.authorizationpolicy.opd.AppointmentDetailsPolicyTest" time="1335.927" errors="0" timestamp="2023-11-09T17:39:14 IST" skipped="0">
  <testcase classname="tests.authorizationpolicy.opd.AppointmentDetailsPolicyTest" name="validatePolicy_procedureAppointmentDetails" time="109.417"/>
  <system-out>
    <![CDATA[Test Case Description: Clicked user policy for user : Dr. Akash Jajee
Expected: true
Actual: true

Test Case Description: opened authorization policy page for the user : Dr. Akash Jajee
Expected: true
Actual: true

Test Case Description: OPD policy clicked
Expected: true
Actual: true

Test Case Description: RHS Section Procedures view access
Authorized:    NO
Expected: true
Actual: true

Test Case Description: Selected Option <b>Organisation Settings</b>
Expected: true
Actual: true

Test Case Description: Selected Option in the Left Panel = <b>General</b>
Expected: true
Actual: true

Test Case Description: Selected Sub Option in the Left Panel = <b>Organisation Setup</b>
Expected: true
Actual: true

Test Case Description: Expected User is Logged in - <b>Dr. Akash Jajee</b> .Current User is Dr. Akash Jajee
Expected: true
Actual: true

Test Case Description: Patient name - Mr. Mark 
Expected: true
Actual: true

Test Case Description: <font color='blue'>Validated RHS Section Procedures view access is disabled for the user</font>
Expected: true
Actual: true

Test Case Description: Expected User is Logged in - <b>Dr. Akash Jajee</b> .Current User is Dr. Akash Jajee
Expected: true
Actual: true

Test Case Description: Selected Option <b>Organisation Settings</b>
Expected: true
Actual: true

Test Case Description: Selected Option in the Left Panel = <b>General</b>
Expected: true
Actual: true

Test Case Description: Selected Sub Option in the Left Panel = <b>Organisation Setup</b>
Expected: true
Actual: true

Test Case Description: Clicked user policy for user : Dr. Akash Jajee
Expected: true
Actual: true

Test Case Description: opened authorization policy page for the user : Dr. Akash Jajee
Expected: true
Actual: true

Test Case Description: OPD policy clicked
Expected: true
Actual: true

Test Case Description: RHS Section Procedures view access
Authorized:    YES
Expected: true
Actual: true

Test Case Description: Patient name - Mr. Mark 
Expected: true
Actual: true

Test Case Description: <font color='blue'>Validated RHS Section Procedures view access is enabled for the user</font>
Expected: true
Actual: true
]]>
  </system-out>
  <testcase classname="tests.authorizationpolicy.opd.AppointmentDetailsPolicyTest" name="validatePolicy_investigationsAppointmentDetails" time="108.988"/>
  <system-out>
    <![CDATA[Test Case Description: Clicked user policy for user : Dr. Akash Jajee
Expected: true
Actual: true

Test Case Description: opened authorization policy page for the user : Dr. Akash Jajee
Expected: true
Actual: true

Test Case Description: OPD policy clicked
Expected: true
Actual: true

Test Case Description: RHS Section Investigations view access
Authorized:    NO
Expected: true
Actual: true

Test Case Description: Selected Option <b>Organisation Settings</b>
Expected: true
Actual: true

Test Case Description: Selected Option in the Left Panel = <b>General</b>
Expected: true
Actual: true

Test Case Description: Selected Sub Option in the Left Panel = <b>Organisation Setup</b>
Expected: true
Actual: true

Test Case Description: Expected User is Logged in - <b>Dr. Akash Jajee</b> .Current User is Dr. Akash Jajee
Expected: true
Actual: true

Test Case Description: Patient name - Mr. Mark 
Expected: true
Actual: true

Test Case Description: <font color='blue'>Validated RHS Section Investigations view access is disabled for the user</font>
Expected: true
Actual: true

Test Case Description: Expected User is Logged in - <b>Dr. Akash Jajee</b> .Current User is Dr. Akash Jajee
Expected: true
Actual: true

Test Case Description: Selected Option <b>Organisation Settings</b>
Expected: true
Actual: true

Test Case Description: Selected Option in the Left Panel = <b>General</b>
Expected: true
Actual: true

Test Case Description: Selected Sub Option in the Left Panel = <b>Organisation Setup</b>
Expected: true
Actual: true

Test Case Description: Clicked user policy for user : Dr. Akash Jajee
Expected: true
Actual: true

Test Case Description: opened authorization policy page for the user : Dr. Akash Jajee
Expected: true
Actual: true

Test Case Description: OPD policy clicked
Expected: true
Actual: true

Test Case Description: RHS Section Investigations view access
Authorized:    YES
Expected: true
Actual: true

Test Case Description: Patient name - Mr. Mark 
Expected: true
Actual: true

Test Case Description: <font color='blue'>Validated RHS Section Investigations view access is enabled for the user</font>
Expected: true
Actual: true
]]>
  </system-out>
  <testcase classname="tests.authorizationpolicy.opd.AppointmentDetailsPolicyTest" name="validatePolicy_billAppointmentDetails" time="108.732"/>
  <system-out>
    <![CDATA[Test Case Description: Clicked user policy for user : Dr. Akash Jajee
Expected: true
Actual: true

Test Case Description: opened authorization policy page for the user : Dr. Akash Jajee
Expected: true
Actual: true

Test Case Description: OPD policy clicked
Expected: true
Actual: true

Test Case Description: RHS Bill section view access
Authorized:    NO
Expected: true
Actual: true

Test Case Description: Selected Option <b>Organisation Settings</b>
Expected: true
Actual: true

Test Case Description: Selected Option in the Left Panel = <b>General</b>
Expected: true
Actual: true

Test Case Description: Selected Sub Option in the Left Panel = <b>Organisation Setup</b>
Expected: true
Actual: true

Test Case Description: Expected User is Logged in - <b>Dr. Akash Jajee</b> .Current User is Dr. Akash Jajee
Expected: true
Actual: true

Test Case Description: Patient name - Mr. Mark 
Expected: true
Actual: true

Test Case Description: <font color='blue'>Validated RHS Bill section view access is disabled for the user</font>
Expected: true
Actual: true

Test Case Description: Expected User is Logged in - <b>Dr. Akash Jajee</b> .Current User is Dr. Akash Jajee
Expected: true
Actual: true

Test Case Description: Selected Option <b>Organisation Settings</b>
Expected: true
Actual: true

Test Case Description: Selected Option in the Left Panel = <b>General</b>
Expected: true
Actual: true

Test Case Description: Selected Sub Option in the Left Panel = <b>Organisation Setup</b>
Expected: true
Actual: true

Test Case Description: Clicked user policy for user : Dr. Akash Jajee
Expected: true
Actual: true

Test Case Description: opened authorization policy page for the user : Dr. Akash Jajee
Expected: true
Actual: true

Test Case Description: OPD policy clicked
Expected: true
Actual: true

Test Case Description: RHS Bill section view access
Authorized:    YES
Expected: true
Actual: true

Test Case Description: Patient name - Mr. Mark 
Expected: true
Actual: true

Test Case Description: <font color='blue'>Validated RHS Bill section view access is enabled for the user</font>
Expected: true
Actual: true
]]>
  </system-out>
  <testcase classname="tests.authorizationpolicy.opd.AppointmentDetailsPolicyTest" name="validatePolicy_printAppointmentDetails" time="90.999"/>
  <system-out>
    <![CDATA[Test Case Description: Expected User is Logged in - <b>Dr. Akash Jajee</b> .Current User is Dr. Akash Jajee
Expected: true
Actual: true

Test Case Description: Selected Option <b>Organisation Settings</b>
Expected: true
Actual: true

Test Case Description: Selected Option in the Left Panel = <b>General</b>
Expected: true
Actual: true

Test Case Description: Selected Sub Option in the Left Panel = <b>Organisation Setup</b>
Expected: true
Actual: true

Test Case Description: Clicked user policy for user : Dr. Akash Jajee
Expected: true
Actual: true

Test Case Description: opened authorization policy page for the user : Dr. Akash Jajee
Expected: true
Actual: true

Test Case Description: OPD policy clicked
Expected: true
Actual: true

Test Case Description: Scheduled OPD appointment print acces
Authorized:    NO
Expected: true
Actual: true

Test Case Description: Expected User is Logged in - <b>Dr. Akash Jajee</b> .Current User is Dr. Akash Jajee
Expected: true
Actual: true

Test Case Description: <font color='blue'>Validated Scheduled OPD appointment print acces is disabled for the user</font>
Expected: true
Actual: true

Test Case Description: Clicked user policy for user : Dr. Akash Jajee
Expected: true
Actual: true

Test Case Description: opened authorization policy page for the user : Dr. Akash Jajee
Expected: true
Actual: true

Test Case Description: OPD policy clicked
Expected: true
Actual: true

Test Case Description: Scheduled OPD appointment print acces
Authorized:    YES
Expected: true
Actual: true

Test Case Description: <font color='blue'>Validated Scheduled OPD appointment print acces is enabled for the user</font>
Expected: true
Actual: true
]]>
  </system-out>
  <testcase classname="tests.authorizationpolicy.opd.AppointmentDetailsPolicyTest" name="validatePolicy_rescheduleAppointmentDetails" time="109.229"/>
  <system-out>
    <![CDATA[Test Case Description: Clicked user policy for user : Dr. Akash Jajee
Expected: true
Actual: true

Test Case Description: opened authorization policy page for the user : Dr. Akash Jajee
Expected: true
Actual: true

Test Case Description: OPD policy clicked
Expected: true
Actual: true

Test Case Description: OPD Appointment reschedule access
Authorized:    NO
Expected: true
Actual: true

Test Case Description: Selected Option <b>Organisation Settings</b>
Expected: true
Actual: true

Test Case Description: Selected Option in the Left Panel = <b>General</b>
Expected: true
Actual: true

Test Case Description: Selected Sub Option in the Left Panel = <b>Organisation Setup</b>
Expected: true
Actual: true

Test Case Description: Expected User is Logged in - <b>Dr. Akash Jajee</b> .Current User is Dr. Akash Jajee
Expected: true
Actual: true

Test Case Description: Patient name - Mr. Mark 
Expected: true
Actual: true

Test Case Description: <font color='blue'>Validated OPD Appointment reschedule access is disabled for the user</font>
Expected: true
Actual: true

Test Case Description: Expected User is Logged in - <b>Dr. Akash Jajee</b> .Current User is Dr. Akash Jajee
Expected: true
Actual: true

Test Case Description: Selected Option <b>Organisation Settings</b>
Expected: true
Actual: true

Test Case Description: Selected Option in the Left Panel = <b>General</b>
Expected: true
Actual: true

Test Case Description: Selected Sub Option in the Left Panel = <b>Organisation Setup</b>
Expected: true
Actual: true

Test Case Description: Clicked user policy for user : Dr. Akash Jajee
Expected: true
Actual: true

Test Case Description: opened authorization policy page for the user : Dr. Akash Jajee
Expected: true
Actual: true

Test Case Description: OPD policy clicked
Expected: true
Actual: true

Test Case Description: OPD Appointment reschedule access
Authorized:    YES
Expected: true
Actual: true

Test Case Description: Patient name - Mr. Mark 
Expected: true
Actual: true

Test Case Description: <font color='blue'>Validated OPD Appointment reschedule access is enabled for the user</font>
Expected: true
Actual: true
]]>
  </system-out>
  <testcase classname="tests.authorizationpolicy.opd.AppointmentDetailsPolicyTest" name="validatePolicy_prescriptionAppointmentDetails" time="111.816"/>
  <system-out>
    <![CDATA[Test Case Description: Clicked user policy for user : Dr. Akash Jajee
Expected: true
Actual: true

Test Case Description: opened authorization policy page for the user : Dr. Akash Jajee
Expected: true
Actual: true

Test Case Description: OPD policy clicked
Expected: true
Actual: true

Test Case Description: RHS Section Prescriptions view access
Authorized:    NO
Expected: true
Actual: true

Test Case Description: Selected Option <b>Organisation Settings</b>
Expected: true
Actual: true

Test Case Description: Selected Option in the Left Panel = <b>General</b>
Expected: true
Actual: true

Test Case Description: Selected Sub Option in the Left Panel = <b>Organisation Setup</b>
Expected: true
Actual: true

Test Case Description: Expected User is Logged in - <b>Dr. Akash Jajee</b> .Current User is Dr. Akash Jajee
Expected: true
Actual: true

Test Case Description: Patient name - Mr. Mark 
Expected: true
Actual: true

Test Case Description: <font color='blue'>Validated RHS Section Prescriptions view access is disabled for the user</font>
Expected: true
Actual: true

Test Case Description: Expected User is Logged in - <b>Dr. Akash Jajee</b> .Current User is Dr. Akash Jajee
Expected: true
Actual: true

Test Case Description: Selected Option <b>Organisation Settings</b>
Expected: true
Actual: true

Test Case Description: Selected Option in the Left Panel = <b>General</b>
Expected: true
Actual: true

Test Case Description: Selected Sub Option in the Left Panel = <b>Organisation Setup</b>
Expected: true
Actual: true

Test Case Description: Clicked user policy for user : Dr. Akash Jajee
Expected: true
Actual: true

Test Case Description: opened authorization policy page for the user : Dr. Akash Jajee
Expected: true
Actual: true

Test Case Description: OPD policy clicked
Expected: true
Actual: true

Test Case Description: RHS Section Prescriptions view access
Authorized:    YES
Expected: true
Actual: true

Test Case Description: Patient name - Mr. Mark 
Expected: true
Actual: true

Test Case Description: <font color='blue'>Validated RHS Section Prescriptions view access is enabled for the user</font>
Expected: true
Actual: true
]]>
  </system-out>
  <testcase classname="tests.authorizationpolicy.opd.AppointmentDetailsPolicyTest" name="validatePolicy_editAppointmentDetails" time="111.912"/>
  <system-out>
    <![CDATA[Test Case Description: Clicked user policy for user : Dr. Akash Jajee
Expected: true
Actual: true

Test Case Description: opened authorization policy page for the user : Dr. Akash Jajee
Expected: true
Actual: true

Test Case Description: OPD policy clicked
Expected: true
Actual: true

Test Case Description: OPD Appointment details edit access
Authorized:    NO
Expected: true
Actual: true

Test Case Description: Selected Option <b>Organisation Settings</b>
Expected: true
Actual: true

Test Case Description: Selected Option in the Left Panel = <b>General</b>
Expected: true
Actual: true

Test Case Description: Selected Sub Option in the Left Panel = <b>Organisation Setup</b>
Expected: true
Actual: true

Test Case Description: Expected User is Logged in - <b>Dr. Akash Jajee</b> .Current User is Dr. Akash Jajee
Expected: true
Actual: true

Test Case Description: Patient name - Mr. Mark 
Expected: true
Actual: true

Test Case Description: <font color='blue'>Validated OPD Appointment details edit access is disabled for the user</font>
Expected: true
Actual: true

Test Case Description: Expected User is Logged in - <b>Dr. Akash Jajee</b> .Current User is Dr. Akash Jajee
Expected: true
Actual: true

Test Case Description: Selected Option <b>Organisation Settings</b>
Expected: true
Actual: true

Test Case Description: Selected Option in the Left Panel = <b>General</b>
Expected: true
Actual: true

Test Case Description: Selected Sub Option in the Left Panel = <b>Organisation Setup</b>
Expected: true
Actual: true

Test Case Description: Clicked user policy for user : Dr. Akash Jajee
Expected: true
Actual: true

Test Case Description: opened authorization policy page for the user : Dr. Akash Jajee
Expected: true
Actual: true

Test Case Description: OPD policy clicked
Expected: true
Actual: true

Test Case Description: OPD Appointment details edit access
Authorized:    YES
Expected: true
Actual: true

Test Case Description: Patient name - Mr. Mark 
Expected: true
Actual: true

Test Case Description: <font color='blue'>Validated OPD Appointment details edit access is enabled for the user</font>
Expected: true
Actual: true
]]>
  </system-out>
  <testcase classname="tests.authorizationpolicy.opd.AppointmentDetailsPolicyTest" name="validatePolicy_overviewAppointmentDetails" time="108.482"/>
  <system-out>
    <![CDATA[Test Case Description: Clicked user policy for user : Dr. Akash Jajee
Expected: true
Actual: true

Test Case Description: opened authorization policy page for the user : Dr. Akash Jajee
Expected: true
Actual: true

Test Case Description: OPD policy clicked
Expected: true
Actual: true

Test Case Description: RHS Overview details tab view access
Authorized:    NO
Expected: true
Actual: true

Test Case Description: Selected Option <b>Organisation Settings</b>
Expected: true
Actual: true

Test Case Description: Selected Option in the Left Panel = <b>General</b>
Expected: true
Actual: true

Test Case Description: Selected Sub Option in the Left Panel = <b>Organisation Setup</b>
Expected: true
Actual: true

Test Case Description: Expected User is Logged in - <b>Dr. Akash Jajee</b> .Current User is Dr. Akash Jajee
Expected: true
Actual: true

Test Case Description: Patient name - Mr. Mark 
Expected: true
Actual: true

Test Case Description: <font color='blue'>Validated RHS Overview details tab view access is disabled for the user</font>
Expected: true
Actual: true

Test Case Description: Expected User is Logged in - <b>Dr. Akash Jajee</b> .Current User is Dr. Akash Jajee
Expected: true
Actual: true

Test Case Description: Selected Option <b>Organisation Settings</b>
Expected: true
Actual: true

Test Case Description: Selected Option in the Left Panel = <b>General</b>
Expected: true
Actual: true

Test Case Description: Selected Sub Option in the Left Panel = <b>Organisation Setup</b>
Expected: true
Actual: true

Test Case Description: Clicked user policy for user : Dr. Akash Jajee
Expected: true
Actual: true

Test Case Description: opened authorization policy page for the user : Dr. Akash Jajee
Expected: true
Actual: true

Test Case Description: OPD policy clicked
Expected: true
Actual: true

Test Case Description: RHS Overview details tab view access
Authorized:    YES
Expected: true
Actual: true

Test Case Description: Patient name - Mr. Mark 
Expected: true
Actual: true

Test Case Description: <font color='blue'>Validated RHS Overview details tab view access is enabled for the user</font>
Expected: true
Actual: true
]]>
  </system-out>
  <testcase classname="tests.authorizationpolicy.opd.AppointmentDetailsPolicyTest" name="validatePolicy_glassesAppointmentDetails" time="111.693"/>
  <system-out>
    <![CDATA[Test Case Description: Clicked user policy for user : Dr. Akash Jajee
Expected: true
Actual: true

Test Case Description: opened authorization policy page for the user : Dr. Akash Jajee
Expected: true
Actual: true

Test Case Description: OPD policy clicked
Expected: true
Actual: true

Test Case Description: RHS Section Glasses prescription view access
Authorized:    NO
Expected: true
Actual: true

Test Case Description: Selected Option <b>Organisation Settings</b>
Expected: true
Actual: true

Test Case Description: Selected Option in the Left Panel = <b>General</b>
Expected: true
Actual: true

Test Case Description: Selected Sub Option in the Left Panel = <b>Organisation Setup</b>
Expected: true
Actual: true

Test Case Description: Expected User is Logged in - <b>Dr. Akash Jajee</b> .Current User is Dr. Akash Jajee
Expected: true
Actual: true

Test Case Description: Patient name - Mr. Mark 
Expected: true
Actual: true

Test Case Description: <font color='blue'>Validated RHS Section Glasses prescription view access is disabled for the user</font>
Expected: true
Actual: true

Test Case Description: Expected User is Logged in - <b>Dr. Akash Jajee</b> .Current User is Dr. Akash Jajee
Expected: true
Actual: true

Test Case Description: Selected Option <b>Organisation Settings</b>
Expected: true
Actual: true

Test Case Description: Selected Option in the Left Panel = <b>General</b>
Expected: true
Actual: true

Test Case Description: Selected Sub Option in the Left Panel = <b>Organisation Setup</b>
Expected: true
Actual: true

Test Case Description: Clicked user policy for user : Dr. Akash Jajee
Expected: true
Actual: true

Test Case Description: opened authorization policy page for the user : Dr. Akash Jajee
Expected: true
Actual: true

Test Case Description: OPD policy clicked
Expected: true
Actual: true

Test Case Description: RHS Section Glasses prescription view access
Authorized:    YES
Expected: true
Actual: true

Test Case Description: Patient name - Mr. Mark 
Expected: true
Actual: true

Test Case Description: <font color='blue'>Validated RHS Section Glasses prescription view access is enabled for the user</font>
Expected: true
Actual: true
]]>
  </system-out>
  <testcase classname="tests.authorizationpolicy.opd.AppointmentDetailsPolicyTest" name="validatePolicy_diagnosisAppointmentDetails" time="108.870"/>
  <system-out>
    <![CDATA[Test Case Description: Clicked user policy for user : Dr. Akash Jajee
Expected: true
Actual: true

Test Case Description: opened authorization policy page for the user : Dr. Akash Jajee
Expected: true
Actual: true

Test Case Description: OPD policy clicked
Expected: true
Actual: true

Test Case Description: RHS Section Diagnoses view access
Authorized:    NO
Expected: true
Actual: true

Test Case Description: Selected Option <b>Organisation Settings</b>
Expected: true
Actual: true

Test Case Description: Selected Option in the Left Panel = <b>General</b>
Expected: true
Actual: true

Test Case Description: Selected Sub Option in the Left Panel = <b>Organisation Setup</b>
Expected: true
Actual: true

Test Case Description: Expected User is Logged in - <b>Dr. Akash Jajee</b> .Current User is Dr. Akash Jajee
Expected: true
Actual: true

Test Case Description: Patient name - Mr. Mark 
Expected: true
Actual: true

Test Case Description: <font color='blue'>Validated RHS Section Diagnoses view access is disabled for the user</font>
Expected: true
Actual: true

Test Case Description: Expected User is Logged in - <b>Dr. Akash Jajee</b> .Current User is Dr. Akash Jajee
Expected: true
Actual: true

Test Case Description: Selected Option <b>Organisation Settings</b>
Expected: true
Actual: true

Test Case Description: Selected Option in the Left Panel = <b>General</b>
Expected: true
Actual: true

Test Case Description: Selected Sub Option in the Left Panel = <b>Organisation Setup</b>
Expected: true
Actual: true

Test Case Description: Clicked user policy for user : Dr. Akash Jajee
Expected: true
Actual: true

Test Case Description: opened authorization policy page for the user : Dr. Akash Jajee
Expected: true
Actual: true

Test Case Description: OPD policy clicked
Expected: true
Actual: true

Test Case Description: RHS Section Diagnoses view access
Authorized:    YES
Expected: true
Actual: true

Test Case Description: Patient name - Mr. Mark 
Expected: true
Actual: true

Test Case Description: <font color='blue'>Validated RHS Section Diagnoses view access is enabled for the user</font>
Expected: true
Actual: true
]]>
  </system-out>
  <testcase classname="tests.authorizationpolicy.opd.AppointmentDetailsPolicyTest" name="validatePolicy_confirmAppointmentDetails" time="145.451"/>
  <system-out>
    <![CDATA[Test Case Description: Clicked user policy for user : Dr. Akash Jajee
Expected: true
Actual: true

Test Case Description: opened authorization policy page for the user : Dr. Akash Jajee
Expected: true
Actual: true

Test Case Description: OPD policy clicked
Expected: true
Actual: true

Test Case Description: OPD Appointments Confirmation access
Authorized:    NO
Expected: true
Actual: true

Test Case Description: Selected Option <b>Organisation Settings</b>
Expected: true
Actual: true

Test Case Description: Selected Option in the Left Panel = <b>General</b>
Expected: true
Actual: true

Test Case Description: Selected Sub Option in the Left Panel = <b>Organisation Setup</b>
Expected: true
Actual: true

Test Case Description: Expected User is Logged in - <b>Dr. Akash Jajee</b> .Current User is Dr. Akash Jajee
Expected: true
Actual: true

Test Case Description: 01/01/2025 is selected
Expected: true
Actual: true

Test Case Description: Patient name - Mr. Mark 
Expected: true
Actual: true

Test Case Description: <font color='blue'>Validated OPD Appointments Confirmation access is disabled for the user</font>
Expected: true
Actual: true

Test Case Description: Expected User is Logged in - <b>Dr. Akash Jajee</b> .Current User is Dr. Akash Jajee
Expected: true
Actual: true

Test Case Description: Selected Option <b>Organisation Settings</b>
Expected: true
Actual: true

Test Case Description: Selected Option in the Left Panel = <b>General</b>
Expected: true
Actual: true

Test Case Description: Selected Sub Option in the Left Panel = <b>Organisation Setup</b>
Expected: true
Actual: true

Test Case Description: Clicked user policy for user : Dr. Akash Jajee
Expected: true
Actual: true

Test Case Description: opened authorization policy page for the user : Dr. Akash Jajee
Expected: true
Actual: true

Test Case Description: OPD policy clicked
Expected: true
Actual: true

Test Case Description: OPD Appointments Confirmation access
Authorized:    YES
Expected: true
Actual: true

Test Case Description: 01/01/2025 is selected
Expected: true
Actual: true

Test Case Description: Patient name - Mr. Mark 
Expected: true
Actual: true

<font color='blue'>Validated OPD Appointments Confirmation access is enabled for the user</font>
Test Case Description: <font color='blue'>Validated OPD Appointments Confirmation access is enabled for the user</font>
TEST Case Failed -><font color='blue'>Validated OPD Appointments Confirmation access is enabled for the user</font> expected [true] but found [false]
Expected: true
Actual: false
]]>
  </system-out>
  <testcase classname="tests.authorizationpolicy.opd.AppointmentDetailsPolicyTest" name="validatePolicy_cancelAppointmentDetails" time="110.338"/>
  <system-out>
    <![CDATA[Test Case Description: Clicked user policy for user : Dr. Akash Jajee
Expected: true
Actual: true

Test Case Description: opened authorization policy page for the user : Dr. Akash Jajee
Expected: true
Actual: true

Test Case Description: OPD policy clicked
Expected: true
Actual: true

Test Case Description: OPD Appointment cancel access
Authorized:    NO
Expected: true
Actual: true

Test Case Description: Selected Option <b>Organisation Settings</b>
Expected: true
Actual: true

Test Case Description: Selected Option in the Left Panel = <b>General</b>
Expected: true
Actual: true

Test Case Description: Selected Sub Option in the Left Panel = <b>Organisation Setup</b>
Expected: true
Actual: true

Test Case Description: Expected User is Logged in - <b>Dr. Akash Jajee</b> .Current User is Dr. Akash Jajee
Expected: true
Actual: true

Test Case Description: Patient name - Mr. Mark 
Expected: true
Actual: true

Test Case Description: <font color='blue'>Validated OPD Appointment cancel access is disabled for the user</font>
Expected: true
Actual: true

Test Case Description: Expected User is Logged in - <b>Dr. Akash Jajee</b> .Current User is Dr. Akash Jajee
Expected: true
Actual: true

Test Case Description: Selected Option <b>Organisation Settings</b>
Expected: true
Actual: true

Test Case Description: Selected Option in the Left Panel = <b>General</b>
Expected: true
Actual: true

Test Case Description: Selected Sub Option in the Left Panel = <b>Organisation Setup</b>
Expected: true
Actual: true

Test Case Description: Clicked user policy for user : Dr. Akash Jajee
Expected: true
Actual: true

Test Case Description: opened authorization policy page for the user : Dr. Akash Jajee
Expected: true
Actual: true

Test Case Description: OPD policy clicked
Expected: true
Actual: true

Test Case Description: OPD Appointment cancel access
Authorized:    YES
Expected: true
Actual: true

Test Case Description: Patient name - Mr. Mark 
Expected: true
Actual: true

Test Case Description: <font color='blue'>Validated OPD Appointment cancel access is enabled for the user</font>
Expected: true
Actual: true
]]>
  </system-out>
</testsuite> <!-- tests.authorizationpolicy.opd.AppointmentDetailsPolicyTest -->
