<?xml version="1.0" encoding="UTF-8"?>
<!-- Generated by org.testng.reporters.JUnitReportReporter -->
<testsuite hostname="SPZMUMLAP0011" failures="0" tests="4" name="tests.authorizationpolicy.inventory.InventoryPolicySalesReturnTest" time="468.838" errors="0" timestamp="2023-06-23T19:04:28 IST" skipped="0">
  <testcase classname="tests.authorizationpolicy.inventory.InventoryPolicySalesReturnTest" name="validateViewSalesReturnPolicy" time="104.666"/>
  <system-out>
    <![CDATA[Test Case Description: Clicked user policy for user : PR.Akash test
Expected: true
Actual: true

Test Case Description: opened authorization policy page for the user : PR.Akash test
Expected: true
Actual: true

Test Case Description: INVENTORY policy clicked
Expected: true
Actual: true

Test Case Description: Inventory Sale Return View Access
Authorized:    NO
Expected: true
Actual: true

Test Case Description: Pharmacy automation- Pharmacy store is selected.
Expected: true
Actual: true

Test Case Description: Selected Option in the Left Panel = <b>Transaction</b>
Expected: true
Actual: true

Test Case Description: Validated --> Inventory Sale Return View Access--> Sale Return Tab is disabled in store
Expected: true
Actual: true

Test Case Description: Clicked user policy for user : PR.Akash test
Expected: true
Actual: true

Test Case Description: opened authorization policy page for the user : PR.Akash test
Expected: true
Actual: true

Test Case Description: INVENTORY policy clicked
Expected: true
Actual: true

Test Case Description: Inventory Sale Return View Access
Authorized:    YES
Expected: true
Actual: true

Test Case Description: Selected Option in the Left Panel = <b>Transaction</b>
Expected: true
Actual: true

Test Case Description: Selected Sub Option in the Left Panel = <b>Sale Return</b>
Expected: true
Actual: true

Test Case Description: Validated --> Inventory Sale Return View Access--> Sale Return Tab is enabled in store
Expected: true
Actual: true
]]>
  </system-out>
  <testcase classname="tests.authorizationpolicy.inventory.InventoryPolicySalesReturnTest" name="validateAddSalesReturnPolicy" time="108.082"/>
  <system-out>
    <![CDATA[Test Case Description: Clicked user policy for user : PR.Akash test
Expected: true
Actual: true

Test Case Description: opened authorization policy page for the user : PR.Akash test
Expected: true
Actual: true

Test Case Description: INVENTORY policy clicked
Expected: true
Actual: true

Test Case Description: Inventory Sale Return Creation Access
Authorized:    NO
Expected: true
Actual: true

Test Case Description: Pharmacy automation- Pharmacy store is selected.
Expected: true
Actual: true

Test Case Description: Selected Option in the Left Panel = <b>Transaction</b>
Expected: true
Actual: true

Test Case Description: Selected Sub Option in the Left Panel = <b>Sale Return</b>
Expected: true
Actual: true

Test Case Description: Validated --> Inventory Sale Return Creation Access--> New Sale Return button is disabled
Expected: true
Actual: true

Test Case Description: Clicked user policy for user : PR.Akash test
Expected: true
Actual: true

Test Case Description: opened authorization policy page for the user : PR.Akash test
Expected: true
Actual: true

Test Case Description: INVENTORY policy clicked
Expected: true
Actual: true

Test Case Description: Inventory Sale Return Creation Access
Authorized:    YES
Expected: true
Actual: true

Test Case Description: Selected Option in the Left Panel = <b>Transaction</b>
Expected: true
Actual: true

Test Case Description: Selected Sub Option in the Left Panel = <b>Sale Return</b>
Expected: true
Actual: true

Test Case Description: Validated --> Inventory Sale Return Creation Access--> New Sale Return button is enabled
Expected: true
Actual: true
]]>
  </system-out>
  <testcase classname="tests.authorizationpolicy.inventory.InventoryPolicySalesReturnTest" name="validateReceiveSalesReturnPolicy" time="135.026"/>
  <system-out>
    <![CDATA[Test Case Description: Clicked user policy for user : PR.Akash test
Expected: true
Actual: true

Test Case Description: opened authorization policy page for the user : PR.Akash test
Expected: true
Actual: true

Test Case Description: INVENTORY policy clicked
Expected: true
Actual: true

Test Case Description: Inventory sale Return Stock In/Receive Access
Authorized:    NO
Expected: true
Actual: true

Test Case Description: Pharmacy automation- Pharmacy store is selected.
Expected: true
Actual: true

Test Case Description: Selected Option in the Left Panel = <b>Transaction</b>
Expected: true
Actual: true

Test Case Description: Selected Sub Option in the Left Panel = <b>Sale Return</b>
Expected: true
Actual: true

Test Case Description: Validated --> Inventory sale Return Stock In/Receive Access--> Receive button is disabled
Expected: true
Actual: true

Test Case Description: Clicked user policy for user : PR.Akash test
Expected: true
Actual: true

Test Case Description: opened authorization policy page for the user : PR.Akash test
Expected: true
Actual: true

Test Case Description: INVENTORY policy clicked
Expected: true
Actual: true

Test Case Description: Inventory sale Return Stock In/Receive Access
Authorized:    YES
Expected: true
Actual: true

Test Case Description: Selected Option in the Left Panel = <b>Transaction</b>
Expected: true
Actual: true

Test Case Description: Selected Sub Option in the Left Panel = <b>Sale Return</b>
Expected: true
Actual: true

Test Case Description: Validated --> Inventory sale Return Stock In/Receive Access--> Receive button is enabled
Expected: true
Actual: true
]]>
  </system-out>
  <testcase classname="tests.authorizationpolicy.inventory.InventoryPolicySalesReturnTest" name="validateReturnTxnDateSalesReturnPolicy" time="121.064"/>
  <system-out>
    <![CDATA[Test Case Description: Clicked user policy for user : PR.Akash test
Expected: true
Actual: true

Test Case Description: opened authorization policy page for the user : PR.Akash test
Expected: true
Actual: true

Test Case Description: INVENTORY policy clicked
Expected: true
Actual: true

Test Case Description: Inventory Sale Return Transaction Date Edit Access
Authorized:    NO
Expected: true
Actual: true

Test Case Description: Pharmacy automation- Pharmacy store is selected.
Expected: true
Actual: true

Test Case Description: Selected Option in the Left Panel = <b>Transaction</b>
Expected: true
Actual: true

Test Case Description: Selected Sub Option in the Left Panel = <b>Sale Return</b>
Expected: true
Actual: true

Test Case Description: Validated --> Inventory Sale Return Transaction Date Edit Access --> Sale Return date edit is disabled
Expected: true
Actual: true

Test Case Description: Clicked user policy for user : PR.Akash test
Expected: true
Actual: true

Test Case Description: opened authorization policy page for the user : PR.Akash test
Expected: true
Actual: true

Test Case Description: INVENTORY policy clicked
Expected: true
Actual: true

Test Case Description: Inventory Sale Return Transaction Date Edit Access
Authorized:    YES
Expected: true
Actual: true

Test Case Description: Selected Option in the Left Panel = <b>Transaction</b>
Expected: true
Actual: true

Test Case Description: Selected Sub Option in the Left Panel = <b>Sale Return</b>
Expected: true
Actual: true

Test Case Description: Validated --> Inventory Sale Return Transaction Date Edit Access -->  Sale Return date edit is enabled
Expected: true
Actual: true
]]>
  </system-out>
</testsuite> <!-- tests.authorizationpolicy.inventory.InventoryPolicySalesReturnTest -->
