<?xml version="1.0" encoding="UTF-8"?>
<!-- Generated by org.testng.reporters.JUnitReportReporter -->
<testsuite hostname="SPZMUMLAP0011" failures="0" tests="4" name="tests.inventoryStores.pharmacyStore.Items.LotTest" time="265.250" errors="0" timestamp="2023-07-03T17:28:27 IST" skipped="0">
  <testcase classname="tests.inventoryStores.pharmacyStore.Items.LotTest" name="creatingItemForLotFunctionality" time="141.159"/>
  <system-out>
    <![CDATA[Test Case Description: The Facility - <b>TST</b> is already selected.
Expected: true
Actual: true

Test Case Description: Pharmacy automation- Pharmacy store is selected.
Expected: true
Actual: true

Test Case Description: Store pop up closed
Expected: true
Actual: true

Test Case Description: Selected Option in the Left Panel = <b>Items</b>
Expected: true
Actual: true

Test Case Description: Selected Sub Option in the Left Panel = <b>Master</b>
Expected: true
Actual: true

Test Case Description:  Master Option Displayed In Item 
Expected: true
Actual: true

Test Case Description:  Add Item Button Displayed and Clicked
Expected: true
Actual: true

Test Case Description: Add Item Template Header Open and  Displayed as : Add New Item to Inventory
Expected: true
Actual: true

Test Case Description:  Item Details Section Heading  Present In Add Item Template
Expected: true
Actual: true

Test Case Description: Category Dropdown Displayed and Clicked in add item 
Expected: true
Actual: true

Test Case Description: Category selected: <b> Medication</b>
Expected: true
Actual: true

Test Case Description: Sub Category Dropdown Arrow Clicked In Add Item
Expected: true
Actual: true

Test Case Description: Sub Category selected: <b> Test</b>
Expected: true
Actual: true

Test Case Description:  Item HSN Code Displayed and  Entered as : <b>HSNVBX8</b>
Expected: true
Actual: true

Test Case Description: Item Brand/Company Name Displayed and  Entered as : <b> HealthGraph</b>
Expected: true
Actual: true

Test Case Description: Item Description Displayed and Entered as : <b>Item_Description_mblm</b>
Expected: true
Actual: true

Test Case Description: Item Manufacturer Name Displayed and Entered as :<b>HealthGraph</b>
Expected: true
Actual: true

Test Case Description:  Properties Section Heading Displayed
Expected: true
Actual: true

Test Case Description:  Tax Inclusive Checkbox Displayed and Selected
Expected: true
Actual: true

Test Case Description:  Tax Dropdown Clicked
Expected: true
Actual: true

Test Case Description: Item Properties Tax Entered as : <b>GST5 - 5.0%</b>
Expected: true
Actual: true

Test Case Description: Item Properties Expiry Present Checkbox Displayed and Clicked
Expected: true
Actual: true

Test Case Description: Item Properties Prescription Mandatory Checkbox Displayed and Clicked
Expected: true
Actual: true

Test Case Description: Item Properties Unit Level Checkbox Displayed and Clicked
Expected: true
Actual: true

Test Case Description:  Dispensing Unit Section Displayed
Expected: true
Actual: true

Test Case Description:  Dispensing Unit Displayed as : <b> Tablets </b>
Expected: true
Actual: true

Test Case Description: Package Type Displayed as : <b> Box</b>
Expected: true
Actual: true

Test Case Description: Sub Package Unit Displayed as : <b> 1 </b>
Expected: true
Actual: true

Test Case Description: Sub Package Unit Type Displayed as : <b> Number</b>
Expected: true
Actual: true

Test Case Description: Item Sub Package Unit Displayed as : <b> 1</b>
Expected: true
Actual: true

Test Case Description: Item Sub Package Unit Type Displayed as : <b> Number</b>
Expected: true
Actual: true

Test Case Description: Low Scoring Warning Section Displayed
Expected: true
Actual: true

Test Case Description: Fixed Threshold Checkbox Displayed
Expected: true
Actual: true

Test Case Description: Mini Stock Label Displayed
Expected: true
Actual: true

Test Case Description:  Class Section Displayed
Expected: true
Actual: true

Test Case Description:  Medicine Class Input Box Displayed
Expected: true
Actual: true

Test Case Description: Class Filter Displayed
Expected: true
Actual: true

Test Case Description:  Generic Composition Section Displayed
Expected: true
Actual: true

Test Case Description:  Item generic Composition Name Displayed and  Entered as : <b> Hexapeptide-11 </b>
Expected: true
Actual: true

Test Case Description: Medication Name Clicked on Generic Composition Suggestion Value
Expected: true
Actual: true

Test Case Description:  Generic Composition Value Entered as : <b>1.0</b>
Expected: true
Actual: true

Test Case Description:  Generic Composition Unit Entered as : <b>mg</b>
Expected: true
Actual: true

Test Case Description:  Possible Variant Section Text Present 
Expected: true
Actual: true

Test Case Description: Item Possible Variant Name Entered as : <b>Variant1</b>
Expected: true
Actual: true

Test Case Description: Item Possible Variant Value Clicked
Expected: true
Actual: true

Test Case Description: Item Possible Variant Value Entered as : <b>100mg</b>
Expected: true
Actual: true

Test Case Description: Item Possible Variant Name Entered as : <b>Variant2</b>
Expected: true
Actual: true

Test Case Description: Item Possible Variant Value Clicked
Expected: true
Actual: true

Test Case Description: Item Possible Variant Value Entered as : <b>200mg</b>
Expected: true
Actual: true

Test Case Description: Item Possible Variant Name Entered as : <b>Variant3</b>
Expected: true
Actual: true

Test Case Description: Item Possible Variant Value Clicked
Expected: true
Actual: true

Test Case Description: Item Possible Variant Value Entered as : <b>300mg</b>
Expected: true
Actual: true

Test Case Description: Item Possible Variant Name Entered as : <b>Variant4</b>
Expected: true
Actual: true

Test Case Description: Item Possible Variant Value Clicked
Expected: true
Actual: true

Test Case Description: Item Possible Variant Value Entered as : <b>400mg</b>
Expected: true
Actual: true

Test Case Description: Save Button Clicked with filled required field
Expected: true
Actual: true

Test Case Description:  Empty Stock Item Row Color Displayed In Red 
Expected: true
Actual: true

Test Case Description: <b> Item_Description_mblm </b> Item Clicked from Item Master List
Expected: true
Actual: true

Test Case Description:  <b> Item Code </b> of Created/Updated Item Displayed as : <b> INV-MED-1200 </b> In Item Master List
Expected: true
Actual: true

Test Case Description:  <b> Item Name </b> of Created/Updated  Item Displayed as : <b> Item_Description_mblm </b> In Item Master List
Expected: true
Actual: true

Test Case Description:  <b> Item Stock </b> of Created/Updated  Item Displayed as : <b> 0.0 </b> 
Expected: true
Actual: true

Test Case Description:  <b> Item Dispensing Unit </b> of Created/Updated  Item Displayed as : <b> Tablets </b> In Item Master List
Expected: true
Actual: true

Test Case Description:  <b> Item Category </b> of Created/Updated  Item Displayed as : <b> Medication </b> In Item master List 
Expected: true
Actual: true

Test Case Description:  Item Name <b> Item_Description_mblm </b> Found and Created Successfully Item Data Displayed Correctly in Table List
Expected: true
Actual: true

Test Case Description: Selected Option in the Left Panel = <b>Transaction</b>
Expected: true
Actual: true

Test Case Description: Selected Sub Option in the Left Panel = <b>Purchase/GRN</b>
Expected: true
Actual: true

Test Case Description: Selected Item <b>Item_Description_mblm</b> in Purchase/GRN
Expected: true
Actual: true

Test Case Description: Entered batch number as :<b> 6D1M4</b>
Expected: true
Actual: true

Test Case Description: Unit cost without tax entered as : <b> 100</b>
Expected: true
Actual: true

Test Case Description: package entry entered as : <b> 20</b>
Expected: true
Actual: true

Test Case Description: Selling Price entered as : <b> 500</b>
Expected: true
Actual: true

Test Case Description: Selected Bill Type as <b>Bill</b>
Expected: true
Actual: true

Test Case Description: Entered<b> BILL_8XES8</b> in Bill Number
Expected: true
Actual: true

Test Case Description: Entered<b> 50 </b> in other charges
Expected: true
Actual: true

Test Case Description: Net amount in Purchase Grn = <b>2150.00</b>
Expected: true
Actual: true

Test Case Description: Purchase Grn created and approved
Expected: true
Actual: true

Test Case Description: Purchase Grn no =<b>RSO-GRN-030723-101134</b>
Expected: true
Actual: true

Test Case Description: Purchase Grn Created At =<b>03-07-2023 | 05:25 PM</b>
Expected: true
Actual: true

Test Case Description: Purchase Grn Approved By user =<b>PR.Akash test</b>
Expected: true
Actual: true

Test Case Description: Purchase Grn Approved At =<b>03-07-2023 | 05:26 PM</b>
Expected: true
Actual: true

Test Case Description:  Purchase GRN Created Successfully
Expected: true
Actual: true
]]>
  </system-out>
  <testcase classname="tests.inventoryStores.pharmacyStore.Items.LotTest" name="validateBlockAndUnblockLotFunctionalityInItemLot" time="41.050"/>
  <system-out>
    <![CDATA[Test Case Description: The Facility - <b>TST</b> is already selected.
Expected: true
Actual: true

Test Case Description: Pharmacy automation- Pharmacy store is selected.
Expected: true
Actual: true

Test Case Description: Store pop up closed
Expected: true
Actual: true

Test Case Description: Selected Option in the Left Panel = <b>Items</b>
Expected: true
Actual: true

Test Case Description: Selected Sub Option in the Left Panel = <b>Lot</b>
Expected: true
Actual: true

Test Case Description:  Lot Option Displayed and Clicked In Item 
Expected: true
Actual: true

Test Case Description: Item_Description_mblm Item Clicked from Item Lot List
Expected: true
Actual: true

Test Case Description:  Item Found and Clicked
Expected: true
Actual: true

Test Case Description:  Block Lot Button Displayed and Clicked In Lot
Expected: true
Actual: true

Test Case Description:  Block Lot Template Displayed and Opened
Expected: true
Actual: true

Test Case Description: Are you Sure Message Label Displayed as : You are about to block the lot. are you sure?
Expected: true
Actual: true

Test Case Description: Closer Message Label Displayed as : Please provide a reason for closure below
Expected: true
Actual: true

Test Case Description: Don't Block Button Displayed
Expected: true
Actual: true

Test Case Description: Block Comment Entered as : <b> Validating Block Item Lot
Expected: true
Actual: true

Test Case Description: Block Lot Button Clicked 
Expected: true
Actual: true

Test Case Description:  Block Button Working Correctly and Blocked Stock Updated as : <b> 20.0
Expected: true
Actual: true

Test Case Description:  Blocked Lot By User Details Section Displayed
Expected: true
Actual: true

Test Case Description: <b> User: </b> Label Present In Blocked Item Lot
Expected: true
Actual: true

Test Case Description: <b> PR.Akash test  </b> Value Present In Blocked Item against label <b> User: </b>
Expected: true
Actual: true

Test Case Description: <b> Date: </b> Label Present In Blocked Item Lot
Expected: true
Actual: true

Test Case Description: <b> 03-07-2023  </b> Value Present In Blocked Item against label <b> Date: </b>
Expected: true
Actual: true

Test Case Description: <b> Blocked Stock: </b> Label Present In Blocked Item Lot
Expected: true
Actual: true

Test Case Description: <b> 20.0  </b> Value Present In Blocked Item against label <b> Blocked Stock: </b>
Expected: true
Actual: true

Test Case Description: <b> Comment: </b> Label Present In Blocked Item Lot
Expected: true
Actual: true

Test Case Description: <b> Validating Block Item Lot  </b> Value Present In Blocked Item against label <b> Comment: </b>
Expected: true
Actual: true

Test Case Description: Unblock Button Displayed and Clicked
Expected: true
Actual: true

Test Case Description:  Un-Block Lot Template Displayed and Opened
Expected: true
Actual: true

Test Case Description: Are you Sure Message Label Displayed In unblock template as : 
Expected: true
Actual: true

Test Case Description: Closer Message Label Displayed in unblock template as : 
Expected: true
Actual: true

Test Case Description: Don't Un-Block Button Displayed
Expected: true
Actual: true

Test Case Description: Un-Block Comment Bix displayed and value Entered as : <b> Validating Un-Block Item Lot
Expected: true
Actual: true

Test Case Description: Block Lot Button Clicked 
Expected: true
Actual: true

Test Case Description:  Unblocked button Working Correctly and Block Stock Updated as : <b> 0.0
Expected: true
Actual: true
]]>
  </system-out>
  <testcase classname="tests.inventoryStores.pharmacyStore.Items.LotTest" name="validateViewLotFunctionalityInItemLot" time="35.960"/>
  <system-out>
    <![CDATA[Test Case Description: The Facility - <b>TST</b> is already selected.
Expected: true
Actual: true

Test Case Description: Pharmacy automation- Pharmacy store is selected.
Expected: true
Actual: true

Test Case Description: Store pop up closed
Expected: true
Actual: true

Test Case Description: Selected Option in the Left Panel = <b>Items</b>
Expected: true
Actual: true

Test Case Description: Selected Sub Option in the Left Panel = <b>Lot</b>
Expected: true
Actual: true

Test Case Description:  Lot Option Displayed and Clicked In Item 
Expected: true
Actual: true

Test Case Description: <b> Description </b> Header Present In Item Lot List Table at index : <b> 0 </b>
Expected: true
Actual: true

Test Case Description: <b> Source </b> Header Present In Item Lot List Table at index : <b> 1 </b>
Expected: true
Actual: true

Test Case Description: <b> Available Stock </b> Header Present In Item Lot List Table at index : <b> 2 </b>
Expected: true
Actual: true

Test Case Description: <b> Variant Code </b> Header Present In Item Lot List Table at index : <b> 3 </b>
Expected: true
Actual: true

Test Case Description: Refresh Button Displayed In Item Lot
Expected: true
Actual: true

Test Case Description: Search Box Displayed In Item Lot
Expected: true
Actual: true

Test Case Description:  Filter By Button Displayed In Item Lot
Expected: true
Actual: true

Test Case Description:  Item Description and Variant Code Displayed Correctly In Lot List
Expected: true
Actual: true

Test Case Description: GRN Expiry Date ,Type,Cost,MRP Displayed Correctly In Lot List
Expected: true
Actual: true

Test Case Description: GRN Expiry Date ,Type,Cost,MRP Displayed Correctly In Lot List
Expected: true
Actual: true

Test Case Description: Item_Description_mblm Item Clicked from Item Lot List
Expected: true
Actual: true

Test Case Description:  Item Found and Clicked
Expected: true
Actual: true

Test Case Description: <b> Description: </b> Label Present In View Item Lot RHS side 
Expected: true
Actual: true

Test Case Description: <b> Item_Description_mblm  </b> Value Present In View Item RHS against label <b> Description: </b>
Expected: true
Actual: true

Test Case Description: <b> Variant Code: </b> Label Present In View Item Lot RHS side 
Expected: true
Actual: true

Test Case Description: <b> INV-MED-1200-100  </b> Value Present In View Item RHS against label <b> Variant Code: </b>
Expected: true
Actual: true

Test Case Description: <b> Item Code: </b> Label Present In View Item Lot RHS side 
Expected: true
Actual: true

Test Case Description: <b> INV-MED-1200  </b> Value Present In View Item RHS against label <b> Item Code: </b>
Expected: true
Actual: true

Test Case Description: <b> Stock: </b> Label Present In View Item Lot RHS side 
Expected: true
Actual: true

Test Case Description: <b> 20.0  </b> Value Present In View Item RHS against label <b> Stock: </b>
Expected: true
Actual: true

Test Case Description: <b> Available Stock: </b> Label Present In View Item Lot RHS side 
Expected: true
Actual: true

Test Case Description: <b> 20.0  </b> Value Present In View Item RHS against label <b> Available Stock: </b>
Expected: true
Actual: true

Test Case Description: <b> Blocked Stock: </b> Label Present In View Item Lot RHS side 
Expected: true
Actual: true

Test Case Description: <b> 0.0  </b> Value Present In View Item RHS against label <b> Blocked Stock: </b>
Expected: true
Actual: true

Test Case Description: <b> Cost Price: </b> Label Present In View Item Lot RHS side 
Expected: true
Actual: true

Test Case Description: <b> ₹105.0  </b> Value Present In View Item RHS against label <b> Cost Price: </b>
Expected: true
Actual: true

Test Case Description: <b> List Price: </b> Label Present In View Item Lot RHS side 
Expected: true
Actual: true

Test Case Description: <b> ₹500.0  </b> Value Present In View Item RHS against label <b> List Price: </b>
Expected: true
Actual: true

Test Case Description: <b> Identifier: </b> Label Present In View Item Lot RHS side 
Expected: true
Actual: true

Test Case Description: <b> NA  </b> Value Present In View Item RHS against label <b> Identifier: </b>
Expected: true
Actual: true

Test Case Description: <b> Vendor: </b> Label Present In View Item Lot RHS side 
Expected: true
Actual: true

Test Case Description: <b> Supplier ABC  </b> Value Present In View Item RHS against label <b> Vendor: </b>
Expected: true
Actual: true

Test Case Description: <b> Barcode: </b> Label Present In View Item Lot RHS side 
Expected: true
Actual: true

Test Case Description: <b>   </b> Value Present In View Item RHS against label <b> Barcode: </b>
Expected: true
Actual: true

Test Case Description: <b> Sub Store: </b> Label Present In View Item Lot RHS side 
Expected: true
Actual: true

Test Case Description: <b> Default  </b> Value Present In View Item RHS against label <b> Sub Store: </b>
Expected: true
Actual: true

Test Case Description: <b> Lot Code: </b> Label Present In View Item Lot RHS side 
Expected: true
Actual: true

Test Case Description: <b> INV-MED-1200-100-1000  </b> Value Present In View Item RHS against label <b> Lot Code: </b>
Expected: true
Actual: true

Test Case Description: <b> Unit level: </b> Label Present In View Item Lot RHS side 
Expected: true
Actual: true

Test Case Description: <b> YES  </b> Value Present In View Item RHS against label <b> Unit level: </b>
Expected: true
Actual: true

Test Case Description: <b> Generic Names: </b> Label Present In View Item Lot RHS side 
Expected: true
Actual: true

Test Case Description: <b> Hexapeptide-11 1.0 mg  </b> Value Present In View Item RHS against label <b> Generic Names: </b>
Expected: true
Actual: true

Test Case Description: <b> Source: </b> Label Present In View Item Lot RHS side 
Expected: true
Actual: true

Test Case Description: <b> Purchase  </b> Value Present In View Item RHS against label <b> Source: </b>
Expected: true
Actual: true

Test Case Description: <b> Source Txn No: </b> Label Present In View Item Lot RHS side 
Expected: true
Actual: true

Test Case Description: <b> RSO-GRN-030723-101134  </b> Value Present In View Item RHS against label <b> Source Txn No: </b>
Expected: true
Actual: true

Test Case Description:  Edit Lot Button Displayed In View Item Lot
Expected: true
Actual: true

Test Case Description:  Block Lot Button Displayed In View Item Lot
Expected: true
Actual: true

Test Case Description:  Transaction Details Section Displayed In View Item Lot
Expected: true
Actual: true

Test Case Description: <b> #. </b> Header Present In Transaction Details Table at index : <b> 0 </b>
Expected: true
Actual: true

Test Case Description: <b> Transaction No </b> Header Present In Transaction Details Table at index : <b> 1 </b>
Expected: true
Actual: true

Test Case Description: <b> Transaction Date </b> Header Present In Transaction Details Table at index : <b> 2 </b>
Expected: true
Actual: true

Test Case Description: <b> Flow </b> Header Present In Transaction Details Table at index : <b> 3 </b>
Expected: true
Actual: true

Test Case Description: <b> Stock Before </b> Header Present In Transaction Details Table at index : <b> 4 </b>
Expected: true
Actual: true

Test Case Description: <b> Stock After </b> Header Present In Transaction Details Table at index : <b> 5 </b>
Expected: true
Actual: true

Test Case Description: <b> Amount Before </b> Header Present In Transaction Details Table at index : <b> 6 </b>
Expected: true
Actual: true

Test Case Description: <b> Amount After </b> Header Present In Transaction Details Table at index : <b> 7 </b>
Expected: true
Actual: true

Test Case Description:  Transaction Details Table Value for Column <b> #. </b> Displayed correctly as : <b> 1</b>
Expected: true
Actual: true

Test Case Description:  Transaction Details Table Value for Column <b> Transaction No </b> Displayed correctly as : <b> RSO-GRN-030723-101134</b>
Expected: true
Actual: true

Test Case Description:  Transaction Details Table Value for Column <b> Transaction Date </b> Displayed correctly as : <b> 2023-07-03 | 05:26PM</b>
Expected: true
Actual: true

Test Case Description:  Transaction Details Table Value for Column <b> Flow </b> Displayed correctly as : <b> In (Purchase)</b>
Expected: true
Actual: true

Test Case Description:  Transaction Details Table Value for Column <b> Stock Before </b> Displayed correctly as : <b> 0.0</b>
Expected: true
Actual: true

Test Case Description:  Transaction Details Table Value for Column <b> Stock After </b> Displayed correctly as : <b> 20.0</b>
Expected: true
Actual: true

Test Case Description:  Transaction Details Table Value for Column <b> Amount Before </b> Displayed correctly as : <b> 0.0</b>
Expected: true
Actual: true

Test Case Description:  Transaction Details Table Value for Column <b> Amount After </b> Displayed correctly as : <b> 2100.0</b>
Expected: true
Actual: true
]]>
  </system-out>
  <testcase classname="tests.inventoryStores.pharmacyStore.Items.LotTest" name="validateEditLotFunctionalityInItemLot" time="47.081"/>
  <system-out>
    <![CDATA[Test Case Description: The Facility - <b>TST</b> is already selected.
Expected: true
Actual: true

Test Case Description: Pharmacy automation- Pharmacy store is selected.
Expected: true
Actual: true

Test Case Description: Store pop up closed
Expected: true
Actual: true

Test Case Description: Selected Option in the Left Panel = <b>Items</b>
Expected: true
Actual: true

Test Case Description: Selected Sub Option in the Left Panel = <b>Lot</b>
Expected: true
Actual: true

Test Case Description:  Lot Option Displayed and Clicked In Item 
Expected: true
Actual: true

Test Case Description: Item_Description_mblm Item Clicked from Item Lot List
Expected: true
Actual: true

Test Case Description:  Item Found and Clicked
Expected: true
Actual: true

Test Case Description:  Edit Lot Button Displayed and Clicked In Lot
Expected: true
Actual: true

Test Case Description:  Edit Lot Template Displayed and Opened
Expected: true
Actual: true

Test Case Description: <b> Item code: </b> Label Present In Edit Item Lot Template 
Expected: true
Actual: true

Test Case Description: Item code: Field is Disabled
Expected: true
Actual: true

Test Case Description: <b> INV-MED-1200  </b> Value Present In Edit Item against label <b> Item code: </b>
Expected: true
Actual: true

Test Case Description: <b> Variant Code: </b> Label Present In Edit Item Lot Template 
Expected: true
Actual: true

Test Case Description: Variant Code: Field is Disabled
Expected: true
Actual: true

Test Case Description: <b> INV-MED-1200-100  </b> Value Present In Edit Item against label <b> Variant Code: </b>
Expected: true
Actual: true

Test Case Description: <b> Description: </b> Label Present In Edit Item Lot Template 
Expected: true
Actual: true

Test Case Description: Description: Field is Disabled
Expected: true
Actual: true

Test Case Description: <b> Item_Description_mblm  </b> Value Present In Edit Item against label <b> Description: </b>
Expected: true
Actual: true

Test Case Description: <b> Stock: </b> Label Present In Edit Item Lot Template 
Expected: true
Actual: true

Test Case Description: Stock: Field is Disabled
Expected: true
Actual: true

Test Case Description: <b> 20.0  </b> Value Present In Edit Item against label <b> Stock: </b>
Expected: true
Actual: true

Test Case Description: <b> Old Selling Price: </b> Label Present In Edit Item Lot Template 
Expected: true
Actual: true

Test Case Description: Old Selling Price: Field is Disabled
Expected: true
Actual: true

Test Case Description: <b> 500.0  </b> Value Present In Edit Item against label <b> Old Selling Price: </b>
Expected: true
Actual: true

Test Case Description: <b> New Selling Price: </b> Label Present In Edit Item Lot Template 
Expected: true
Actual: true

Test Case Description: New Selling Price: Field is Enabled
Expected: true
Actual: true

Test Case Description: <b> Empty </b>  Value Present In View Item Lot RHS against label <b> New Selling Price:</b>
Expected: true
Actual: true

Test Case Description:  New Selling Price Entered As : 600.0
Expected: true
Actual: true

Test Case Description:  Update Lot Button Displayed and Clicked
Expected: true
Actual: true

Test Case Description:  Item Description and Variant Code Displayed Correctly In Lot List
Expected: true
Actual: true

Test Case Description: GRN Expiry Date ,Type,Cost,MRP Displayed Correctly In Lot List
Expected: true
Actual: true

Test Case Description: Sub Store and Batch No. Displayed Correctly In Lot List
Expected: true
Actual: true

Test Case Description: Item_Description_mblm Item Clicked from Item Lot List
Expected: true
Actual: true

Test Case Description:  Price Updated Successfully In Lot List
Expected: true
Actual: true

Test Case Description: Updated Selling Price Displayed In View Lot as : ₹600.0
Expected: true
Actual: true
]]>
  </system-out>
</testsuite> <!-- tests.inventoryStores.pharmacyStore.Items.LotTest -->
