<?xml version="1.0" encoding="UTF-8"?>
<!-- Generated by org.testng.reporters.JUnitReportReporter -->
<testsuite hostname="SPZMUMLAP0011" failures="0" tests="1" name="tests.authorizationpolicy.ehrSetting.GeneralOrganizationSettingPolicyTest" time="62.461" errors="0" timestamp="2023-12-12T19:20:19 IST" skipped="0">
  <testcase classname="tests.authorizationpolicy.ehrSetting.GeneralOrganizationSettingPolicyTest" name="validatePolicy_viewGeneralOrganizationSetting" time="62.461"/>
  <system-out>
    <![CDATA[Test Case Description: Clicked user policy for user : PR.Akash test
Expected: true
Actual: true

Test Case Description: opened authorization policy page for the user : PR.Akash test
Expected: true
Actual: true

Test Case Description: EHR SETTINGS policy clicked
Expected: true
Actual: true

Test Case Description: General Settings View Access
Authorized:    NO
Expected: true
Actual: true

Test Case Description: Expected User is Logged in - <b>PR.Akash test</b> .Current User is PR.Akash test
Expected: true
Actual: true

Test Case Description: Selected Option <b>Organisation Settings</b>
Expected: true
Actual: true

Test Case Description: <font color='blue'>Validated General Settings View Access is disabled for the user</font>
Expected: true
Actual: true

Test Case Description: Clicked user policy for user : PR.Akash test
Expected: true
Actual: true

Test Case Description: opened authorization policy page for the user : PR.Akash test
Expected: true
Actual: true

Test Case Description: EHR SETTINGS policy clicked
Expected: true
Actual: true

Test Case Description: General Settings View Access
Authorized:    YES
Expected: true
Actual: true

Test Case Description: Selected Option in the Left Panel = <b>General</b>
Expected: true
Actual: true

Test Case Description: Selected Sub Option in the Left Panel = <b>Organisation Settings</b>
Expected: true
Actual: true

Test Case Description: <font color='blue'>Validated General Settings View Access is enabled for the user</font>
Expected: true
Actual: true
]]>
  </system-out>
</testsuite> <!-- tests.authorizationpolicy.ehrSetting.GeneralOrganizationSettingPolicyTest -->
