<?xml version="1.0" encoding="UTF-8"?>
<!-- Generated by org.testng.reporters.JUnitReportReporter -->
<testsuite hostname="SPZMUMLAP0011" failures="0" tests="2" name="tests.departments.opd.ValidateArNctTest" time="23.529" errors="0" timestamp="2023-07-14T00:03:52 IST" skipped="0">
  <testcase classname="tests.departments.opd.ValidateArNctTest" name="createArNctTemplate" time="13.252"/>
  <system-out>
    <![CDATA[Test Case Description: User already logged in
Expected: true
Actual: true

Test Case Description: The Facility - <b>TST</b> is already selected.
Expected: true
Actual: true

Test Case Description: Expected User is Logged in - <b>AR NCT 2</b> .Current User is AR NCT 2
Expected: true
Actual: true

Test Case Description: New Template button clicked
Expected: true
Actual: true

Test Case Description: Validate <b>AR/NCT</b> template is selected and opened. Header of Template = AR/NCT Template RSO-CS-1003890
Expected: true
Actual: true

Test Case Description: Validate AR/NCT template  is selected
Expected: true
Actual: true

Test Case Description: Right Eye intraocularPressure is 20
Expected: true
Actual: true

Test Case Description: Left Eye intraocularPressure is 20
Expected: true
Actual: true

Test Case Description: The colour of Badge IOP is Green.
Expected: true
Actual: true

Test Case Description: IOP fields are filled successfully, button is GREEN
Expected: true
Actual: true

Test Case Description: Template Saved. 
Expected: true
Actual: true

Test Case Description: Template Closed.
Expected: true
Actual: true
]]>
  </system-out>
  <testcase classname="tests.departments.opd.ValidateArNctTest" name="validatePatientArrivedInArNct" time="10.277"/>
  <system-out>
    <![CDATA[Test Case Description: User already logged in
Expected: true
Actual: true

Test Case Description: The Facility - <b>TST</b> is already selected.
Expected: true
Actual: true

Test Case Description: Expected User is Logged in - <b>AR NCT 2</b> .Current User is AR NCT 2
Expected: true
Actual: true

Test Case Description: Patient name - Mr. SMOKE
Expected: true
Actual: true

Test Case Description: Validate My Queue tab is selected
Expected: true
Actual: true

Test Case Description: Validate Patient  MR. SMOKE is clicked in My Queue of Ar Nct
Expected: true
Actual: true
]]>
  </system-out>
</testsuite> <!-- tests.departments.opd.ValidateArNctTest -->
