<?xml version="1.0" encoding="UTF-8"?>
<!-- Generated by org.testng.reporters.JUnitReportReporter -->
<testsuite hostname="SPZMUMLAP0011" failures="0" tests="7" name="tests.inventoryStores.pharmacyStore.Order.PurchaseOrderTest" time="844.029" errors="0" timestamp="2023-07-07T17:19:04 IST" skipped="0">
  <testcase classname="tests.inventoryStores.pharmacyStore.Order.PurchaseOrderTest" name="validatePurchaseOrderCreation" time="218.776"/>
  <system-out>
    <![CDATA[Test Case Description: The Facility - <b>TST</b> is already selected.
Expected: true
Actual: true

Test Case Description: Selected Option <b>Organisation Settings</b>
Expected: true
Actual: true

Test Case Description: Selected Option in the Left Panel = <b>Inventory & Supply Chain</b>
Expected: true
Actual: true

Test Case Description: Selected Sub Option in the Left Panel = <b>Store Setup</b>
Expected: true
Actual: true

Test Case Description: Default Billing Address for Pharmacy automation is <b>add</b>
Expected: true
Actual: true

Test Case Description: GST no. present in Pharmacy automation is <b>20BAC</b>
Expected: true
Actual: true

Test Case Description: Default Shipping Address for Pharmacy automation is <b>add</b>
Expected: true
Actual: true

Test Case Description: Selected Option in the Left Panel = <b>Inventory & Supply Chain</b>
Expected: true
Actual: true

Test Case Description: Selected Sub Option in the Left Panel = <b>Vendor Master</b>
Expected: true
Actual: true

Test Case Description: Vendor Credit days present in Supplier ABC is <b>45</b>
Expected: true
Actual: true

Test Case Description: Vendor GST No present in Supplier ABC is <b>21EAC</b>
Expected: true
Actual: true

Test Case Description: Selected Option in the Left Panel = <b>Inventory & Supply Chain</b>
Expected: true
Actual: true

Test Case Description: Selected Sub Option in the Left Panel = <b>Terms & Conditions</b>
Expected: true
Actual: true

Test Case Description: Pharmacy automation- Pharmacy store is selected.
Expected: true
Actual: true

Test Case Description: Selected Option in the Left Panel = <b>Items</b>
Expected: true
Actual: true

Test Case Description: Selected Sub Option in the Left Panel = <b>Master</b>
Expected: true
Actual: true

Test Case Description: <b> Midodrine </b> is present in Item Master List
Expected: true
Actual: true

Test Case Description: Available stock of item : Midodrine --> <b>353.0</b>
Expected: true
Actual: true

Test Case Description: <b> Ciplox Eye </b> is present in Item Master List
Expected: true
Actual: true

Test Case Description: Available stock of item : Ciplox Eye --> <b>56.0</b>
Expected: true
Actual: true

Test Case Description: Selected Option in the Left Panel = <b>Order</b>
Expected: true
Actual: true

Test Case Description: Selected Sub Option in the Left Panel = <b>Purchase</b>
Expected: true
Actual: true

Test Case Description: Clicked <b>New</b> Button in  Purchase Order
Expected: true
Actual: true

Test Case Description: Validated Create Purchase Order Page displayed
Expected: true
Actual: true

Test Case Description: Purchase Order time:<b> 05:07 PM</b>
Expected: true
Actual: true

Test Case Description: Purchase Order date:<b> 07/07/2023</b>
Expected: true
Actual: true

Test Case Description: Validated Purchase Order Date and Time
Expected: true
Actual: true

Test Case Description: Store selected : <b>Pharmacy automation </b>
Expected: true
Actual: true

Test Case Description: Vendor selected : <b>Supplier ABC</b>
Expected: true
Actual: true

Test Case Description: PO Type selected : <b>Normal </b>
Expected: true
Actual: true

Test Case Description: Validate the PO item:<b> Midodrine </b> is found & selected
Expected: true
Actual: true

Test Case Description: Validated Displayed Add Lot Header : <b>Add Lot - Midodrine</b>
Expected: true
Actual: true

Test Case Description: Validated Add Lot Header -> Description : <b>Midodrine</b>
Expected: true
Actual: true

Test Case Description: Validated Add Lot Header -> HSN No : <b>YLK-PHARMA-007</b>
Expected: true
Actual: true

Test Case Description: Validated Add Lot Header -> Item Code : <b>INV-MED-1198</b>
Expected: true
Actual: true

Test Case Description: Validated Add Lot Header -> Category : <b>Medication</b>
Expected: true
Actual: true

Test Case Description: Validated Add Lot Header -> Dispensing Unit : <b>Tablets</b>
Expected: true
Actual: true

Test Case Description: Validated Add Lot Header -> Package Type : <b>Box</b>
Expected: true
Actual: true

Test Case Description: Validated Add Lot Header -> Sub Package Type : <b>Number</b>
Expected: true
Actual: true

Test Case Description: Validated Add Lot Header -> Sub Package in Package : <b>5</b>
Expected: true
Actual: true

Test Case Description: Validated Add Lot Header -> Unit Type : <b>Number</b>
Expected: true
Actual: true

Test Case Description: Validated Add Lot Header -> Unit in Sub Package : <b>10</b>
Expected: true
Actual: true

Test Case Description: Clicked <b>Save</b> without entering any value
Expected: true
Actual: true

Test Case Description: Validated Error Msg is displayed for Total Paid Unit -> <b>Please enter a value greater than or equal to 1.</b>
Expected: true
Actual: true

Test Case Description: Validated Error Msg is displayed for Unit Cost -> <b>Required</b>
Expected: true
Actual: true

Test Case Description: Validated ->Displayed Possible Variant Name <b>Dosage</b> for the item Midodrine
Expected: true
Actual: true

Test Case Description: Validated Displayed variants for Dosage : <b>20mg,10mg,5mg</b>
Expected: true
Actual: true

Test Case Description: Selected <b>20mg</b> in variant Dosage
Expected: true
Actual: true

Test Case Description: Validated ->Displayed Possible Variant Name <b>Usage</b> for the item Midodrine
Expected: true
Actual: true

Test Case Description: Validated Displayed variants for Usage : <b>Space,Earth</b>
Expected: true
Actual: true

Test Case Description: Selected <b>Space</b> in variant Usage
Expected: true
Actual: true

Test Case Description: Sub Store selected: Default
Expected: true
Actual: true

Test Case Description: Entered Unit Cost price w/o Tax as : <b>338.32</b>
Expected: true
Actual: true

Test Case Description: Validated Displayed Unit Cost price with Tax : <b>433.05</b>
Expected: true
Actual: true

Test Case Description: Validated Error message is displayed if unit value is lesser than unit in Sub package
Expected: true
Actual: true

Test Case Description: Validated Error message is displayed if Free Qty value is lesser than unit in Sub package
Expected: true
Actual: true

Test Case Description: Entered <b>1</b> in Sub Package
Expected: true
Actual: true

Test Case Description: Validated Displayed Paid qty ->Units in a Sub Package= 10.0
Expected: true
Actual: true

Test Case Description: Entered <b>1</b> in Package
Expected: true
Actual: true

Test Case Description: Validated Displayed Paid qty ->Units in a Package= 50.0
Expected: true
Actual: true

Test Case Description: Entered <b>30.0</b> in Unit Quantity
Expected: true
Actual: true

Test Case Description: Entered <b>10.0</b> in Free Quantity
Expected: true
Actual: true

Test Case Description: Entered <b>21</b> in Discount input
Expected: true
Actual: true

Test Case Description: Selected <b>%</b> as Discount Type
Expected: true
Actual: true

Test Case Description: Validated -> Displayed Discount Amount : <b>2131.42</b>
Expected: true
Actual: true

Test Case Description: Validated -> Displayed Total Cost Amount : <b>10263.27</b>
Expected: true
Actual: true

Test Case Description: Clicked <b>Save</b> Lot
Expected: true
Actual: true

Test Case Description: Validate the PO item:<b> Ciplox Eye </b> is found & selected
Expected: true
Actual: true

Test Case Description: Validated Displayed Add Lot Header : <b>Add Lot - Ciplox Eye</b>
Expected: true
Actual: true

Test Case Description: Validated Add Lot Header -> Description : <b>Ciplox Eye</b>
Expected: true
Actual: true

Test Case Description: Validated Add Lot Header -> HSN No : <b></b>
Expected: true
Actual: true

Test Case Description: Validated Add Lot Header -> Item Code : <b>INV-MED-1021</b>
Expected: true
Actual: true

Test Case Description: Validated Add Lot Header -> Category : <b>medication</b>
Expected: true
Actual: true

Test Case Description: Validated Add Lot Header -> Dispensing Unit : <b>Eyedrops</b>
Expected: true
Actual: true

Test Case Description: Validated Add Lot Header -> Package Type : <b>Box</b>
Expected: true
Actual: true

Test Case Description: Validated Add Lot Header -> Sub Package Type : <b>Number</b>
Expected: true
Actual: true

Test Case Description: Validated Add Lot Header -> Sub Package in Package : <b>10</b>
Expected: true
Actual: true

Test Case Description: Validated Add Lot Header -> Unit Type : <b>Number</b>
Expected: true
Actual: true

Test Case Description: Validated Add Lot Header -> Unit in Sub Package : <b>1</b>
Expected: true
Actual: true

Test Case Description: Clicked <b>Save</b> without entering any value
Expected: true
Actual: true

Test Case Description: Validated Error Msg is displayed for Total Paid Unit -> <b>Please enter a value greater than or equal to 1.</b>
Expected: true
Actual: true

Test Case Description: Validated Error Msg is displayed for Unit Cost -> <b>Required</b>
Expected: true
Actual: true

Test Case Description: Sub Store selected: Default
Expected: true
Actual: true

Test Case Description: Selected Expiry Date for item Ciplox Eye as <b>01/07/2026</b>
Expected: true
Actual: true

Test Case Description: Entered Unit Cost price w/o Tax as : <b>696.57</b>
Expected: true
Actual: true

Test Case Description: Validated Displayed Unit Cost price with Tax : <b>731.40</b>
Expected: true
Actual: true

Test Case Description: Entered <b>1</b> in Sub Package
Expected: true
Actual: true

Test Case Description: Validated Displayed Paid qty ->Units in a Sub Package= 1.0
Expected: true
Actual: true

Test Case Description: Entered <b>1</b> in Package
Expected: true
Actual: true

Test Case Description: Validated Displayed Paid qty ->Units in a Package= 10.0
Expected: true
Actual: true

Test Case Description: Entered <b>3.0</b> in Unit Quantity
Expected: true
Actual: true

Test Case Description: Entered <b>1.0</b> in Free Quantity
Expected: true
Actual: true

Test Case Description: Entered <b>12</b> in Discount input
Expected: true
Actual: true

Test Case Description: Selected <b>₹</b> as Discount Type
Expected: true
Actual: true

Test Case Description: Validated -> Displayed Discount Amount : <b>12.0</b>
Expected: true
Actual: true

Test Case Description: Validated -> Displayed Total Cost Amount : <b>2181.6</b>
Expected: true
Actual: true

Test Case Description: Clicked <b>Save</b> Lot
Expected: true
Actual: true

Test Case Description: Entered AUTO-TEST in Order Note
Expected: true
Actual: true

Test Case Description: Validated displayed Store GST No : <b>20BAC</b>
Expected: true
Actual: true

Test Case Description: Validated displayed PO expiry Date : <b>14/07/2023</b>
Expected: true
Actual: true

Test Case Description: Validated displayed Vendor Credit Days : <b>45</b>
Expected: true
Actual: true

Test Case Description: Validated displayed Bill To Address : <b>Pharmacy automation - add, Hassan, KARNATAKA, 573213</b>
Expected: true
Actual: true

Test Case Description: Validated displayed Ship To Address : <b>Pharmacy automation - add, Hassan, KARNATAKA, 573213</b>
Expected: true
Actual: true

Test Case Description: Validated Item : Midodrine found in Create PO
Expected: true
Actual: true

Test Case Description: Validated -> Rate for Midodrine : <b>338.32</b>
Expected: true
Actual: true

Test Case Description: Validated -> Tax Rate for Midodrine : <b>28.0</b>
Expected: true
Actual: true

Test Case Description: Validated -> Paid Qty for Midodrine : <b>30.00</b>
Expected: true
Actual: true

Test Case Description: Validated -> Free Qty for Midodrine : <b>10.0</b>
Expected: true
Actual: true

Test Case Description: Validated -> Discount Amount for Midodrine : <b>2131.42</b>
Expected: true
Actual: true

Test Case Description: Validated -> Net Amount for Midodrine : <b>10263.27</b>
Expected: true
Actual: true

Test Case Description: Validated -> Selected Sub-Store for Midodrine : <b>Default</b>
Expected: true
Actual: true

Test Case Description: Entered TEST in remark
Expected: true
Actual: true

Test Case Description: Validated Item : Ciplox Eye found in Create PO
Expected: true
Actual: true

Test Case Description: Validated -> Rate for Ciplox Eye : <b>696.57</b>
Expected: true
Actual: true

Test Case Description: Validated -> Tax Rate for Ciplox Eye : <b>5.0</b>
Expected: true
Actual: true

Test Case Description: Validated -> Paid Qty for Ciplox Eye : <b>3.00</b>
Expected: true
Actual: true

Test Case Description: Validated -> Free Qty for Ciplox Eye : <b>1.0</b>
Expected: true
Actual: true

Test Case Description: Validated -> Discount Amount for Ciplox Eye : <b>12.0</b>
Expected: true
Actual: true

Test Case Description: Validated -> Net Amount for Ciplox Eye : <b>2181.60</b>
Expected: true
Actual: true

Test Case Description: Validated -> Selected Sub-Store for Ciplox Eye : <b>Default</b>
Expected: true
Actual: true

Test Case Description: Entered TEST in remark
Expected: true
Actual: true

Test Case Description: Selected <b>Fitting Charges</b> on Other Charges
Expected: true
Actual: true

Test Case Description: Entered <b>50.0</b> on Other Charges
Expected: true
Actual: true

Test Case Description: Entered <b>100.0</b> on Other Charges Percentage
Expected: true
Actual: true

Test Case Description: Validated Displayed Other Charges : <b> 100.0</b>
Expected: true
Actual: true

Test Case Description: Clicked Add new Other Charges button
Expected: true
Actual: true

Test Case Description: Validated --> Add Other Charges
Expected: true
Actual: true

Test Case Description: Selected <b>Item_other</b> on Newly added Other Charges
Expected: true
Actual: true

Test Case Description: Entered <b>50.0</b> on Newly added Other Charges
Expected: true
Actual: true

Test Case Description: Clicked <b>-</b> in other charge
Expected: true
Actual: true

Test Case Description: Validated Total Other Charges : <b>50.0</b>
Expected: true
Actual: true

Test Case Description: Clicked Remove Other Charges button
Expected: true
Actual: true

Test Case Description: Validated --> Delete Other Charges
Expected: true
Actual: true

Test Case Description: Validated Total Other Charges after deleting other charge : <b>100.0</b>
Expected: true
Actual: true

Test Case Description: Gross Amount Validated:<b>  12239.31</b>
Expected: true
Actual: true

Test Case Description: Discount Amount Validated:<b> 2143.42</b>
Expected: true
Actual: true

Test Case Description: GST5 Amount Validated: <b> 103.89</b>
Expected: true
Actual: true

Test Case Description: GST28 Amount Validated: <b> 2245.09</b>
Expected: true
Actual: true

Test Case Description: Net Amount Validated:<b> 12544.87</b>
Expected: true
Actual: true

Test Case Description: Validated Payment Terms -> Displayed Terms : <b>Test Payment Terms and Conditions</b>
Expected: true
Actual: true

Test Case Description: Selected Payment Terms as : <b>Test Payment Terms and Conditions</b>
Expected: true
Actual: true

Test Case Description: Clicked <b>Delivery Terms</b> button
Expected: true
Actual: true

Test Case Description: Validated Delivery Terms -> Displayed Terms : <b>Test Delivery Terms and Conditions,AUTO</b>
Expected: true
Actual: true

Test Case Description: Selected Delivery Terms as : <b>Test Delivery Terms and Conditions</b>
Expected: true
Actual: true

Test Case Description: Purchase Order Saved
Expected: true
Actual: true

Test Case Description: Selected Purchase Order Transaction -> PO No : RSO-PO-070723-100878 | Status : pending
Expected: true
Actual: true

Test Case Description: Validated PO Created At : 07-07-2023 | 05:07 PM
Expected: true
Actual: true
]]>
  </system-out>
  <testcase classname="tests.inventoryStores.pharmacyStore.Order.PurchaseOrderTest" name="validatePurchaseOrderRHS" time="22.900"/>
  <system-out>
    <![CDATA[Test Case Description: The Facility - <b>TST</b> is already selected.
Expected: true
Actual: true

Test Case Description: Pharmacy automation- Pharmacy store is selected.
Expected: true
Actual: true

Test Case Description: Selected Option in the Left Panel = <b>Order</b>
Expected: true
Actual: true

Test Case Description: Selected Sub Option in the Left Panel = <b>Purchase</b>
Expected: true
Actual: true

Test Case Description: Selected Purchase Order Transaction -> PO No : RSO-PO-070723-100878 | Status : pending
Expected: true
Actual: true

Test Case Description: Validated Purchase Order RHS -> PO No :<b> RSO-PO-070723-100878</b>
Expected: true
Actual: true

Test Case Description: Purchase Order Created By <b>PR.Akash test</b> at -> <b>07-07-2023 | 05:07 PM</b>
Expected: true
Actual: true

Test Case Description: Validated Purchase Order RHS -> PO Status :<b> Pending</b>
Expected: true
Actual: true

Test Case Description: Validated Purchase Order RHS -> PO Type :<b> Normal</b>
Expected: true
Actual: true

Test Case Description: Validated Purchase Order RHS -> PO Type :<b> 14/07/2023</b>
Expected: true
Actual: true

Test Case Description: Validated Purchase Order RHS -> Vendor Name :<b> Supplier ABC</b>
Expected: true
Actual: true

Test Case Description: Validated Purchase Order RHS -> Vendor Address :<b> Sonestaa Meadows Thubarahalli Extended Road Thubarahalli, Whitefield Bengaluru, Karnataka</b>
Expected: true
Actual: true

Test Case Description: Validated Purchase Order RHS -> Vendor GST No :<b> 21EAC</b>
Expected: true
Actual: true

Test Case Description: Validated Purchase Order RHS -> Vendor Credit Days :<b> 45</b>
Expected: true
Actual: true

Test Case Description: Validated Purchase Order RHS -> Ship To Address :<b> Pharmacy automation - add, Hassan, KARNATAKA, 573213</b>
Expected: true
Actual: true

Test Case Description: Validated Purchase Order RHS -> Bill To Address :<b> Pharmacy automation - add, Hassan, KARNATAKA, 573213</b>
Expected: true
Actual: true

Test Case Description: Validated Purchase Order RHS -> Store GST No :<b> 20BAC</b>
Expected: true
Actual: true

Test Case Description: Validated Purchase Order RHS -> Store Entity Group :<b> Testing_Entity - test1</b>
Expected: true
Actual: true

Test Case Description: Validated -> PO Created Item Description : <b>Midodrine-20mg, Space</b>
Expected: true
Actual: true

Test Case Description: Validated -> PO Created Item HSN : <b>YLK-PHARMA-007</b>
Expected: true
Actual: true

Test Case Description: Validated ->PO Created Item Paid Qty : <b>30.0</b>
Expected: true
Actual: true

Test Case Description: Validated ->PO Created Item Free Qty : <b>10.0</b>
Expected: true
Actual: true

Test Case Description: Validated ->PO Created Item Tax Percentage : <b>28.0</b>
Expected: true
Actual: true

Test Case Description: Validated ->PO Created Item Rate : <b>338.32</b>
Expected: true
Actual: true

Test Case Description: Validated ->PO Created Item Discount : <b>2131.42</b>
Expected: true
Actual: true

Test Case Description: Validated ->PO Created Item Net Amount : <b>10263.27</b>
Expected: true
Actual: true

Test Case Description: Validated -> PO Created Item Remark : <b>TEST</b>
Expected: true
Actual: true

Test Case Description: Validated -> PO Created Item Description : <b>Ciplox Eye-</b>
Expected: true
Actual: true

Test Case Description: Validated ->PO Created Item Paid Qty : <b>3.0</b>
Expected: true
Actual: true

Test Case Description: Validated ->PO Created Item Free Qty : <b>1.0</b>
Expected: true
Actual: true

Test Case Description: Validated ->PO Created Item Tax Percentage : <b>5.0</b>
Expected: true
Actual: true

Test Case Description: Validated ->PO Created Item Rate : <b>696.57</b>
Expected: true
Actual: true

Test Case Description: Validated ->PO Created Item Discount : <b>12.0</b>
Expected: true
Actual: true

Test Case Description: Validated ->PO Created Item Net Amount : <b>2181.60</b>
Expected: true
Actual: true

Test Case Description: Validated -> PO Created Item Remark : <b>TEST</b>
Expected: true
Actual: true

Test Case Description: Validated PO -> Gross Amount <b>12239.31 </b>
Expected: true
Actual: true

Test Case Description: Validated PO -> GST5 Tax Amount <b>103.89 </b>
Expected: true
Actual: true

Test Case Description: Validated PO -> GST28 Tax Amount <b>2245.09 </b>
Expected: true
Actual: true

Test Case Description: Validated PO -> Other Charges Amount <b>100.0 </b>
Expected: true
Actual: true

Test Case Description: Validated PO -> Total Net Amount <b>12544.87 </b>
Expected: true
Actual: true
]]>
  </system-out>
  <testcase classname="tests.inventoryStores.pharmacyStore.Order.PurchaseOrderTest" name="validatePurchaseOrderEditFunctionality" time="29.633"/>
  <system-out>
    <![CDATA[Test Case Description: The Facility - <b>TST</b> is already selected.
Expected: true
Actual: true

Test Case Description: Pharmacy automation- Pharmacy store is selected.
Expected: true
Actual: true

Test Case Description: Selected Option in the Left Panel = <b>Order</b>
Expected: true
Actual: true

Test Case Description: Selected Sub Option in the Left Panel = <b>Purchase</b>
Expected: true
Actual: true

Test Case Description: Selected Purchase Order Transaction -> PO No : RSO-PO-070723-100878 | Status : pending
Expected: true
Actual: true

Test Case Description: Clicked <b>Edit</b> Purchase Order
Expected: true
Actual: true

Test Case Description: Validated Purchase Order Edit Date and Time
Expected: true
Actual: true

Test Case Description: Validated Edit -> Order Note = AUTO-TEST
Expected: true
Actual: true

Test Case Description: Validated Edit -> PO Type = Normal
Expected: true
Actual: true

Test Case Description: Validated Edit -> PO Store = Pharmacy automation
Expected: true
Actual: true

Validated Edit -> PO GST No = 122
Test Case Description: Validated Edit -> PO GST No = 122
TEST Case Failed ->Validated Edit -> PO GST No = 122 expected [true] but found [false]
Expected: true
Actual: false

Test Case Description: Validated Edit -> PO Vendor = Supplier ABC - Sonestaa Meadows Thubarahalli Extended Road Thubarahalli, Whitefield Bengaluru, Karnataka, Mysuru, KARNATAKA, 571311
Expected: true
Actual: true

Test Case Description: Validated Edit -> PO Expiry Date = 14/07/2023
Expected: true
Actual: true

Validated Edit -> PO Vendor Credit Days = 
Test Case Description: Validated Edit -> PO Vendor Credit Days = 
TEST Case Failed ->Validated Edit -> PO Vendor Credit Days =  expected [true] but found [false]
Expected: true
Actual: false

Test Case Description: Validated Edit -> PO Store Ship To = Pharmacy automation - add, Hassan, KARNATAKA, 573213
Expected: true
Actual: true

Test Case Description: Validated Edit -> PO Store Bill To = Pharmacy automation - add, Hassan, KARNATAKA, 573213
Expected: true
Actual: true

Test Case Description: Validated Item : Midodrine found in Create PO
Expected: true
Actual: true

Test Case Description: Validated -> Rate for Midodrine : <b>338.32</b>
Expected: true
Actual: true

Test Case Description: Validated -> Tax Rate for Midodrine : <b>28.0</b>
Expected: true
Actual: true

Test Case Description: Validated -> Paid Qty for Midodrine : <b>30.0</b>
Expected: true
Actual: true

Test Case Description: Validated -> Free Qty for Midodrine : <b>10.0</b>
Expected: true
Actual: true

Test Case Description: Validated -> Discount Amount for Midodrine : <b>2131.42</b>
Expected: true
Actual: true

Test Case Description: Validated -> Net Amount for Midodrine : <b>10263.27</b>
Expected: true
Actual: true

Test Case Description: Validated -> Selected Sub-Store for Midodrine : <b>Default</b>
Expected: true
Actual: true

Test Case Description: Validated -> Remark for Midodrine : <b>TEST</b>
Expected: true
Actual: true

Test Case Description: Validated Item : Ciplox Eye found in Create PO
Expected: true
Actual: true

Test Case Description: Validated -> Rate for Ciplox Eye : <b>696.57</b>
Expected: true
Actual: true

Test Case Description: Validated -> Tax Rate for Ciplox Eye : <b>5.0</b>
Expected: true
Actual: true

Test Case Description: Validated -> Paid Qty for Ciplox Eye : <b>3.0</b>
Expected: true
Actual: true

Test Case Description: Validated -> Free Qty for Ciplox Eye : <b>1.0</b>
Expected: true
Actual: true

Test Case Description: Validated -> Discount Amount for Ciplox Eye : <b>12.0</b>
Expected: true
Actual: true

Test Case Description: Validated -> Net Amount for Ciplox Eye : <b>2181.6</b>
Expected: true
Actual: true

Test Case Description: Validated -> Selected Sub-Store for Ciplox Eye : <b>Default</b>
Expected: true
Actual: true

Test Case Description: Validated -> Remark for Ciplox Eye : <b>TEST</b>
Expected: true
Actual: true

Test Case Description: Validate PO Edit -> Gross Amount :<b>  12239.31</b>
Expected: true
Actual: true

Test Case Description: Validate PO Edit -> Discount Amount :<b> 2143.42</b>
Expected: true
Actual: true

Test Case Description: Validate PO Edit -> Net Amount Validated:<b> 12544.87</b>
Expected: true
Actual: true

Test Case Description: Purchase Order Saved
Expected: true
Actual: true

Test Case Description: Selected Purchase Order Transaction -> PO No : RSO-PO-070723-100878 | Status : pending
Expected: true
Actual: true

Test Case Description: Validated PO Updated At : 07-07-2023 | 05:09 PM
Expected: true
Actual: true
]]>
  </system-out>
  <testcase classname="tests.inventoryStores.pharmacyStore.Order.PurchaseOrderTest" name="validatePartiallyCompletedNewTransaction" time="119.458"/>
  <system-out>
    <![CDATA[Test Case Description: The Facility - <b>TST</b> is already selected.
Expected: true
Actual: true

Test Case Description: Pharmacy automation- Pharmacy store is selected.
Expected: true
Actual: true

Test Case Description: Selected Option in the Left Panel = <b>Order</b>
Expected: true
Actual: true

Test Case Description: Selected Sub Option in the Left Panel = <b>Purchase</b>
Expected: true
Actual: true

Test Case Description: Selected Purchase Order Transaction -> PO No : RSO-PO-070723-100878 | Status : pending
Expected: true
Actual: true

Test Case Description: Clicked <b>Approve</b> button
Expected: true
Actual: true

Test Case Description: Validated Purchase Order Approved Notify Msg displayed
Expected: true
Actual: true

Test Case Description: Selected Option in the Left Panel = <b>Order</b>
Expected: true
Actual: true

Test Case Description: Selected Sub Option in the Left Panel = <b>Purchase</b>
Expected: true
Actual: true

Test Case Description: Selected Purchase Order Transaction -> PO No : RSO-PO-070723-100878 | Status : approved
Expected: true
Actual: true

Test Case Description: Validated Purchase Order : RSO-PO-070723-100878 is Approved
Expected: true
Actual: true

Test Case Description: Clicked <b>New Transaction</b> button
Expected: true
Actual: true

Test Case Description: Goods Receive Note Page is Displayed
Expected: true
Actual: true

Test Case Description: Validated GRN Date -> 07/07/2023 and Time -> 05:10 PM
Expected: true
Actual: true

Test Case Description: Validated Displayed Purchase Order No : RSO-PO-070723-100878
Expected: true
Actual: true

Test Case Description: Clicked Purchase Order Link
Expected: true
Actual: true

Test Case Description: Validated PO Link-> Item Description : <b>Midodrine-20mg, Space</b>
Expected: true
Actual: true

Test Case Description: Validated PO Link-> Item HSN : <b>YLK-PHARMA-007</b>
Expected: true
Actual: true

Test Case Description: Validated PO Link-> Item Paid Qty : <b>30.0</b>
Expected: true
Actual: true

Test Case Description: Validated PO Link-> Item Free Qty : <b>10.0</b>
Expected: true
Actual: true

Test Case Description: Validated PO Link-> Item Tax Percentage : <b>28.0</b>
Expected: true
Actual: true

Test Case Description: Validated PO Link-> Item Rate : <b>338.32</b>
Expected: true
Actual: true

Test Case Description: Validated PO Link-> Item Discount : <b>2131.42</b>
Expected: true
Actual: true

Test Case Description: Validated PO Link-> Item Net Amount : <b>10263.27</b>
Expected: true
Actual: true

Test Case Description: Validated PO Link-> Item Remark : <b>TEST</b>
Expected: true
Actual: true

Test Case Description: Validated PO Link-> Item Description : <b>Ciplox Eye-</b>
Expected: true
Actual: true

Test Case Description: Validated PO Link-> Item Paid Qty : <b>3.0</b>
Expected: true
Actual: true

Test Case Description: Validated PO Link-> Item Free Qty : <b>1.0</b>
Expected: true
Actual: true

Test Case Description: Validated PO Link-> Item Tax Percentage : <b>5.0</b>
Expected: true
Actual: true

Test Case Description: Validated PO Link-> Item Rate : <b>696.57</b>
Expected: true
Actual: true

Test Case Description: Validated PO Link-> Item Discount : <b>12.0</b>
Expected: true
Actual: true

Test Case Description: Validated PO Link-> Item Net Amount : <b>2181.60</b>
Expected: true
Actual: true

Test Case Description: Validated PO Link-> Item Remark : <b>TEST</b>
Expected: true
Actual: true

Test Case Description: Validated PO -> Gross Amount <b>12239.31 </b>
Expected: true
Actual: true

Test Case Description: Validated PO -> GST5 Tax Amount <b>103.89 </b>
Expected: true
Actual: true

Test Case Description: Validated PO -> GST28 Tax Amount <b>2245.09 </b>
Expected: true
Actual: true

Test Case Description: Validated PO -> Other Charges Amount <b>100.0 </b>
Expected: true
Actual: true

Test Case Description: Validated PO -> Total Net Amount <b>12544.87 </b>
Expected: true
Actual: true

Test Case Description: Entered AUTO-TEST in Transaction Note
Expected: true
Actual: true

Test Case Description: Validated Displayed vendor in GRN : Supplier ABC - Sonestaa Meadows Thubarahalli Extended Road Thubarahalli, Whitefield Bengaluru, Karnataka, Mysuru, KARNATAKA, 571311
Expected: true
Actual: true

Test Case Description: Selected Bill Type as <b>Bill</b>
Expected: true
Actual: true

Test Case Description: Entered<b> PO_BILL_NO_7200</b> in Bill Number
Expected: true
Actual: true

Test Case Description: Selected Bill Date as 07/07/2023
Expected: true
Actual: true

Test Case Description: Validated Create GRN -> Item Description : <b>Midodrine- 20mg, Space</b>
Expected: true
Actual: true

Test Case Description: Validated Create GRN for Midodrine- 20mg, Space-> Item Rate : <b>338.32</b>
Expected: true
Actual: true

Test Case Description: Validated Create GRN Midodrine- 20mg, Space-> Total PO Qty : <b>40.0</b>
Expected: true
Actual: true

Test Case Description: Validated Create GRN Midodrine- 20mg, Space-> Pending Qty : <b>30.0</b>
Expected: true
Actual: true

Test Case Description: Validated Create GRN Midodrine- 20mg, Space-> Tax Percentage : <b>28.0</b>
Expected: true
Actual: true

Test Case Description: Validated Create GRN Midodrine- 20mg, Space-> Item Paid Qty : <b>30.0</b>
Expected: true
Actual: true

Test Case Description: Validated Create GRN Midodrine- 20mg, Space-> Item Free Qty : <b>10.0</b>
Expected: true
Actual: true

Test Case Description: Validated Create GRN Midodrine- 20mg, Space-> Item Discount : <b>2131.42</b>
Expected: true
Actual: true

Test Case Description: Validated Create GRN Midodrine- 20mg, Space-> Item Net Amount : <b>10263.27</b>
Expected: true
Actual: true

Test Case Description: Validated Create GRN -> Sub Store : <b>Default</b>
Expected: true
Actual: true

Test Case Description: Validated Create GRN -> Item Remark : <b>TEST</b>
Expected: true
Actual: true

Test Case Description: Entering value greater than paid qty
Expected: true
Actual: true

Test Case Description: Validated displayed error message : paid cannot be greater than 30
Expected: true
Actual: true

Test Case Description: Entering value lesser than free qty
Expected: true
Actual: true

Test Case Description: Validated displayed error message : free cannot be less than 10
Expected: true
Actual: true

Test Case Description: Entered 15.0 in Paid qty for item Midodrine- 20mg, Space
Expected: true
Actual: true

Test Case Description: Entered 9.0 in Free qty for item Midodrine- 20mg, Space
Expected: true
Actual: true

Test Case Description: Validated Create GRN -> Discount after changing the quantity : <b>1065.71</b>
Expected: true
Actual: true

Test Case Description: Validated Create GRN -> Item Net Amount after changing the quantity : <b>5131.64</b>
Expected: true
Actual: true

Test Case Description: Entered <b>572.61</b> in MRP for Item Midodrine- 20mg, Space
Expected: true
Actual: true

Test Case Description: Entered <b>PO-2479</b> in Batch No for Item Midodrine- 20mg, Space
Expected: true
Actual: true

Test Case Description: Validated Create GRN -> Item Description : <b>Ciplox Eye</b>
Expected: true
Actual: true

Test Case Description: Validated Create GRN for Ciplox Eye-> Item Rate : <b>696.57</b>
Expected: true
Actual: true

Test Case Description: Validated Create GRN Ciplox Eye-> Total PO Qty : <b>4.0</b>
Expected: true
Actual: true

Test Case Description: Validated Create GRN Ciplox Eye-> Pending Qty : <b>3.0</b>
Expected: true
Actual: true

Test Case Description: Validated Create GRN Ciplox Eye-> Tax Percentage : <b>5.0</b>
Expected: true
Actual: true

Test Case Description: Validated Create GRN Ciplox Eye-> Item Paid Qty : <b>3.0</b>
Expected: true
Actual: true

Test Case Description: Validated Create GRN Ciplox Eye-> Item Free Qty : <b>1.0</b>
Expected: true
Actual: true

Test Case Description: Validated Create GRN Ciplox Eye-> Item Discount : <b>12.00</b>
Expected: true
Actual: true

Test Case Description: Validated Create GRN Ciplox Eye-> Item Net Amount : <b>2181.60</b>
Expected: true
Actual: true

Test Case Description: Validated Create GRN -> Sub Store : <b>Default</b>
Expected: true
Actual: true

Test Case Description: Validated Create GRN -> Item Remark : <b>TEST</b>
Expected: true
Actual: true

Test Case Description: Entering value greater than paid qty
Expected: true
Actual: true

Test Case Description: Validated displayed error message : 
Expected: true
Actual: true

Test Case Description: Entering value lesser than free qty
Expected: true
Actual: true

Test Case Description: Validated displayed error message : 
Expected: true
Actual: true

Test Case Description: Entered 3.0 in Paid qty for item Ciplox Eye
Expected: true
Actual: true

Test Case Description: Entered 1.0 in Free qty for item Ciplox Eye
Expected: true
Actual: true

Test Case Description: Entered <b>703.60</b> in MRP for Item Ciplox Eye
Expected: true
Actual: true

Test Case Description: Entered <b>PO-5567</b> in Batch No for Item Ciplox Eye
Expected: true
Actual: true

Test Case Description: Entered Item Expiry Date as : <b></b>
Expected: true
Actual: true

Test Case Description: Validated GRN -> Total Gross Amount : <b>7164.51</b>
Expected: true
Actual: true

Validated GRN -> Total Discount Amount : <b>1077.71</b>
Test Case Description: Validated GRN -> Total Discount Amount : <b>1077.71</b>
TEST Case Failed ->Validated GRN -> Total Discount Amount : <b>1077.71</b> expected [true] but found [false]
Expected: true
Actual: false

Test Case Description: Validated GRN -> Total GST5 Amount : <b>103.89</b>
Expected: true
Actual: true

Test Case Description: Validated GRN -> Total GST28 Amount : <b>1122.55</b>
Expected: true
Actual: true

Validated GRN -> Total Net Amount : <b>7313.23</b>
Test Case Description: Validated GRN -> Total Net Amount : <b>7313.23</b>
TEST Case Failed ->Validated GRN -> Total Net Amount : <b>7313.23</b> expected [true] but found [false]
Expected: true
Actual: false

Test Case Description: Validated Displayed Pending amount to be paid : 100.0
Expected: true
Actual: true

Test Case Description: Entering <b>100.0</b> in Pending amount to be paid 
Expected: true
Actual: true

Test Case Description: Validated GRN -> Total Other Charges after paying vendor charges : <b>100</b>
Expected: true
Actual: true

Test Case Description: Clicked Save Changes
Expected: true
Actual: true

Test Case Description: Selected Option in the Left Panel = <b>Transaction</b>
Expected: true
Actual: true

Test Case Description: Selected Sub Option in the Left Panel = <b>Purchase/GRN</b>
Expected: true
Actual: true

Test Case Description: Purchase Grn created and approved
Expected: true
Actual: true

Test Case Description: Purchase Grn no =<b>RSO-GRN-070723-101160</b>
Expected: true
Actual: true

Test Case Description: Validated Purchase GRN -> Item Description : <b>Midodrine-20mg, Space</b>
Expected: true
Actual: true

Test Case Description: Validated Purchase GRN -> Item(Midodrine-20mg, Space) -> HSN : <b>YLK-PHARMA-007</b>
Expected: true
Actual: true

Test Case Description: Validated Purchase GRN -> Item(Midodrine-20mg, Space) -> Batch No : <b>PO-2479</b>
Expected: true
Actual: true

Test Case Description: Validated Purchase GRN -> Item(Midodrine-20mg, Space) -> Expiry : <b></b>
Expected: true
Actual: true

Test Case Description: Validated Purchase GRN -> Item(Midodrine-20mg, Space) -> MRP : <b>572.61</b>
Expected: true
Actual: true

Test Case Description: Validated Purchase GRN -> Item(Midodrine-20mg, Space) -> GRN Qty : <b>15.0</b>
Expected: true
Actual: true

Test Case Description: Validated Purchase GRN -> Item(Midodrine-20mg, Space) -> Free Qty : <b>9.0</b>
Expected: true
Actual: true

Test Case Description: Validated Purchase GRN -> Item(Midodrine-20mg, Space) -> Rate : <b>338.32</b>
Expected: true
Actual: true

Test Case Description: Validated Purchase GRN -> Item(Midodrine-20mg, Space) -> Tax% : <b>28.0</b>
Expected: true
Actual: true

Test Case Description: Validated Purchase GRN -> Item(Midodrine-20mg, Space) -> Discount : <b>1065.71</b>
Expected: true
Actual: true

Test Case Description: Validated Purchase GRN -> Item(Midodrine-20mg, Space) -> Total Amount : <b>5131.64</b>
Expected: true
Actual: true

Test Case Description: Validated Purchase GRN -> Item(Midodrine-20mg, Space) -> Remark : <b>TEST</b>
Expected: true
Actual: true

Test Case Description: Validated Purchase GRN -> Item Description : <b>Ciplox Eye-</b>
Expected: true
Actual: true

Test Case Description: Validated Purchase GRN -> Item(Ciplox Eye-) -> Batch No : <b>PO-5567</b>
Expected: true
Actual: true

Test Case Description: Validated Purchase GRN -> Item(Ciplox Eye-) -> Expiry : <b>2026-07-01</b>
Expected: true
Actual: true

Test Case Description: Validated Purchase GRN -> Item(Ciplox Eye-) -> MRP : <b>703.6</b>
Expected: true
Actual: true

Test Case Description: Validated Purchase GRN -> Item(Ciplox Eye-) -> GRN Qty : <b>3.0</b>
Expected: true
Actual: true

Test Case Description: Validated Purchase GRN -> Item(Ciplox Eye-) -> Free Qty : <b>1.0</b>
Expected: true
Actual: true

Test Case Description: Validated Purchase GRN -> Item(Ciplox Eye-) -> Rate : <b>696.57</b>
Expected: true
Actual: true

Test Case Description: Validated Purchase GRN -> Item(Ciplox Eye-) -> Tax% : <b>5.0</b>
Expected: true
Actual: true

Test Case Description: Validated Purchase GRN -> Item(Ciplox Eye-) -> Discount : <b>12.0</b>
Expected: true
Actual: true

Test Case Description: Validated Purchase GRN -> Item(Ciplox Eye-) -> Total Amount : <b>2181.6</b>
Expected: true
Actual: true

Test Case Description: Validated Purchase GRN -> Item(Ciplox Eye-) -> Remark : <b>TEST</b>
Expected: true
Actual: true

Test Case Description: Validated Created GRN -> Gross Amount <b>7164.51 </b>
Expected: true
Actual: true

Validated Created GRN -> Total Discount Amount <b>1077.71 </b>
Test Case Description: Validated Created GRN -> Total Discount Amount <b>1077.71 </b>
TEST Case Failed ->Validated Created GRN -> Total Discount Amount <b>1077.71 </b> expected [true] but found [false]
Expected: true
Actual: false

Test Case Description: Validated Created GRN -> GST5 Tax Amount <b>103.89 </b>
Expected: true
Actual: true

Test Case Description: Validated Created GRN -> GST28 Tax Amount <b>1122.55 </b>
Expected: true
Actual: true

Test Case Description: Validated Created GRN -> Other Charges Amount <b>100.0 </b>
Expected: true
Actual: true

Test Case Description: Validated Created GRN -> Amount Paid <b>0.0 </b>
Expected: true
Actual: true

Test Case Description: Validated Created GRN-> Amount Remaining <b>7413.24 </b>
Expected: true
Actual: true

Test Case Description: Validated Created GRN -> Total Net Amount <b>7413.24 </b>
Expected: true
Actual: true

Test Case Description: Selected Option in the Left Panel = <b>Order</b>
Expected: true
Actual: true

Test Case Description: Selected Sub Option in the Left Panel = <b>Purchase</b>
Expected: true
Actual: true

Test Case Description: Selected Purchase Order Transaction -> PO No : RSO-PO-070723-100878 | Status : partially_completed
Expected: true
Actual: true

Test Case Description: Validated partially completed Transaction | PO Status  - <b>Partially Completed</b>
Expected: true
Actual: true

Test Case Description: Validated Transaction against Order -> RSO-GRN-070723-101160 | 07/07/2023  05:11PM  | APPROVED
Expected: true
Actual: true
]]>
  </system-out>
  <testcase classname="tests.inventoryStores.pharmacyStore.Order.PurchaseOrderTest" name="validateCompletedNewTransaction" time="85.770"/>
  <system-out>
    <![CDATA[Test Case Description: The Facility - <b>TST</b> is already selected.
Expected: true
Actual: true

Test Case Description: Pharmacy automation- Pharmacy store is selected.
Expected: true
Actual: true

Test Case Description: Selected Option in the Left Panel = <b>Order</b>
Expected: true
Actual: true

Test Case Description: Selected Sub Option in the Left Panel = <b>Purchase</b>
Expected: true
Actual: true

Test Case Description: Selected Purchase Order Transaction -> PO No : RSO-PO-070723-100878 | Status : partially_completed
Expected: true
Actual: true

Test Case Description: Clicked <b>New Transaction</b> button
Expected: true
Actual: true

Test Case Description: Goods Receive Note Page is Displayed
Expected: true
Actual: true

Test Case Description: Validated GRN Date -> 07/07/2023 and Time -> 05:12 PM
Expected: true
Actual: true

Test Case Description: Validated Displayed Purchase Order No : RSO-PO-070723-100878
Expected: true
Actual: true

Test Case Description: Clicked Purchase Order Link
Expected: true
Actual: true

Test Case Description: Entered AUTO-TEST in Transaction Note
Expected: true
Actual: true

Test Case Description: Validated Displayed vendor in GRN : Supplier ABC - Sonestaa Meadows Thubarahalli Extended Road Thubarahalli, Whitefield Bengaluru, Karnataka, Mysuru, KARNATAKA, 571311
Expected: true
Actual: true

Test Case Description: Selected Bill Type as <b>Bill</b>
Expected: true
Actual: true

Test Case Description: Entered<b> PO_BILL_NO_8309</b> in Bill Number
Expected: true
Actual: true

Test Case Description: Selected Bill Date as 07/07/2023
Expected: true
Actual: true

Test Case Description: Validated Create GRN -> Item Description : <b>Midodrine- 20mg, Space</b>
Expected: true
Actual: true

Test Case Description: Validated Create GRN for Midodrine- 20mg, Space-> Item Rate : <b>338.32</b>
Expected: true
Actual: true

Test Case Description: Validated Create GRN Midodrine- 20mg, Space-> Total PO Qty : <b>40.0</b>
Expected: true
Actual: true

Test Case Description: Validated Create GRN Midodrine- 20mg, Space-> Pending Qty : <b>15.0</b>
Expected: true
Actual: true

Test Case Description: Validated Create GRN Midodrine- 20mg, Space-> Tax Percentage : <b>28.0</b>
Expected: true
Actual: true

Test Case Description: Validated Create GRN Midodrine- 20mg, Space-> Item Paid Qty : <b>30.0</b>
Expected: true
Actual: true

Test Case Description: Validated Create GRN Midodrine- 20mg, Space-> Item Free Qty : <b>1.0</b>
Expected: true
Actual: true

Test Case Description: Validated Create GRN Midodrine- 20mg, Space-> Item Discount : <b>1065.71</b>
Expected: true
Actual: true

Test Case Description: Validated Create GRN Midodrine- 20mg, Space-> Item Net Amount : <b>5131.64</b>
Expected: true
Actual: true

Test Case Description: Validated Create GRN -> Sub Store : <b>Default</b>
Expected: true
Actual: true

Test Case Description: Validated Create GRN -> Item Remark : <b>TEST</b>
Expected: true
Actual: true

Test Case Description: Entering value greater than paid qty
Expected: true
Actual: true

Test Case Description: Validated displayed error message : paid cannot be greater than 15
Expected: true
Actual: true

Test Case Description: Entering value lesser than free qty
Expected: true
Actual: true

Test Case Description: Validated displayed error message : free cannot be less than 1
Expected: true
Actual: true

Test Case Description: Entered 15.0 in Paid qty for item Midodrine- 20mg, Space
Expected: true
Actual: true

Test Case Description: Entered 1.0 in Free qty for item Midodrine- 20mg, Space
Expected: true
Actual: true

Test Case Description: Entered <b>501.96</b> in MRP for Item Midodrine- 20mg, Space
Expected: true
Actual: true

Test Case Description: Entered <b>PO-6604</b> in Batch No for Item Midodrine- 20mg, Space
Expected: true
Actual: true

Test Case Description: Validated GRN -> Total Gross Amount : <b>5074.80</b>
Expected: true
Actual: true

Test Case Description: Validated GRN -> Total Discount Amount : <b>1065.71</b>
Expected: true
Actual: true

Test Case Description: Validated GRN -> Total GST28 Amount : <b>1122.55</b>
Expected: true
Actual: true

Test Case Description: Validated GRN -> Total Net Amount : <b>5131.64</b>
Expected: true
Actual: true

Test Case Description: Validated Displayed Pending amount to be paid : 0.0
Expected: true
Actual: true

Test Case Description: Clicked Save Changes
Expected: true
Actual: true

Test Case Description: Selected Option in the Left Panel = <b>Transaction</b>
Expected: true
Actual: true

Test Case Description: Selected Sub Option in the Left Panel = <b>Purchase/GRN</b>
Expected: true
Actual: true

Test Case Description: Purchase Grn created and approved
Expected: true
Actual: true

Test Case Description: Purchase Grn no =<b>RSO-GRN-070723-101161</b>
Expected: true
Actual: true

Test Case Description: Validated Created GRN -> Gross Amount <b>5074.8 </b>
Expected: true
Actual: true

Validated Created GRN -> Total Discount Amount <b>1065.71 </b>
Test Case Description: Validated Created GRN -> Total Discount Amount <b>1065.71 </b>
TEST Case Failed ->Validated Created GRN -> Total Discount Amount <b>1065.71 </b> expected [true] but found [false]
Expected: true
Actual: false

Validated Created GRN -> Total Net Amount <b>5131.64 </b>
Test Case Description: Validated Created GRN -> Total Net Amount <b>5131.64 </b>
TEST Case Failed ->Validated Created GRN -> Total Net Amount <b>5131.64 </b> expected [true] but found [false]
Expected: true
Actual: false

Test Case Description: Selected Option in the Left Panel = <b>Order</b>
Expected: true
Actual: true

Test Case Description: Selected Sub Option in the Left Panel = <b>Purchase</b>
Expected: true
Actual: true

Test Case Description: Selected Purchase Order Transaction -> PO No : RSO-PO-070723-100878 | Status : completed
Expected: true
Actual: true

Test Case Description: Validated Completed Transaction | PO Status  - <b>Completed</b>
Expected: true
Actual: true

Test Case Description: Validated Transaction against Order -> RSO-GRN-070723-101161 | 07/07/2023  05:12PM  | APPROVED
Expected: true
Actual: true
]]>
  </system-out>
  <testcase classname="tests.inventoryStores.pharmacyStore.Order.PurchaseOrderTest" name="validatePurchaseOrderCentralization" time="205.642"/>
  <system-out>
    <![CDATA[Test Case Description: The Facility - <b>TST</b> is already selected.
Expected: true
Actual: true

Test Case Description: Selected Option <b>Organisation Settings</b>
Expected: true
Actual: true

Test Case Description: Selected Option in the Left Panel = <b>Inventory & Supply Chain</b>
Expected: true
Actual: true

Test Case Description: Selected Sub Option in the Left Panel = <b>Store Setup</b>
Expected: true
Actual: true

Test Case Description: Default Billing Address for OpticalStore is <b>marathalli</b>
Expected: true
Actual: true

Test Case Description: GST no. present in OpticalStore is <b>21BAC</b>
Expected: true
Actual: true

Test Case Description: Default Shipping Address for OpticalStore is <b>marathalli</b>
Expected: true
Actual: true

Test Case Description: Selected Option in the Left Panel = <b>Inventory & Supply Chain</b>
Expected: true
Actual: true

Test Case Description: Selected Sub Option in the Left Panel = <b>Vendor Master</b>
Expected: true
Actual: true

Test Case Description: Vendor Credit days present in Supplier ABC is <b>45</b>
Expected: true
Actual: true

Test Case Description: Vendor GST No present in Supplier ABC is <b>21EAC</b>
Expected: true
Actual: true

Test Case Description: Selected Option in the Left Panel = <b>Inventory & Supply Chain</b>
Expected: true
Actual: true

Test Case Description: Selected Sub Option in the Left Panel = <b>Terms & Conditions</b>
Expected: true
Actual: true

Test Case Description: Pharmacy automation- Pharmacy store is selected.
Expected: true
Actual: true

Test Case Description: Selected Option in the Left Panel = <b>Items</b>
Expected: true
Actual: true

Test Case Description: Selected Sub Option in the Left Panel = <b>Master</b>
Expected: true
Actual: true

Test Case Description: <b> Midodrine </b> is present in Item Master List
Expected: true
Actual: true

Test Case Description: Available stock of item : Midodrine --> <b>393.0</b>
Expected: true
Actual: true

Test Case Description: Selected Option in the Left Panel = <b>Order</b>
Expected: true
Actual: true

Test Case Description: Selected Sub Option in the Left Panel = <b>Purchase</b>
Expected: true
Actual: true

Test Case Description: Clicked <b>New</b> Button in  Purchase Order
Expected: true
Actual: true

Test Case Description: Validated Create Purchase Order Page displayed
Expected: true
Actual: true

Test Case Description: Purchase Order time:<b> 05:15 PM</b>
Expected: true
Actual: true

Test Case Description: Purchase Order date:<b> 07/07/2023</b>
Expected: true
Actual: true

Test Case Description: Validated Purchase Order Date and Time
Expected: true
Actual: true

Test Case Description: Store selected : <b>OpticalStore </b>
Expected: true
Actual: true

Test Case Description: Vendor selected : <b>Supplier ABC</b>
Expected: true
Actual: true

Test Case Description: PO Type selected : <b>Normal </b>
Expected: true
Actual: true

Test Case Description: Validate the PO item:<b> Midodrine </b> is found & selected
Expected: true
Actual: true

Test Case Description: Validated Displayed Add Lot Header : <b>Add Lot - Midodrine</b>
Expected: true
Actual: true

Test Case Description: Validated Add Lot Header -> Description : <b>Midodrine</b>
Expected: true
Actual: true

Test Case Description: Validated Add Lot Header -> HSN No : <b>YLK-PHARMA-007</b>
Expected: true
Actual: true

Test Case Description: Validated Add Lot Header -> Item Code : <b>INV-MED-1198</b>
Expected: true
Actual: true

Test Case Description: Validated Add Lot Header -> Category : <b>Medication</b>
Expected: true
Actual: true

Test Case Description: Validated Add Lot Header -> Dispensing Unit : <b>Tablets</b>
Expected: true
Actual: true

Test Case Description: Validated Add Lot Header -> Package Type : <b>Box</b>
Expected: true
Actual: true

Test Case Description: Validated Add Lot Header -> Sub Package Type : <b>Number</b>
Expected: true
Actual: true

Test Case Description: Validated Add Lot Header -> Sub Package in Package : <b>5</b>
Expected: true
Actual: true

Test Case Description: Validated Add Lot Header -> Unit Type : <b>Number</b>
Expected: true
Actual: true

Test Case Description: Validated Add Lot Header -> Unit in Sub Package : <b>10</b>
Expected: true
Actual: true

Test Case Description: Clicked <b>Save</b> without entering any value
Expected: true
Actual: true

Test Case Description: Validated Error Msg is displayed for Total Paid Unit -> <b>Please enter a value greater than or equal to 1.</b>
Expected: true
Actual: true

Test Case Description: Validated Error Msg is displayed for Unit Cost -> <b>Required</b>
Expected: true
Actual: true

Test Case Description: Validated ->Displayed Possible Variant Name <b>Dosage</b> for the item Midodrine
Expected: true
Actual: true

Test Case Description: Validated Displayed variants for Dosage : <b>20mg,10mg,5mg</b>
Expected: true
Actual: true

Test Case Description: Selected <b>20mg</b> in variant Dosage
Expected: true
Actual: true

Test Case Description: Validated ->Displayed Possible Variant Name <b>Usage</b> for the item Midodrine
Expected: true
Actual: true

Test Case Description: Validated Displayed variants for Usage : <b>Space,Earth</b>
Expected: true
Actual: true

Test Case Description: Selected <b>Space</b> in variant Usage
Expected: true
Actual: true

Test Case Description: Sub Store selected: Default
Expected: true
Actual: true

Test Case Description: Entered Unit Cost price w/o Tax as : <b>535.82</b>
Expected: true
Actual: true

Test Case Description: Validated Displayed Unit Cost price with Tax : <b>685.85</b>
Expected: true
Actual: true

Test Case Description: Validated Error message is displayed if unit value is lesser than unit in Sub package
Expected: true
Actual: true

Test Case Description: Validated Error message is displayed if Free Qty value is lesser than unit in Sub package
Expected: true
Actual: true

Test Case Description: Entered <b>1</b> in Sub Package
Expected: true
Actual: true

Test Case Description: Validated Displayed Paid qty ->Units in a Sub Package= 10.0
Expected: true
Actual: true

Test Case Description: Entered <b>1</b> in Package
Expected: true
Actual: true

Test Case Description: Validated Displayed Paid qty ->Units in a Package= 50.0
Expected: true
Actual: true

Test Case Description: Entered <b>30.0</b> in Unit Quantity
Expected: true
Actual: true

Test Case Description: Entered <b>10.0</b> in Free Quantity
Expected: true
Actual: true

Test Case Description: Entered <b>21</b> in Discount input
Expected: true
Actual: true

Test Case Description: Selected <b>%</b> as Discount Type
Expected: true
Actual: true

Test Case Description: Validated -> Displayed Discount Amount : <b>3375.67</b>
Expected: true
Actual: true

Test Case Description: Validated -> Displayed Total Cost Amount : <b>16254.63</b>
Expected: true
Actual: true

Test Case Description: Clicked <b>Save</b> Lot
Expected: true
Actual: true

Test Case Description: Entered AUTO-TEST in Order Note
Expected: true
Actual: true

Test Case Description: Validated displayed Store GST No : <b>21BAC</b>
Expected: true
Actual: true

Test Case Description: Validated displayed PO expiry Date : <b>14/07/2023</b>
Expected: true
Actual: true

Test Case Description: Validated displayed Vendor Credit Days : <b>45</b>
Expected: true
Actual: true

Test Case Description: Validated displayed Bill To Address : <b>OpticalStore - marathalli, Bengaluru, KARNATAKA, 560037</b>
Expected: true
Actual: true

Test Case Description: Validated displayed Ship To Address : <b>OpticalStore - marathalli, Bengaluru, KARNATAKA, 560037</b>
Expected: true
Actual: true

Test Case Description: Validated Item : Midodrine found in Create PO
Expected: true
Actual: true

Test Case Description: Validated -> Rate for Midodrine : <b>535.82</b>
Expected: true
Actual: true

Test Case Description: Validated -> Tax Rate for Midodrine : <b>28.0</b>
Expected: true
Actual: true

Test Case Description: Validated -> Paid Qty for Midodrine : <b>30.00</b>
Expected: true
Actual: true

Test Case Description: Validated -> Free Qty for Midodrine : <b>10.0</b>
Expected: true
Actual: true

Test Case Description: Validated -> Discount Amount for Midodrine : <b>3375.67</b>
Expected: true
Actual: true

Test Case Description: Validated -> Net Amount for Midodrine : <b>16254.63</b>
Expected: true
Actual: true

Test Case Description: Validated -> Selected Sub-Store for Midodrine : <b>Default</b>
Expected: true
Actual: true

Test Case Description: Entered TEST in remark
Expected: true
Actual: true

Test Case Description: Clicked Remove Other Charges button
Expected: true
Actual: true

Test Case Description: Purchase Order Saved
Expected: true
Actual: true

Test Case Description: Selected Purchase Order Transaction -> PO No : RSO-PO-070723-100879 | Status : pending
Expected: true
Actual: true

Test Case Description: Validated PO Created At : 07-07-2023 | 05:15 PM
Expected: true
Actual: true

Test Case Description: Validated Purchase Order RHS -> PO No :<b> RSO-PO-070723-100879</b>
Expected: true
Actual: true

Test Case Description: Purchase Order Created By <b>PR.Akash test</b> at -> <b>07-07-2023 | 05:15 PM</b>
Expected: true
Actual: true

Test Case Description: Validated Purchase Order RHS -> PO Status :<b> Pending</b>
Expected: true
Actual: true

Test Case Description: Validated Purchase Order RHS -> PO Type :<b> Normal</b>
Expected: true
Actual: true

Test Case Description: Validated Purchase Order RHS -> PO Type :<b> 14/07/2023</b>
Expected: true
Actual: true

Test Case Description: Validated Purchase Order RHS -> Vendor Name :<b> Supplier ABC</b>
Expected: true
Actual: true

Test Case Description: Validated Purchase Order RHS -> Vendor Address :<b> Sonestaa Meadows Thubarahalli Extended Road Thubarahalli, Whitefield Bengaluru, Karnataka</b>
Expected: true
Actual: true

Test Case Description: Validated Purchase Order RHS -> Vendor GST No :<b> 21EAC</b>
Expected: true
Actual: true

Test Case Description: Validated Purchase Order RHS -> Vendor Credit Days :<b> 45</b>
Expected: true
Actual: true

Test Case Description: Validated Purchase Order RHS -> Ship To Address :<b> OpticalStore - marathalli, Bengaluru, KARNATAKA, 560037</b>
Expected: true
Actual: true

Test Case Description: Validated Purchase Order RHS -> Bill To Address :<b> OpticalStore - marathalli, Bengaluru, KARNATAKA, 560037</b>
Expected: true
Actual: true

Test Case Description: Validated Purchase Order RHS -> Store GST No :<b> 21BAC</b>
Expected: true
Actual: true

Test Case Description: Validated Purchase Order RHS -> Store Entity Group :<b> Testing_Entity - test1</b>
Expected: true
Actual: true

Test Case Description: Validated -> PO Created Item Description : <b>Midodrine-20mg, Space</b>
Expected: true
Actual: true

Test Case Description: Validated -> PO Created Item HSN : <b>YLK-PHARMA-007</b>
Expected: true
Actual: true

Test Case Description: Validated ->PO Created Item Paid Qty : <b>30.0</b>
Expected: true
Actual: true

Test Case Description: Validated ->PO Created Item Free Qty : <b>10.0</b>
Expected: true
Actual: true

Test Case Description: Validated ->PO Created Item Tax Percentage : <b>28.0</b>
Expected: true
Actual: true

Test Case Description: Validated ->PO Created Item Rate : <b>535.82</b>
Expected: true
Actual: true

Test Case Description: Validated ->PO Created Item Discount : <b>3375.67</b>
Expected: true
Actual: true

Test Case Description: Validated ->PO Created Item Net Amount : <b>16254.63</b>
Expected: true
Actual: true

Test Case Description: Validated -> PO Created Item Remark : <b>TEST</b>
Expected: true
Actual: true

Test Case Description: Edit Button is displayed
Expected: true
Actual: true

Test Case Description: Cancel Button is displayed
Expected: true
Actual: true

Test Case Description: Clicked <b>Approve</b> button
Expected: true
Actual: true

Test Case Description: Validated Purchase Order Approved Notify Msg displayed
Expected: true
Actual: true

Test Case Description: Selected Option in the Left Panel = <b>Order</b>
Expected: true
Actual: true

Test Case Description: Selected Sub Option in the Left Panel = <b>Purchase</b>
Expected: true
Actual: true

Test Case Description: Selected Purchase Order Transaction -> PO No : RSO-PO-070723-100879 | Status : approved
Expected: true
Actual: true

Test Case Description: Validated Purchase Order : RSO-PO-070723-100879 is Approved
Expected: true
Actual: true

Test Case Description: <b>New Transaction</b> button is not displayed in store : Pharmacy automation- Pharmacy
Expected: true
Actual: true

Test Case Description: OpticalStore- Optical store is selected.
Expected: true
Actual: true

Test Case Description: Selected Option in the Left Panel = <b>Order</b>
Expected: true
Actual: true

Test Case Description: Selected Sub Option in the Left Panel = <b>Purchase</b>
Expected: true
Actual: true

Test Case Description: Selected Purchase Order Transaction -> PO No : RSO-PO-070723-100879 | Status : approved
Expected: true
Actual: true

Test Case Description: Purchase Order(RSO-PO-070723-100879)found in OpticalStore- Optical
Expected: true
Actual: true

Test Case Description: <b>New Transaction</b> button is displayed in store : OpticalStore- Optical
Expected: true
Actual: true

Test Case Description: <b>Close order</b> button clicked
Expected: true
Actual: true

Test Case Description: Entered <b>AUTO-CLOSE</b> in Close Reason
Expected: true
Actual: true

Test Case Description: <b>Order close confirmed</b>
Expected: true
Actual: true

Test Case Description: Validated Close ->Closed Notify msg displayed
Expected: true
Actual: true

Test Case Description: Validated Purchase Order Close | Status = <b>Closed</b>
Expected: true
Actual: true
]]>
  </system-out>
  <testcase classname="tests.inventoryStores.pharmacyStore.Order.PurchaseOrderTest" name="validatePurchaseOrderCancel" time="161.850"/>
  <system-out>
    <![CDATA[Test Case Description: The Facility - <b>TST</b> is already selected.
Expected: true
Actual: true

Test Case Description: Selected Option <b>Organisation Settings</b>
Expected: true
Actual: true

Test Case Description: Selected Option in the Left Panel = <b>Inventory & Supply Chain</b>
Expected: true
Actual: true

Test Case Description: Selected Sub Option in the Left Panel = <b>Store Setup</b>
Expected: true
Actual: true

Test Case Description: Default Billing Address for Pharmacy automation is <b>add</b>
Expected: true
Actual: true

Test Case Description: GST no. present in Pharmacy automation is <b>20BAC</b>
Expected: true
Actual: true

Test Case Description: Default Shipping Address for Pharmacy automation is <b>add</b>
Expected: true
Actual: true

Test Case Description: Selected Option in the Left Panel = <b>Inventory & Supply Chain</b>
Expected: true
Actual: true

Test Case Description: Selected Sub Option in the Left Panel = <b>Vendor Master</b>
Expected: true
Actual: true

Test Case Description: Vendor Credit days present in Supplier ABC is <b>45</b>
Expected: true
Actual: true

Test Case Description: Vendor GST No present in Supplier ABC is <b>21EAC</b>
Expected: true
Actual: true

Test Case Description: Selected Option in the Left Panel = <b>Inventory & Supply Chain</b>
Expected: true
Actual: true

Test Case Description: Selected Sub Option in the Left Panel = <b>Terms & Conditions</b>
Expected: true
Actual: true

Test Case Description: Pharmacy automation- Pharmacy store is selected.
Expected: true
Actual: true

Test Case Description: Selected Option in the Left Panel = <b>Items</b>
Expected: true
Actual: true

Test Case Description: Selected Sub Option in the Left Panel = <b>Master</b>
Expected: true
Actual: true

Test Case Description: <b> Midodrine </b> is present in Item Master List
Expected: true
Actual: true

Test Case Description: Available stock of item : Midodrine --> <b>393.0</b>
Expected: true
Actual: true

Test Case Description: Selected Option in the Left Panel = <b>Order</b>
Expected: true
Actual: true

Test Case Description: Selected Sub Option in the Left Panel = <b>Purchase</b>
Expected: true
Actual: true

Test Case Description: Clicked <b>New</b> Button in  Purchase Order
Expected: true
Actual: true

Test Case Description: Validated Create Purchase Order Page displayed
Expected: true
Actual: true

Test Case Description: Purchase Order time:<b> 05:18 PM</b>
Expected: true
Actual: true

Test Case Description: Purchase Order date:<b> 07/07/2023</b>
Expected: true
Actual: true

Test Case Description: Validated Purchase Order Date and Time
Expected: true
Actual: true

Test Case Description: Store selected : <b>Pharmacy automation </b>
Expected: true
Actual: true

Test Case Description: Vendor selected : <b>Supplier ABC</b>
Expected: true
Actual: true

Test Case Description: PO Type selected : <b>Normal </b>
Expected: true
Actual: true

Test Case Description: Validate the PO item:<b> Midodrine </b> is found & selected
Expected: true
Actual: true

Test Case Description: Validated Displayed Add Lot Header : <b>Add Lot - Midodrine</b>
Expected: true
Actual: true

Test Case Description: Validated Add Lot Header -> Description : <b>Midodrine</b>
Expected: true
Actual: true

Test Case Description: Validated Add Lot Header -> HSN No : <b>YLK-PHARMA-007</b>
Expected: true
Actual: true

Test Case Description: Validated Add Lot Header -> Item Code : <b>INV-MED-1198</b>
Expected: true
Actual: true

Test Case Description: Validated Add Lot Header -> Category : <b>Medication</b>
Expected: true
Actual: true

Test Case Description: Validated Add Lot Header -> Dispensing Unit : <b>Tablets</b>
Expected: true
Actual: true

Test Case Description: Validated Add Lot Header -> Package Type : <b>Box</b>
Expected: true
Actual: true

Test Case Description: Validated Add Lot Header -> Sub Package Type : <b>Number</b>
Expected: true
Actual: true

Test Case Description: Validated Add Lot Header -> Sub Package in Package : <b>5</b>
Expected: true
Actual: true

Test Case Description: Validated Add Lot Header -> Unit Type : <b>Number</b>
Expected: true
Actual: true

Test Case Description: Validated Add Lot Header -> Unit in Sub Package : <b>10</b>
Expected: true
Actual: true

Test Case Description: Clicked <b>Save</b> without entering any value
Expected: true
Actual: true

Test Case Description: Validated Error Msg is displayed for Total Paid Unit -> <b>Please enter a value greater than or equal to 1.</b>
Expected: true
Actual: true

Test Case Description: Validated Error Msg is displayed for Unit Cost -> <b>Required</b>
Expected: true
Actual: true

Test Case Description: Validated ->Displayed Possible Variant Name <b>Dosage</b> for the item Midodrine
Expected: true
Actual: true

Test Case Description: Validated Displayed variants for Dosage : <b>20mg,10mg,5mg</b>
Expected: true
Actual: true

Test Case Description: Selected <b>20mg</b> in variant Dosage
Expected: true
Actual: true

Test Case Description: Validated ->Displayed Possible Variant Name <b>Usage</b> for the item Midodrine
Expected: true
Actual: true

Test Case Description: Validated Displayed variants for Usage : <b>Space,Earth</b>
Expected: true
Actual: true

Test Case Description: Selected <b>Space</b> in variant Usage
Expected: true
Actual: true

Test Case Description: Sub Store selected: Default
Expected: true
Actual: true

Test Case Description: Entered Unit Cost price w/o Tax as : <b>636.74</b>
Expected: true
Actual: true

Test Case Description: Validated Displayed Unit Cost price with Tax : <b>815.03</b>
Expected: true
Actual: true

Test Case Description: Validated Error message is displayed if unit value is lesser than unit in Sub package
Expected: true
Actual: true

Test Case Description: Validated Error message is displayed if Free Qty value is lesser than unit in Sub package
Expected: true
Actual: true

Test Case Description: Entered <b>1</b> in Sub Package
Expected: true
Actual: true

Test Case Description: Validated Displayed Paid qty ->Units in a Sub Package= 10.0
Expected: true
Actual: true

Test Case Description: Entered <b>1</b> in Package
Expected: true
Actual: true

Test Case Description: Validated Displayed Paid qty ->Units in a Package= 50.0
Expected: true
Actual: true

Test Case Description: Entered <b>30.0</b> in Unit Quantity
Expected: true
Actual: true

Test Case Description: Entered <b>10.0</b> in Free Quantity
Expected: true
Actual: true

Test Case Description: Entered <b>21</b> in Discount input
Expected: true
Actual: true

Test Case Description: Selected <b>%</b> as Discount Type
Expected: true
Actual: true

Test Case Description: Validated -> Displayed Discount Amount : <b>4011.46</b>
Expected: true
Actual: true

Test Case Description: Validated -> Displayed Total Cost Amount : <b>19316.15</b>
Expected: true
Actual: true

Test Case Description: Clicked <b>Save</b> Lot
Expected: true
Actual: true

Test Case Description: Entered AUTO-TEST in Order Note
Expected: true
Actual: true

Test Case Description: Validated displayed Store GST No : <b>20BAC</b>
Expected: true
Actual: true

Test Case Description: Validated displayed PO expiry Date : <b>14/07/2023</b>
Expected: true
Actual: true

Test Case Description: Validated displayed Vendor Credit Days : <b>45</b>
Expected: true
Actual: true

Test Case Description: Validated displayed Bill To Address : <b>Pharmacy automation - add, Hassan, KARNATAKA, 573213</b>
Expected: true
Actual: true

Test Case Description: Validated displayed Ship To Address : <b>Pharmacy automation - add, Hassan, KARNATAKA, 573213</b>
Expected: true
Actual: true

Test Case Description: Validated Item : Midodrine found in Create PO
Expected: true
Actual: true

Test Case Description: Validated -> Rate for Midodrine : <b>636.74</b>
Expected: true
Actual: true

Test Case Description: Validated -> Tax Rate for Midodrine : <b>28.0</b>
Expected: true
Actual: true

Test Case Description: Validated -> Paid Qty for Midodrine : <b>30.00</b>
Expected: true
Actual: true

Test Case Description: Validated -> Free Qty for Midodrine : <b>10.0</b>
Expected: true
Actual: true

Test Case Description: Validated -> Discount Amount for Midodrine : <b>4011.46</b>
Expected: true
Actual: true

Test Case Description: Validated -> Net Amount for Midodrine : <b>19316.15</b>
Expected: true
Actual: true

Test Case Description: Validated -> Selected Sub-Store for Midodrine : <b>Default</b>
Expected: true
Actual: true

Test Case Description: Entered TEST in remark
Expected: true
Actual: true

Test Case Description: Clicked Remove Other Charges button
Expected: true
Actual: true

Test Case Description: Purchase Order Saved
Expected: true
Actual: true

Test Case Description: Selected Purchase Order Transaction -> PO No : RSO-PO-070723-100880 | Status : pending
Expected: true
Actual: true

Test Case Description: Validated PO Created At : 07-07-2023 | 05:18 PM
Expected: true
Actual: true

Test Case Description: Purchase Order Created By <b>PR.Akash test</b> at -> <b>07-07-2023 | 05:18 PM</b>
Expected: true
Actual: true

Test Case Description: <b>Cancel order</b> button clicked
Expected: true
Actual: true

Test Case Description: Entered <b>AUTO-CANCEL</b> in Cancellation Reason
Expected: true
Actual: true

Test Case Description: <b>Order Cancel confirmed</b>
Expected: true
Actual: true

Test Case Description: Validated Cancel ->Cancelled Notify msg displayed
Expected: true
Actual: true

Test Case Description: Validated Purchase Order Rhs -> Cancellation Reason = <b>AUTO-CANCEL</b>
Expected: true
Actual: true

Test Case Description: Validated Purchase Order Cancel | Status = <b>Cancelled</b>
Expected: true
Actual: true
]]>
  </system-out>
</testsuite> <!-- tests.inventoryStores.pharmacyStore.Order.PurchaseOrderTest -->
