<?xml version="1.0" encoding="UTF-8"?>
<!-- Generated by org.testng.reporters.JUnitReportReporter -->
<testsuite hostname="SPZMUMLAP0011" failures="0" tests="1" name="tests.authorizationpolicy.inventory.InventoryPolicyReceiveTransactionTest" time="217.610" errors="0" timestamp="2023-06-23T20:40:45 IST" skipped="0">
  <testcase classname="tests.authorizationpolicy.inventory.InventoryPolicyReceiveTransactionTest" name="validateReceiveStockPolicy" time="217.610"/>
  <system-out>
    <![CDATA[Test Case Description: Clicked user policy for user : PR.Akash test
Expected: true
Actual: true

Test Case Description: opened authorization policy page for the user : PR.Akash test
Expected: true
Actual: true

Test Case Description: INVENTORY policy clicked
Expected: true
Actual: true

Test Case Description: Inventory Receive Transaction Stock Receive Access
Authorized:    NO
Expected: true
Actual: true

Test Case Description: OpticalStore- Optical store is selected.
Expected: true
Actual: true

Test Case Description: Selected Option in the Left Panel = <b>Transaction</b>
Expected: true
Actual: true

Test Case Description: Selected Sub Option in the Left Panel = <b>Transfer/Issue</b>
Expected: true
Actual: true

Test Case Description: Transfer Transaction saved
Expected: true
Actual: true

Test Case Description: Pharmacy automation- Pharmacy store is selected.
Expected: true
Actual: true

Test Case Description: Selected Option in the Left Panel = <b>Transaction</b>
Expected: true
Actual: true

Test Case Description: Selected Sub Option in the Left Panel = <b>Receive</b>
Expected: true
Actual: true

Test Case Description: Validated --> Inventory Receive Transaction Stock Receive Access--> Receive Stock Button is disabled in store
Expected: true
Actual: true

Test Case Description: Clicked user policy for user : PR.Akash test
Expected: true
Actual: true

Test Case Description: opened authorization policy page for the user : PR.Akash test
Expected: true
Actual: true

Test Case Description: INVENTORY policy clicked
Expected: true
Actual: true

Test Case Description: Inventory Receive Transaction Stock Receive Access
Authorized:    YES
Expected: true
Actual: true

Test Case Description: Selected Option in the Left Panel = <b>Transaction</b>
Expected: true
Actual: true

Test Case Description: Selected Sub Option in the Left Panel = <b>Receive</b>
Expected: true
Actual: true

Test Case Description: Validated --> Inventory Receive Transaction Stock Receive Access--> Receive Stock Button is enabled in store
Expected: true
Actual: true
]]>
  </system-out>
</testsuite> <!-- tests.authorizationpolicy.inventory.InventoryPolicyReceiveTransactionTest -->
