<?xml version="1.0" encoding="UTF-8"?>
<!-- Generated by org.testng.reporters.JUnitReportReporter -->
<testsuite hostname="SPZMUMLAP0011" failures="0" tests="6" name="tests.inventoryStores.pharmacyStore.Transaction.PurchaseGRNTest" time="679.425" errors="0" timestamp="2023-06-21T20:55:29 IST" skipped="0">
  <testcase classname="tests.inventoryStores.pharmacyStore.Transaction.PurchaseGRNTest" name="validateReturnPaymentPurchaseFunctionality" time="70.283"/>
  <system-out>
    <![CDATA[Test Case Description: The Facility - <b>TST</b> is already selected.
Expected: true
Actual: true

Test Case Description: Pharmacy automation- Pharmacy store is selected.
Expected: true
Actual: true

Test Case Description: Store pop up closed
Expected: true
Actual: true

Test Case Description: Selected Option in the Left Panel = <b>Transaction</b>
Expected: true
Actual: true

Test Case Description: Selected Sub Option in the Left Panel = <b>Purchase/GRN</b>
Expected: true
Actual: true

Test Case Description: Purchase Transaction Clicked  In Transaction List
Expected: true
Actual: true

Test Case Description: Return Button Clicked For Selected Transaction In Purchase Transaction
Expected: true
Actual: true

Test Case Description:  Return Purchase Template Opened
Expected: true
Actual: true

Test Case Description:  Return Notes Present In Return Purchase Template 
Expected: true
Actual: true

Test Case Description:  Net Unit Cost Without Tax Calculated Correctly for Item No.<b> 0</b>
Expected: true
Actual: true

Test Case Description:  Net Unit Cost Without Tax Calculated Correctly for Item No.<b> 1</b>
Expected: true
Actual: true

Test Case Description: Margin Amount Calculated Correctly for Item No.<b> 0</b>
Expected: true
Actual: true

Test Case Description: Margin Amount Calculated Correctly for Item No.<b> 1</b>
Expected: true
Actual: true

Test Case Description:  Return Quantity Enter as <b> 1</b> for Item No. <b>0</b>
Expected: true
Actual: true

Test Case Description:  Amount Per Item Calculated Correctly
Expected: true
Actual: true

Test Case Description:  Return Quantity Enter as <b> 1</b> for Item No. <b>1</b>
Expected: true
Actual: true

Test Case Description:  Amount Per Item Calculated Correctly
Expected: true
Actual: true

Test Case Description: Net Amount Per Item Calculated Correctly for Item No.<b> 0</b>
Expected: true
Actual: true

Test Case Description: Net Amount Per Item Calculated Correctly for Item No.<b> 1</b>
Expected: true
Actual: true

Test Case Description: GST Amount Per Item Calculated Correctly for Item No.<b> 0</b>
Expected: true
Actual: true

Test Case Description: GST Amount Per Item Calculated Correctly for Item No.<b> 1</b>
Expected: true
Actual: true

Test Case Description: Net Return With Tax Calculated Correctly
Expected: true
Actual: true

Test Case Description: Save Changes Button CLicked In Return Purchase
Expected: true
Actual: true

Test Case Description: Confirm Button Clicked
Expected: true
Actual: true

Test Case Description:  Return Details Section Displayed After Return Purchase
Expected: true
Actual: true

Test Case Description: Selected Option in the Left Panel = <b>Items</b>
Expected: true
Actual: true

Test Case Description: Selected Sub Option in the Left Panel = <b>Lot</b>
Expected: true
Actual: true

Test Case Description: TransactionPurchase_xndv
INV-MED-1164-100
Exp. 01-07-2026
Purchase
1.0
 ₹120.0
Default Clicked in Items Lot at index 0
Expected: true
Actual: true

Test Case Description:  Return Purchase Working Fine , Validate In Lot Correctly at index 0
Expected: true
Actual: true

Test Case Description: TransactionPurchase_xndv
INV-MED-1164-100
Exp. 01-07-2026
Purchase
1.0
 ₹120.0
Default Clicked in Items Lot at index 1
Expected: true
Actual: true

Test Case Description:  Return Purchase Working Fine , Validate In Lot Correctly at index 1
Expected: true
Actual: true
]]>
  </system-out>
  <testcase classname="tests.inventoryStores.pharmacyStore.Transaction.PurchaseGRNTest" name="validateCancelPurchaseFunctionality" time="160.125"/>
  <system-out>
    <![CDATA[Test Case Description: The Facility - <b>TST</b> is already selected.
Expected: true
Actual: true

Test Case Description: Selected Option <b>Organisation Settings</b>
Expected: true
Actual: true

Test Case Description: Selected Option in the Left Panel = <b>Inventory & Supply Chain</b>
Expected: true
Actual: true

Test Case Description: Selected Sub Option in the Left Panel = <b>Store Setup</b>
Expected: true
Actual: true

Test Case Description: GST no. present in Pharmacy automation is <b>20BAC</b>
Expected: true
Actual: true

Test Case Description: Selected Option in the Left Panel = <b>Inventory & Supply Chain</b>
Expected: true
Actual: true

Test Case Description: Selected Sub Option in the Left Panel = <b>Vendor Master</b>
Expected: true
Actual: true

Test Case Description: GST no. present in Supplier ABC is <b>21EAC</b>
Expected: true
Actual: true

Test Case Description: Pharmacy automation- Pharmacy store is selected.
Expected: true
Actual: true

Test Case Description: Store pop up closed
Expected: true
Actual: true

Test Case Description: Selected Option in the Left Panel = <b>Items</b>
Expected: true
Actual: true

Test Case Description: Selected Sub Option in the Left Panel = <b>Master</b>
Expected: true
Actual: true

Test Case Description:  Add Item Button Clicked
Expected: true
Actual: true

Test Case Description: Category Dropdown Clicked in add item 
Expected: true
Actual: true

Test Case Description: Category selected: <b> Medication</b>
Expected: true
Actual: true

Test Case Description:  Item HSN code Entered as : <b>HSN6Z4N</b>
Expected: true
Actual: true

Test Case Description: Item Description Entered as : <b>TransactionPurchaseCancel_nvle</b>
Expected: true
Actual: true

Test Case Description: Item Properties Tax Entered as : <b>GST5 - 5.0%</b>
Expected: true
Actual: true

Test Case Description: Item Properties Expiry Present Checkbox Clicked
Expected: true
Actual: true

Test Case Description: Item Properties Prescription Mandatory Checkbox Clicked
Expected: true
Actual: true

Test Case Description: Item Properties Unit Level Checkbox Clicked
Expected: true
Actual: true

Test Case Description: Item Possible Variant Name Entered as : <b>Variant1</b>
Expected: true
Actual: true

Test Case Description: Item Possible Variant Value Clicked
Expected: true
Actual: true

Test Case Description: Item Possible Variant Value Entered as : <b>1</b>
Expected: true
Actual: true

Test Case Description: Save Button Clicked with filled required field
Expected: true
Actual: true

Test Case Description: Selected Option in the Left Panel = <b>Transaction</b>
Expected: true
Actual: true

Test Case Description: Selected Sub Option in the Left Panel = <b>Purchase/GRN</b>
Expected: true
Actual: true

Test Case Description: Selected Item <b>TransactionPurchaseCancel_nvle</b> in Purchase/GRN
Expected: true
Actual: true

Test Case Description: Entered batch number as :<b> R9GTS</b>
Expected: true
Actual: true

Test Case Description: Current date selected as expiry date as <b>1 </b>
Expected: true
Actual: true

Test Case Description: Unit cost without tax entered as : <b> 100.0</b>
Expected: true
Actual: true

Test Case Description: package entry entered as : <b> 2</b>
Expected: true
Actual: true

Test Case Description: Selling Price entered as : <b> 120.0</b>
Expected: true
Actual: true

Test Case Description: Selected Bill Type as <b>Bill</b>
Expected: true
Actual: true

Test Case Description: Entered<b> BILL_WMRM8</b> in Bill Number
Expected: true
Actual: true

Test Case Description: Entered<b> 10 </b> in other charges
Expected: true
Actual: true

Test Case Description: Purchase Grn created 
Expected: true
Actual: true

Test Case Description:  Purchase GRN Created Successfully
Expected: true
Actual: true

Test Case Description: Cancel Purchase GRN Button Displayed and Clicked
Expected: true
Actual: true

Test Case Description: Cancel GRN Reason Entered as : <b> Checking For Cancel GRN</b>
Expected: true
Actual: true

Test Case Description: Cancel GRN Button Clicked In Cancel Template
Expected: true
Actual: true

Test Case Description: Purchase Grn Cancelled
Expected: true
Actual: true

Test Case Description:  Cancel GRN Working Correctly
Expected: true
Actual: true

Test Case Description:  GRN Cancelled By Label and its Value Displayed In View Purchase GRN as : <b> PR.Akash test | 21-06-2023 | 08:55PM | Checking For Cancel GRN </b>
Expected: true
Actual: true
]]>
  </system-out>
  <testcase classname="tests.inventoryStores.pharmacyStore.Transaction.PurchaseGRNTest" name="validateEditPurchaseFunctionality" time="87.803"/>
  <system-out>
    <![CDATA[Test Case Description: The Facility - <b>TST</b> is already selected.
Expected: true
Actual: true

Test Case Description: Pharmacy automation- Pharmacy store is selected.
Expected: true
Actual: true

Test Case Description: Store pop up closed
Expected: true
Actual: true

Test Case Description: Selected Option in the Left Panel = <b>Transaction</b>
Expected: true
Actual: true

Test Case Description: Selected Sub Option in the Left Panel = <b>Purchase/GRN</b>
Expected: true
Actual: true

Test Case Description: Purchase Transaction Clicked  In Transaction List
Expected: true
Actual: true

Test Case Description: Edit Button Clicked For Selected Transaction In Purchase Transaction
Expected: true
Actual: true

Test Case Description: Purchase Transaction time:<b> 8:49PM</b>
Expected: true
Actual: true

Test Case Description: Requisition order time:<b> 08:49PM</b>
Expected: true
Actual: true

Test Case Description: Purchase Transaction date:<b> 2023-06-21</b>
Expected: true
Actual: true

Test Case Description: Item found in purchase: <b> TransactionPurchase_xndv</b>
Expected: true
Actual: true

Test Case Description: Sub Store: <b> Default </b>
Expected: true
Actual: true

Test Case Description: Save button is present in A lot Template
Expected: true
Actual: true

Test Case Description:  Cancel button is present in A lot Template
Expected: true
Actual: true

Test Case Description: Previous Rate Button is present in A lot Template
Expected: true
Actual: true

Test Case Description: Stock Availability button is present in A lot Template
Expected: true
Actual: true

Test Case Description: Expiry Date Input box clicked
Expected: true
Actual: true

Test Case Description: Current date selected as expiry date as <b>1 </b>
Expected: true
Actual: true

Test Case Description: Unit cost without tax entered as : <b> 100.0</b>
Expected: true
Actual: true

Test Case Description: package entry entered as : <b> 2</b>
Expected: true
Actual: true

Test Case Description: Discount entered as : <b> 10.0</b>
Expected: true
Actual: true

Test Case Description: Selling Price entered as : <b> 120.0</b>
Expected: true
Actual: true

Test Case Description: Total Cost calculated by function ,present in box are same 
Expected: true
Actual: true

Test Case Description: Selling calculated by function ,present in box are same 
Expected: true
Actual: true

Test Case Description:  Save Changes Button CLicked In Inventory Template
Expected: true
Actual: true

Test Case Description: Stock added successfully
Expected: true
Actual: true

Test Case Description:  Net amount calculated correctly for Item Stock No. <b>0</b>
Expected: true
Actual: true

Test Case Description: Net amount calculated correctly for each item in table
Expected: true
Actual: true

Test Case Description:  Gross Amount Calculated Correctly
Expected: true
Actual: true

Test Case Description:  Discount Amount Calculated Correctly
Expected: true
Actual: true

Test Case Description:  GST Amount Calculated Correctly For All Item 
Expected: true
Actual: true

Test Case Description:  Net amount calculating correctly
Expected: true
Actual: true

Test Case Description: Save Changes button Clicked In A Lot Inventory Template 
Expected: true
Actual: true

Test Case Description: Store pop up closed
Expected: true
Actual: true

Test Case Description: Selected Option in the Left Panel = <b>Transaction</b>
Expected: true
Actual: true

Test Case Description: Selected Sub Option in the Left Panel = <b>Purchase/GRN</b>
Expected: true
Actual: true

Test Case Description: Purchase Transaction Clicked  In Transaction List
Expected: true
Actual: true

Test Case Description: Purchase Transaction Found, Created Successfully for date 2023-06-21and 08:49PM
Expected: true
Actual: true
]]>
  </system-out>
  <testcase classname="tests.inventoryStores.pharmacyStore.Transaction.PurchaseGRNTest" name="validateCreatePurchaseFunctionality" time="194.003"/>
  <system-out>
    <![CDATA[Test Case Description: The Facility - <b>TST</b> is already selected.
Expected: true
Actual: true

Test Case Description: Selected Option <b>Organisation Settings</b>
Expected: true
Actual: true

Test Case Description: Selected Option in the Left Panel = <b>Inventory & Supply Chain</b>
Expected: true
Actual: true

Test Case Description: Selected Sub Option in the Left Panel = <b>Store Setup</b>
Expected: true
Actual: true

Test Case Description: GST no. present in Pharmacy automation is <b>20BAC</b>
Expected: true
Actual: true

Test Case Description: Selected Option in the Left Panel = <b>Inventory & Supply Chain</b>
Expected: true
Actual: true

Test Case Description: Selected Sub Option in the Left Panel = <b>Vendor Master</b>
Expected: true
Actual: true

Test Case Description: GST no. present in Supplier ABC is <b>21EAC</b>
Expected: true
Actual: true

Test Case Description: Pharmacy automation- Pharmacy store is selected.
Expected: true
Actual: true

Test Case Description: Store pop up closed
Expected: true
Actual: true

Test Case Description: Selected Option in the Left Panel = <b>Items</b>
Expected: true
Actual: true

Test Case Description: Selected Sub Option in the Left Panel = <b>Master</b>
Expected: true
Actual: true

Test Case Description:  Add Item Button Clicked
Expected: true
Actual: true

Test Case Description: Category Dropdown Clicked in add item 
Expected: true
Actual: true

Test Case Description: Category selected: <b> Medication</b>
Expected: true
Actual: true

Test Case Description:  Item HSN code Entered as : <b>HSN6DGE</b>
Expected: true
Actual: true

Test Case Description: Item Description Entered as : <b>TransactionPurchase_xndv</b>
Expected: true
Actual: true

Test Case Description: Item Properties Tax Entered as : <b>GST5 - 5.0%</b>
Expected: true
Actual: true

Test Case Description: Item Properties Expiry Present Checkbox Clicked
Expected: true
Actual: true

Test Case Description: Item Properties Prescription Mandatory Checkbox Clicked
Expected: true
Actual: true

Test Case Description: Item Properties Unit Level Checkbox Clicked
Expected: true
Actual: true

Test Case Description: Item Possible Variant Name Entered as : <b>Variant1</b>
Expected: true
Actual: true

Test Case Description: Item Possible Variant Value Clicked
Expected: true
Actual: true

Test Case Description: Item Possible Variant Value Entered as : <b>1</b>
Expected: true
Actual: true

Test Case Description: Save Button Clicked with filled required field
Expected: true
Actual: true

Test Case Description: Selected Option in the Left Panel = <b>Transaction</b>
Expected: true
Actual: true

Test Case Description: Selected Sub Option in the Left Panel = <b>Purchase/GRN</b>
Expected: true
Actual: true

Test Case Description: New Button Displayed and Clicked in Purchase Transaction
Expected: true
Actual: true

Test Case Description: Vendor present in dropdown: <b> Supplier ABC - Sonestaa Meadows Thubarahalli Extended Road Thubarahalli, Whitefield Bengaluru, Karnataka</b>
Expected: true
Actual: true

Test Case Description: Item found in purchase: <b> TransactionPurchase_xndv</b>
Expected: true
Actual: true

Test Case Description: Sub Store: <b> Default </b>
Expected: true
Actual: true

Test Case Description: Save button is present in A lot Template
Expected: true
Actual: true

Test Case Description:  Cancel button is present in A lot Template
Expected: true
Actual: true

Test Case Description: Previous Rate Button is present in A lot Template
Expected: true
Actual: true

Test Case Description: Stock Availability button is present in A lot Template
Expected: true
Actual: true

Test Case Description: Expiry Date Input box clicked
Expected: true
Actual: true

Test Case Description: Current date selected as expiry date as <b>1 </b>
Expected: true
Actual: true

Test Case Description: Unit cost without tax entered as : <b> 100</b>
Expected: true
Actual: true

Test Case Description: package entry entered as : <b> 2</b>
Expected: true
Actual: true

Test Case Description: Discount entered as : <b> 10</b>
Expected: true
Actual: true

Test Case Description: Selling Price entered as : <b> 120</b>
Expected: true
Actual: true

Test Case Description: Total Cost calculated by function ,present in box are same 
Expected: true
Actual: true

Test Case Description: Selling calculated by function ,present in box are same 
Expected: true
Actual: true

Test Case Description:  Save Changes Button CLicked In Inventory Template
Expected: true
Actual: true

Test Case Description: Stock added successfully
Expected: true
Actual: true

Test Case Description:  Net amount calculated correctly for Item Stock No. <b>0</b>
Expected: true
Actual: true

Test Case Description: Net amount calculated correctly for each item in table
Expected: true
Actual: true

Test Case Description:  Gross Amount Calculated Correctly
Expected: true
Actual: true

Test Case Description:  Discount Amount Calculated Correctly
Expected: true
Actual: true

Test Case Description:  GST Amount Calculated Per Item Stock Correctly
Expected: true
Actual: true

Test Case Description:  GST Amount Calculated Correctly For All Item 
Expected: true
Actual: true

Test Case Description:  Net amount calculating correctly
Expected: true
Actual: true

Test Case Description:  Transaction Notes Entered as :<b> Transaction_notesrdpj</b>
Expected: true
Actual: true

Test Case Description: Bill Type Selected:<b> Bill </b>
Expected: true
Actual: true

Test Case Description: Bill Number: <b> BILL_013706 </b>
Expected: true
Actual: true

Test Case Description: Date of bill selected:<b> 21 </b>
Expected: true
Actual: true

Test Case Description: Purchase Transaction time:<b> 8:46PM</b>
Expected: true
Actual: true

Test Case Description: Requisition order time:<b> 08:46PM</b>
Expected: true
Actual: true

Test Case Description: Purchase Transaction date:<b> 2023-06-21|08:46PM</b>
Expected: true
Actual: true

Test Case Description: Other Charges: <b> Item_other </b>
Expected: true
Actual: true

Test Case Description: Other Charges addition working correctly and adding successfully in net amount
Expected: true
Actual: true

Test Case Description: Save Changes Button Clicked In A Lot Inventory Template
Expected: true
Actual: true

Test Case Description: Purchase Transaction Clicked  In Transaction List
Expected: true
Actual: true

Test Case Description: Purchase Transaction Found, Created Successfully for date 2023-06-21 and Time 08:46PM
Expected: true
Actual: true
]]>
  </system-out>
  <testcase classname="tests.inventoryStores.pharmacyStore.Transaction.PurchaseGRNTest" name="validateApproveAndCompletePaymentPurchaseFunctionality" time="79.835"/>
  <system-out>
    <![CDATA[Test Case Description: The Facility - <b>TST</b> is already selected.
Expected: true
Actual: true

Test Case Description: Pharmacy automation- Pharmacy store is selected.
Expected: true
Actual: true

Test Case Description: Store pop up closed
Expected: true
Actual: true

Test Case Description: Selected Option in the Left Panel = <b>Transaction</b>
Expected: true
Actual: true

Test Case Description: Selected Sub Option in the Left Panel = <b>Purchase/GRN</b>
Expected: true
Actual: true

Test Case Description: Purchase Transaction Clicked  In Transaction List
Expected: true
Actual: true

Test Case Description: Approve Button Clicked For Selected Transaction In Purchase Transaction
Expected: true
Actual: true

Test Case Description: Approved Confirmation Dialogue Opened ,and Header displayed as : Are you sure?
Expected: true
Actual: true

Test Case Description: Yes Button Clicked In Approved Confirmation
Expected: true
Actual: true

Test Case Description:  Button Changed From Approve TO Complete Payment In Transaction Description
Expected: true
Actual: true

Test Case Description: Store pop up closed
Expected: true
Actual: true

Test Case Description: Selected Option in the Left Panel = <b>Transaction</b>
Expected: true
Actual: true

Test Case Description: Selected Sub Option in the Left Panel = <b>Purchase/GRN</b>
Expected: true
Actual: true

Test Case Description: Purchase Transaction Clicked  In Transaction List
Expected: true
Actual: true

Test Case Description:  Transaction Status Changed To Approved Successfully for date 2023-06-21 and time 08:49PM
Expected: true
Actual: true

Test Case Description: Selected Option in the Left Panel = <b>Items</b>
Expected: true
Actual: true

Test Case Description: Selected Sub Option in the Left Panel = <b>Lot</b>
Expected: true
Actual: true

Test Case Description: Approved Purchase Transaction Found In Lot at index 0
Expected: true
Actual: true

Test Case Description: Approved Purchase Transaction Found In Lot at index 1
Expected: true
Actual: true

Test Case Description: Selected Option in the Left Panel = <b>Transaction</b>
Expected: true
Actual: true

Test Case Description: Selected Sub Option in the Left Panel = <b>Purchase/GRN</b>
Expected: true
Actual: true

Test Case Description: Purchase Transaction Clicked  In Transaction List
Expected: true
Actual: true

Test Case Description: Completed Payment Button Clicked For Selected Transaction In Purchase Transaction
Expected: true
Actual: true

Test Case Description:  Confirm Complete Payment Transaction Template Opened
Expected: true
Actual: true

Test Case Description:  Completed Payment Button Clicked In Confirm Purchase Transaction Template
Expected: true
Actual: true

Test Case Description: Return Button Displayed In View Purchase Transaction
Expected: true
Actual: true

Test Case Description: Purchase Transaction Clicked  In Transaction List
Expected: true
Actual: true

Test Case Description:  Transaction Status Changed To Completed Successfully for date 2023-06-21 and time 08:49PM
Expected: true
Actual: true
]]>
  </system-out>
  <testcase classname="tests.inventoryStores.pharmacyStore.Transaction.PurchaseGRNTest" name="validateViewPurchaseFunctionality" time="87.376"/>
  <system-out>
    <![CDATA[Test Case Description: The Facility - <b>TST</b> is already selected.
Expected: true
Actual: true

Test Case Description: Selected Option <b>Organisation Settings</b>
Expected: true
Actual: true

Test Case Description: Selected Option in the Left Panel = <b>Inventory & Supply Chain</b>
Expected: true
Actual: true

Test Case Description: Selected Sub Option in the Left Panel = <b>Store Setup</b>
Expected: true
Actual: true

Test Case Description: GST no. present in Pharmacy automation is <b>20BAC</b>
Expected: true
Actual: true

Test Case Description: Selected Option in the Left Panel = <b>Inventory & Supply Chain</b>
Expected: true
Actual: true

Test Case Description: Selected Sub Option in the Left Panel = <b>Vendor Master</b>
Expected: true
Actual: true

Test Case Description: GST no. present in Supplier ABC is <b>21EAC</b>
Expected: true
Actual: true

Test Case Description: Pharmacy automation- Pharmacy store is selected.
Expected: true
Actual: true

Test Case Description: Store pop up closed
Expected: true
Actual: true

Test Case Description: Selected Option in the Left Panel = <b>Transaction</b>
Expected: true
Actual: true

Test Case Description: Selected Sub Option in the Left Panel = <b>Purchase/GRN</b>
Expected: true
Actual: true

Test Case Description: Refresh Button Displayed In Purchase GRN Table
Expected: true
Actual: true

Test Case Description: New Button Displayed In Purchase GRN Table
Expected: true
Actual: true

Test Case Description:  Today Filter Button Displayed In Purchase GRN Table
Expected: true
Actual: true

Test Case Description:  Vendor Filter Button Displayed In Purchase GRN Table
Expected: true
Actual: true

Test Case Description:  Vendor Name Search Text Box Displayed In Purchase GRN Table
Expected: true
Actual: true

Test Case Description:  Report Button Displayed In Purchase GRN Table
Expected: true
Actual: true

Test Case Description: Date | Time Header Present In GRN Data Table List
Expected: true
Actual: true

Test Case Description: Vendor Header Present In GRN Data Table List
Expected: true
Actual: true

Test Case Description: Note Header Present In GRN Data Table List
Expected: true
Actual: true

Test Case Description: Amount Header Present In GRN Data Table List
Expected: true
Actual: true

Test Case Description: Status Header Present In GRN Data Table List
Expected: true
Actual: true

Test Case Description: Purchase Transaction Clicked  In Transaction List
Expected: true
Actual: true

Test Case Description:  Transaction Details Title Displayed In View GRN as : <b> Transaction_notesrdpj </b> 
Expected: true
Actual: true

Test Case Description:  Vendor Label and its Value Displayed In View Purchase GRN as : <b> Supplier ABC - Sonestaa Meadows Thubarahalli Extended Road Thubarahalli, Whitefield Bengaluru, Karnataka, Mysuru, KARNATAKA, 571311 </b>
Expected: true
Actual: true

Test Case Description:  Transaction ID Label and its Value Displayed In View Purchase GRN as : <b> RSO-GRN-210623-101066 </b>
Expected: true
Actual: true

Test Case Description:  Bill Number Label and its Value Displayed In View Purchase GRN as : <b> BILL_013706  | 21-06-2023 </b>
Expected: true
Actual: true

Test Case Description:  Status Label and its Value Displayed In View Purchase GRN as : <b> Open </b>
Expected: true
Actual: true

Test Case Description:  GST Label and its Value Displayed In View Purchase GRN as : <b> 21EAC </b>
Expected: true
Actual: true

Test Case Description:  GRN Created By Label and its Value Displayed In View Purchase GRN as : <b> PR.Akash test | 21-06-2023 | 08:46 PM </b>
Expected: true
Actual: true

Test Case Description: Print A4 Button Displayed In View GRN
Expected: true
Actual: true

Test Case Description: Print A5 Button Displayed In View GRN
Expected: true
Actual: true

Test Case Description:  Approve Button Displayed In View GRN
Expected: true
Actual: true

Test Case Description:  Edit Button Displayed In View GRN
Expected: true
Actual: true

Test Case Description:  Cancel Button Displayed In View GRN
Expected: true
Actual: true

Test Case Description: Date | Time Header Present In GRN Data Table List
Expected: true
Actual: true

Test Case Description: Vendor Header Present In GRN Data Table List
Expected: true
Actual: true

Test Case Description: Note Header Present In GRN Data Table List
Expected: true
Actual: true

Test Case Description: Amount Header Present In GRN Data Table List
Expected: true
Actual: true

Test Case Description: Status Header Present In GRN Data Table List
Expected: true
Actual: true

Test Case Description: S No. Header Present In GRN Transaction Details Table List
Expected: true
Actual: true

Test Case Description: HSN Header Present In GRN Transaction Details Table List
Expected: true
Actual: true

Test Case Description: Description Header Present In GRN Transaction Details Table List
Expected: true
Actual: true

Test Case Description: Batch No. Header Present In GRN Transaction Details Table List
Expected: true
Actual: true

Test Case Description: Expiry Header Present In GRN Transaction Details Table List
Expected: true
Actual: true

Test Case Description: MRP Header Present In GRN Transaction Details Table List
Expected: true
Actual: true

Test Case Description: GRN Qty Header Present In GRN Transaction Details Table List
Expected: true
Actual: true

Test Case Description: Free Qty Header Present In GRN Transaction Details Table List
Expected: true
Actual: true

Test Case Description: Rate Header Present In GRN Transaction Details Table List
Expected: true
Actual: true

Test Case Description: Discount Header Present In GRN Transaction Details Table List
Expected: true
Actual: true

Test Case Description: Tax% Header Present In GRN Transaction Details Table List
Expected: true
Actual: true

Test Case Description: Total Header Present In GRN Transaction Details Table List
Expected: true
Actual: true

Test Case Description: Remark Header Present In GRN Transaction Details Table List
Expected: true
Actual: true

Test Case Description: 1 Value Present In GRN Transaction Details Table List
Expected: true
Actual: true

Test Case Description: HSN6DGE Value Present In GRN Transaction Details Table List
Expected: true
Actual: true

Test Case Description: TransactionPurchase_xndv- Value Present In GRN Transaction Details Table List
Expected: true
Actual: true

Test Case Description:  Value Present In GRN Transaction Details Table List
Expected: true
Actual: true

Test Case Description: 2026-07-01 Value Present In GRN Transaction Details Table List
Expected: true
Actual: true

Test Case Description: 120.0 Value Present In GRN Transaction Details Table List
Expected: true
Actual: true

Test Case Description: 2.0 Value Present In GRN Transaction Details Table List
Expected: true
Actual: true

Test Case Description: 0.0 Value Present In GRN Transaction Details Table List
Expected: true
Actual: true

Test Case Description: 100.0 Value Present In GRN Transaction Details Table List
Expected: true
Actual: true

Test Case Description: 10.0 Value Present In GRN Transaction Details Table List
Expected: true
Actual: true

Test Case Description: 5.0 Value Present In GRN Transaction Details Table List
Expected: true
Actual: true

Test Case Description: 199.5 Value Present In GRN Transaction Details Table List
Expected: true
Actual: true

Test Case Description:  Value Present In GRN Transaction Details Table List
Expected: true
Actual: true
]]>
  </system-out>
</testsuite> <!-- tests.inventoryStores.pharmacyStore.Transaction.PurchaseGRNTest -->
