<?xml version="1.0" encoding="UTF-8"?>
<!-- Generated by org.testng.reporters.JUnitReportReporter -->
<testsuite hostname="SPZMUMLAP0011" failures="0" tests="3" name="tests.settings.organisationSettings.general.GenerateDuplicateSequence.Test.IndentOrderSequenceParallelTest" time="256.377" errors="0" timestamp="2023-12-17T19:06:40 IST" skipped="0">
  <testcase classname="tests.settings.organisationSettings.general.GenerateDuplicateSequence.Test.IndentOrderSequenceParallelTest" name="validateIndentOrderSequence" time="61.249"/>
  <system-out>
    <![CDATA[Test Case Description: Entered Username : hgdummydoc
Expected: true
Actual: true

Test Case Description: Entered Password : FO#sSpRd12$23$
Expected: true
Actual: true

Test Case Description: Clicked on Login Button
Expected: true
Actual: true

Test Case Description: Indent Order Created at 17-12-2023  |  07:06PM | Indent Order ID : <b>RSO-INDT-171223-100715</b>
Expected: true
Actual: true

Test Case Description: Indent Order Created at 17-12-2023  |  07:06PM | Indent Order ID : <b>RSO-INDT-171223-100714</b>
Expected: true
Actual: true

Test Case Description: Validate Indent Order Sequence - No Duplicates found
Expected: true
Actual: true

Test Case Description: Validated Primary Sequence counter got increased by 2 count
Expected: true
Actual: true

Test Case Description: Counter Level : Organisation = BEFORE :  --> <font color='yellow'>RSO-INDT-171223-100713</font> --> AFTER CONSUMING :  --> <font color='lightgreen'>RSO-INDT-171223-100715</font>
Expected: true
Actual: true
]]>
  </system-out>
  <testcase classname="tests.settings.organisationSettings.general.GenerateDuplicateSequence.Test.IndentOrderSequenceParallelTest" name="generateIndentOrderSequence" time="94.265"/>
  <system-out>
    <![CDATA[Test Case Description: Entered Username : hgdummydoc
Expected: true
Actual: true

Test Case Description: Entered Password : FO#sSpRd12$23$
Expected: true
Actual: true

Test Case Description: Clicked on Login Button
Expected: true
Actual: true

Test Case Description: Indent Order created
Expected: true
Actual: true
]]>
  </system-out>
  <testcase classname="tests.settings.organisationSettings.general.GenerateDuplicateSequence.Test.IndentOrderSequenceParallelTest" name="generateIndentOrderSequence" time="100.863"/>
  <system-out>
    <![CDATA[Test Case Description: Entered Username : hgdummydoc
Expected: true
Actual: true

Test Case Description: Entered Password : FO#sSpRd12$23$
Expected: true
Actual: true

Test Case Description: Clicked on Login Button
Expected: true
Actual: true

Test Case Description: Indent Order created
Expected: true
Actual: true
]]>
  </system-out>
</testsuite> <!-- tests.settings.organisationSettings.general.GenerateDuplicateSequence.Test.IndentOrderSequenceParallelTest -->
