<?xml version="1.0" encoding="UTF-8"?>
<!-- Generated by org.testng.reporters.JUnitReportReporter -->
<testsuite hostname="SPZMUMLAP0011" failures="0" tests="2" name="tests.authorizationpolicy.ehrSetting.PanelMasterPolicyTest" time="156.828" errors="0" timestamp="2023-12-13T00:25:46 IST" skipped="0">
  <testcase classname="tests.authorizationpolicy.ehrSetting.PanelMasterPolicyTest" name="validatePolicy_addPanelMaster" time="62.144"/>
  <system-out>
    <![CDATA[Test Case Description: Clicked user policy for user : PR.Akash test
Expected: true
Actual: true

Test Case Description: opened authorization policy page for the user : PR.Akash test
Expected: true
Actual: true

Test Case Description: EHR SETTINGS policy clicked
Expected: true
Actual: true

Test Case Description: Panel Master Create access
Authorized:    NO
Expected: true
Actual: true

Test Case Description: Expected User is Logged in - <b>PR.Akash test</b> .Current User is PR.Akash test
Expected: true
Actual: true

Test Case Description: Selected Option <b>Organisation Settings</b>
Expected: true
Actual: true

Test Case Description: Selected Option in the Left Panel = <b>General</b>
Expected: true
Actual: true

Test Case Description: Selected Sub Option in the Left Panel = <b>Panel Master</b>
Expected: true
Actual: true

Test Case Description: <font color='blue'>Validated Panel Master Create access is disabled for the user</font>
Expected: true
Actual: true

Test Case Description: Selected Option in the Left Panel = <b>General</b>
Expected: true
Actual: true

Test Case Description: Selected Sub Option in the Left Panel = <b>Panel Master</b>
Expected: true
Actual: true

<font color='blue'>Validated Panel Master Create access is enabled for the user</font>
Test Case Description: <font color='blue'>Validated Panel Master Create access is enabled for the user</font>
TEST Case Failed -><font color='blue'>Validated Panel Master Create access is enabled for the user</font> expected [true] but found [false]
Expected: true
Actual: false
]]>
  </system-out>
  <testcase classname="tests.authorizationpolicy.ehrSetting.PanelMasterPolicyTest" name="validatePolicy_activatePanelMaster" time="94.684"/>
  <system-out>
    <![CDATA[Test Case Description: Clicked user policy for user : PR.Akash test
Expected: true
Actual: true

Test Case Description: opened authorization policy page for the user : PR.Akash test
Expected: true
Actual: true

Test Case Description: EHR SETTINGS policy clicked
Expected: true
Actual: true

Test Case Description: Panel Master Activate access
Authorized:    NO
Expected: true
Actual: true

Test Case Description: Expected User is Logged in - <b>PR.Akash test</b> .Current User is PR.Akash test
Expected: true
Actual: true

Test Case Description: Selected Option <b>Organisation Settings</b>
Expected: true
Actual: true

Test Case Description: Selected Option in the Left Panel = <b>General</b>
Expected: true
Actual: true

Test Case Description: Selected Sub Option in the Left Panel = <b>Panel Master</b>
Expected: true
Actual: true

Test Case Description: <font color='blue'>Validated Panel Master Activate access is disabled for the user</font>
Expected: true
Actual: true

Test Case Description: Clicked user policy for user : PR.Akash test
Expected: true
Actual: true

Test Case Description: opened authorization policy page for the user : PR.Akash test
Expected: true
Actual: true

Test Case Description: EHR SETTINGS policy clicked
Expected: true
Actual: true

Test Case Description: Panel Master Activate access
Authorized:    YES
Expected: true
Actual: true

Test Case Description: Selected Option in the Left Panel = <b>General</b>
Expected: true
Actual: true

Test Case Description: Selected Sub Option in the Left Panel = <b>Panel Master</b>
Expected: true
Actual: true

Test Case Description: <font color='blue'>Validated Panel Master Activate access is enabled for the user</font>
Expected: true
Actual: true
]]>
  </system-out>
</testsuite> <!-- tests.authorizationpolicy.ehrSetting.PanelMasterPolicyTest -->
