<?xml version="1.0" encoding="UTF-8"?>
<!-- Generated by org.testng.reporters.JUnitReportReporter -->
<testsuite hostname="SPZMUMLAP0011" failures="0" tests="2" name="tests.authorizationpolicy.opd.TemplatePolicyTest" time="293.587" errors="0" timestamp="2023-11-09T18:18:43 IST" skipped="0">
  <testcase classname="tests.authorizationpolicy.opd.TemplatePolicyTest" name="validatePolicy_createTemplate" time="156.023"/>
  <system-out>
    <![CDATA[Test Case Description: Expected User is Logged in - <b>Dr. Akash Jajee</b> .Current User is Dr. Akash Jajee
Expected: true
Actual: true

Test Case Description: Selected Option <b>Organisation Settings</b>
Expected: true
Actual: true

Test Case Description: Selected Option in the Left Panel = <b>General</b>
Expected: true
Actual: true

Test Case Description: Selected Sub Option in the Left Panel = <b>Organisation Setup</b>
Expected: true
Actual: true

Test Case Description: Clicked user policy for user : Dr. Akash Jajee
Expected: true
Actual: true

Test Case Description: opened authorization policy page for the user : Dr. Akash Jajee
Expected: true
Actual: true

Test Case Description: OPD policy clicked
Expected: true
Actual: true

Test Case Description: OPD Clinical template create access
Authorized:    NO
Expected: true
Actual: true

Test Case Description: Selected Option <b>Organisation Settings</b>
Expected: true
Actual: true

Test Case Description: Selected Option in the Left Panel = <b>General</b>
Expected: true
Actual: true

Test Case Description: Selected Sub Option in the Left Panel = <b>Organisation Setup</b>
Expected: true
Actual: true

Test Case Description: Expected User is Logged in - <b>Dr. Akash Jajee</b> .Current User is Dr. Akash Jajee
Expected: true
Actual: true

Test Case Description: Patient name - Mr. Mark 
Expected: true
Actual: true

Test Case Description: <font color='blue'>Validated OPD Clinical template create access is disabled for the user</font>
Expected: true
Actual: true

Test Case Description: Expected User is Logged in - <b>Dr. Akash Jajee</b> .Current User is Dr. Akash Jajee
Expected: true
Actual: true

Test Case Description: Selected Option <b>Organisation Settings</b>
Expected: true
Actual: true

Test Case Description: Selected Option in the Left Panel = <b>General</b>
Expected: true
Actual: true

Test Case Description: Selected Sub Option in the Left Panel = <b>Organisation Setup</b>
Expected: true
Actual: true

Test Case Description: Clicked user policy for user : Dr. Akash Jajee
Expected: true
Actual: true

Test Case Description: opened authorization policy page for the user : Dr. Akash Jajee
Expected: true
Actual: true

Test Case Description: OPD policy clicked
Expected: true
Actual: true

Test Case Description: OPD Clinical template create access
Authorized:    YES
Expected: true
Actual: true

Test Case Description: Patient name - Mr. Mark 
Expected: true
Actual: true

Test Case Description: <font color='blue'>Validated OPD Clinical template create access is enabled for the user</font>
Expected: true
Actual: true
]]>
  </system-out>
  <testcase classname="tests.authorizationpolicy.opd.TemplatePolicyTest" name="validatePolicy_editTemplate" time="137.564"/>
  <system-out>
    <![CDATA[Test Case Description: Clicked user policy for user : Dr. Akash Jajee
Expected: true
Actual: true

Test Case Description: opened authorization policy page for the user : Dr. Akash Jajee
Expected: true
Actual: true

Test Case Description: OPD policy clicked
Expected: true
Actual: true

Test Case Description: OPD Clinical template Edit access
Authorized:    NO
Expected: true
Actual: true

Test Case Description: Selected Option <b>Organisation Settings</b>
Expected: true
Actual: true

Test Case Description: Selected Option in the Left Panel = <b>General</b>
Expected: true
Actual: true

Test Case Description: Selected Sub Option in the Left Panel = <b>Organisation Setup</b>
Expected: true
Actual: true

Test Case Description: Expected User is Logged in - <b>Dr. Akash Jajee</b> .Current User is Dr. Akash Jajee
Expected: true
Actual: true

Test Case Description: Patient name - Mr. Mark 
Expected: true
Actual: true

Test Case Description: Validate <b>Vital Sign</b> template is selected and opened. Header of Template = Vital Sign Template AKA-CS-1000002
Expected: true
Actual: true

Test Case Description: <font color='blue'>Validated OPD Clinical template Edit access is disabled for the user</font>
Expected: true
Actual: true

Test Case Description: Expected User is Logged in - <b>Dr. Akash Jajee</b> .Current User is Dr. Akash Jajee
Expected: true
Actual: true

Test Case Description: Selected Option <b>Organisation Settings</b>
Expected: true
Actual: true

Test Case Description: Selected Option in the Left Panel = <b>General</b>
Expected: true
Actual: true

Test Case Description: Selected Sub Option in the Left Panel = <b>Organisation Setup</b>
Expected: true
Actual: true

Test Case Description: Clicked user policy for user : Dr. Akash Jajee
Expected: true
Actual: true

Test Case Description: opened authorization policy page for the user : Dr. Akash Jajee
Expected: true
Actual: true

Test Case Description: OPD policy clicked
Expected: true
Actual: true

Test Case Description: OPD Clinical template Edit access
Authorized:    YES
Expected: true
Actual: true

Test Case Description: Patient name - Mr. Mark 
Expected: true
Actual: true

Test Case Description: <font color='blue'>Validated OPD Clinical template Edit access is enabled for the user</font>
Expected: true
Actual: true
]]>
  </system-out>
</testsuite> <!-- tests.authorizationpolicy.opd.TemplatePolicyTest -->
