<?xml version="1.0" encoding="UTF-8"?>
<!-- Generated by org.testng.reporters.JUnitReportReporter -->
<testsuite hostname="SPZMUMLAP0011" failures="0" tests="1" name="tests.settings.profileSetting.ResetAllUsersPassword" time="277.355" errors="0" timestamp="2023-12-12T17:50:02 IST" skipped="0">
  <testcase classname="tests.settings.profileSetting.ResetAllUsersPassword" name="resetUserPassword" time="277.355"/>
  <system-out>
    <![CDATA[Test Case Description: Expected User is Logged in - <b>HgDummydoc_Alina1</b> .Current User is HgDummydoc_Alina1
Expected: true
Actual: true

Test Case Description: Selected Option <b>Organisation Settings</b>
Expected: true
Actual: true

Test Case Description: Selected Option in the Left Panel = <b>General</b>
Expected: true
Actual: true

Test Case Description: Selected Sub Option in the Left Panel = <b>Organisation Setup</b>
Expected: true
Actual: true

Test Case Description: <b>NEW PASSWORD : <span style='background-color: #FFFF00'>FO#sSpRd12$23$</span></b>
Expected: true
Actual: true

Test Case Description: <font color='green'>USER PASSWORD UPDATED : </font>Dr HgDummydoc_Alina1
Expected: true
Actual: true

Test Case Description: <font color='green'>USER PASSWORD UPDATED : </font>Mr Mr HgDummycon_alina
Expected: true
Actual: true

Test Case Description: <font color='green'>USER PASSWORD UPDATED : </font>Ms HgDummyrec_alina
Expected: true
Actual: true

Test Case Description: <font color='green'>USER PASSWORD UPDATED : </font>Mr HgDummyopto_alina
Expected: true
Actual: true

Test Case Description: <font color='green'>USER PASSWORD UPDATED : </font>Ms HgDummynur_alina
Expected: true
Actual: true

Test Case Description: <font color='green'>USER PASSWORD UPDATED : </font>Dr bác sĩ mới
Expected: true
Actual: true

Test Case Description: <font color='green'>USER PASSWORD UPDATED : </font>Dr Alina AR NCT 1
Expected: true
Actual: true

Test Case Description: <font color='green'>USER PASSWORD UPDATED : </font>Dr Gilbert
Expected: true
Actual: true

Test Case Description: <font color='green'>USER PASSWORD UPDATED : </font>Dr Dev smith
Expected: true
Actual: true

Test Case Description: <font color='green'>USER PASSWORD UPDATED : </font>Mr Michle Jack
Expected: true
Actual: true

Test Case Description: <font color='green'>USER PASSWORD UPDATED : </font>Mr Jones John
Expected: true
Actual: true

Test Case Description: <font color='green'>USER PASSWORD UPDATED : </font>Mr Akash Chopra
Expected: true
Actual: true

Test Case Description: <font color='green'>USER PASSWORD UPDATED : </font>Mr Mony
Expected: true
Actual: true

Test Case Description: <font color='green'>USER PASSWORD UPDATED : </font>Mr Bourey
Expected: true
Actual: true

Test Case Description: <font color='green'>USER PASSWORD UPDATED : </font>Mr Mony
Expected: true
Actual: true

Test Case Description: <font color='green'>USER PASSWORD UPDATED : </font>Mr Botum
Expected: true
Actual: true

Test Case Description: <font color='green'>USER PASSWORD UPDATED : </font>Mr abc pr test1234
Expected: true
Actual: true

Test Case Description: <font color='green'>USER PASSWORD UPDATED : </font>Dr test_alina
Expected: true
Actual: true

Test Case Description: <font color='green'>USER PASSWORD UPDATED : </font>Dr test_user
Expected: true
Actual: true

Test Case Description: <font color='green'>USER PASSWORD UPDATED : </font>Dr testusw
Expected: true
Actual: true

Test Case Description: <font color='green'>USER PASSWORD UPDATED : </font>Dr test11
Expected: true
Actual: true

Test Case Description: <font color='green'>USER PASSWORD UPDATED : </font>Dr ttttt
Expected: true
Actual: true

Test Case Description: <font color='green'>USER PASSWORD UPDATED : </font>Dr Anushka
Expected: true
Actual: true

Test Case Description: <font color='green'>USER PASSWORD UPDATED : </font>Dr DeepakTest
Expected: true
Actual: true

Test Case Description: <font color='green'>ACTIVE USERS : <b>24</b> | PASSWORD UPDATED USERS : <b>24</b></font>
Expected: true
Actual: true
]]>
  </system-out>
</testsuite> <!-- tests.settings.profileSetting.ResetAllUsersPassword -->
