<?xml version="1.0" encoding="UTF-8"?>
<!-- Generated by org.testng.reporters.JUnitReportReporter -->
<testsuite hostname="SPZMUMLAP0011" failures="0" tests="2" name="tests.authorizationpolicy.ehrSetting.DispensaryMasterPolicyTest" time="197.083" errors="0" timestamp="2023-12-13T00:11:34 IST" skipped="0">
  <testcase classname="tests.authorizationpolicy.ehrSetting.DispensaryMasterPolicyTest" name="validatePolicy_addDispensaryMaster" time="85.364"/>
  <system-out>
    <![CDATA[Test Case Description: Clicked user policy for user : PR.Akash test
Expected: true
Actual: true

Test Case Description: opened authorization policy page for the user : PR.Akash test
Expected: true
Actual: true

Test Case Description: EHR SETTINGS policy clicked
Expected: true
Actual: true

Test Case Description: Dispensary Master Add Dispensary access
Authorized:    NO
Expected: true
Actual: true

Test Case Description: Expected User is Logged in - <b>PR.Akash test</b> .Current User is PR.Akash test
Expected: true
Actual: true

Test Case Description: Selected Option <b>Organisation Settings</b>
Expected: true
Actual: true

Test Case Description: Selected Option in the Left Panel = <b>General</b>
Expected: true
Actual: true

Test Case Description: Selected Sub Option in the Left Panel = <b>Dispensary Master</b>
Expected: true
Actual: true

Test Case Description: <font color='blue'>Validated Dispensary Master Add Dispensary access is disabled for the user</font>
Expected: true
Actual: true

Test Case Description: Clicked user policy for user : PR.Akash test
Expected: true
Actual: true

Test Case Description: opened authorization policy page for the user : PR.Akash test
Expected: true
Actual: true

Test Case Description: EHR SETTINGS policy clicked
Expected: true
Actual: true

Test Case Description: Dispensary Master Add Dispensary access
Authorized:    YES
Expected: true
Actual: true

Test Case Description: Selected Option in the Left Panel = <b>General</b>
Expected: true
Actual: true

Test Case Description: Selected Sub Option in the Left Panel = <b>Dispensary Master</b>
Expected: true
Actual: true

Test Case Description: <font color='blue'>Validated Dispensary Master Add Dispensary access is enabled for the user</font>
Expected: true
Actual: true
]]>
  </system-out>
  <testcase classname="tests.authorizationpolicy.ehrSetting.DispensaryMasterPolicyTest" name="validatePolicy_viewDispensaryMaster" time="111.719"/>
  <system-out>
    <![CDATA[Test Case Description: Expected User is Logged in - <b>PR.Akash test</b> .Current User is PR.Akash test
Expected: true
Actual: true

Test Case Description: Selected Option <b>Organisation Settings</b>
Expected: true
Actual: true

Test Case Description: Selected Option in the Left Panel = <b>General</b>
Expected: true
Actual: true

Test Case Description: Selected Sub Option in the Left Panel = <b>Organisation Setup</b>
Expected: true
Actual: true

Test Case Description: Clicked user policy for user : PR.Akash test
Expected: true
Actual: true

Test Case Description: opened authorization policy page for the user : PR.Akash test
Expected: true
Actual: true

Test Case Description: EHR SETTINGS policy clicked
Expected: true
Actual: true

Test Case Description: Dispensary Master View access
Authorized:    NO
Expected: true
Actual: true

Test Case Description: Expected User is Logged in - <b>PR.Akash test</b> .Current User is PR.Akash test
Expected: true
Actual: true

Test Case Description: Selected Option <b>Organisation Settings</b>
Expected: true
Actual: true

Test Case Description: Selected Option in the Left Panel = <b>General</b>
Expected: true
Actual: true

Test Case Description: <font color='blue'>Validated Dispensary Master View access is disabled for the user</font>
Expected: true
Actual: true

Test Case Description: Clicked user policy for user : PR.Akash test
Expected: true
Actual: true

Test Case Description: opened authorization policy page for the user : PR.Akash test
Expected: true
Actual: true

Test Case Description: EHR SETTINGS policy clicked
Expected: true
Actual: true

Test Case Description: Dispensary Master View access
Authorized:    YES
Expected: true
Actual: true

Test Case Description: Selected Option in the Left Panel = <b>General</b>
Expected: true
Actual: true

Test Case Description: Selected Sub Option in the Left Panel = <b>Dispensary Master</b>
Expected: true
Actual: true

Test Case Description: <font color='blue'>Validated Dispensary Master View access is enabled for the user</font>
Expected: true
Actual: true
]]>
  </system-out>
</testsuite> <!-- tests.authorizationpolicy.ehrSetting.DispensaryMasterPolicyTest -->
