<?xml version="1.0" encoding="UTF-8"?>
<!-- Generated by org.testng.reporters.JUnitReportReporter -->
<testsuite hostname="SPZMUMLAP0011" failures="0" tests="3" name="tests.settings.organisationSettings.general.GenerateDuplicateSequence.Test.SonSequenceParallelTest" time="183.751" errors="0" timestamp="2023-11-29T16:07:16 IST" skipped="0">
  <testcase classname="tests.settings.organisationSettings.general.GenerateDuplicateSequence.Test.SonSequenceParallelTest" name="generateSonSequence" time="80.615"/>
  <system-out>
    <![CDATA[Test Case Description: Entered Username : hgdummydoc
Expected: true
Actual: true

Test Case Description: Entered Password : HGraph@3$3$
Expected: true
Actual: true

Test Case Description: Clicked on Login Button
Expected: true
Actual: true

Test Case Description: Selected Store - Central Store- Central
Expected: true
Actual: true

Test Case Description: SON Transaction Created 
Expected: true
Actual: true
]]>
  </system-out>
  <testcase classname="tests.settings.organisationSettings.general.GenerateDuplicateSequence.Test.SonSequenceParallelTest" name="generateSonSequence" time="74.202"/>
  <system-out>
    <![CDATA[Test Case Description: Entered Username : hgdummydoc
Expected: true
Actual: true

Test Case Description: Entered Password : HGraph@3$3$
Expected: true
Actual: true

Test Case Description: Clicked on Login Button
Expected: true
Actual: true

Test Case Description: Selected Store - Central Store- Central
Expected: true
Actual: true

Test Case Description: SON Transaction Created 
Expected: true
Actual: true
]]>
  </system-out>
  <testcase classname="tests.settings.organisationSettings.general.GenerateDuplicateSequence.Test.SonSequenceParallelTest" name="validateSonSequence" time="28.934"/>
  <system-out>
    <![CDATA[Test Case Description: Entered Username : hgdummydoc
Expected: true
Actual: true

Test Case Description: Entered Password : HGraph@3$3$
Expected: true
Actual: true

Test Case Description: Clicked on Login Button
Expected: true
Actual: true

Test Case Description: Son Transaction ID =<b>Transaction ID  :    test1-KARN1-291123-000002</b>
Expected: true
Actual: true

Test Case Description: Son Transaction ID =<b>Transaction ID  :    test1-KARN1-291123-000001</b>
Expected: true
Actual: true

Test Case Description: Validated SON Sequence
Expected: true
Actual: true
]]>
  </system-out>
</testsuite> <!-- tests.settings.organisationSettings.general.GenerateDuplicateSequence.Test.SonSequenceParallelTest -->
