<?xml version="1.0" encoding="UTF-8"?>
<!-- Generated by org.testng.reporters.JUnitReportReporter -->
<testsuite hostname="SPZMUMLAP0011" failures="0" tests="14" name="tests.authorizationpolicy.inventory.InventoryPolicyPatientQueueTest" time="1662.545" errors="0" timestamp="2023-06-30T17:52:18 IST" skipped="0">
  <testcase classname="tests.authorizationpolicy.inventory.InventoryPolicyPatientQueueTest" name="validatePolicyCreateTray" time="203.077"/>
  <system-out>
    <![CDATA[Test Case Description: Clicked user policy for user : PR.Akash test
Expected: true
Actual: true

Test Case Description: opened authorization policy page for the user : PR.Akash test
Expected: true
Actual: true

Test Case Description: INVENTORY policy clicked
Expected: true
Actual: true

Test Case Description: Inventory IPD Tray Creation Access
Authorized:    NO
Expected: true
Actual: true

Test Case Description: TESTING_STORE- IPD store is selected.
Expected: true
Actual: true

Test Case Description: Validated --> Inventory IPD Tray Creation Access --> Create Tray button is disabled
Expected: true
Actual: true

Test Case Description: Clicked user policy for user : PR.Akash test
Expected: true
Actual: true

Test Case Description: opened authorization policy page for the user : PR.Akash test
Expected: true
Actual: true

Test Case Description: INVENTORY policy clicked
Expected: true
Actual: true

Test Case Description: Inventory IPD Tray Creation Access
Authorized:    YES
Expected: true
Actual: true

Test Case Description: Validated --> Inventory IPD Tray Creation Access --> Create Tray button is enabled
Expected: true
Actual: true
]]>
  </system-out>
  <testcase classname="tests.authorizationpolicy.inventory.InventoryPolicyPatientQueueTest" name="validatePolicyViewPreviousBills" time="111.422"/>
  <system-out>
    <![CDATA[Test Case Description: Clicked user policy for user : PR.Akash test
Expected: true
Actual: true

Test Case Description: opened authorization policy page for the user : PR.Akash test
Expected: true
Actual: true

Test Case Description: INVENTORY policy clicked
Expected: true
Actual: true

Test Case Description: Inventory Previous Bills View Access
Authorized:    NO
Expected: true
Actual: true

Test Case Description: Pharmacy automation- Pharmacy store is selected.
Expected: true
Actual: true

Test Case Description: Patient name found in Store : <b> PATIENT QUEUE POLICY TEST</b>
Expected: true
Actual: true

Test Case Description: Validated -->Inventory Previous Bills View Access-->Previous Bills Details is disabled
Expected: true
Actual: true

Test Case Description: Clicked user policy for user : PR.Akash test
Expected: true
Actual: true

Test Case Description: opened authorization policy page for the user : PR.Akash test
Expected: true
Actual: true

Test Case Description: INVENTORY policy clicked
Expected: true
Actual: true

Test Case Description: Inventory Previous Bills View Access
Authorized:    YES
Expected: true
Actual: true

Test Case Description: Patient name found in Store : <b> PATIENT QUEUE POLICY TEST</b>
Expected: true
Actual: true

Test Case Description: Validated -->Inventory Previous Bills View Access-->Previous Bills Details is enabled
Expected: true
Actual: true
]]>
  </system-out>
  <testcase classname="tests.authorizationpolicy.inventory.InventoryPolicyPatientQueueTest" name="validatePolicyAdvanceReturn" time="164.835"/>
  <system-out>
    <![CDATA[Test Case Description: Clicked user policy for user : PR.Akash test
Expected: true
Actual: true

Test Case Description: opened authorization policy page for the user : PR.Akash test
Expected: true
Actual: true

Test Case Description: INVENTORY policy clicked
Expected: true
Actual: true

Test Case Description: Inventory Advance Refund Access
Authorized:    NO
Expected: true
Actual: true

Test Case Description: Pharmacy automation- Pharmacy store is selected.
Expected: true
Actual: true

Test Case Description: Patient name found in Store : <b> PATIENT QUEUE POLICY TEST</b>
Expected: true
Actual: true

Test Case Description: Patient name found in Store : <b> PATIENT QUEUE POLICY TEST</b>
Expected: true
Actual: true

Test Case Description: Validated -->Inventory Advance Return Access-->Advance Return is disabled
Expected: true
Actual: true

Test Case Description: Clicked user policy for user : PR.Akash test
Expected: true
Actual: true

Test Case Description: opened authorization policy page for the user : PR.Akash test
Expected: true
Actual: true

Test Case Description: INVENTORY policy clicked
Expected: true
Actual: true

Test Case Description: Inventory Advance Refund Access
Authorized:    YES
Expected: true
Actual: true

Test Case Description: Patient name found in Store : <b> PATIENT QUEUE POLICY TEST</b>
Expected: true
Actual: true

Test Case Description: Validated -->Inventory Advance Return Access-->Advance Return is enabled
Expected: true
Actual: true
]]>
  </system-out>
  <testcase classname="tests.authorizationpolicy.inventory.InventoryPolicyPatientQueueTest" name="validatePolicyAdvanceReceipt" time="109.243"/>
  <system-out>
    <![CDATA[Test Case Description: Clicked user policy for user : PR.Akash test
Expected: true
Actual: true

Test Case Description: opened authorization policy page for the user : PR.Akash test
Expected: true
Actual: true

Test Case Description: INVENTORY policy clicked
Expected: true
Actual: true

Test Case Description: Inventory Advance Receipt Create Access
Authorized:    NO
Expected: true
Actual: true

Test Case Description: Pharmacy automation- Pharmacy store is selected.
Expected: true
Actual: true

Test Case Description: Patient name found in Store : <b> PATIENT QUEUE POLICY TEST</b>
Expected: true
Actual: true

Test Case Description: Validated -->Inventory Advance Receipt Create Access-->Advance Receipt is disabled
Expected: true
Actual: true

Test Case Description: Clicked user policy for user : PR.Akash test
Expected: true
Actual: true

Test Case Description: opened authorization policy page for the user : PR.Akash test
Expected: true
Actual: true

Test Case Description: INVENTORY policy clicked
Expected: true
Actual: true

Test Case Description: Inventory Advance Receipt Create Access
Authorized:    YES
Expected: true
Actual: true

Test Case Description: Patient name found in Store : <b> PATIENT QUEUE POLICY TEST</b>
Expected: true
Actual: true

Test Case Description: Validated -->Inventory Advance Receipt Create Access-->Advance Receipt is enabled
Expected: true
Actual: true
]]>
  </system-out>
  <testcase classname="tests.authorizationpolicy.inventory.InventoryPolicyPatientQueueTest" name="validatePolicyAdvanceCancellation" time="121.216"/>
  <system-out>
    <![CDATA[Test Case Description: Clicked user policy for user : PR.Akash test
Expected: true
Actual: true

Test Case Description: opened authorization policy page for the user : PR.Akash test
Expected: true
Actual: true

Test Case Description: INVENTORY policy clicked
Expected: true
Actual: true

Test Case Description: Inventory Advance Cancellation Access
Authorized:    NO
Expected: true
Actual: true

Test Case Description: Pharmacy automation- Pharmacy store is selected.
Expected: true
Actual: true

Test Case Description: Patient name found in Store : <b> PATIENT QUEUE POLICY TEST</b>
Expected: true
Actual: true

Test Case Description: Validated -->Inventory Advance Cancellation Access-->Advance Cancellation is disabled
Expected: true
Actual: true

Test Case Description: Clicked user policy for user : PR.Akash test
Expected: true
Actual: true

Test Case Description: opened authorization policy page for the user : PR.Akash test
Expected: true
Actual: true

Test Case Description: INVENTORY policy clicked
Expected: true
Actual: true

Test Case Description: Inventory Advance Cancellation Access
Authorized:    YES
Expected: true
Actual: true

Test Case Description: Patient name found in Store : <b> PATIENT QUEUE POLICY TEST</b>
Expected: true
Actual: true

Test Case Description: Validated -->Inventory Advance Cancellation Access-->Advance Cancellation is enabled
Expected: true
Actual: true
]]>
  </system-out>
  <testcase classname="tests.authorizationpolicy.inventory.InventoryPolicyPatientQueueTest" name="validatePolicyMarkConvertedPatientQueue" time="105.398"/>
  <system-out>
    <![CDATA[Test Case Description: Clicked user policy for user : PR.Akash test
Expected: true
Actual: true

Test Case Description: opened authorization policy page for the user : PR.Akash test
Expected: true
Actual: true

Test Case Description: INVENTORY policy clicked
Expected: true
Actual: true

Test Case Description: Inventory Patient Conversion Access
Authorized:    NO
Expected: true
Actual: true

Test Case Description: Pharmacy automation- Pharmacy store is selected.
Expected: true
Actual: true

Test Case Description: Patient name found in Store : <b> PATIENT QUEUE POLICY TEST</b>
Expected: true
Actual: true

Test Case Description: Validated --> Inventory Patient Conversion Access --> Mark Converted is disabled in Patient Queue
Expected: true
Actual: true

Test Case Description: Clicked user policy for user : PR.Akash test
Expected: true
Actual: true

Test Case Description: opened authorization policy page for the user : PR.Akash test
Expected: true
Actual: true

Test Case Description: INVENTORY policy clicked
Expected: true
Actual: true

Test Case Description: Inventory Patient Conversion Access
Authorized:    YES
Expected: true
Actual: true

Test Case Description: Patient name found in Store : <b> PATIENT QUEUE POLICY TEST</b>
Expected: true
Actual: true

Test Case Description: Validated --> Inventory Patient Conversion Access --> Mark Converted is enabled in Patient Queue
Expected: true
Actual: true
]]>
  </system-out>
  <testcase classname="tests.authorizationpolicy.inventory.InventoryPolicyPatientQueueTest" name="validatePolicyCloseTray" time="105.629"/>
  <system-out>
    <![CDATA[Test Case Description: Clicked user policy for user : PR.Akash test
Expected: true
Actual: true

Test Case Description: opened authorization policy page for the user : PR.Akash test
Expected: true
Actual: true

Test Case Description: INVENTORY policy clicked
Expected: true
Actual: true

Test Case Description: Inventory Tray Close Access
Authorized:    NO
Expected: true
Actual: true

Test Case Description: TESTING_STORE- IPD store is selected.
Expected: true
Actual: true

Test Case Description: Validated --> Inventory Tray Close Access --> Close Tray button is disabled
Expected: true
Actual: true

Test Case Description: Clicked user policy for user : PR.Akash test
Expected: true
Actual: true

Test Case Description: opened authorization policy page for the user : PR.Akash test
Expected: true
Actual: true

Test Case Description: INVENTORY policy clicked
Expected: true
Actual: true

Test Case Description: Inventory Tray Close Access
Authorized:    YES
Expected: true
Actual: true

Test Case Description: Validated --> Inventory Tray Close Access --> Close Tray button is enabled
Expected: true
Actual: true
]]>
  </system-out>
  <testcase classname="tests.authorizationpolicy.inventory.InventoryPolicyPatientQueueTest" name="validatePolicyViewConsolidateReports" time="110.053"/>
  <system-out>
    <![CDATA[Test Case Description: Clicked user policy for user : PR.Akash test
Expected: true
Actual: true

Test Case Description: opened authorization policy page for the user : PR.Akash test
Expected: true
Actual: true

Test Case Description: INVENTORY policy clicked
Expected: true
Actual: true

Test Case Description: Inventory Consolidate Reports View Access
Authorized:    NO
Expected: true
Actual: true

Test Case Description: Pharmacy automation- Pharmacy store is selected.
Expected: true
Actual: true

Test Case Description: Patient name found in Store : <b> PATIENT QUEUE POLICY TEST</b>
Expected: true
Actual: true

Test Case Description: Validated -->Inventory Consolidate Reports View Access-->Consolidate Reports is disabled
Expected: true
Actual: true

Test Case Description: Clicked user policy for user : PR.Akash test
Expected: true
Actual: true

Test Case Description: opened authorization policy page for the user : PR.Akash test
Expected: true
Actual: true

Test Case Description: INVENTORY policy clicked
Expected: true
Actual: true

Test Case Description: Inventory Consolidate Reports View Access
Authorized:    YES
Expected: true
Actual: true

Test Case Description: Patient name found in Store : <b> PATIENT QUEUE POLICY TEST</b>
Expected: true
Actual: true

Test Case Description: Validated -->Inventory Consolidate Reports View Access-->Consolidate Reports Tab is enabled
Expected: true
Actual: true
]]>
  </system-out>
  <testcase classname="tests.authorizationpolicy.inventory.InventoryPolicyPatientQueueTest" name="validatePolicyViewTray" time="111.967"/>
  <system-out>
    <![CDATA[Test Case Description: Clicked user policy for user : PR.Akash test
Expected: true
Actual: true

Test Case Description: opened authorization policy page for the user : PR.Akash test
Expected: true
Actual: true

Test Case Description: INVENTORY policy clicked
Expected: true
Actual: true

Test Case Description: Inventory Tray Details View Access
Authorized:    NO
Expected: true
Actual: true

Test Case Description: TESTING_STORE- IPD store is selected.
Expected: true
Actual: true

Test Case Description: Validated --> Inventory Tray Details View Access --> View Tray button is disabled
Expected: true
Actual: true

Test Case Description: Clicked user policy for user : PR.Akash test
Expected: true
Actual: true

Test Case Description: opened authorization policy page for the user : PR.Akash test
Expected: true
Actual: true

Test Case Description: INVENTORY policy clicked
Expected: true
Actual: true

Test Case Description: Inventory Tray Details View Access
Authorized:    YES
Expected: true
Actual: true

Test Case Description: Validated --> Inventory Tray Details View Access --> View Tray button is enabled
Expected: true
Actual: true
]]>
  </system-out>
  <testcase classname="tests.authorizationpolicy.inventory.InventoryPolicyPatientQueueTest" name="validatePolicyDeleteTray" time="100.770"/>
  <system-out>
    <![CDATA[Test Case Description: Clicked user policy for user : PR.Akash test
Expected: true
Actual: true

Test Case Description: opened authorization policy page for the user : PR.Akash test
Expected: true
Actual: true

Test Case Description: INVENTORY policy clicked
Expected: true
Actual: true

Test Case Description: Inventory Tray Delete Access
Authorized:    NO
Expected: true
Actual: true

Test Case Description: TESTING_STORE- IPD store is selected.
Expected: true
Actual: true

Test Case Description: Validated --> Inventory Tray Delete Access --> Delete Tray button is disabled
Expected: true
Actual: true

Test Case Description: Clicked user policy for user : PR.Akash test
Expected: true
Actual: true

Test Case Description: opened authorization policy page for the user : PR.Akash test
Expected: true
Actual: true

Test Case Description: INVENTORY policy clicked
Expected: true
Actual: true

Test Case Description: Inventory Tray Delete Access
Authorized:    YES
Expected: true
Actual: true

Test Case Description: Validated --> Inventory Tray Delete Access --> Delete Tray button is enabled
Expected: true
Actual: true
]]>
  </system-out>
  <testcase classname="tests.authorizationpolicy.inventory.InventoryPolicyPatientQueueTest" name="validatePolicyViewBillingDetails" time="109.220"/>
  <system-out>
    <![CDATA[Test Case Description: Clicked user policy for user : PR.Akash test
Expected: true
Actual: true

Test Case Description: opened authorization policy page for the user : PR.Akash test
Expected: true
Actual: true

Test Case Description: INVENTORY policy clicked
Expected: true
Actual: true

Test Case Description: Inventory Billing Details View Access
Authorized:    NO
Expected: true
Actual: true

Test Case Description: Pharmacy automation- Pharmacy store is selected.
Expected: true
Actual: true

Test Case Description: Patient name found in Store : <b> PATIENT QUEUE POLICY TEST</b>
Expected: true
Actual: true

Test Case Description: Validated -->Inventory Billing Details View Access-->Billing Details is disabled
Expected: true
Actual: true

Test Case Description: Clicked user policy for user : PR.Akash test
Expected: true
Actual: true

Test Case Description: opened authorization policy page for the user : PR.Akash test
Expected: true
Actual: true

Test Case Description: INVENTORY policy clicked
Expected: true
Actual: true

Test Case Description: Inventory Billing Details View Access
Authorized:    YES
Expected: true
Actual: true

Test Case Description: Patient name found in Store : <b> PATIENT QUEUE POLICY TEST</b>
Expected: true
Actual: true

Test Case Description: Validated -->Inventory Billing Details View Access-->Billing Details is enabled
Expected: true
Actual: true
]]>
  </system-out>
  <testcase classname="tests.authorizationpolicy.inventory.InventoryPolicyPatientQueueTest" name="validatePolicyViewTemplatePatientQueue" time="109.285"/>
  <system-out>
    <![CDATA[Test Case Description: Clicked user policy for user : PR.Akash test
Expected: true
Actual: true

Test Case Description: opened authorization policy page for the user : PR.Akash test
Expected: true
Actual: true

Test Case Description: INVENTORY policy clicked
Expected: true
Actual: true

Test Case Description: Inventory Patient OPD Template View Access
Authorized:    NO
Expected: true
Actual: true

Test Case Description: Pharmacy automation- Pharmacy store is selected.
Expected: true
Actual: true

Test Case Description: Patient name found in Store : <b> PATIENT QUEUE POLICY TEST</b>
Expected: true
Actual: true

Test Case Description: Validated --> Inventory Patient OPD Template View Access --> Template is disabled in Patient Queue
Expected: true
Actual: true

Test Case Description: Clicked user policy for user : PR.Akash test
Expected: true
Actual: true

Test Case Description: opened authorization policy page for the user : PR.Akash test
Expected: true
Actual: true

Test Case Description: INVENTORY policy clicked
Expected: true
Actual: true

Test Case Description: Inventory Patient OPD Template View Access
Authorized:    YES
Expected: true
Actual: true

Test Case Description: Patient name found in Store : <b> PATIENT QUEUE POLICY TEST</b>
Expected: true
Actual: true

Test Case Description: Validated --> Inventory Patient OPD Template View Access --> Template is enabled in Patient Queue
Expected: true
Actual: true
]]>
  </system-out>
  <testcase classname="tests.authorizationpolicy.inventory.InventoryPolicyPatientQueueTest" name="validatePolicyEditTray" time="100.459"/>
  <system-out>
    <![CDATA[Test Case Description: Clicked user policy for user : PR.Akash test
Expected: true
Actual: true

Test Case Description: opened authorization policy page for the user : PR.Akash test
Expected: true
Actual: true

Test Case Description: INVENTORY policy clicked
Expected: true
Actual: true

Test Case Description: Inventory Tray Edit Access
Authorized:    NO
Expected: true
Actual: true

Test Case Description: TESTING_STORE- IPD store is selected.
Expected: true
Actual: true

Test Case Description: Validated --> Inventory Tray Edit Access --> Edit Tray button is disabled
Expected: true
Actual: true

Test Case Description: Clicked user policy for user : PR.Akash test
Expected: true
Actual: true

Test Case Description: opened authorization policy page for the user : PR.Akash test
Expected: true
Actual: true

Test Case Description: INVENTORY policy clicked
Expected: true
Actual: true

Test Case Description: Inventory Tray Edit Access
Authorized:    YES
Expected: true
Actual: true

Test Case Description: Validated --> Inventory Tray Edit Access --> Edit Tray button is enabled
Expected: true
Actual: true
]]>
  </system-out>
  <testcase classname="tests.authorizationpolicy.inventory.InventoryPolicyPatientQueueTest" name="validatePolicyViewPatientQueue" time="99.971"/>
  <system-out>
    <![CDATA[Test Case Description: Clicked user policy for user : PR.Akash test
Expected: true
Actual: true

Test Case Description: opened authorization policy page for the user : PR.Akash test
Expected: true
Actual: true

Test Case Description: INVENTORY policy clicked
Expected: true
Actual: true

Test Case Description: Inventory Patient Queue View Access
Authorized:    NO
Expected: true
Actual: true

Test Case Description: Pharmacy automation- Pharmacy store is selected.
Expected: true
Actual: true

Test Case Description: Validated -->Inventory Patient Queue View Access-->Patient Queue Tab is disabled in store
Expected: true
Actual: true

Test Case Description: Clicked user policy for user : PR.Akash test
Expected: true
Actual: true

Test Case Description: opened authorization policy page for the user : PR.Akash test
Expected: true
Actual: true

Test Case Description: INVENTORY policy clicked
Expected: true
Actual: true

Test Case Description: Inventory Patient Queue View Access
Authorized:    YES
Expected: true
Actual: true

Test Case Description: Validated -->Inventory Patient Queue View Access-->Patient Queue Tab is enabled in store
Expected: true
Actual: true
]]>
  </system-out>
</testsuite> <!-- tests.authorizationpolicy.inventory.InventoryPolicyPatientQueueTest -->
