<?xml version="1.0" encoding="UTF-8"?>
<!-- Generated by org.testng.reporters.JUnitReportReporter -->
<testsuite hostname="SPZMUMLAP0011" failures="0" tests="5" name="tests.inventoryStores.pharmacyStore.Transaction.SaleTest" time="572.831" errors="0" timestamp="2023-07-05T13:04:13 IST" skipped="0">
  <testcase classname="tests.inventoryStores.pharmacyStore.Transaction.SaleTest" name="validatingPatientDetailsInPharmacyStore" time="76.497"/>
  <system-out>
    <![CDATA[Test Case Description: The Facility - <b>TST</b> is already selected.
Expected: true
Actual: true

Test Case Description: Pharmacy automation- Pharmacy store is selected.
Expected: true
Actual: true

Test Case Description: Pharmacy automation- Pharmacy Store Opened For Validation Of Patient Queue
Expected: true
Actual: true

Test Case Description: Store pop up closed
Expected: true
Actual: true

Test Case Description: Validate All tab is selected
Expected: true
Actual: true

Test Case Description: Patient name - Mr. Elon
Expected: true
Actual: true

Test Case Description: Patient name found in Store : <b> MR. ELON</b>
Expected: true
Actual: true

Test Case Description: Validate patient MR. ELON is found
Expected: true
Actual: true

Test Case Description: Bill Button Displayed and Clicked
Expected: true
Actual: true

Test Case Description: Advance Button Displayed and Clicked 
Expected: true
Actual: true

Test Case Description:  Advance Receipt Template Opened and Header Displayed as : Advance Receipt
Expected: true
Actual: true

Test Case Description:  Advance Date Field Displayed and Default value as :05/07/2023
Expected: true
Actual: true

Test Case Description:  Advance Time Field Displayed and Default value as :12:56 PM
Expected: true
Actual: true

Test Case Description:  Advance Reason Text box Displayed and Value Entered as : Adding Advance In Pharmacy
Expected: true
Actual: true

Test Case Description:  Mode of Payment Selected as : Cash at index 1
Expected: true
Actual: true

Test Case Description:  Amount Entered as : 1000 at index 1
Expected: true
Actual: true

Test Case Description:  Add Payment Method Button Clicked In Advance
Expected: true
Actual: true

Test Case Description:  Mode of Payment Selected as : Card at index 1
Expected: true
Actual: true

Test Case Description:  Amount Entered as : 2000 at index 1
Expected: true
Actual: true

Test Case Description: Total Amount Received:  Label Displayed and Its values as :  3000.00
Expected: true
Actual: true

Test Case Description:  Save Advance Button Clicked
Expected: true
Actual: true

Test Case Description: Doctor Name is Displayed in Sales Order Template as : PR.Akash test
Expected: true
Actual: true

Test Case Description: Entering the medication name asSalesOrderTest1 in description textbox for sales order
Expected: true
Actual: true

Test Case Description: Required medication SalesOrderTest1 found for Sales Order
Expected: true
Actual: true

Test Case Description: Entered Quantity 2 for Sales Order
Expected: true
Actual: true

Test Case Description: Required mode of payment Cash selected
Expected: true
Actual: true

Test Case Description: Save Changes Button CLicked
Expected: true
Actual: true
]]>
  </system-out>
  <testcase classname="tests.inventoryStores.pharmacyStore.Transaction.SaleTest" name="validatingSalesInPharmacyStore" time="330.540"/>
  <system-out>
    <![CDATA[Test Case Description: The Facility - <b>TST</b> is already selected.
Expected: true
Actual: true

Test Case Description: Pharmacy automation- Pharmacy store is selected.
Expected: true
Actual: true

Test Case Description: Pharmacy automation- Pharmacy Store Opened For Validation Of Patient Queue
Expected: true
Actual: true

Test Case Description: Store pop up closed
Expected: true
Actual: true

Test Case Description: Selected Option in the Left Panel = <b>Transaction</b>
Expected: true
Actual: true

Test Case Description: Selected Sub Option in the Left Panel = <b>Sale</b>
Expected: true
Actual: true

Test Case Description:  Refresh Button Displayed In Sale Transaction
Expected: true
Actual: true

Test Case Description: Place Order Button Displayed and Clicked In Sale Transaction
Expected: true
Actual: true

Test Case Description:  Place Order Button Navigation Working , Navigate TO Sales Order To Place Order
Expected: true
Actual: true

Test Case Description: Selected Option in the Left Panel = <b>Transaction</b>
Expected: true
Actual: true

Test Case Description: Selected Sub Option in the Left Panel = <b>Sale</b>
Expected: true
Actual: true

Test Case Description: Filter Button Displayed and By Default Selected as Today
Expected: true
Actual: true

Test Case Description:  Filter Dropdown Button Clicked
Expected: true
Actual: true

Test Case Description:  This Month Selected as Filter
Expected: true
Actual: true

Test Case Description:  This Month Filter Working
Expected: true
Actual: true

Test Case Description:  Report Download Button Displayed
Expected: true
Actual: true

Test Case Description: <b>Sl.No  </b> Header/Value Present In Sale Transaction  Table List
Expected: true
Actual: true

Test Case Description: <b>Txn.Info  </b> Header/Value Present In Sale Transaction  Table List
Expected: true
Actual: true

Test Case Description: <b>Delivery Date  </b> Header/Value Present In Sale Transaction  Table List
Expected: true
Actual: true

Test Case Description: <b>Order Status  </b> Header/Value Present In Sale Transaction  Table List
Expected: true
Actual: true

Test Case Description: <b>Recipient Info  </b> Header/Value Present In Sale Transaction  Table List
Expected: true
Actual: true

Test Case Description: <b>Amount  </b> Header/Value Present In Sale Transaction  Table List
Expected: true
Actual: true

Test Case Description:  Search Box Displayed and value entered as to search :Elon
Expected: true
Actual: true

Test Case Description: Purchase Transaction Clicked  In Transaction List
Expected: true
Actual: true

Test Case Description:  Sale Order Found and Clicked In Sale Transaction
Expected: true
Actual: true

Test Case Description:  View Sale Transaction Displayed and Header as : <b> Pharmacy Bill </b>
Expected: true
Actual: true

Test Case Description: Print4 Size In Sale Transaction Button Displayed and Clicked 
Expected: true
Actual: true

Test Case Description: Validated Print --> Sale Transaction Print page opened
Expected: true
Actual: true

Test Case Description: Print5 Size In Sale Transaction Button Displayed and Clicked 
Expected: true
Actual: true

Test Case Description: Validated Print --> Sale Transaction Print page opened
Expected: true
Actual: true

Test Case Description: Email Button Clicked In Sale Transaction Preview
Expected: true
Actual: true

Test Case Description:  Compose Email Preview Template Opened and header Displayed as : Compose Email
Expected: true
Actual: true

Test Case Description:  Email address entered in Send To box as : deepak.malviya@healthgraph.in
Expected: true
Actual: true

Test Case Description:  Email Subject entered in Subject as : Invoice Email 1
Expected: true
Actual: true

Test Case Description:  Preview Button Clicked
Expected: true
Actual: true

Test Case Description:  Send Email Button Clicked
Expected: true
Actual: true

Test Case Description:  PrintA4 Working  In Sale Transaction
Expected: true
Actual: true

Test Case Description:  PrintA5 Working  In Sale Transaction
Expected: true
Actual: true

Test Case Description:  Email Working In Sale Transaction
Expected: true
Actual: true

Test Case Description:  Return Button Displayed In Sale Transaction Order Preview RHS Side
Expected: true
Actual: true

Test Case Description:  Cancel Bill Button Displayed In Sale Transaction Order Preview RHS Side
Expected: true
Actual: true

Test Case Description: <b> Patient: </b> Label Present In View Sale Transaction RHS side 
Expected: true
Actual: true

Test Case Description: <b> Mr. Elon  </b> Value Present In View Sale Transaction RHS against label <b> Patient: </b>
Expected: true
Actual: true

Test Case Description: <b> MR No.: </b> Label Present In View Sale Transaction RHS side 
Expected: true
Actual: true

Test Case Description: <b> NA  </b> Value Present In View Sale Transaction RHS against label <b> MR No.: </b>
Expected: true
Actual: true

Test Case Description: <b> Bill Number: </b> Label Present In View Sale Transaction RHS side 
Expected: true
Actual: true

Test Case Description: <b> RSO-INT-2001295  </b> Value Present In View Sale Transaction RHS against label <b> Bill Number: </b>
Expected: true
Actual: true

Test Case Description: <b> Patient Mobile: </b> Label Present In View Sale Transaction RHS side 
Expected: true
Actual: true

Test Case Description: <b> 1234567890  </b> Value Present In View Sale Transaction RHS against label <b> Patient Mobile: </b>
Expected: true
Actual: true

Test Case Description: <b> Bill Type: </b> Label Present In View Sale Transaction RHS side 
Expected: true
Actual: true

Test Case Description: <b> Cash  </b> Value Present In View Sale Transaction RHS against label <b> Bill Type: </b>
Expected: true
Actual: true

Test Case Description: <b> Patient ID: </b> Label Present In View Sale Transaction RHS side 
Expected: true
Actual: true

Test Case Description: <b> RSO-PAT-113183  </b> Value Present In View Sale Transaction RHS against label <b> Patient ID: </b>
Expected: true
Actual: true

Test Case Description: <b> Doctor: </b> Label Present In View Sale Transaction RHS side 
Expected: true
Actual: true

Test Case Description: <b> PR.Akash test  </b> Value Present In View Sale Transaction RHS against label <b> Doctor: </b>
Expected: true
Actual: true

Test Case Description: <b> Claim Processor: </b> Label Present In View Sale Transaction RHS side 
Expected: true
Actual: true

Test Case Description: <b> N.A  </b> Value Present In View Sale Transaction RHS against label <b> Claim Processor: </b>
Expected: true
Actual: true

Test Case Description: <b> Created By: </b> Label Present In View Sale Transaction RHS side 
Expected: true
Actual: true

Test Case Description: <b> PR.Akash test  </b> Value Present In View Sale Transaction RHS against label <b> Created By: </b>
Expected: true
Actual: true

Test Case Description: <b> Current Status: </b> Label Present In View Sale Transaction RHS side 
Expected: true
Actual: true

Test Case Description: <b> Delivered  </b> Value Present In View Sale Transaction RHS against label <b> Current Status: </b>
Expected: true
Actual: true

Test Case Description: <b> Home Delivery: </b> Label Present In View Sale Transaction RHS side 
Expected: true
Actual: true

Test Case Description: <b> Normal  </b> Value Present In View Sale Transaction RHS against label <b> Home Delivery: </b>
Expected: true
Actual: true

Test Case Description:  <b> Item Details </b> Section Header Displayed
Expected: true
Actual: true

Test Case Description: <b>#  </b> Header/Value Present In  Item Details Of Sale Transaction  Table List
Expected: true
Actual: true

Test Case Description: <b>Description  </b> Header/Value Present In  Item Details Of Sale Transaction  Table List
Expected: true
Actual: true

Test Case Description: <b>HSN  </b> Header/Value Present In  Item Details Of Sale Transaction  Table List
Expected: true
Actual: true

Test Case Description: <b>Batch  </b> Header/Value Present In  Item Details Of Sale Transaction  Table List
Expected: true
Actual: true

Test Case Description: <b>Expiry  </b> Header/Value Present In  Item Details Of Sale Transaction  Table List
Expected: true
Actual: true

Test Case Description: <b>QTY  </b> Header/Value Present In  Item Details Of Sale Transaction  Table List
Expected: true
Actual: true

Test Case Description: <b>MRP  </b> Header/Value Present In  Item Details Of Sale Transaction  Table List
Expected: true
Actual: true

Test Case Description: <b>Gross Amt.  </b> Header/Value Present In  Item Details Of Sale Transaction  Table List
Expected: true
Actual: true

Test Case Description: <b>Discounts  </b> Header/Value Present In  Item Details Of Sale Transaction  Table List
Expected: true
Actual: true

Test Case Description: <b>Taxable Amt.  </b> Header/Value Present In  Item Details Of Sale Transaction  Table List
Expected: true
Actual: true

Test Case Description: <b>Net Amt.  </b> Header/Value Present In  Item Details Of Sale Transaction  Table List
Expected: true
Actual: true

Test Case Description: <b>Remark  </b> Header/Value Present In  Item Details Of Sale Transaction  Table List
Expected: true
Actual: true

Test Case Description: <b>1  </b> Header/Value Present In  Item Details Of Sale Transaction  Table List
Expected: true
Actual: true

Test Case Description: <b>SalesOrderTest1 INV-MED-1114-100  </b> Header/Value Present In  Item Details Of Sale Transaction  Table List
Expected: true
Actual: true

Test Case Description: <b>12345  </b> Header/Value Present In  Item Details Of Sale Transaction  Table List
Expected: true
Actual: true

Test Case Description: <b>  </b> Header/Value Present In  Item Details Of Sale Transaction  Table List
Expected: true
Actual: true

Test Case Description: <b>N.A  </b> Header/Value Present In  Item Details Of Sale Transaction  Table List
Expected: true
Actual: true

Test Case Description: <b>2.0  </b> Header/Value Present In  Item Details Of Sale Transaction  Table List
Expected: true
Actual: true

Test Case Description: <b>300.0  </b> Header/Value Present In  Item Details Of Sale Transaction  Table List
Expected: true
Actual: true

Test Case Description: <b>600.0  </b> Header/Value Present In  Item Details Of Sale Transaction  Table List
Expected: true
Actual: true

Test Case Description: <b>0.0  </b> Header/Value Present In  Item Details Of Sale Transaction  Table List
Expected: true
Actual: true

Test Case Description: <b>28.57 5%   Inc.  </b> Header/Value Present In  Item Details Of Sale Transaction  Table List
Expected: true
Actual: true

Test Case Description: <b>600.0  </b> Header/Value Present In  Item Details Of Sale Transaction  Table List
Expected: true
Actual: true

Test Case Description: <b>  </b> Header/Value Present In  Item Details Of Sale Transaction  Table List
Expected: true
Actual: true

Test Case Description: Taxable Amount Label Displayed and Its Values as : 571.43
Expected: true
Actual: true

Test Case Description: SGST2.5 Label Displayed and Its Value as : 14.29
Expected: true
Actual: true

Test Case Description: CGST2.5 Label Displayed and Its Value as : 14.29
Expected: true
Actual: true

Test Case Description: Total Amt Incl. Tax Label Displayed and its Value as : 600.0
Expected: true
Actual: true

Test Case Description: Discount: Label Displayed and its Value as : 0.0
Expected: true
Actual: true

Test Case Description: Offer: Label Displayed and its Value as : 0.0
Expected: true
Actual: true

Test Case Description: Total of all discount: Label Displayed and its Value as : 0.0
Expected: true
Actual: true

Test Case Description: Net Amount (₹): Label Displayed and its Value as : 600.0
Expected: true
Actual: true

Test Case Description: Received from Advance : Label Displayed and its Value as : 100.00 Details
Expected: true
Actual: true

Test Case Description: Payment Received : Label Displayed and its Value as : 500.00 Details
Expected: true
Actual: true

Test Case Description:  Details Button Clicked
Expected: true
Actual: true

Test Case Description:  Details Template Opened and Header Displayed as : RECEIVED FROM ADVANCE
Expected: true
Actual: true

Test Case Description: <b>No.  </b> Header/Value Present In Receive From Advance In View Sale Table List
Expected: true
Actual: true

Test Case Description: <b>Date/Time  </b> Header/Value Present In Receive From Advance In View Sale Table List
Expected: true
Actual: true

Test Case Description: <b>Paid By  </b> Header/Value Present In Receive From Advance In View Sale Table List
Expected: true
Actual: true

Test Case Description: <b>Amount  </b> Header/Value Present In Receive From Advance In View Sale Table List
Expected: true
Actual: true

Test Case Description: <b>1  </b> Header/Value Present In Receive From AdvanceIn View Sale Table List
Expected: true
Actual: true

Test Case Description: <b>12:56 PM, 05/07/2023  </b> Header/Value Present In Receive From AdvanceIn View Sale Table List
Expected: true
Actual: true

Test Case Description: <b>Mr. Elon  </b> Header/Value Present In Receive From AdvanceIn View Sale Table List
Expected: true
Actual: true

Test Case Description: <b>100.00/-  </b> Header/Value Present In Receive From AdvanceIn View Sale Table List
Expected: true
Actual: true

Test Case Description:  Details Button Clicked
Expected: true
Actual: true

Test Case Description:  Details Template Opened and Header Displayed as : AMOUNT SETTLED
Expected: true
Actual: true

Test Case Description: <b>No.  </b> Header/Value Present In Payment Received In View Sale Table List
Expected: true
Actual: true

Test Case Description: <b>Date/Time  </b> Header/Value Present In Payment Received In View Sale Table List
Expected: true
Actual: true

Test Case Description: <b>Paid By  </b> Header/Value Present In Payment Received In View Sale Table List
Expected: true
Actual: true

Test Case Description: <b>Paid To  </b> Header/Value Present In Payment Received In View Sale Table List
Expected: true
Actual: true

Test Case Description: <b>Mode Of Payment  </b> Header/Value Present In Payment Received In View Sale Table List
Expected: true
Actual: true

Test Case Description: <b>Amount Received  </b> Header/Value Present In Payment Received In View Sale Table List
Expected: true
Actual: true

Test Case Description: <b>Taxes Deducted  </b> Header/Value Present In Payment Received In View Sale Table List
Expected: true
Actual: true

Test Case Description: <b>Payer Difference  </b> Header/Value Present In Payment Received In View Sale Table List
Expected: true
Actual: true

Test Case Description: <b>Revenue Spillage  </b> Header/Value Present In Payment Received In View Sale Table List
Expected: true
Actual: true

Test Case Description: <b>Total Amount Settled  </b> Header/Value Present In Payment Received In View Sale Table List
Expected: true
Actual: true

Test Case Description: 1 Value Present In  Table List
Expected: true
Actual: true

Test Case Description: 12:56 PM, 05/07/2023 Value Present In  Table List
Expected: true
Actual: true

Test Case Description: Mr. Elon Value Present In  Table List
Expected: true
Actual: true

Test Case Description: PR.Akash test Value Present In  Table List
Expected: true
Actual: true

Test Case Description: Cash Value Present In  Table List
Expected: true
Actual: true

Test Case Description:  Amount Settle Template Print Button Button Displayed and Clicked 
Expected: true
Actual: true

Test Case Description: Validated Print --> Sale Transaction Print page opened
Expected: true
Actual: true

Test Case Description: 0.00 Value Present In  Table List
Expected: true
Actual: true

Test Case Description: 0.00 Value Present In  Table List
Expected: true
Actual: true

Test Case Description: 0.00 Value Present In  Table List
Expected: true
Actual: true

Test Case Description: 500.00 Value Present In  Table List
Expected: true
Actual: true

Test Case Description:  Patient All Transactions Section Header Displayed
Expected: true
Actual: true

Test Case Description:  Bill Button Displayed And Clicked In Sale Transaction 
Expected: true
Actual: true

Test Case Description:  Advance Receipt Button Displayed In View Bill Dropdown
Expected: true
Actual: true

Test Case Description: Bill Name displayed Correctly as Combination of Date and Time In Bill Dropdown
Expected: true
Actual: true

Test Case Description: Previous Bill Text Displayed And Previously Created Bill Clicked
Expected: true
Actual: true

Test Case Description:  Pharmacy Bill Opened And Header Displayed as : Pharmacy Bill
Expected: true
Actual: true

Test Case Description: <b> Patient: </b> Label Present In View Sale Transaction RHS side 
Expected: true
Actual: true

Test Case Description: <b> Mr. Elon  </b> Value Present In View Sale Transaction RHS against label <b> Patient: </b>
Expected: true
Actual: true

Test Case Description: <b> MR No.: </b> Label Present In View Sale Transaction RHS side 
Expected: true
Actual: true

Test Case Description: <b> NA  </b> Value Present In View Sale Transaction RHS against label <b> MR No.: </b>
Expected: true
Actual: true

Test Case Description: <b> Bill Number: </b> Label Present In View Sale Transaction RHS side 
Expected: true
Actual: true

Test Case Description: <b> RSO-INT-2001295  </b> Value Present In View Sale Transaction RHS against label <b> Bill Number: </b>
Expected: true
Actual: true

Test Case Description: <b> Patient Mobile: </b> Label Present In View Sale Transaction RHS side 
Expected: true
Actual: true

Test Case Description: <b> 1234567890  </b> Value Present In View Sale Transaction RHS against label <b> Patient Mobile: </b>
Expected: true
Actual: true

Test Case Description: <b> Bill Type: </b> Label Present In View Sale Transaction RHS side 
Expected: true
Actual: true

Test Case Description: <b> Cash  </b> Value Present In View Sale Transaction RHS against label <b> Bill Type: </b>
Expected: true
Actual: true

Test Case Description: <b> Patient ID: </b> Label Present In View Sale Transaction RHS side 
Expected: true
Actual: true

Test Case Description: <b> RSO-PAT-113183  </b> Value Present In View Sale Transaction RHS against label <b> Patient ID: </b>
Expected: true
Actual: true

Test Case Description: <b> Doctor: </b> Label Present In View Sale Transaction RHS side 
Expected: true
Actual: true

Test Case Description: <b> PR.Akash test  </b> Value Present In View Sale Transaction RHS against label <b> Doctor: </b>
Expected: true
Actual: true

Test Case Description: <b> Claim Processor: </b> Label Present In View Sale Transaction RHS side 
Expected: true
Actual: true

Test Case Description: <b> N.A  </b> Value Present In View Sale Transaction RHS against label <b> Claim Processor: </b>
Expected: true
Actual: true

Test Case Description: <b> Created By: </b> Label Present In View Sale Transaction RHS side 
Expected: true
Actual: true

Test Case Description: <b> PR.Akash test  </b> Value Present In View Sale Transaction RHS against label <b> Created By: </b>
Expected: true
Actual: true

Test Case Description: <b> Current Status: </b> Label Present In View Sale Transaction RHS side 
Expected: true
Actual: true

Test Case Description: <b> Delivered  </b> Value Present In View Sale Transaction RHS against label <b> Current Status: </b>
Expected: true
Actual: true

Test Case Description: Item Details: Label Displayed In View Pharmacy Bill
Expected: true
Actual: true

Test Case Description: <b>#  </b> Header/Value Present In  Item Details Of View Bill  Table List
Expected: true
Actual: true

Test Case Description: <b>Code  </b> Header/Value Present In  Item Details Of View Bill  Table List
Expected: true
Actual: true

Test Case Description: <b>Description  </b> Header/Value Present In  Item Details Of View Bill  Table List
Expected: true
Actual: true

Test Case Description: <b>HSN  </b> Header/Value Present In  Item Details Of View Bill  Table List
Expected: true
Actual: true

Test Case Description: <b>Exp.Date  </b> Header/Value Present In  Item Details Of View Bill  Table List
Expected: true
Actual: true

Test Case Description: <b>Batch No.  </b> Header/Value Present In  Item Details Of View Bill  Table List
Expected: true
Actual: true

Test Case Description: <b>QTY  </b> Header/Value Present In  Item Details Of View Bill  Table List
Expected: true
Actual: true

Test Case Description: <b>MRP  </b> Header/Value Present In  Item Details Of View Bill  Table List
Expected: true
Actual: true

Test Case Description: <b>Gross  </b> Header/Value Present In  Item Details Of View Bill  Table List
Expected: true
Actual: true

Test Case Description: <b>Discounts  </b> Header/Value Present In  Item Details Of View Bill  Table List
Expected: true
Actual: true

Test Case Description: <b>Taxable Amt.  </b> Header/Value Present In  Item Details Of View Bill  Table List
Expected: true
Actual: true

Test Case Description: <b>Tax  </b> Header/Value Present In  Item Details Of View Bill  Table List
Expected: true
Actual: true

Test Case Description: <b>Tax Amt.  </b> Header/Value Present In  Item Details Of View Bill  Table List
Expected: true
Actual: true

Test Case Description: <b>Net Amt.  </b> Header/Value Present In  Item Details Of View Bill  Table List
Expected: true
Actual: true

Test Case Description: <b>Remark  </b> Header/Value Present In  Item Details Of View Bill  Table List
Expected: true
Actual: true

Test Case Description: <b>1  </b> Header/Value Present In  Item Details Of View Bill  Table List
Expected: true
Actual: true

Test Case Description: <b>INV-MED-1114-100  </b> Header/Value Present In  Item Details Of View Bill  Table List
Expected: true
Actual: true

Test Case Description: <b>SalesOrderTest1  </b> Header/Value Present In  Item Details Of View Bill  Table List
Expected: true
Actual: true

Test Case Description: <b>12345  </b> Header/Value Present In  Item Details Of View Bill  Table List
Expected: true
Actual: true

Test Case Description: <b>N.A  </b> Header/Value Present In  Item Details Of View Bill  Table List
Expected: true
Actual: true

Test Case Description: <b>  </b> Header/Value Present In  Item Details Of View Bill  Table List
Expected: true
Actual: true

Test Case Description: <b>2.0  </b> Header/Value Present In  Item Details Of View Bill  Table List
Expected: true
Actual: true

Test Case Description: <b>300.0  </b> Header/Value Present In  Item Details Of View Bill  Table List
Expected: true
Actual: true

Test Case Description: <b>600.0  </b> Header/Value Present In  Item Details Of View Bill  Table List
Expected: true
Actual: true

Test Case Description: <b>0.0  </b> Header/Value Present In  Item Details Of View Bill  Table List
Expected: true
Actual: true

Test Case Description: <b>571.43  </b> Header/Value Present In  Item Details Of View Bill  Table List
Expected: true
Actual: true

Test Case Description: <b>5.00  </b> Header/Value Present In  Item Details Of View Bill  Table List
Expected: true
Actual: true

Test Case Description: <b>28.57  </b> Header/Value Present In  Item Details Of View Bill  Table List
Expected: true
Actual: true

Test Case Description: <b>600.0  </b> Header/Value Present In  Item Details Of View Bill  Table List
Expected: true
Actual: true

Test Case Description: <b>  </b> Header/Value Present In  Item Details Of View Bill  Table List
Expected: true
Actual: true

Test Case Description: <b>Taxable Amount :  </b> Header/Value Present In  Item Details Label Of View Bill  Table List
Expected: true
Actual: true

Test Case Description: <b>SGST2.5 :  </b> Header/Value Present In  Item Details Label Of View Bill  Table List
Expected: true
Actual: true

Test Case Description: <b>CGST2.5 :  </b> Header/Value Present In  Item Details Label Of View Bill  Table List
Expected: true
Actual: true

Test Case Description: <b>Total Amt Incl. Tax :  </b> Header/Value Present In  Item Details Label Of View Bill  Table List
Expected: true
Actual: true

Test Case Description: <b>Discount :  </b> Header/Value Present In  Item Details Label Of View Bill  Table List
Expected: true
Actual: true

Test Case Description: <b>Offer :  </b> Header/Value Present In  Item Details Label Of View Bill  Table List
Expected: true
Actual: true

Test Case Description: <b>Total of all discounts :  </b> Header/Value Present In  Item Details Label Of View Bill  Table List
Expected: true
Actual: true

Test Case Description: <b>Net Amount (₹) :  </b> Header/Value Present In  Item Details Label Of View Bill  Table List
Expected: true
Actual: true

Test Case Description: <b>Received from Advance :  </b> Header/Value Present In  Item Details Label Of View Bill  Table List
Expected: true
Actual: true

Test Case Description: <b>Payment Received :  </b> Header/Value Present In  Item Details Label Of View Bill  Table List
Expected: true
Actual: true

Test Case Description: <b>571.43  </b> Header/Value Present In  Item Details Label Value Of View Bill  Table List
Expected: true
Actual: true

Test Case Description: <b>14.29  </b> Header/Value Present In  Item Details Label Value Of View Bill  Table List
Expected: true
Actual: true

Test Case Description: <b>14.29  </b> Header/Value Present In  Item Details Label Value Of View Bill  Table List
Expected: true
Actual: true

Test Case Description: <b>600.00  </b> Header/Value Present In  Item Details Label Value Of View Bill  Table List
Expected: true
Actual: true

Test Case Description: <b>0.00  </b> Header/Value Present In  Item Details Label Value Of View Bill  Table List
Expected: true
Actual: true

Test Case Description: <b>0.00  </b> Header/Value Present In  Item Details Label Value Of View Bill  Table List
Expected: true
Actual: true

Test Case Description: <b>0.00  </b> Header/Value Present In  Item Details Label Value Of View Bill  Table List
Expected: true
Actual: true

Test Case Description: <b>600.00  </b> Header/Value Present In  Item Details Label Value Of View Bill  Table List
Expected: true
Actual: true

Test Case Description: <b>100.00  </b> Header/Value Present In  Item Details Label Value Of View Bill  Table List
Expected: true
Actual: true

Test Case Description: <b>500.00  </b> Header/Value Present In  Item Details Label Value Of View Bill  Table List
Expected: true
Actual: true

Test Case Description:  Details Button Clicked
Expected: true
Actual: true

Test Case Description:  Details Template Opened and Header Displayed as : RECEIVED FROM ADVANCE
Expected: true
Actual: true

Test Case Description: <b>No.  </b> Header/Value Present In Receive From Advance In View Sale Table List
Expected: true
Actual: true

Test Case Description: <b>Date/Time  </b> Header/Value Present In Receive From Advance In View Sale Table List
Expected: true
Actual: true

Test Case Description: <b>Paid By  </b> Header/Value Present In Receive From Advance In View Sale Table List
Expected: true
Actual: true

Test Case Description: <b>Amount  </b> Header/Value Present In Receive From Advance In View Sale Table List
Expected: true
Actual: true

Test Case Description: <b>1  </b> Header/Value Present In Receive From AdvanceIn View Sale Table List
Expected: true
Actual: true

Test Case Description: <b>12:56 PM, 05/07/2023  </b> Header/Value Present In Receive From AdvanceIn View Sale Table List
Expected: true
Actual: true

Test Case Description: <b>Mr. Elon  </b> Header/Value Present In Receive From AdvanceIn View Sale Table List
Expected: true
Actual: true

Test Case Description: <b>100.00/-  </b> Header/Value Present In Receive From AdvanceIn View Sale Table List
Expected: true
Actual: true

Test Case Description:  Details Button Clicked
Expected: true
Actual: true

Test Case Description:  Details Template Opened and Header Displayed as : AMOUNT SETTLED
Expected: true
Actual: true

Test Case Description: <b>No.  </b> Header/Value Present In Payment Received In View Sale Table List
Expected: true
Actual: true

Test Case Description: <b>Date/Time  </b> Header/Value Present In Payment Received In View Sale Table List
Expected: true
Actual: true

Test Case Description: <b>Paid By  </b> Header/Value Present In Payment Received In View Sale Table List
Expected: true
Actual: true

Test Case Description: <b>Paid To  </b> Header/Value Present In Payment Received In View Sale Table List
Expected: true
Actual: true

Test Case Description: <b>Mode Of Payment  </b> Header/Value Present In Payment Received In View Sale Table List
Expected: true
Actual: true

Test Case Description: <b>Amount Received  </b> Header/Value Present In Payment Received In View Sale Table List
Expected: true
Actual: true

Test Case Description: <b>Taxes Deducted  </b> Header/Value Present In Payment Received In View Sale Table List
Expected: true
Actual: true

Test Case Description: <b>Payer Difference  </b> Header/Value Present In Payment Received In View Sale Table List
Expected: true
Actual: true

Test Case Description: <b>Revenue Spillage  </b> Header/Value Present In Payment Received In View Sale Table List
Expected: true
Actual: true

Test Case Description: <b>Total Amount Settled  </b> Header/Value Present In Payment Received In View Sale Table List
Expected: true
Actual: true

Test Case Description: 1 Value Present In  Table List
Expected: true
Actual: true

Test Case Description: 12:56 PM, 05/07/2023 Value Present In  Table List
Expected: true
Actual: true

Test Case Description: Mr. Elon Value Present In  Table List
Expected: true
Actual: true

Test Case Description: PR.Akash test Value Present In  Table List
Expected: true
Actual: true

Test Case Description: Cash Value Present In  Table List
Expected: true
Actual: true

Test Case Description:  Amount Settle Template Print Button Button Displayed and Clicked 
Expected: true
Actual: true

Test Case Description: Validated Print --> Sale Transaction Print page opened
Expected: true
Actual: true

Test Case Description: 0.00 Value Present In  Table List
Expected: true
Actual: true

Test Case Description: 0.00 Value Present In  Table List
Expected: true
Actual: true

Test Case Description: 0.00 Value Present In  Table List
Expected: true
Actual: true

Test Case Description: 500.00 Value Present In  Table List
Expected: true
Actual: true

Test Case Description:  Pharmacy Bill Header Displayed 
Expected: true
Actual: true

Test Case Description: Created Label Displayed In Pharmacy History Section RHS Side
Expected: true
Actual: true

Test Case Description:  Created By User Name and Time Displayed In History as :<b> PR.Akash test
12:56pm, 05 July</b>
Expected: true
Actual: true

Test Case Description:  Bill Settled Using Advance Displayed amd Header Displayed as : Advance Payment
Expected: true
Actual: true

Test Case Description:  Bill Settled By MOP Displayed amd Header Displayed as : Payment Received 
Expected: true
Actual: true

Test Case Description: Paid By Header Displayed In Advance Payment Table
Expected: true
Actual: true

Test Case Description: Amount Header Displayed In Advance Payment Table
Expected: true
Actual: true

Test Case Description: Paid By Header Displayed In Payment Received  Table
Expected: true
Actual: true

Test Case Description: Amount Header Displayed In Payment Received  Table
Expected: true
Actual: true

Test Case Description: Paid By Column Value Displayed In Advance Payment Table as : Advance No: RSO-ADV-11963
Settle Receipt ID: RSO-ADV-11963-SE-01
By PR.Akash test on 12:56 PM, 05/07/2023
Expected: true
Actual: true

Test Case Description: Amount Column Value Displayed Correctly In Advance Payment Table as : 100.00/-
Expected: true
Actual: true

Test Case Description: Patient name - Mr. Elon
Expected: true
Actual: true

Test Case Description: In Paid By Column User Value Displayed In Payment Received  Table as : Mr. Elon
Expected: true
Actual: true

Test Case Description: In Paid By Column Date And Time Value Displayed In Payment Received  Table as : Mr. Elon
Expected: true
Actual: true

Test Case Description: Amount Column Value Displayed Correctly In Payment Received Table as : 500.00/-  (Cash)
Expected: true
Actual: true

Test Case Description: Print4 Size Button Displayed and Clicked 
Expected: true
Actual: true

Test Case Description: Validated Print --> Sale Transaction Print page opened
Expected: true
Actual: true

Test Case Description: Print5 Size Button Displayed and Clicked 
Expected: true
Actual: true

Test Case Description: Validated Print --> Sale Transaction Print page opened
Expected: true
Actual: true

Test Case Description:  PrintA4 Work In Pharmacy Bill
Expected: true
Actual: true

Test Case Description:  PrintA5 Work In Pharmacy Bill
Expected: true
Actual: true

Test Case Description:  Cancel Bill Button Displayed
Expected: true
Actual: true

Test Case Description:  Close Button Displayed and Clicked In Pharmacy Bill
Expected: true
Actual: true

Test Case Description: Bill Button Displayed and Clicked
Expected: true
Actual: true

Test Case Description: Advance Button Displayed and Clicked 
Expected: true
Actual: true

Test Case Description:  Advance Receipt Template Opened and Header Displayed as : Advance Receipt
Expected: true
Actual: true

Test Case Description:  Advance Date Field Displayed and Default value as :05/07/2023
Expected: true
Actual: true

Test Case Description:  Advance Time Field Displayed and Default value as :12:59 PM
Expected: true
Actual: true

Test Case Description:  Advance Reason Text box Displayed and Value Entered as : Adding Advance In Pharmacy
Expected: true
Actual: true

Test Case Description:  Mode of Payment Selected as : Cash at index 1
Expected: true
Actual: true

Test Case Description:  Amount Entered as : 1000 at index 1
Expected: true
Actual: true

Test Case Description: Total Amount Received:  Label Displayed and Its values as :  1000.00
Expected: true
Actual: true

Test Case Description:  Save Advance Button Clicked
Expected: true
Actual: true

Test Case Description: Purchase Transaction Clicked  In Transaction List
Expected: true
Actual: true

Test Case Description:  Sale Record Clicked
Expected: true
Actual: true

Test Case Description:  Advance Payment Section Displayed and Header as : Advance Payment (Remaining Adv. Amt.): ₹4000.0 (3900.0 )
Expected: true
Actual: true

Test Case Description: First Advance Text Displayed correctly In Advance Section
Expected: true
Actual: true

Test Case Description: First Advance Clicked In Advance List In Advance Section
Expected: true
Actual: true

Test Case Description:  Created Advance Opened and Header Displayed as : Advance Receipt
Expected: true
Actual: true

Test Case Description: <b> Advance ID: </b> Label Present In View Sale Transaction RHS side 
Expected: true
Actual: true

Test Case Description: <b> RSO-ADV-11963  </b> Value Present In View Sale Transaction RHS against label <b> Advance ID: </b>
Expected: true
Actual: true

Test Case Description: <b> Date: </b> Label Present In View Sale Transaction RHS side 
Expected: true
Actual: true

Test Case Description: <b> 05/07/2023  </b> Value Present In View Sale Transaction RHS against label <b> Date: </b>
Expected: true
Actual: true

Test Case Description: <b> Reason: </b> Label Present In View Sale Transaction RHS side 
Expected: true
Actual: true

Test Case Description: <b> Adding Advance In Pharmacy  </b> Value Present In View Sale Transaction RHS against label <b> Reason: </b>
Expected: true
Actual: true

Test Case Description: <b> Amount Received: </b> Label Present In View Sale Transaction RHS side 
Expected: true
Actual: true

Test Case Description: <b> ₹ 3000.00 Details  </b> Value Present In View Sale Transaction RHS against label <b> Amount Received: </b>
Expected: true
Actual: true

Test Case Description:  Details Button CLicked In View Advance Template
Expected: true
Actual: true

Test Case Description: Advance MOP Receipts Template Opened
Expected: true
Actual: true

Test Case Description: <b>No.  </b> Header/Value Present In Advance Mop Receipt Table List
Expected: true
Actual: true

Test Case Description: <b>Mode Of Payment  </b> Header/Value Present In Advance Mop Receipt Table List
Expected: true
Actual: true

Test Case Description: <b>Advance MOP ID  </b> Header/Value Present In Advance Mop Receipt Table List
Expected: true
Actual: true

Test Case Description: <b>Amount  </b> Header/Value Present In Advance Mop Receipt Table List
Expected: true
Actual: true

Test Case Description:  Advance MOP No. Column Value Displayed as : 1 at index 0
Expected: true
Actual: true

Test Case Description:  Advance MOP No. Column Value Displayed as : 2 at index 1
Expected: true
Actual: true

Test Case Description:  Advance MOP No. Column Value Displayed as : Total: at index 2
Expected: true
Actual: true

Test Case Description:  Advance MOP Mode Of Payment Column Value Displayed Correctly as : Cash at index 0
Expected: true
Actual: true

Test Case Description:  Advance MOP Mode Of Payment Column Value Displayed Correctly as : Card at index 1
Expected: true
Actual: true

Test Case Description:  Advance MOP Advance Id Column Value Not Displayed as : RSO-ADV-11963-01 at index 0
Expected: true
Actual: true

Test Case Description:  Advance MOP Advance Id Column Value Not Displayed as : RSO-ADV-11963-02 at index 1
Expected: true
Actual: true

Test Case Description:  Advance MOP Amount Column Value Not Displayed as : 1000.00 at index 0
Expected: true
Actual: true

Test Case Description:  Advance MOP Amount Column Value Not Displayed as : 2000.00 at index 1
Expected: true
Actual: true

Test Case Description:  Total Amount Calculated correctly
Expected: true
Actual: true

Test Case Description: Advance History  Label Displayed and As : Advance History (Note: This will not be printed)
Expected: true
Actual: true

Test Case Description: Amount Remaining Label Displayed and Its value as :Amount Remaining : 2900.0
Expected: true
Actual: true

Test Case Description: <b>Bill Number  </b> Header/Value Present In Advance History Table  Table List
Expected: true
Actual: true

Test Case Description: <b>Advance Settled ID  </b> Header/Value Present In Advance History Table  Table List
Expected: true
Actual: true

Test Case Description: <b>Department  </b> Header/Value Present In Advance History Table  Table List
Expected: true
Actual: true

Test Case Description: <b>Type  </b> Header/Value Present In Advance History Table  Table List
Expected: true
Actual: true

Test Case Description: <b>Created By  </b> Header/Value Present In Advance History Table  Table List
Expected: true
Actual: true

Test Case Description: <b>Time  </b> Header/Value Present In Advance History Table  Table List
Expected: true
Actual: true

Test Case Description: <b>Amount  </b> Header/Value Present In Advance History Table  Table List
Expected: true
Actual: true

Test Case Description: <b>Actions  </b> Header/Value Present In Advance History Table  Table List
Expected: true
Actual: true

Test Case Description: RSO-INT-2001295 Value Name Present In Item Details Section
Expected: true
Actual: true

Test Case Description: RSO-ADV-11963-SE-01 Value Name Present In Item Details Section
Expected: true
Actual: true

Test Case Description: Pharmacy Value Name Present In Item Details Section
Expected: true
Actual: true

Test Case Description: Adjusted Value Name Present In Item Details Section
Expected: true
Actual: true

Test Case Description: PR.Akash test Value Name Present In Item Details Section
Expected: true
Actual: true

Test Case Description: 12:56 PM, 05/07/2023 Value Name Present In Item Details Section
Expected: true
Actual: true

Test Case Description: 100.00 Value Name Present In Item Details Section
Expected: true
Actual: true

Test Case Description:  Print Button For Settled Amount In History Table Button Displayed and Clicked 
Expected: true
Actual: true

Test Case Description: Validated Print --> Sale Transaction Print page opened
Expected: true
Actual: true

Test Case Description: Email Button Clicked In Email Button For Settled Amount In History Table
Expected: true
Actual: true

Test Case Description:  Compose Email Preview Template Opened and header Displayed as : Compose Email
Expected: true
Actual: true

Test Case Description:  Email Subject entered in Subject as : Invoice Email 1
Expected: true
Actual: true

Test Case Description:  Preview Button Clicked
Expected: true
Actual: true

Test Case Description:  Send Email Button Clicked
Expected: true
Actual: true

Test Case Description:  Email Working For Settled Amount
Expected: true
Actual: true

Test Case Description:  Print Working For Settled Amount
Expected: true
Actual: true

Test Case Description:  Print Button For Advance Receipt Button Displayed and Clicked 
Expected: true
Actual: true

Test Case Description: Validated Print --> Sale Transaction Print page opened
Expected: true
Actual: true

Test Case Description: Email Button Clicked In Email Button For Advance Receipt
Expected: true
Actual: true

Test Case Description:  Compose Email Preview Template Opened and header Displayed as : Compose Email
Expected: true
Actual: true

Test Case Description:  Email Subject entered in Subject as : Invoice Email 1
Expected: true
Actual: true

Test Case Description:  Preview Button Clicked
Expected: true
Actual: true

Test Case Description:  Send Email Button Clicked
Expected: true
Actual: true

Test Case Description:  Print Functionality Working In Advance Template
Expected: true
Actual: true

Test Case Description:  Email Functionality Working In Advance Template
Expected: true
Actual: true

Test Case Description: Refund Button Displayed and Clicked in View Created Advance
Expected: true
Actual: true

Test Case Description:  Refund Date and Time Field Displayed
Expected: true
Actual: true

Test Case Description:  Adv. Receipt No. Label Displayed and Its Value as : RSO-ADV-11963
Expected: true
Actual: true

Test Case Description:  Remaining Amount Label Displayed and Its Value as : 2900.0
Expected: true
Actual: true

Test Case Description:  Refund Reason Text Box Displayed and value entered as : Refund Check 
Expected: true
Actual: true

Test Case Description:  Mode of Payment Selected as Cash
Expected: true
Actual: true

Test Case Description:  Validating Cash Field Should be Disabled
Expected: true
Actual: true

Test Case Description:  Amount Displayed correctly in refund input box
Expected: true
Actual: true

Test Case Description:  Save Button Clicked In Refund
Expected: true
Actual: true

Test Case Description:  Bill Refunded Text Displayed Successfully
Expected: true
Actual: true

Test Case Description: Payment Refunded Label Displayed and Value as : 2900.00
Expected: true
Actual: true

Test Case Description:  Refund Remarks: Text Displayed correctly and Its value as : Refund Remarks: Refund Check
Expected: true
Actual: true

Test Case Description: Second Advance Clicked 
Expected: true
Actual: true

Test Case Description: <b> Advance ID: </b> Label Present In View Sale Transaction RHS side 
Expected: true
Actual: true

Test Case Description: <b> RSO-ADV-11964  </b> Value Present In View Sale Transaction RHS against label <b> Advance ID: </b>
Expected: true
Actual: true

Test Case Description: <b> Date: </b> Label Present In View Sale Transaction RHS side 
Expected: true
Actual: true

Test Case Description: <b> 05/07/2023  </b> Value Present In View Sale Transaction RHS against label <b> Date: </b>
Expected: true
Actual: true

Test Case Description: <b> Reason: </b> Label Present In View Sale Transaction RHS side 
Expected: true
Actual: true

Test Case Description: <b> Adding Advance In Pharmacy  </b> Value Present In View Sale Transaction RHS against label <b> Reason: </b>
Expected: true
Actual: true

Test Case Description: <b> Amount Received: </b> Label Present In View Sale Transaction RHS side 
Expected: true
Actual: true

Test Case Description: <b> ₹ 1000.00 Details  </b> Value Present In View Sale Transaction RHS against label <b> Amount Received: </b>
Expected: true
Actual: true

Test Case Description: Cancellation Button Clicked
Expected: true
Actual: true

Test Case Description:  Refund Date and Time Field Displayed
Expected: true
Actual: true

Test Case Description:  Adv. Receipt No. Label Displayed and Its Value as : RSO-ADV-11964
Expected: true
Actual: true

Test Case Description:  Remaining Amount Label Displayed and Its Value as : 1000
Expected: true
Actual: true

Test Case Description:  Refund Reason Text Box Displayed and value entered as : Refund Check 
Expected: true
Actual: true

Test Case Description:  Mode of Payment Selected as Cash
Expected: true
Actual: true

Test Case Description:  Validating Cash Field Should be Disabled
Expected: true
Actual: true

Test Case Description:  Amount Displayed correctly in refund input box
Expected: true
Actual: true

Test Case Description:  Save Button Clicked In Refund
Expected: true
Actual: true

Test Case Description:  Bill Refunded Text Displayed Successfully
Expected: true
Actual: true

Test Case Description: Payment Refunded Label Displayed and Value as : 1000.00
Expected: true
Actual: true

Test Case Description:  Refund Remarks: Text Displayed correctly and Its value as : Refund Remarks: Refund Check
Expected: true
Actual: true

Test Case Description: Advance Cancellation Message Displayed as : Advance Payment Cancelled
Expected: true
Actual: true

Test Case Description:  Close Button Clicked
Expected: true
Actual: true

Test Case Description: Purchase Transaction Clicked  In Transaction List
Expected: true
Actual: true

Test Case Description:  Sale Transaction Found
Expected: true
Actual: true

Test Case Description:  Refund Payment Section displayed as : Refund Payment : ₹3900.0
Expected: true
Actual: true

Test Case Description:  First Refund Text Displayed correctly as ₹2900.0 on 05 Jul'23
Expected: true
Actual: true

Test Case Description:  First Refund Clicked
Expected: true
Actual: true

Test Case Description:  Refund Receipt Templated Opened as Refund Receipt
Expected: true
Actual: true

Test Case Description: Patient name - Mr. Elon
Expected: true
Actual: true

Test Case Description: Patient name - Mr. Elon
Expected: true
Actual: true

Test Case Description:  Refund Message Displayed as : Refunded a sum of ₹ 2900.00 to Mr. Elon by Cash dated 05/07/2023.
Expected: true
Actual: true

Test Case Description:  Refund remark displayed 
Expected: true
Actual: true

Test Case Description:  Print Button In Refund template Button Displayed and Clicked 
Expected: true
Actual: true

Test Case Description: Validated Print --> Sale Transaction Print page opened
Expected: true
Actual: true

Test Case Description: Email Button Clicked In  Refund Template
Expected: true
Actual: true

Test Case Description:  Compose Email Preview Template Opened and header Displayed as : Compose Email
Expected: true
Actual: true

Test Case Description:  Email Subject entered in Subject as : Invoice Email 1
Expected: true
Actual: true

Test Case Description:  Preview Button Clicked
Expected: true
Actual: true

Test Case Description:  Send Email Button Clicked
Expected: true
Actual: true

Test Case Description:  Print Functionality Working In Refund
Expected: true
Actual: true

Test Case Description:  Email Functionality Working In Refund
Expected: true
Actual: true

Test Case Description:  Second Refund Displayed Correctly as : ₹1000.0 on 05 Jul'23
Expected: true
Actual: true
]]>
  </system-out>
  <testcase classname="tests.inventoryStores.pharmacyStore.Transaction.SaleTest" name="validateReturnSaleTransactionFunctionality" time="116.097"/>
  <system-out>
    <![CDATA[Test Case Description: The Facility - <b>TST</b> is already selected.
Expected: true
Actual: true

Test Case Description: Pharmacy automation- Pharmacy store is selected.
Expected: true
Actual: true

Test Case Description: Store pop up closed
Expected: true
Actual: true

Test Case Description: Selected Option in the Left Panel = <b>Transaction</b>
Expected: true
Actual: true

Test Case Description: Selected Sub Option in the Left Panel = <b>Sale</b>
Expected: true
Actual: true

Test Case Description: Purchase Transaction Clicked  In Transaction List
Expected: true
Actual: true

Test Case Description:  Cancel Bill Button Clicked In Sale Transaction
Expected: true
Actual: true

Test Case Description:  Cancel Bill Template Opened and Header Displayed As : Pharmacy Bill Details
Expected: true
Actual: true

Test Case Description: <b> Patient: </b> Label Present In View Sale Transaction RHS side 
Expected: true
Actual: true

Test Case Description: <b> Mr. Elon  </b> Value Present In View Sale Transaction RHS against label <b> Patient: </b>
Expected: true
Actual: true

Test Case Description: <b> MR No.: </b> Label Present In View Sale Transaction RHS side 
Expected: true
Actual: true

Test Case Description: <b> NA  </b> Value Present In View Sale Transaction RHS against label <b> MR No.: </b>
Expected: true
Actual: true

Test Case Description: <b> Bill Number: </b> Label Present In View Sale Transaction RHS side 
Expected: true
Actual: true

Test Case Description: <b> RSO-INT-2001295  </b> Value Present In View Sale Transaction RHS against label <b> Bill Number: </b>
Expected: true
Actual: true

Test Case Description: <b> Patient Mobile: </b> Label Present In View Sale Transaction RHS side 
Expected: true
Actual: true

Test Case Description: <b> 1234567890  </b> Value Present In View Sale Transaction RHS against label <b> Patient Mobile: </b>
Expected: true
Actual: true

Test Case Description: <b> Bill Type: </b> Label Present In View Sale Transaction RHS side 
Expected: true
Actual: true

Test Case Description: <b> Cash  </b> Value Present In View Sale Transaction RHS against label <b> Bill Type: </b>
Expected: true
Actual: true

Test Case Description: <b> Patient ID: </b> Label Present In View Sale Transaction RHS side 
Expected: true
Actual: true

Test Case Description: <b> RSO-PAT-113183  </b> Value Present In View Sale Transaction RHS against label <b> Patient ID: </b>
Expected: true
Actual: true

Test Case Description: <b> Doctor: </b> Label Present In View Sale Transaction RHS side 
Expected: true
Actual: true

Test Case Description: <b> PR.Akash test  </b> Value Present In View Sale Transaction RHS against label <b> Doctor: </b>
Expected: true
Actual: true

Test Case Description: <b> Claim Processor: </b> Label Present In View Sale Transaction RHS side 
Expected: true
Actual: true

Test Case Description: <b> N.A  </b> Value Present In View Sale Transaction RHS against label <b> Claim Processor: </b>
Expected: true
Actual: true

Test Case Description: <b> Created By: </b> Label Present In View Sale Transaction RHS side 
Expected: true
Actual: true

Test Case Description: <b> PR.Akash test  </b> Value Present In View Sale Transaction RHS against label <b> Created By: </b>
Expected: true
Actual: true

Test Case Description: <b> Current Status: </b> Label Present In View Sale Transaction RHS side 
Expected: true
Actual: true

Test Case Description: <b> Delivered  </b> Value Present In View Sale Transaction RHS against label <b> Current Status: </b>
Expected: true
Actual: true

Test Case Description: <b>#  </b> Header/Value Present In  Item Details Of View Bill  Table List
Expected: true
Actual: true

Test Case Description: <b>Code  </b> Header/Value Present In  Item Details Of View Bill  Table List
Expected: true
Actual: true

Test Case Description: <b>Description  </b> Header/Value Present In  Item Details Of View Bill  Table List
Expected: true
Actual: true

Test Case Description: <b>HSN  </b> Header/Value Present In  Item Details Of View Bill  Table List
Expected: true
Actual: true

Test Case Description: <b>Exp.Date  </b> Header/Value Present In  Item Details Of View Bill  Table List
Expected: true
Actual: true

Test Case Description: <b>Batch No.  </b> Header/Value Present In  Item Details Of View Bill  Table List
Expected: true
Actual: true

Test Case Description: <b>QTY  </b> Header/Value Present In  Item Details Of View Bill  Table List
Expected: true
Actual: true

Test Case Description: <b>MRP  </b> Header/Value Present In  Item Details Of View Bill  Table List
Expected: true
Actual: true

Test Case Description: <b>Gross  </b> Header/Value Present In  Item Details Of View Bill  Table List
Expected: true
Actual: true

Test Case Description: <b>Discounts  </b> Header/Value Present In  Item Details Of View Bill  Table List
Expected: true
Actual: true

Test Case Description: <b>Taxable Amt.  </b> Header/Value Present In  Item Details Of View Bill  Table List
Expected: true
Actual: true

Test Case Description: <b>Tax  </b> Header/Value Present In  Item Details Of View Bill  Table List
Expected: true
Actual: true

Test Case Description: <b>Tax Amt.  </b> Header/Value Present In  Item Details Of View Bill  Table List
Expected: true
Actual: true

Test Case Description: <b>Net Amt.  </b> Header/Value Present In  Item Details Of View Bill  Table List
Expected: true
Actual: true

Test Case Description: <b>Remark  </b> Header/Value Present In  Item Details Of View Bill  Table List
Expected: true
Actual: true

Test Case Description: <b>1  </b> Header/Value Present In  Item Details Of View Bill  Table List
Expected: true
Actual: true

Test Case Description: <b>INV-MED-1114-100  </b> Header/Value Present In  Item Details Of View Bill  Table List
Expected: true
Actual: true

Test Case Description: <b>SalesOrderTest1  </b> Header/Value Present In  Item Details Of View Bill  Table List
Expected: true
Actual: true

Test Case Description: <b>12345  </b> Header/Value Present In  Item Details Of View Bill  Table List
Expected: true
Actual: true

Test Case Description: <b>N.A  </b> Header/Value Present In  Item Details Of View Bill  Table List
Expected: true
Actual: true

Test Case Description: <b>  </b> Header/Value Present In  Item Details Of View Bill  Table List
Expected: true
Actual: true

Test Case Description: <b>2.0  </b> Header/Value Present In  Item Details Of View Bill  Table List
Expected: true
Actual: true

Test Case Description: <b>300.0  </b> Header/Value Present In  Item Details Of View Bill  Table List
Expected: true
Actual: true

Test Case Description: <b>600.0  </b> Header/Value Present In  Item Details Of View Bill  Table List
Expected: true
Actual: true

Test Case Description: <b>0.0  </b> Header/Value Present In  Item Details Of View Bill  Table List
Expected: true
Actual: true

Test Case Description: <b>571.43  </b> Header/Value Present In  Item Details Of View Bill  Table List
Expected: true
Actual: true

Test Case Description: <b>5.00  </b> Header/Value Present In  Item Details Of View Bill  Table List
Expected: true
Actual: true

Test Case Description: <b>28.57  </b> Header/Value Present In  Item Details Of View Bill  Table List
Expected: true
Actual: true

Test Case Description: <b>600.0  </b> Header/Value Present In  Item Details Of View Bill  Table List
Expected: true
Actual: true

Test Case Description: <b>  </b> Header/Value Present In  Item Details Of View Bill  Table List
Expected: true
Actual: true

Test Case Description: <b>Taxable Amount :  </b> Header/Value Present In  Item Details Label Of View Bill  Table List
Expected: true
Actual: true

Test Case Description: <b>SGST2.5 :  </b> Header/Value Present In  Item Details Label Of View Bill  Table List
Expected: true
Actual: true

Test Case Description: <b>CGST2.5 :  </b> Header/Value Present In  Item Details Label Of View Bill  Table List
Expected: true
Actual: true

Test Case Description: <b>Total Amt Incl. Tax :  </b> Header/Value Present In  Item Details Label Of View Bill  Table List
Expected: true
Actual: true

Test Case Description: <b>Discount :  </b> Header/Value Present In  Item Details Label Of View Bill  Table List
Expected: true
Actual: true

Test Case Description: <b>Offer :  </b> Header/Value Present In  Item Details Label Of View Bill  Table List
Expected: true
Actual: true

Test Case Description: <b>Total of all discounts :  </b> Header/Value Present In  Item Details Label Of View Bill  Table List
Expected: true
Actual: true

Test Case Description: <b>Net Amount (₹) :  </b> Header/Value Present In  Item Details Label Of View Bill  Table List
Expected: true
Actual: true

Test Case Description: <b>Received from Advance :  </b> Header/Value Present In  Item Details Label Of View Bill  Table List
Expected: true
Actual: true

Test Case Description: <b>Payment Received :  </b> Header/Value Present In  Item Details Label Of View Bill  Table List
Expected: true
Actual: true

Test Case Description: <b>571.43  </b> Header/Value Present In  Item Details Label Value Of View Bill  Table List
Expected: true
Actual: true

Test Case Description: <b>14.29  </b> Header/Value Present In  Item Details Label Value Of View Bill  Table List
Expected: true
Actual: true

Test Case Description: <b>14.29  </b> Header/Value Present In  Item Details Label Value Of View Bill  Table List
Expected: true
Actual: true

Test Case Description: <b>600.00  </b> Header/Value Present In  Item Details Label Value Of View Bill  Table List
Expected: true
Actual: true

Test Case Description: <b>0.00  </b> Header/Value Present In  Item Details Label Value Of View Bill  Table List
Expected: true
Actual: true

Test Case Description: <b>0.00  </b> Header/Value Present In  Item Details Label Value Of View Bill  Table List
Expected: true
Actual: true

Test Case Description: <b>0.00  </b> Header/Value Present In  Item Details Label Value Of View Bill  Table List
Expected: true
Actual: true

Test Case Description: <b>600.00  </b> Header/Value Present In  Item Details Label Value Of View Bill  Table List
Expected: true
Actual: true

Test Case Description: <b>100.00  </b> Header/Value Present In  Item Details Label Value Of View Bill  Table List
Expected: true
Actual: true

Test Case Description: <b>500.00  </b> Header/Value Present In  Item Details Label Value Of View Bill  Table List
Expected: true
Actual: true

Test Case Description:  Details Button Clicked
Expected: true
Actual: true

Test Case Description:  Details Template Opened and Header Displayed as : RECEIVED FROM ADVANCE
Expected: true
Actual: true

Test Case Description: <b>No.  </b> Header/Value Present In Receive From Advance In View Sale Table List
Expected: true
Actual: true

Test Case Description: <b>Date/Time  </b> Header/Value Present In Receive From Advance In View Sale Table List
Expected: true
Actual: true

Test Case Description: <b>Paid By  </b> Header/Value Present In Receive From Advance In View Sale Table List
Expected: true
Actual: true

Test Case Description: <b>Amount  </b> Header/Value Present In Receive From Advance In View Sale Table List
Expected: true
Actual: true

Test Case Description: <b>1  </b> Header/Value Present In Receive From AdvanceIn View Sale Table List
Expected: true
Actual: true

Test Case Description: <b>12:56 PM, 05/07/2023  </b> Header/Value Present In Receive From AdvanceIn View Sale Table List
Expected: true
Actual: true

Test Case Description: <b>Mr. Elon  </b> Header/Value Present In Receive From AdvanceIn View Sale Table List
Expected: true
Actual: true

Test Case Description: <b>100.00/-  </b> Header/Value Present In Receive From AdvanceIn View Sale Table List
Expected: true
Actual: true

Test Case Description:  Details Button Clicked
Expected: true
Actual: true

Test Case Description:  Details Template Opened and Header Displayed as : AMOUNT SETTLED
Expected: true
Actual: true

Test Case Description: <b>No.  </b> Header/Value Present In Payment Received In View Sale Table List
Expected: true
Actual: true

Test Case Description: <b>Date/Time  </b> Header/Value Present In Payment Received In View Sale Table List
Expected: true
Actual: true

Test Case Description: <b>Paid By  </b> Header/Value Present In Payment Received In View Sale Table List
Expected: true
Actual: true

Test Case Description: <b>Paid To  </b> Header/Value Present In Payment Received In View Sale Table List
Expected: true
Actual: true

Test Case Description: <b>Mode Of Payment  </b> Header/Value Present In Payment Received In View Sale Table List
Expected: true
Actual: true

Test Case Description: <b>Amount Received  </b> Header/Value Present In Payment Received In View Sale Table List
Expected: true
Actual: true

Test Case Description: <b>Taxes Deducted  </b> Header/Value Present In Payment Received In View Sale Table List
Expected: true
Actual: true

Test Case Description: <b>Payer Difference  </b> Header/Value Present In Payment Received In View Sale Table List
Expected: true
Actual: true

Test Case Description: <b>Revenue Spillage  </b> Header/Value Present In Payment Received In View Sale Table List
Expected: true
Actual: true

Test Case Description: <b>Total Amount Settled  </b> Header/Value Present In Payment Received In View Sale Table List
Expected: true
Actual: true

Test Case Description: 1 Value Present In  Table List
Expected: true
Actual: true

Test Case Description: 12:56 PM, 05/07/2023 Value Present In  Table List
Expected: true
Actual: true

Test Case Description: Mr. Elon Value Present In  Table List
Expected: true
Actual: true

Test Case Description: PR.Akash test Value Present In  Table List
Expected: true
Actual: true

Test Case Description: Cash Value Present In  Table List
Expected: true
Actual: true

Test Case Description:  Amount Settle Template Print Button Button Displayed and Clicked 
Expected: true
Actual: true

Test Case Description: Validated Print --> Sale Transaction Print page opened
Expected: true
Actual: true

Test Case Description: 0.00 Value Present In  Table List
Expected: true
Actual: true

Test Case Description: 0.00 Value Present In  Table List
Expected: true
Actual: true

Test Case Description: 0.00 Value Present In  Table List
Expected: true
Actual: true

Test Case Description: 500.00 Value Present In  Table List
Expected: true
Actual: true

Test Case Description:  Pharmacy Bill Header Displayed 
Expected: true
Actual: true

Test Case Description: Created Label Displayed In Pharmacy History Section RHS Side
Expected: true
Actual: true

Test Case Description:  Created By User Name and Time Displayed In History as :<b> PR.Akash test
12:56pm, 05 July</b>
Expected: true
Actual: true

Test Case Description:  Bill Settled Using Advance Displayed amd Header Displayed as : Advance Payment
Expected: true
Actual: true

Test Case Description:  Bill Settled By MOP Displayed amd Header Displayed as : Payment Received 
Expected: true
Actual: true

Test Case Description: Paid By Header Displayed In Advance Payment Table
Expected: true
Actual: true

Test Case Description: Amount Header Displayed In Advance Payment Table
Expected: true
Actual: true

Test Case Description: Paid By Header Displayed In Payment Received  Table
Expected: true
Actual: true

Test Case Description: Amount Header Displayed In Payment Received  Table
Expected: true
Actual: true

Test Case Description: Paid By Column Value Displayed In Advance Payment Table as : Advance No: RSO-ADV-11963
Settle Receipt ID: RSO-ADV-11963-SE-01
By PR.Akash test on 12:56 PM, 05/07/2023
Expected: true
Actual: true

Test Case Description: Amount Column Value Displayed Correctly In Advance Payment Table as : 100.00/-
Expected: true
Actual: true

Test Case Description: Patient name - Mr. Elon
Expected: true
Actual: true

Test Case Description: In Paid By Column User Value Displayed In Payment Received  Table as : Mr. Elon
Expected: true
Actual: true

Test Case Description: In Paid By Column Date And Time Value Displayed In Payment Received  Table as : Mr. Elon
Expected: true
Actual: true

Test Case Description: Amount Column Value Displayed Correctly In Payment Received Table as : 500.00/-  (Cash)
Expected: true
Actual: true

Test Case Description: Return Button Displayed And Clicked
Expected: true
Actual: true

Test Case Description:  Save Changes Button Clicked
Expected: true
Actual: true

Test Case Description: Validated the Return Note is Required and Displayed
Expected: true
Actual: true

Test Case Description: Validated the Mode Of Payment is Required And Displayed
Expected: true
Actual: true

Test Case Description: Validated the Gross amount is Required and Displayed
Expected: true
Actual: true

Test Case Description: Return Note Label Displayed as  : Note
Expected: true
Actual: true

Test Case Description: Return Note Entered as : ReturnNote_daasf
Expected: true
Actual: true

Test Case Description: Return Date Label Displayed as  : Return Date
Expected: true
Actual: true

Test Case Description: Return Time Label Displayed as  : Return Time
Expected: true
Actual: true

Test Case Description: Item Details:  Label Displayed in return 
Expected: true
Actual: true

Test Case Description: Mode of Payment Label Displayed in Return 
Expected: true
Actual: true

Test Case Description: Gross Return Amt. Label Displayed in Return 
Expected: true
Actual: true

Test Case Description: Return charges Label Displayed in Return 
Expected: true
Actual: true

Test Case Description: Net Return Value Label Displayed in Return 
Expected: true
Actual: true

Test Case Description: <b>#  </b> Header/Value Present In Item Details In Return Table List
Expected: true
Actual: true

Test Case Description: <b>Description  </b> Header/Value Present In Item Details In Return Table List
Expected: true
Actual: true

Test Case Description: <b>Billed Qty.  </b> Header/Value Present In Item Details In Return Table List
Expected: true
Actual: true

Test Case Description: <b>Returnable Qty.  </b> Header/Value Present In Item Details In Return Table List
Expected: true
Actual: true

Test Case Description: <b>Return Qty.  </b> Header/Value Present In Item Details In Return Table List
Expected: true
Actual: true

Test Case Description: <b>Batch No.  </b> Header/Value Present In Item Details In Return Table List
Expected: true
Actual: true

Test Case Description: <b>Model No.  </b> Header/Value Present In Item Details In Return Table List
Expected: true
Actual: true

Test Case Description: <b>U.Price With Tax  </b> Header/Value Present In Item Details In Return Table List
Expected: true
Actual: true

Test Case Description: <b>Tax  </b> Header/Value Present In Item Details In Return Table List
Expected: true
Actual: true

Test Case Description: <b>Discount  </b> Header/Value Present In Item Details In Return Table List
Expected: true
Actual: true

Test Case Description: <b>Return Amt.  </b> Header/Value Present In Item Details In Return Table List
Expected: true
Actual: true

Test Case Description: <b>Remark  </b> Header/Value Present In Item Details In Return Table List
Expected: true
Actual: true

Test Case Description:  Return Qty Entered More Than Returnable Qty as 21
Expected: true
Actual: true

Test Case Description: Validated the Return Quantity Can Not Entered Greater Than Qty Error and Displayed 
Expected: true
Actual: true

Test Case Description:  More than Return Qty Error Message Displayed as Cannot Checkout more than stock 
Expected: true
Actual: true

Test Case Description:  Return Qty Entered as as 2
Expected: true
Actual: true

Test Case Description:  Return Remark Entered as : Return Remark 1
Expected: true
Actual: true

Test Case Description:  Sl No. Header value Displaying Correctly In Table as : 1
Expected: true
Actual: true

Test Case Description:  Description Header value Displaying Correctly In Table as SalesOrderTest1
Expected: true
Actual: true

Test Case Description:  Billed Qty Header value Displaying Correctly In Table
Expected: true
Actual: true

Test Case Description:  Returnable Qty Header value Displaying Correctly In Table
Expected: true
Actual: true

Test Case Description:  Unit Price Column Value Displayed Correctly as : 300.00
Expected: true
Actual: true

Test Case Description:  Tax Column Value Displayed Correctly as : 28.57 (5.0% - Inc.)
Expected: true
Actual: true

Test Case Description:  Tax Column Value Displayed Correctly as : 0.00 (0.0%)
Expected: true
Actual: true

Test Case Description:  Return Amount Value Displayed Correctly as : 600.0
Expected: true
Actual: true

Test Case Description:  Gross Return Amt Calculated Correctly and Displayed as : 600.0
Expected: true
Actual: true

Test Case Description:  Net Return Charges Calculated Correctly and Displayed as :600.00
Expected: true
Actual: true

Test Case Description:  Return Charges Entered as : 10
Expected: true
Actual: true

Test Case Description:  Net Return Charges Calculated Correctly After Return Charges and Displayed as :590.00
Expected: true
Actual: true

Test Case Description:  Return Mode Of Payment Selected as : Cash
Expected: true
Actual: true

Test Case Description:  Save Button Clicked In Return
Expected: true
Actual: true

Test Case Description:  Return Saved Header Displayed as Pharmacy Return Bill
Expected: true
Actual: true

Test Case Description:  Return Functionality Working and Return Button Disabled Now
Expected: true
Actual: true

Test Case Description: Return Button Displayed as Disabled Correctly
Expected: true
Actual: true

Test Case Description: Bill Button Displayed and Clicked
Expected: true
Actual: true

Test Case Description:  Return Bill Displayed In Bill List
Expected: true
Actual: true

Test Case Description: Return Bill Clicked in Bill List
Expected: true
Actual: true

Test Case Description:  Return Bill Opened And  Header Displayed as Pharmacy Return Bill
Expected: true
Actual: true

Test Case Description: Return Print Button Displayed and Clicked 
Expected: true
Actual: true

Test Case Description: Validated Print --> Sale Transaction Print page opened
Expected: true
Actual: true

Test Case Description:  Return Print Button Displayed and Clicked 
Expected: true
Actual: true

Test Case Description: Validated Print --> Sale Transaction Print page opened
Expected: true
Actual: true
]]>
  </system-out>
  <testcase classname="tests.inventoryStores.pharmacyStore.Transaction.SaleTest" name="createPatientToValidatePatientInventoryFollow" time="21.342"/>
  <system-out>
    <![CDATA[Test Case Description: The Facility - <b>TST</b> is already selected.
Expected: true
Actual: true

Test Case Description: <b>Add</b> Appointment Button is clicked
Expected: true
Actual: true

Test Case Description: Add New Patient Button is displayed
Expected: true
Actual: true

Test Case Description: <b>Add New Patient</b> Button is clicked
Expected: true
Actual: true

Test Case Description: Salutation for Patient is selected as - Mr.
Expected: true
Actual: true

Test Case Description: First Name is entered as - Elon
Expected: true
Actual: true

Test Case Description: Mobile Number is entered as - 1234567890
Expected: true
Actual: true

Test Case Description: Date of Birth field clicked
Expected: true
Actual: true

Test Case Description: Select 2023 in year
Expected: true
Actual: true

Test Case Description: Select Feb in month
Expected: true
Actual: true

Test Case Description: Select  25 in day
Expected: true
Actual: true

Test Case Description: Entered 25/02/2023 in Date Of Birth field
Expected: true
Actual: true

Test Case Description: Validate that Create Appointment button is clicked
Expected: true
Actual: true
]]>
  </system-out>
  <testcase classname="tests.inventoryStores.pharmacyStore.Transaction.SaleTest" name="createPostOPTemplate" time="28.355"/>
  <system-out>
    <![CDATA[Test Case Description: The Facility - <b>TST</b> is already selected.
Expected: true
Actual: true

Test Case Description: Patient name - Mr. Elon
Expected: true
Actual: true

Test Case Description: Patient name found in OPD: <b> MR. ELON</b>
Expected: true
Actual: true

Test Case Description: New Template Details button is clicked
Expected: true
Actual: true

Test Case Description: Validate <b>Post OP</b> template is selected and opened. Header of Template = Post OP Template RSO-CS-1003799
Expected: true
Actual: true

Test Case Description: Validate Post OP template  is selected
Expected: true
Actual: true

Test Case Description: Validate PL- R/OD Button is Clickable
Expected: true
Actual: true

Test Case Description: Validate PL- R/OD Button is Clicked
Expected: true
Actual: true

Test Case Description: Validate Visual Acuity for right eye Comment is entered as Vision Tab Comments
Expected: true
Actual: true

Test Case Description: Validate R/OD Visual Acuity Comment is entered as Visual acuity comment
Expected: true
Actual: true

Test Case Description: Validate PL- L/OS Button is Clickable
Expected: true
Actual: true

Test Case Description: Validate PL- L/OS Button is Clicked
Expected: true
Actual: true

Test Case Description: Validate Visual Acuity for left eye Comment is entered as Vision Tab Comments
Expected: true
Actual: true

Test Case Description: Validate L/OD Visual Acuity Comment is entered as Visual acuity comment
Expected: true
Actual: true

Test Case Description: Right Eye intraocularPressure is 20
Expected: true
Actual: true

Test Case Description: Left Eye intraocularPressure is 20
Expected: true
Actual: true

Test Case Description: Advice Tab Is selected
Expected: true
Actual: true

Test Case Description: Selected Medication Set as - automation set
Expected: true
Actual: true

Test Case Description: Save button is clicked
Expected: true
Actual: true

Test Case Description: Upon clicking Save template, opd summary is displayed
Expected: true
Actual: true

Test Case Description: Close template button is clicked
Expected: true
Actual: true

Test Case Description: Upon clicking close template send to user dropdown is displayed
Expected: true
Actual: true
]]>
  </system-out>
</testsuite> <!-- tests.inventoryStores.pharmacyStore.Transaction.SaleTest -->
