<?xml version="1.0" encoding="UTF-8"?>
<!-- Generated by org.testng.reporters.JUnitReportReporter -->
<testsuite hostname="SPZMUMLAP0011" failures="0" tests="5" name="tests.inventoryStores.pharmacyStore.Transaction.WorkOrderFulfilmentTest" time="668.908" errors="0" timestamp="2023-07-14T08:26:12 IST" skipped="0">
  <testcase classname="tests.inventoryStores.pharmacyStore.Transaction.WorkOrderFulfilmentTest" name="validateEditWorkOrderFulfilment" time="37.425"/>
  <system-out>
    <![CDATA[Test Case Description: The Facility - <b>TST</b> is already selected.
Expected: true
Actual: true

Test Case Description: Pharmacy automation- Pharmacy store is selected.
Expected: true
Actual: true

Test Case Description: Selected Option in the Left Panel = <b>Transaction</b>
Expected: true
Actual: true

Test Case Description: Selected Sub Option in the Left Panel = <b>Work Order Fulfilment</b>
Expected: true
Actual: true

Test Case Description: Clicked <b>Edit</b> button
Expected: true
Actual: true

Test Case Description: Entered lesser than minimum character in update reason
Expected: true
Actual: true

Test Case Description: Validated Update Reason --> <b>Save Changes</b> button is disabled
Expected: true
Actual: true

Test Case Description: Entered <b>TEST</B> in update reason
Expected: true
Actual: true

Test Case Description: Validated Update Reason --> <b>Save Changes</b> button is enabled
Expected: true
Actual: true

Test Case Description: Clicked <b>Save Changes</b> button
Expected: true
Actual: true

Test Case Description: Validated Edit --> WOF No - RSO-WOF-140723-100048 -->Updated At - 14-07-2023 | 08:21 AM
Expected: true
Actual: true
]]>
  </system-out>
  <testcase classname="tests.inventoryStores.pharmacyStore.Transaction.WorkOrderFulfilmentTest" name="validateCancelWorkOrderFulfilment" time="245.191"/>
  <system-out>
    <![CDATA[Test Case Description: The Facility - <b>TST</b> is already selected.
Expected: true
Actual: true

Test Case Description: Pharmacy automation- Pharmacy store is selected.
Expected: true
Actual: true

Test Case Description: Selected Option in the Left Panel = <b>Transaction</b>
Expected: true
Actual: true

Test Case Description: Selected Sub Option in the Left Panel = <b>Work Order Fulfilment</b>
Expected: true
Actual: true

Test Case Description: The Facility - <b>TST</b> is already selected.
Expected: true
Actual: true

Test Case Description: The Facility - <b>TST</b> is already selected.
Expected: true
Actual: true

Test Case Description: Pharmacy automation- Pharmacy store is selected.
Expected: true
Actual: true

Test Case Description: Selected Option in the Left Panel = <b>Order</b>
Expected: true
Actual: true

Test Case Description: Selected Sub Option in the Left Panel = <b>Work Order</b>
Expected: true
Actual: true

Test Case Description: Selected Vendor : <b>Supplier ABC</b>
Expected: true
Actual: true

Test Case Description: Clicked Item AUTO_TEST_ITEM_1_9191
Expected: true
Actual: true

Test Case Description: Clicked Item AUTO_TEST_ITEM_2_8519
Expected: true
Actual: true

Test Case Description: Entered <i>Test Notes</i> in Order Notes
Expected: true
Actual: true

Test Case Description: Selected <i>Urgent</i> in Order Type
Expected: true
Actual: true

Test Case Description: Validated Item Description --> <b>AUTO_TEST_ITEM_1_9191</b>
Expected: true
Actual: true

Test Case Description: Entered minimum length of characters in Instruction Text Box
Expected: true
Actual: true

Test Case Description: Validated Alert message is displayed ,if user enters minimum characters in Instruction
Expected: true
Actual: true

Test Case Description: Entered <b>AUTO-TEST</b> in Instructions
Expected: true
Actual: true

Test Case Description: Entered <b>340.52</b> in Item Rate
Expected: true
Actual: true

Test Case Description: Clicked Up arrow Twice in Item Quantity
Expected: true
Actual: true

Test Case Description: Validated --> Quantity Increment Functionality
Expected: true
Actual: true

Test Case Description: Clicked Down arrow once in Item Quantity
Expected: true
Actual: true

Test Case Description: Validated --> Quantity Decrement Functionality
Expected: true
Actual: true

Test Case Description: Entered <b>69.37</b> in Item Quantity
Expected: true
Actual: true

Test Case Description: Validated --> Gross Amount = <b>23621.87</b>
Expected: true
Actual: true

Test Case Description: Entered <b>71.89</b> in Discount Value
Expected: true
Actual: true

Test Case Description: Selected <b>â‚¹</b> in Discount Type
Expected: true
Actual: true

Test Case Description: Validated Discount Label --> Discount = <b>71.89</b>
Expected: true
Actual: true

Test Case Description: Validated --> Total Discount = <b>71.89</b>
Expected: true
Actual: true

Test Case Description: Selected <b>GST5</b> in Item Tax type
Expected: true
Actual: true

Test Case Description: Validated --> GST 5.0 Tax Amount = <b>1177.50</b>
Expected: true
Actual: true

Test Case Description: Validated --> Item Net Amount = <b>24727.48</b>
Expected: true
Actual: true

Test Case Description: Validated Item Description --> <b>AUTO_TEST_ITEM_2_8519</b>
Expected: true
Actual: true

Test Case Description: Entered minimum length of characters in Instruction Text Box
Expected: true
Actual: true

Test Case Description: Validated Alert message is displayed ,if user enters minimum characters in Instruction
Expected: true
Actual: true

Test Case Description: Entered <b>AUTO-TEST</b> in Instructions
Expected: true
Actual: true

Test Case Description: Entered <b>614.82</b> in Item Rate
Expected: true
Actual: true

Test Case Description: Clicked Up arrow Twice in Item Quantity
Expected: true
Actual: true

Test Case Description: Validated --> Quantity Increment Functionality
Expected: true
Actual: true

Test Case Description: Clicked Down arrow once in Item Quantity
Expected: true
Actual: true

Test Case Description: Validated --> Quantity Decrement Functionality
Expected: true
Actual: true

Test Case Description: Entered <b>56.13</b> in Item Quantity
Expected: true
Actual: true

Test Case Description: Validated --> Gross Amount = <b>58131.72</b>
Expected: true
Actual: true

Test Case Description: Entered <b>54.62</b> in Discount Value
Expected: true
Actual: true

Test Case Description: Selected <b>%</b> in Discount Type
Expected: true
Actual: true

Test Case Description: Validated Discount Label --> Discount = <b>18849.28</b>
Expected: true
Actual: true

Test Case Description: Validated --> Total Discount = <b>18921.17</b>
Expected: true
Actual: true

Test Case Description: Selected <b>GST12</b> in Item Tax type
Expected: true
Actual: true

Test Case Description: Validated --> GST 12.0 Tax Amount = <b>1879.27</b>
Expected: true
Actual: true

Test Case Description: Validated --> Item Net Amount = <b>17539.83</b>
Expected: true
Actual: true

Test Case Description: Selected <b>Fitting Charges</b> on Other Charges
Expected: true
Actual: true

Test Case Description: Entered <b>100</b> on Other Charges
Expected: true
Actual: true

Test Case Description: Entered <b>50</b> on Other Charges Percentage
Expected: true
Actual: true

Test Case Description: Total Other Charges : <b>150.0</b>
Expected: true
Actual: true

Test Case Description: Total Net Amount : <b>42417.32</b>
Expected: true
Actual: true

Test Case Description: Clicked <b>Save Changes</b>
Expected: true
Actual: true

Test Case Description: Selected Option in the Left Panel = <b>Order</b>
Expected: true
Actual: true

Test Case Description: Selected Sub Option in the Left Panel = <b>Work Order</b>
Expected: true
Actual: true

Test Case Description: Work Order Created successfully --> Work Order No : <b>RSO-WO-140723-100916</b>
Expected: true
Actual: true

Test Case Description: Pharmacy automation- Pharmacy store is selected.
Expected: true
Actual: true

Test Case Description: Selected Option in the Left Panel = <b>Order</b>
Expected: true
Actual: true

Test Case Description: Selected Sub Option in the Left Panel = <b>Work Order</b>
Expected: true
Actual: true

Test Case Description: Clicked <b>Approve</b> button
Expected: true
Actual: true

Test Case Description: <b>New Transaction</b> button is displayed
Expected: true
Actual: true

Test Case Description: Clicked <b>New Transaction</b> button 
Expected: true
Actual: true

Test Case Description: Validated --> Work Order Fulfilment Page Displayed
Expected: true
Actual: true

Test Case Description: Entered <b>AUTO-TEST</b> in Transaction Notes
Expected: true
Actual: true

Test Case Description: Validated --> Displayed vendor : <b>Supplier ABC</b>
Expected: true
Actual: true

Test Case Description: Selected <b>Bill</b> in Bill Type
Expected: true
Actual: true

Test Case Description: Entered <b>BILL-NO-904500</b> in Bill No
Expected: true
Actual: true

Test Case Description: Selected Work Order Fulfilment --> Bill Date as : <b>14/07/2023</b>
Expected: true
Actual: true

Test Case Description: Validate Work Order Fulfilment RHS Table --> Item Description : <b>AUTO_TEST_ITEM_1_9191</b>
Expected: true
Actual: true

Test Case Description: Validate Work Order Fulfilment RHS Table --> Instruction : <b>AUTO-TEST</b>
Expected: true
Actual: true

Test Case Description: Validate Work Order Fulfilment RHS Table --> Rate : <b>340.52</b>
Expected: true
Actual: true

Test Case Description: Validate Work Order Fulfilment RHS Table --> WO Quantity : <b>69.37</b>
Expected: true
Actual: true

Test Case Description: Validate Work Order Fulfilment RHS Table --> Pending Quantity : <b>69.37</b>
Expected: true
Actual: true

Test Case Description: Validate Work Order Fulfilment RHS Table --> Quantity : <b>69.37</b>
Expected: true
Actual: true

Test Case Description: Validate Work Order Fulfilment RHS Table --> Discount : <b>71.89</b>
Expected: true
Actual: true

Test Case Description: Validate Work Order Fulfilment RHS Table --> Net Amount : <b>24727.48</b>
Expected: true
Actual: true

Test Case Description: Entered value higher than wo quantity in Quantity
Expected: true
Actual: true

Test Case Description: Validated Error message is displayed : --> Please enter a value less than or equal to 69.37.
Expected: true
Actual: true

Test Case Description: Entered <b>TEST</b> in remark
Expected: true
Actual: true

Test Case Description: Validate Work Order Fulfilment RHS Table --> Item Description : <b>AUTO_TEST_ITEM_2_8519</b>
Expected: true
Actual: true

Test Case Description: Validate Work Order Fulfilment RHS Table --> Instruction : <b>AUTO-TEST</b>
Expected: true
Actual: true

Test Case Description: Validate Work Order Fulfilment RHS Table --> Rate : <b>614.82</b>
Expected: true
Actual: true

Test Case Description: Validate Work Order Fulfilment RHS Table --> WO Quantity : <b>56.13</b>
Expected: true
Actual: true

Test Case Description: Validate Work Order Fulfilment RHS Table --> Pending Quantity : <b>56.13</b>
Expected: true
Actual: true

Test Case Description: Validate Work Order Fulfilment RHS Table --> Quantity : <b>56.13</b>
Expected: true
Actual: true

Test Case Description: Validate Work Order Fulfilment RHS Table --> Discount : <b>18849.28</b>
Expected: true
Actual: true

Test Case Description: Validate Work Order Fulfilment RHS Table --> Net Amount : <b>17539.83</b>
Expected: true
Actual: true

Test Case Description: Entered value higher than wo quantity in Quantity
Expected: true
Actual: true

Test Case Description: Validated Error message is displayed : --> Please enter a value less than or equal to 56.13.
Expected: true
Actual: true

Test Case Description: Entered <b>TEST</b> in remark
Expected: true
Actual: true

Test Case Description: Validated Displayed Pending Charges to be paid to vendor
Expected: true
Actual: true

Test Case Description: Entered <b>150.0</b> in Pending amount
Expected: true
Actual: true

Test Case Description: Clicked <b>Save Changes</b>
Expected: true
Actual: true

Test Case Description: Selected Option in the Left Panel = <b>Transaction</b>
Expected: true
Actual: true

Test Case Description: Selected Sub Option in the Left Panel = <b>Work Order Fulfilment</b>
Expected: true
Actual: true

Test Case Description: Work Order Fulfilment Created successfully --> Work Order Fulfilment No : <b>RSO-WOF-140723-100049</b>
Expected: true
Actual: true

Test Case Description: Pharmacy automation- Pharmacy store is selected.
Expected: true
Actual: true

Test Case Description: Selected Option in the Left Panel = <b>Transaction</b>
Expected: true
Actual: true

Test Case Description: Selected Sub Option in the Left Panel = <b>Work Order Fulfilment</b>
Expected: true
Actual: true

Test Case Description: Clicked Cancel Work Order--> Work Order Fulfilment No=RSO-WOF-140723-100049
Expected: true
Actual: true

Test Case Description: Clicked Don't Cancel button
Expected: true
Actual: true

Test Case Description: Entered <b>AUTO TESTING CANCELLATION</b> in cancellation reason
Expected: true
Actual: true

Test Case Description: Clicked <b>Cancel Work Order Fulfilment </b> button
Expected: true
Actual: true

Test Case Description: Validated -->Notify message --> Work Order Fulfilment is cancelled 
Expected: true
Actual: true

Test Case Description: Store pop up closed
Expected: true
Actual: true

Test Case Description: Selected Option in the Left Panel = <b>Transaction</b>
Expected: true
Actual: true

Test Case Description: Selected Sub Option in the Left Panel = <b>Work Order Fulfilment</b>
Expected: true
Actual: true

Test Case Description: Validated Cancel --> Status = <b>Cancelled</b>
Expected: true
Actual: true

Test Case Description: Validated RHS -->Cancelled By User  = <b>PR.Akash test</b>
Expected: true
Actual: true

Test Case Description: Validated RHS -->Cancelled At = <b>14-07-2023 | 08:25 AM</b>
Expected: true
Actual: true

Test Case Description: Validated RHS -->Cancelled Reason = <b>AUTO TESTING CANCELLATION</b>
Expected: true
Actual: true
]]>
  </system-out>
  <testcase classname="tests.inventoryStores.pharmacyStore.Transaction.WorkOrderFulfilmentTest" name="validateCreateWorkOrderFulfilment" time="317.050"/>
  <system-out>
    <![CDATA[Test Case Description: The Facility - <b>TST</b> is already selected.
Expected: true
Actual: true

Test Case Description: The Facility - <b>TST</b> is already selected.
Expected: true
Actual: true

Test Case Description: Selected Option <b>Organisation Settings</b>
Expected: true
Actual: true

Test Case Description: Selected Option in the Left Panel = <b>Inventory & Supply Chain</b>
Expected: true
Actual: true

Test Case Description: Selected Sub Option in the Left Panel = <b>Category Master</b>
Expected: true
Actual: true

Test Case Description: Category Name Entered as : <b>TEST ASSET 1755</b>
Expected: true
Actual: true

Test Case Description: Category Description Entered as : <b>AUTO-TEST ITEM</b>
Expected: true
Actual: true

Test Case Description: Category Type selected as : <b>Asset</b>
Expected: true
Actual: true

Test Case Description: Selected Option in the Left Panel = <b>Inventory & Supply Chain</b>
Expected: true
Actual: true

Test Case Description: Selected Sub Option in the Left Panel = <b>Item Master</b>
Expected: true
Actual: true

Test Case Description: Category selected: <b> TEST ASSET 1755</b>
Expected: true
Actual: true

Test Case Description: Item Description Entered as : <b>AUTO_TEST_ITEM_1_9191</b>
Expected: true
Actual: true

Test Case Description: Item Tax Entered as : <b>GST5 - 5.0%</b>
Expected: true
Actual: true

Test Case Description: Item code for AUTO_TEST_ITEM_1_9191 = <b>INV-etqxac-1000</b>
Expected: true
Actual: true

Test Case Description: Category selected: <b> TEST ASSET 1755</b>
Expected: true
Actual: true

Test Case Description: Item Description Entered as : <b>AUTO_TEST_ITEM_2_8519</b>
Expected: true
Actual: true

Test Case Description: Item Tax Entered as : <b>GST5 - 5.0%</b>
Expected: true
Actual: true

Test Case Description: Item code for AUTO_TEST_ITEM_2_8519 = <b>INV-etqxac-1001</b>
Expected: true
Actual: true

Test Case Description: Selected Option in the Left Panel = <b>Inventory & Supply Chain</b>
Expected: true
Actual: true

Test Case Description: Selected Sub Option in the Left Panel = <b>Vendor Master</b>
Expected: true
Actual: true

Test Case Description: Selected Category as : <b>TEST ASSET 1755</b> in Vendor Master
Expected: true
Actual: true

Test Case Description: Vendor Credit days present in Supplier ABC is <b>45</b>
Expected: true
Actual: true

Test Case Description: Vendor GST No present in Supplier ABC is <b>21EAC</b>
Expected: true
Actual: true

Test Case Description: Selected Option in the Left Panel = <b>Inventory & Supply Chain</b>
Expected: true
Actual: true

Test Case Description: Selected Sub Option in the Left Panel = <b>Store Setup</b>
Expected: true
Actual: true

Test Case Description: Linked Category <b>TEST ASSET 1755</b> to the Pharmacy automation
Expected: true
Actual: true

Test Case Description: Pharmacy automation- Pharmacy store is selected.
Expected: true
Actual: true

Test Case Description: Selected Option in the Left Panel = <b>Order</b>
Expected: true
Actual: true

Test Case Description: Selected Sub Option in the Left Panel = <b>Work Order</b>
Expected: true
Actual: true

Test Case Description: Selected Vendor : <b>Supplier ABC</b>
Expected: true
Actual: true

Test Case Description: Clicked Item AUTO_TEST_ITEM_1_9191
Expected: true
Actual: true

Test Case Description: Clicked Item AUTO_TEST_ITEM_2_8519
Expected: true
Actual: true

Test Case Description: Entered <i>Test Notes</i> in Order Notes
Expected: true
Actual: true

Test Case Description: Selected <i>Urgent</i> in Order Type
Expected: true
Actual: true

Test Case Description: Validated Item Description --> <b>AUTO_TEST_ITEM_1_9191</b>
Expected: true
Actual: true

Test Case Description: Entered minimum length of characters in Instruction Text Box
Expected: true
Actual: true

Test Case Description: Validated Alert message is displayed ,if user enters minimum characters in Instruction
Expected: true
Actual: true

Test Case Description: Entered <b>AUTO-TEST</b> in Instructions
Expected: true
Actual: true

Test Case Description: Entered <b>395.81</b> in Item Rate
Expected: true
Actual: true

Test Case Description: Clicked Up arrow Twice in Item Quantity
Expected: true
Actual: true

Test Case Description: Validated --> Quantity Increment Functionality
Expected: true
Actual: true

Test Case Description: Clicked Down arrow once in Item Quantity
Expected: true
Actual: true

Test Case Description: Validated --> Quantity Decrement Functionality
Expected: true
Actual: true

Test Case Description: Entered <b>63.19</b> in Item Quantity
Expected: true
Actual: true

Test Case Description: Validated --> Gross Amount = <b>25011.23</b>
Expected: true
Actual: true

Test Case Description: Entered <b>46.90</b> in Discount Value
Expected: true
Actual: true

Test Case Description: Selected <b>â‚¹</b> in Discount Type
Expected: true
Actual: true

Test Case Description: Validated Discount Label --> Discount = <b>46.9</b>
Expected: true
Actual: true

Test Case Description: Validated --> Total Discount = <b>46.90</b>
Expected: true
Actual: true

Test Case Description: Selected <b>GST5</b> in Item Tax type
Expected: true
Actual: true

Test Case Description: Validated --> GST 5.0 Tax Amount = <b>1248.22</b>
Expected: true
Actual: true

Test Case Description: Validated --> Item Net Amount = <b>26212.55</b>
Expected: true
Actual: true

Test Case Description: Validated Item Description --> <b>AUTO_TEST_ITEM_2_8519</b>
Expected: true
Actual: true

Test Case Description: Entered minimum length of characters in Instruction Text Box
Expected: true
Actual: true

Test Case Description: Validated Alert message is displayed ,if user enters minimum characters in Instruction
Expected: true
Actual: true

Test Case Description: Entered <b>AUTO-TEST</b> in Instructions
Expected: true
Actual: true

Test Case Description: Entered <b>209.66</b> in Item Rate
Expected: true
Actual: true

Test Case Description: Clicked Up arrow Twice in Item Quantity
Expected: true
Actual: true

Test Case Description: Validated --> Quantity Increment Functionality
Expected: true
Actual: true

Test Case Description: Clicked Down arrow once in Item Quantity
Expected: true
Actual: true

Test Case Description: Validated --> Quantity Decrement Functionality
Expected: true
Actual: true

Test Case Description: Entered <b>46.86</b> in Item Quantity
Expected: true
Actual: true

Test Case Description: Validated --> Gross Amount = <b>34835.90</b>
Expected: true
Actual: true

Test Case Description: Entered <b>60.51</b> in Discount Value
Expected: true
Actual: true

Test Case Description: Selected <b>%</b> in Discount Type
Expected: true
Actual: true

Test Case Description: Validated Discount Label --> Discount = <b>5944.91</b>
Expected: true
Actual: true

Test Case Description: Validated --> Total Discount = <b>5991.81</b>
Expected: true
Actual: true

Test Case Description: Selected <b>GST12</b> in Item Tax type
Expected: true
Actual: true

Test Case Description: Validated --> GST 12.0 Tax Amount = <b>465.57</b>
Expected: true
Actual: true

Test Case Description: Validated --> Item Net Amount = <b>4345.33</b>
Expected: true
Actual: true

Test Case Description: Selected <b>Fitting Charges</b> on Other Charges
Expected: true
Actual: true

Test Case Description: Entered <b>100</b> on Other Charges
Expected: true
Actual: true

Test Case Description: Entered <b>50</b> on Other Charges Percentage
Expected: true
Actual: true

Test Case Description: Total Other Charges : <b>150.0</b>
Expected: true
Actual: true

Test Case Description: Total Net Amount : <b>30707.88</b>
Expected: true
Actual: true

Test Case Description: Clicked <b>Save Changes</b>
Expected: true
Actual: true

Test Case Description: Selected Option in the Left Panel = <b>Order</b>
Expected: true
Actual: true

Test Case Description: Selected Sub Option in the Left Panel = <b>Work Order</b>
Expected: true
Actual: true

Test Case Description: Work Order Created successfully --> Work Order No : <b>RSO-WO-140723-100915</b>
Expected: true
Actual: true

Test Case Description: Pharmacy automation- Pharmacy store is selected.
Expected: true
Actual: true

Test Case Description: Selected Option in the Left Panel = <b>Order</b>
Expected: true
Actual: true

Test Case Description: Selected Sub Option in the Left Panel = <b>Work Order</b>
Expected: true
Actual: true

Test Case Description: Clicked <b>Approve</b> button
Expected: true
Actual: true

Test Case Description: <b>New Transaction</b> button is displayed
Expected: true
Actual: true

Test Case Description: Clicked <b>New Transaction</b> button 
Expected: true
Actual: true

Test Case Description: Validated --> Work Order Fulfilment Page Displayed
Expected: true
Actual: true

Test Case Description: Validate Work Order RHS Table --> Item Description : <b>AUTO_TEST_ITEM_1_9191-</b>
Expected: true
Actual: true

Test Case Description: Validate Work Order Fulfilment LHS Table --> Instruction : <b>AUTO-TEST</b>
Expected: true
Actual: true

Test Case Description: Validate Work Order Fulfilment LHS Table --> Rate : <b>395.81</b>
Expected: true
Actual: true

Test Case Description: Validate Work Order Fulfilment LHS Table --> Quantity : <b>63.19</b>
Expected: true
Actual: true

Test Case Description: Validate Work Order Fulfilment LHS Table --> Discount : <b>46.9</b>
Expected: true
Actual: true

Test Case Description: Validate Work Order Fulfilment LHS Table --> Net Amount : <b>26212.55</b>
Expected: true
Actual: true

Test Case Description: Validate Work Order RHS Table --> Item Description : <b>AUTO_TEST_ITEM_2_8519-</b>
Expected: true
Actual: true

Test Case Description: Validate Work Order Fulfilment LHS Table --> Instruction : <b>AUTO-TEST</b>
Expected: true
Actual: true

Test Case Description: Validate Work Order Fulfilment LHS Table --> Rate : <b>209.66</b>
Expected: true
Actual: true

Test Case Description: Validate Work Order Fulfilment LHS Table --> Quantity : <b>46.86</b>
Expected: true
Actual: true

Test Case Description: Validate Work Order Fulfilment LHS Table --> Discount : <b>5944.91</b>
Expected: true
Actual: true

Test Case Description: Validate Work Order Fulfilment LHS Table --> Net Amount : <b>4345.33</b>
Expected: true
Actual: true

Test Case Description: Clicked <b>Save Change</b> without entering mandatory fields
Expected: true
Actual: true

Test Case Description: Validated Alert msg is displayed for Bill
Expected: true
Actual: true

Test Case Description: Validated Alert msg is displayed for Pending Other Charges
Expected: true
Actual: true

Test Case Description: Validated LHS Item Information --> Gross Amount = <b>34835.9</b>
Expected: true
Actual: true

Test Case Description: Validated LHS Item Information --> Total Discount = <b>5991.81</b>
Expected: true
Actual: true

Test Case Description: Validated LHS Item Information --> Total Tax Amount = <b>1248.22</b>
Expected: true
Actual: true

Test Case Description: Validated LHS Item Information --> Total Tax Amount = <b>465.57</b>
Expected: true
Actual: true

Test Case Description: Validated LHS Item Information --> Other Charges = <b>150.0</b>
Expected: true
Actual: true

Test Case Description: Validated LHS Item Information --> Net Amount = <b>30707.88</b>
Expected: true
Actual: true

Test Case Description: Entered <b>AUTO-TEST</b> in Transaction Notes
Expected: true
Actual: true

Test Case Description: Validated --> Displayed vendor : <b>Supplier ABC</b>
Expected: true
Actual: true

Test Case Description: Selected Work Order Fulfilment Date as : <b>14/07/2023</b>
Expected: true
Actual: true

Test Case Description: Selected Work Order Fulfilment Time as : <b>10:00:PM</b>
Expected: true
Actual: true

Test Case Description: Selected <b>Bill</b> in Bill Type
Expected: true
Actual: true

Test Case Description: Entered <b>BILL-NO-746343</b> in Bill No
Expected: true
Actual: true

Test Case Description: Selected Work Order Fulfilment --> Bill Date as : <b>14/07/2023</b>
Expected: true
Actual: true

Test Case Description: Validate Work Order Fulfilment RHS Table --> Item Description : <b>AUTO_TEST_ITEM_1_9191</b>
Expected: true
Actual: true

Test Case Description: Validate Work Order Fulfilment RHS Table --> Instruction : <b>AUTO-TEST</b>
Expected: true
Actual: true

Test Case Description: Validate Work Order Fulfilment RHS Table --> Rate : <b>395.81</b>
Expected: true
Actual: true

Test Case Description: Validate Work Order Fulfilment RHS Table --> WO Quantity : <b>63.19</b>
Expected: true
Actual: true

Test Case Description: Validate Work Order Fulfilment RHS Table --> Pending Quantity : <b>63.19</b>
Expected: true
Actual: true

Test Case Description: Validate Work Order Fulfilment RHS Table --> Quantity : <b>63.19</b>
Expected: true
Actual: true

Test Case Description: Validate Work Order Fulfilment RHS Table --> Discount : <b>46.90</b>
Expected: true
Actual: true

Test Case Description: Validate Work Order Fulfilment RHS Table --> Net Amount : <b>26212.55</b>
Expected: true
Actual: true

Test Case Description: Entered value higher than wo quantity in Quantity
Expected: true
Actual: true

Test Case Description: Validated Error message is displayed : --> Please enter a value less than or equal to 63.19.
Expected: true
Actual: true

Test Case Description: Entered <b>TEST</b> in remark
Expected: true
Actual: true

Test Case Description: Validate Work Order Fulfilment RHS Table --> Item Description : <b>AUTO_TEST_ITEM_2_8519</b>
Expected: true
Actual: true

Test Case Description: Validate Work Order Fulfilment RHS Table --> Instruction : <b>AUTO-TEST</b>
Expected: true
Actual: true

Test Case Description: Validate Work Order Fulfilment RHS Table --> Rate : <b>209.66</b>
Expected: true
Actual: true

Test Case Description: Validate Work Order Fulfilment RHS Table --> WO Quantity : <b>46.86</b>
Expected: true
Actual: true

Test Case Description: Validate Work Order Fulfilment RHS Table --> Pending Quantity : <b>46.86</b>
Expected: true
Actual: true

Test Case Description: Validate Work Order Fulfilment RHS Table --> Quantity : <b>46.86</b>
Expected: true
Actual: true

Test Case Description: Validate Work Order Fulfilment RHS Table --> Discount : <b>5944.91</b>
Expected: true
Actual: true

Test Case Description: Validate Work Order Fulfilment RHS Table --> Net Amount : <b>4345.33</b>
Expected: true
Actual: true

Test Case Description: Entered value higher than wo quantity in Quantity
Expected: true
Actual: true

Test Case Description: Validated Error message is displayed : --> Please enter a value less than or equal to 46.86.
Expected: true
Actual: true

Test Case Description: Entered <b>TEST</b> in remark
Expected: true
Actual: true

Test Case Description: Validated Displayed Pending Charges to be paid to vendor
Expected: true
Actual: true

Test Case Description: Entered <b>150.0</b> in Pending amount
Expected: true
Actual: true

Test Case Description: Validated Work Order Fulfilment --> Gross Amount = <b>34835.90</b>
Expected: true
Actual: true

Test Case Description: Validated Work Order Fulfilment --> Total Discount = <b>5991.81</b>
Expected: true
Actual: true

Test Case Description: Validated Work Order Fulfilment --> Total Tax Amount GST 5.0= <b>1248.22</b>
Expected: true
Actual: true

Test Case Description: Validated Work Order Fulfilment --> Total Tax Amount GST 12.0= <b>465.57</b>
Expected: true
Actual: true

Test Case Description: Validated Work Order Fulfilment --> Other Charges = <b>150</b>
Expected: true
Actual: true

Test Case Description: Validated Work Order Fulfilment --> Net Amount = <b>30707.88</b>
Expected: true
Actual: true

Test Case Description: Clicked <b>Save Changes</b>
Expected: true
Actual: true

Test Case Description: Selected Option in the Left Panel = <b>Transaction</b>
Expected: true
Actual: true

Test Case Description: Selected Sub Option in the Left Panel = <b>Work Order Fulfilment</b>
Expected: true
Actual: true

Test Case Description: Work Order Fulfilment Created successfully --> Work Order Fulfilment No : <b>RSO-WOF-140723-100048</b>
Expected: true
Actual: true
]]>
  </system-out>
  <testcase classname="tests.inventoryStores.pharmacyStore.Transaction.WorkOrderFulfilmentTest" name="validateWorkOrderFulfilmentRHS" time="27.507"/>
  <system-out>
    <![CDATA[Test Case Description: The Facility - <b>TST</b> is already selected.
Expected: true
Actual: true

Test Case Description: Pharmacy automation- Pharmacy store is selected.
Expected: true
Actual: true

Test Case Description: Selected Option in the Left Panel = <b>Transaction</b>
Expected: true
Actual: true

Test Case Description: Selected Sub Option in the Left Panel = <b>Work Order Fulfilment</b>
Expected: true
Actual: true

Test Case Description: Validated RHS --> Work Order Fulfilment Created By User <b>: PR.Akash test</b>
Expected: true
Actual: true

Test Case Description: Validated RHS --> Work Order Fulfilment Created At <b>: 14-07-2023 | 08:20 AM</b>
Expected: true
Actual: true

Test Case Description: Validated Work Order Fulfilment RHS -->  Status <b>: open </b>
Expected: true
Actual: true

Test Case Description: Validated Work Order Fulfilment RHS --> Vendor Location <b>: Supplier ABC - Sonestaa Meadows Thubarahalli Extended Road Thubarahalli, Whitefield Bengaluru, Karnataka, Mysuru, KARNATAKA, 571311</b>
Expected: true
Actual: true

Test Case Description: Validated Work Order Fulfilment RHS --> Vendor <b>: Supplier ABC</b>
Expected: true
Actual: true

Test Case Description: Validated Work Order Fulfilment RHS --> Vendor GST No <b>: 21EAC</b>
Expected: true
Actual: true

Test Case Description: Validate Work Order Fulfilment RHS Table --> Item Description : <b>AUTO_TEST_ITEM_1_9191-</b>
Expected: true
Actual: true

Test Case Description: Validate Work Order Fulfilment RHS Table --> Instruction : <b>AUTO-TEST</b>
Expected: true
Actual: true

Test Case Description: Validate Work Order Fulfilment RHS Table --> Rate : <b>395.81</b>
Expected: true
Actual: true

Test Case Description: Validate Work Order Fulfilment RHS Table --> Quantity : <b>63.19</b>
Expected: true
Actual: true

Test Case Description: Validate Work Order Fulfilment RHS Table --> Discount : <b>46.9</b>
Expected: true
Actual: true

Test Case Description: Validate Work Order Fulfilment RHS Table --> Net Amount : <b>26212.55</b>
Expected: true
Actual: true

Test Case Description: Validate Work Order Fulfilment RHS Table --> REMARK : <b>TEST</b>
Expected: true
Actual: true

Test Case Description: Validate Work Order Fulfilment RHS Table --> Item Description : <b>AUTO_TEST_ITEM_2_8519-</b>
Expected: true
Actual: true

Test Case Description: Validate Work Order Fulfilment RHS Table --> Instruction : <b>AUTO-TEST</b>
Expected: true
Actual: true

Test Case Description: Validate Work Order Fulfilment RHS Table --> Rate : <b>209.66</b>
Expected: true
Actual: true

Test Case Description: Validate Work Order Fulfilment RHS Table --> Quantity : <b>46.86</b>
Expected: true
Actual: true

Test Case Description: Validate Work Order Fulfilment RHS Table --> Discount : <b>5944.91</b>
Expected: true
Actual: true

Test Case Description: Validate Work Order Fulfilment RHS Table --> Net Amount : <b>4345.33</b>
Expected: true
Actual: true

Test Case Description: Validate Work Order Fulfilment RHS Table --> REMARK : <b>TEST</b>
Expected: true
Actual: true

Test Case Description: Validated RHS Item Information --> Gross Amount = <b>34835.9</b>
Expected: true
Actual: true

Test Case Description: Validated RHS Item Information --> Total Discount = <b>5991.81</b>
Expected: true
Actual: true

Test Case Description: Validated RHS Item Information --> Total Tax Amount GST5 = <b>1248.22</b>
Expected: true
Actual: true

Test Case Description: Validated RHS Item Information --> Total Tax Amount GST12= <b>465.57</b>
Expected: true
Actual: true

Test Case Description: Validated RHS Item Information --> Other Charges = <b>150.0</b>
Expected: true
Actual: true

Test Case Description: Validated RHS Item Information --> Net Amount = <b>30707.88</b>
Expected: true
Actual: true
]]>
  </system-out>
  <testcase classname="tests.inventoryStores.pharmacyStore.Transaction.WorkOrderFulfilmentTest" name="validateApproveWorkOrderFulfilment" time="41.735"/>
  <system-out>
    <![CDATA[Test Case Description: The Facility - <b>TST</b> is already selected.
Expected: true
Actual: true

Test Case Description: Pharmacy automation- Pharmacy store is selected.
Expected: true
Actual: true

Test Case Description: Selected Option in the Left Panel = <b>Transaction</b>
Expected: true
Actual: true

Test Case Description: Selected Sub Option in the Left Panel = <b>Work Order Fulfilment</b>
Expected: true
Actual: true

Test Case Description: Clicked <b>Approve</b> button
Expected: true
Actual: true

Test Case Description: Validated -->Notify message --> Work Order Fulfilment is approved 
Expected: true
Actual: true

Test Case Description: Validated RHS Work Order Status : <b>Approved</b>
Expected: true
Actual: true

Test Case Description: Validated Approve --> Print option is displayed
Expected: true
Actual: true

Test Case Description: Validated Approve --> Edit option is removed
Expected: true
Actual: true

Test Case Description: Validated Approve --> Cancel option is removed
Expected: true
Actual: true

Test Case Description: Clicked Print button
Expected: true
Actual: true

Test Case Description: Validated Print --> Work Order Fulfilment Print page opened
Expected: true
Actual: true
]]>
  </system-out>
</testsuite> <!-- tests.inventoryStores.pharmacyStore.Transaction.WorkOrderFulfilmentTest -->
