<?xml version="1.0" encoding="UTF-8"?>
<!-- Generated by org.testng.reporters.JUnitReportReporter -->
<testsuite hostname="SPZMUMLAP0011" failures="0" tests="1" name="tests.authorizationpolicy.inventory.InventoryPolicyPurchaseReturnTest" time="133.834" errors="0" timestamp="2023-06-23T17:51:06 IST" skipped="0">
  <testcase classname="tests.authorizationpolicy.inventory.InventoryPolicyPurchaseReturnTest" name="validateReturnTxnDatePurchaseReturnPolicy" time="133.834"/>
  <system-out>
    <![CDATA[Test Case Description: Clicked user policy for user : PR.Akash test
Expected: true
Actual: true

Test Case Description: opened authorization policy page for the user : PR.Akash test
Expected: true
Actual: true

Test Case Description: INVENTORY policy clicked
Expected: true
Actual: true

Test Case Description: Inventory Purchase Return Transaction Date Edit Access
Authorized:    NO
Expected: true
Actual: true

Test Case Description: Pharmacy automation- Pharmacy store is selected.
Expected: true
Actual: true

Test Case Description: Selected Option in the Left Panel = <b>Transaction</b>
Expected: true
Actual: true

Test Case Description: Selected Sub Option in the Left Panel = <b>Purchase Return</b>
Expected: true
Actual: true

Test Case Description: Validated --> Inventory Purchase Return Transaction Date Edit Access --> Purchase Return date edit is disabled
Expected: true
Actual: true

Test Case Description: Clicked user policy for user : PR.Akash test
Expected: true
Actual: true

Test Case Description: opened authorization policy page for the user : PR.Akash test
Expected: true
Actual: true

Test Case Description: INVENTORY policy clicked
Expected: true
Actual: true

Test Case Description: Inventory Purchase Return Transaction Date Edit Access
Authorized:    YES
Expected: true
Actual: true

Test Case Description: Selected Option in the Left Panel = <b>Transaction</b>
Expected: true
Actual: true

Test Case Description: Selected Sub Option in the Left Panel = <b>Purchase Return</b>
Expected: true
Actual: true

Test Case Description: Validated --> Inventory Purchase Return Transaction Date Edit Access -->  Purchase Return date edit is enabled
Expected: true
Actual: true
]]>
  </system-out>
</testsuite> <!-- tests.authorizationpolicy.inventory.InventoryPolicyPurchaseReturnTest -->
