<?xml version="1.0" encoding="UTF-8"?>
<!-- Generated by org.testng.reporters.JUnitReportReporter -->
<testsuite hostname="SPZMUMLAP0011" failures="0" tests="2" name="tests.inventoryStores.otStore.StoreConsumptionTest" time="408.714" errors="0" timestamp="2023-12-18T19:29:24 IST" skipped="0">
  <testcase classname="tests.inventoryStores.otStore.StoreConsumptionTest" name="validateCreateStoreConsumptionFunctionality" time="280.965"/>
  <system-out>
    <![CDATA[Test Case Description: Expected User is Logged in - <b>PR.Akash test</b> .Current User is PR.Akash test
Expected: true
Actual: true

Test Case Description: The Facility - <b>OPTHA1</b> is already selected.
Expected: true
Actual: true

Test Case Description: 123store- IPD store is selected.
Expected: true
Actual: true

Test Case Description: Store pop up closed
Expected: true
Actual: true

Test Case Description: Selected Option in the Left Panel = <b>Items</b>
Expected: true
Actual: true

Test Case Description: Selected Sub Option in the Left Panel = <b>Master</b>
Expected: true
Actual: true

Test Case Description:  Add Item Button Clicked
Expected: true
Actual: true

Test Case Description: Category Dropdown Clicked in add item 
Expected: true
Actual: true

Test Case Description: Category selected: <b> Medication</b>
Expected: true
Actual: true

Test Case Description:  Item HSN code Entered as : <b>HSN90CO</b>
Expected: true
Actual: true

Test Case Description: Item Description Entered as : <b>TransactionPurchase_mpgf</b>
Expected: true
Actual: true

Test Case Description: Item Properties Tax Entered as : <b>GST5 - 5.0%</b>
Expected: true
Actual: true

Test Case Description: Item Properties Expiry Present Checkbox Clicked
Expected: true
Actual: true

Test Case Description: Item Properties Prescription Mandatory Checkbox Clicked
Expected: true
Actual: true

Test Case Description: Item Possible Variant Name Entered as : <b>Variant1</b>
Expected: true
Actual: true

Test Case Description: Item Possible Variant Value Clicked
Expected: true
Actual: true

Test Case Description: Item Possible Variant Value Entered as : <b>1</b>
Expected: true
Actual: true

Test Case Description: Save Button Clicked with filled required field
Expected: true
Actual: true

Test Case Description: Selected Option in the Left Panel = <b>Transaction</b>
Expected: true
Actual: true

Test Case Description: Selected Sub Option in the Left Panel = <b>Purchase/GRN</b>
Expected: true
Actual: true

Test Case Description: New Button Displayed and Clicked in Purchase Transaction
Expected: true
Actual: true

Test Case Description: Item found in purchase: <b> TransactionPurchase_mpgf</b>
Expected: true
Actual: true

Test Case Description: Expiry Date Input box clicked
Expected: true
Actual: true

Test Case Description: Current date selected as expiry date as <b> </b>
Expected: true
Actual: true

Test Case Description: Unit cost without tax entered as : <b> 100</b>
Expected: true
Actual: true

Test Case Description: package entry entered as : <b> 5</b>
Expected: true
Actual: true

Test Case Description: Discount entered as : <b> 10</b>
Expected: true
Actual: true

Test Case Description: Selling Price entered as : <b> 120</b>
Expected: true
Actual: true

Test Case Description:  Save Changes Button CLicked In Inventory Template
Expected: true
Actual: true

Test Case Description: Stock added successfully
Expected: true
Actual: true

Test Case Description:  Transaction Notes Entered as :<b> Transaction_notesvolk</b>
Expected: true
Actual: true

Test Case Description: Bill Type Selected:<b> Bill </b>
Expected: true
Actual: true

Test Case Description: Bill Number: <b> BILL_045924 </b>
Expected: true
Actual: true

Test Case Description: Purchase Transaction time:<b> 7:25PM</b>
Expected: true
Actual: true

Test Case Description: Date of bill selected:<b> 18 </b>
Expected: true
Actual: true

Test Case Description: Other Charges: <b> Item_other </b>
Expected: true
Actual: true

Test Case Description: Save Changes Button Clicked In A Lot Inventory Template
Expected: true
Actual: true

Test Case Description: Store pop up closed
Expected: true
Actual: true

Test Case Description: Selected Option in the Left Panel = <b>Transaction</b>
Expected: true
Actual: true

Test Case Description: Selected Sub Option in the Left Panel = <b>Purchase/GRN</b>
Expected: true
Actual: true

Test Case Description: GRN trsnaction approved successfully
Expected: true
Actual: true

Test Case Description: Store pop up closed
Expected: true
Actual: true

Test Case Description: Selected Option in the Left Panel = <b>Transaction</b>
Expected: true
Actual: true

Test Case Description: Selected Sub Option in the Left Panel = <b>Store Consumption</b>
Expected: true
Actual: true

Test Case Description: New Button Displayed and Clicked in Store Consumption Transaction
Expected: true
Actual: true

Test Case Description: Opened store consumption page and clicked description in LHS
Expected: true
Actual: true

Test Case Description: added item 1 for store consumption
Expected: true
Actual: true

Test Case Description: added item 2 for store consumption
Expected: true
Actual: true

Test Case Description: Delete button clicked
Expected: true
Actual: true

Test Case Description: one item deleted successfully
Expected: true
Actual: true

Test Case Description: Save button clicked without entering required details
Expected: true
Actual: true

Test Case Description: Validated Employee field is required
Expected: true
Actual: true

Test Case Description: Validated Quantity field is required
Expected: true
Actual: true

Test Case Description: Entered quantity <b>2 </b>for the Item
Expected: true
Actual: true

Test Case Description: Selected employee <b>PR.Akash test </b>for the Item
Expected: true
Actual: true

Test Case Description: Store Consumptions Transaction saved successfully
Expected: true
Actual: true

Test Case Description: Store pop up closed
Expected: true
Actual: true

Test Case Description: Selected Option in the Left Panel = <b>Items</b>
Expected: true
Actual: true

Test Case Description: Selected Sub Option in the Left Panel = <b>Lot</b>
Expected: true
Actual: true

Test Case Description: Validated total stock <b>5.0</b> for the lot
Expected: true
Actual: true

Test Case Description: Validated blocked lot <b>2.0</b> for the item
Expected: true
Actual: true

Test Case Description: Store pop up closed
Expected: true
Actual: true

Test Case Description: Selected Option in the Left Panel = <b>Transaction</b>
Expected: true
Actual: true

Test Case Description: Selected Sub Option in the Left Panel = <b>Store Consumption</b>
Expected: true
Actual: true

Test Case Description: Validated Item name <b>TransactionPurchase_mpgf </b>on UI 
Expected: true
Actual: true

Test Case Description: Validated Employee name <b>PR.Akash test </b>on UI 
Expected: true
Actual: true

Test Case Description: Validated Store consumption Quantity <b>2.0 </b>on UI 
Expected: true
Actual: true

Test Case Description: Transaction is in Open Status
Expected: true
Actual: true

Test Case Description: Clicked cancel transaction button
Expected: true
Actual: true

Test Case Description: Store Consumption Transaction is in Cancelled Status
Expected: true
Actual: true
]]>
  </system-out>
  <testcase classname="tests.inventoryStores.otStore.StoreConsumptionTest" name="editAndApproveStoreConsumptionFunctionality" time="127.749"/>
  <system-out>
    <![CDATA[Test Case Description: Expected User is Logged in - <b>PR.Akash test</b> .Current User is PR.Akash test
Expected: true
Actual: true

Test Case Description: The Facility - <b>OPTHA1</b> is already selected.
Expected: true
Actual: true

Test Case Description: 123store- IPD store is selected.
Expected: true
Actual: true

Test Case Description: Store pop up closed
Expected: true
Actual: true

Test Case Description: Selected Option in the Left Panel = <b>Transaction</b>
Expected: true
Actual: true

Test Case Description: Selected Sub Option in the Left Panel = <b>Store Consumption</b>
Expected: true
Actual: true

Test Case Description: New Button Displayed and Clicked in Store Consumption Transaction
Expected: true
Actual: true

Test Case Description: Opened store consumption page and clicked description in LHS
Expected: true
Actual: true

Test Case Description: Entered  quantity <b>2 </b>for the Item
Expected: true
Actual: true

Test Case Description: Selected employee <b>PR.Akash test </b>for the Item
Expected: true
Actual: true

Test Case Description: Store Consumptions Transaction saved successfully
Expected: true
Actual: true

Test Case Description: Store Consumption Edit button clicked
Expected: true
Actual: true

Test Case Description: Entered quantity <b>5 </b>for the Item
Expected: true
Actual: true

Test Case Description: Selected employee <b>Arpit Singh </b>for the Item
Expected: true
Actual: true

Test Case Description: Store Consumptions Transaction saved successfully
Expected: true
Actual: true

Test Case Description: Store pop up closed
Expected: true
Actual: true

Test Case Description: Selected Option in the Left Panel = <b>Items</b>
Expected: true
Actual: true

Test Case Description: Selected Sub Option in the Left Panel = <b>Lot</b>
Expected: true
Actual: true

Test Case Description: Validated total stock <b>5.0</b> for the lot
Expected: true
Actual: true

Test Case Description: Validated blocked lot <b>5.0</b> for the item
Expected: true
Actual: true

Test Case Description: Store pop up closed
Expected: true
Actual: true

Test Case Description: Selected Option in the Left Panel = <b>Transaction</b>
Expected: true
Actual: true

Test Case Description: Selected Sub Option in the Left Panel = <b>Store Consumption</b>
Expected: true
Actual: true

Test Case Description: Store Consmption Transaction Approved
Expected: true
Actual: true

Test Case Description: Selected Option in the Left Panel = <b>Items</b>
Expected: true
Actual: true

Test Case Description: Selected Sub Option in the Left Panel = <b>Lot</b>
Expected: true
Actual: true

Test Case Description: Validated total stock <b>0.0</b> for the lot
Expected: true
Actual: true

Test Case Description: Validated blocked lot <b>0.0</b> for the item
Expected: true
Actual: true
]]>
  </system-out>
</testsuite> <!-- tests.inventoryStores.otStore.StoreConsumptionTest -->
