<?xml version="1.0" encoding="UTF-8"?>
<!-- Generated by org.testng.reporters.JUnitReportReporter -->
<testsuite hostname="SPZMUMLAP0011" failures="0" tests="3" name="tests.settings.organisationSettings.general.GenerateDuplicateSequence.Test.PurchaseTransactionSequenceTest" time="397.679" errors="0" timestamp="2023-12-17T19:37:36 GMT+05:30" skipped="0">
  <testcase classname="tests.settings.organisationSettings.general.GenerateDuplicateSequence.Test.PurchaseTransactionSequenceTest" name="validatePurchaseGrnSequence" time="105.675"/>
  <system-out>
    <![CDATA[Test Case Description: Entered Username : hgdummydoc
Expected: true
Actual: true

Test Case Description: Entered Password : FO#sSpRd12$23$
Expected: true
Actual: true

Test Case Description: Clicked on Login Button
Expected: true
Actual: true

Test Case Description: Purchase Grn Created At =17-12-2023 | 07:36 PM ->>> Purchase Grn no =<b>AZA/000004</b>
Expected: true
Actual: true

Test Case Description: Purchase Grn Created At =17-12-2023 | 07:36 PM ->>> Purchase Grn no =<b>AZA/000005</b>
Expected: true
Actual: true

Test Case Description: Validate Purchase/GRN Sequence - No Duplicates found
Expected: true
Actual: true

Test Case Description: Validated Secondary Sequence counter got increased by 2 count
Expected: true
Actual: true

Test Case Description: Counter Level : Region = BEFORE :  --> <font color='yellow'>RSO--KARN1/000655</font> --> AFTER :  --> <font color='lime'>RSO--KARN1/000657</font>
Expected: true
Actual: true

Test Case Description: Validated Secondary Sequence counter got increased by 2 count
Expected: true
Actual: true

Test Case Description: Counter Level : Organisation = BEFORE :  --> <font color='yellow'>RSO-GRN-171223-101742</font> --> AFTER :  --> <font color='lime'>RSO-GRN-171223-101744</font>
Expected: true
Actual: true
]]>
  </system-out>
  <testcase classname="tests.settings.organisationSettings.general.GenerateDuplicateSequence.Test.PurchaseTransactionSequenceTest" name="generatePurchaseTransactionSequence" time="146.219"/>
  <system-out>
    <![CDATA[Test Case Description: Entered Username : hgdummydoc
Expected: true
Actual: true

Test Case Description: Entered Password : FO#sSpRd12$23$
Expected: true
Actual: true

Test Case Description: Clicked on Login Button
Expected: true
Actual: true

Test Case Description: Selected Store - Pharmacy Viet- Pharmacy
Expected: true
Actual: true

Test Case Description: Purchase Transaction created
Expected: true
Actual: true
]]>
  </system-out>
  <testcase classname="tests.settings.organisationSettings.general.GenerateDuplicateSequence.Test.PurchaseTransactionSequenceTest" name="generatePurchaseTransactionSequence" time="145.785"/>
  <system-out>
    <![CDATA[Test Case Description: Entered Username : hgdummydoc
Expected: true
Actual: true

Test Case Description: Entered Password : FO#sSpRd12$23$
Expected: true
Actual: true

Test Case Description: Clicked on Login Button
Expected: true
Actual: true

Test Case Description: Selected Store - Pharmacy Viet- Pharmacy
Expected: true
Actual: true

Test Case Description: Purchase Transaction created
Expected: true
Actual: true
]]>
  </system-out>
</testsuite> <!-- tests.settings.organisationSettings.general.GenerateDuplicateSequence.Test.PurchaseTransactionSequenceTest -->
