<?xml version="1.0" encoding="UTF-8"?>
<!-- Generated by org.testng.reporters.JUnitReportReporter -->
<testsuite hostname="SPZMUMLAP0011" failures="0" tests="2" name="tests.authorizationpolicy.inventory.InventoryPolicyStoreInformationTest" time="182.227" errors="0" timestamp="2023-06-19T17:13:08 IST" skipped="0">
  <testcase classname="tests.authorizationpolicy.inventory.InventoryPolicyStoreInformationTest" name="validateEditStoreInformationInventoryPolicy" time="95.586"/>
  <system-out>
    <![CDATA[Test Case Description: Clicked user policy for user : PR.Akash test
Expected: true
Actual: true

Test Case Description: opened authorization policy page for the user : PR.Akash test
Expected: true
Actual: true

Test Case Description: INVENTORY policy clicked
Expected: true
Actual: true

Test Case Description: Inventory Store Information Edit Access
Authorized:    NO
Expected: true
Actual: true

Test Case Description: Pharmacy automation- Pharmacy store is selected.
Expected: true
Actual: true

Test Case Description: Store pop up closed
Expected: true
Actual: true

Test Case Description: Selected <b>Store Information</b> on store left panel
Expected: true
Actual: true

Test Case Description: Validated -->Inventory Store Information edit-->Edit functionality is disabled in Store Information
Expected: true
Actual: true

Test Case Description: Clicked user policy for user : PR.Akash test
Expected: true
Actual: true

Test Case Description: opened authorization policy page for the user : PR.Akash test
Expected: true
Actual: true

Test Case Description: INVENTORY policy clicked
Expected: true
Actual: true

Test Case Description: Inventory Store Information Edit Access
Authorized:    YES
Expected: true
Actual: true

Test Case Description: Selected <b>Store Information</b> on store left panel
Expected: true
Actual: true

Test Case Description: Validated -->Inventory Store Information edit-->Edit functionality is enabled in Store Information
Expected: true
Actual: true
]]>
  </system-out>
  <testcase classname="tests.authorizationpolicy.inventory.InventoryPolicyStoreInformationTest" name="validateViewStoreInformationInventoryPolicy" time="86.641"/>
  <system-out>
    <![CDATA[Test Case Description: Clicked user policy for user : PR.Akash test
Expected: true
Actual: true

Test Case Description: opened authorization policy page for the user : PR.Akash test
Expected: true
Actual: true

Test Case Description: INVENTORY policy clicked
Expected: true
Actual: true

Test Case Description: Inventory Store Information View Access
Authorized:    NO
Expected: true
Actual: true

Test Case Description: Pharmacy automation- Pharmacy store is selected.
Expected: true
Actual: true

Test Case Description: Store pop up closed
Expected: true
Actual: true

Test Case Description: Validated -->Inventory Store Information View Access-->Store Information Tab is disabled in store
Expected: true
Actual: true

Test Case Description: Clicked user policy for user : PR.Akash test
Expected: true
Actual: true

Test Case Description: opened authorization policy page for the user : PR.Akash test
Expected: true
Actual: true

Test Case Description: INVENTORY policy clicked
Expected: true
Actual: true

Test Case Description: Inventory Store Information View Access
Authorized:    YES
Expected: true
Actual: true

Test Case Description: Store pop up closed
Expected: true
Actual: true

Test Case Description: Validated --> Inventory Store Information View Access--> Store Information Tab is enabled in store
Expected: true
Actual: true
]]>
  </system-out>
</testsuite> <!-- tests.authorizationpolicy.inventory.InventoryPolicyStoreInformationTest -->
