<?xml version="1.0" encoding="UTF-8"?>
<!-- Generated by org.testng.reporters.JUnitReportReporter -->
<testsuite hostname="SPZMUMLAP0011" failures="0" tests="1" name="tests.departments.opd.AddPatientsTest" time="39.931" errors="0" timestamp="2023-12-20T13:58:47 IST" skipped="0">
  <testcase classname="tests.departments.opd.AddPatientsTest" name="validateAndFillEssentialPatientDetails" time="39.931"/>
  <system-out>
    <![CDATA[Test Case Description: Validate Login successful
Expected: true
Actual: true

Test Case Description: Selected the Facility - <b>TESTING_FACILITY - TST</b>
Expected: true
Actual: true

Test Case Description: Logged In User = PR.Akash test
Expected: true
Actual: true

Test Case Description: The Facility - <b>TST</b> is already selected.
Expected: true
Actual: true

Test Case Description: Selected Option <b>Organisation Settings</b>
Expected: true
Actual: true

Test Case Description: Selected Option in the Left Panel = <b>General</b>
Expected: true
Actual: true

Test Case Description: Selected Sub Option in the Left Panel = <b>Patient Settings</b>
Expected: true
Actual: true

Test Case Description: Selected mandatory field in Patient setting are First Name, Mobile Number
Expected: true
Actual: true

Test Case Description: OPD department is selected.
Expected: true
Actual: true

Test Case Description: <b>Add</b> Appointment Button is clicked
Expected: true
Actual: true

Test Case Description: Add New Patient Button is displayed
Expected: true
Actual: true

Test Case Description: <b>Add New Patient</b> Button is clicked
Expected: true
Actual: true

Test Case Description: No. of Tabs on Patient Reg. & Appointment Form is 4
Expected: true
Actual: true

Test Case Description: Patient Details Tab is selected on start by default.
Expected: true
Actual: true

Test Case Description: Patient Details Tab is displayed on the form.
Expected: true
Actual: true

Test Case Description: Other Details Tab is displayed on the form.
Expected: true
Actual: true

Test Case Description: History Tab is displayed on the form.
Expected: true
Actual: true

Test Case Description: Allergies Tab is displayed on the form.
Expected: true
Actual: true

Test Case Description: Alert for compulsory field is visible by default on the empty form.
Expected: true
Actual: true

Test Case Description: Validate that the Compulsory sections message is First Name and Mobile Number are Compulsory.
Expected: true
Actual: true

Test Case Description: Alert for compulsory field is highlighted in <b>Red</b> when trying to Create Appointment with empty form. Message = First Name and Mobile Number are Compulsory.
Expected: true
Actual: true

Test Case Description: First Name is visible in the Compulsory Fields alert message.
Expected: true
Actual: true

Test Case Description: Mobile Number is visible in the Compulsory Fields alert message.
Expected: true
Actual: true

Test Case Description: Salutation for Patient is selected as - Mr.
Expected: true
Actual: true

Test Case Description: First Name is entered as - Elon
Expected: true
Actual: true

Test Case Description: Middle Name is entered as - 
Expected: true
Actual: true

Test Case Description: Last Name is entered as - 
Expected: true
Actual: true

Test Case Description: Mobile Number is entered as - 1234567890
Expected: true
Actual: true

Test Case Description: MRNfytdg entered for Medical Report Number
Expected: true
Actual: true
]]>
  </system-out>
</testsuite> <!-- tests.departments.opd.AddPatientsTest -->
