<?xml version="1.0" encoding="UTF-8"?>
<!-- Generated by org.testng.reporters.JUnitReportReporter -->
<testsuite hostname="SPZMUMLAP0011" failures="0" tests="3" name="tests.settings.organisationSettings.general.GenerateDuplicateSequence.Test.PrfSequenceParallelTest" time="252.378" errors="0" timestamp="2023-12-17T21:45:14 IST" skipped="0">
  <testcase classname="tests.settings.organisationSettings.general.GenerateDuplicateSequence.Test.PrfSequenceParallelTest" name="generatePrfSequence" time="98.394"/>
  <system-out>
    <![CDATA[Test Case Description: Entered Username : hgdummydoc
Expected: true
Actual: true

Test Case Description: Entered Password : FO#sSpRd12$23$
Expected: true
Actual: true

Test Case Description: Clicked on Login Button
Expected: true
Actual: true

Test Case Description: Selected Store - Pharmacy Viet- Pharmacy
Expected: true
Actual: true

Test Case Description: <b>PRF</b> created
Expected: true
Actual: true
]]>
  </system-out>
  <testcase classname="tests.settings.organisationSettings.general.GenerateDuplicateSequence.Test.PrfSequenceParallelTest" name="validatePrfSequence" time="60.997"/>
  <system-out>
    <![CDATA[Test Case Description: Entered Username : hgdummydoc
Expected: true
Actual: true

Test Case Description: Entered Password : FO#sSpRd12$23$
Expected: true
Actual: true

Test Case Description: Clicked on Login Button
Expected: true
Actual: true

Test Case Description: PRF created at 17-12-2023 | 09:45 PM --> PRF ID : <b>RSO-PRF-171223-100132</b>
Expected: true
Actual: true

Test Case Description: PRF created at 17-12-2023 | 09:45 PM --> PRF ID : <b>RSO-PRF-171223-100131</b>
Expected: true
Actual: true

Test Case Description: Validate PRF Sequence - No Duplicates found
Expected: true
Actual: true

Test Case Description: Validated Primary Sequence counter got increased by 2 count
Expected: true
Actual: true

Test Case Description: Counter Level : Organisation = BEFORE :  --> <font color='yellow'>RSO-PRF-171223-100130</font> --> AFTER :  --> <font color='lime'>RSO-PRF-171223-100132</font>
Expected: true
Actual: true
]]>
  </system-out>
  <testcase classname="tests.settings.organisationSettings.general.GenerateDuplicateSequence.Test.PrfSequenceParallelTest" name="generatePrfSequence" time="92.987"/>
  <system-out>
    <![CDATA[Test Case Description: Entered Username : hgdummydoc
Expected: true
Actual: true

Test Case Description: Entered Password : FO#sSpRd12$23$
Expected: true
Actual: true

Test Case Description: Clicked on Login Button
Expected: true
Actual: true

Test Case Description: Selected Store - Pharmacy Viet- Pharmacy
Expected: true
Actual: true

Test Case Description: <b>PRF</b> created
Expected: true
Actual: true
]]>
  </system-out>
</testsuite> <!-- tests.settings.organisationSettings.general.GenerateDuplicateSequence.Test.PrfSequenceParallelTest -->
