<?xml version="1.0" encoding="UTF-8"?>
<!-- Generated by org.testng.reporters.JUnitReportReporter -->
<testsuite hostname="SPZMUMLAP0011" failures="0" tests="2" name="tests.authorizationpolicy.ipd.OtDetailsPolicyTest" time="359.075" errors="0" timestamp="2023-10-30T15:41:57 IST" skipped="0">
  <testcase classname="tests.authorizationpolicy.ipd.OtDetailsPolicyTest" name="validatePolicy_unlinkOtDetails" time="196.118"/>
  <system-out>
    <![CDATA[Test Case Description: Expected User is Logged in - <b>PR.Akash test</b> .Current User is PR.Akash test
Expected: true
Actual: true

Test Case Description: Selected Option <b>Organisation Settings</b>
Expected: true
Actual: true

Test Case Description: Selected Option in the Left Panel = <b>General</b>
Expected: true
Actual: true

Test Case Description: Selected Sub Option in the Left Panel = <b>Organisation Setup</b>
Expected: true
Actual: true

Test Case Description: Clicked user policy for user : PR.Akash test
Expected: true
Actual: true

Test Case Description: opened authorization policy page for the user : PR.Akash test
Expected: true
Actual: true

Test Case Description: IPD policy clicked
Expected: true
Actual: true

Test Case Description: OT Unlink from Admission access
Authorized:    NO
Expected: true
Actual: true

Test Case Description: Selected Option <b>Organisation Settings</b>
Expected: true
Actual: true

Test Case Description: Selected Option in the Left Panel = <b>General</b>
Expected: true
Actual: true

Test Case Description: Selected Sub Option in the Left Panel = <b>Organisation Setup</b>
Expected: true
Actual: true

Test Case Description: Expected User is Logged in - <b>PR.Akash test</b> .Current User is PR.Akash test
Expected: true
Actual: true

Test Case Description: The Facility - <b>TST</b> is already selected.
Expected: true
Actual: true

Test Case Description: IPD department is selected.
Expected: true
Actual: true

Test Case Description: Patient name - Mr. Mark
Expected: true
Actual: true

Test Case Description: <font color='blue'>Validated OT Unlink from Admission access is disabled for the user</font>
Expected: true
Actual: true

Test Case Description: Expected User is Logged in - <b>PR.Akash test</b> .Current User is PR.Akash test
Expected: true
Actual: true

Test Case Description: Selected Option <b>Organisation Settings</b>
Expected: true
Actual: true

Test Case Description: Selected Option in the Left Panel = <b>General</b>
Expected: true
Actual: true

Test Case Description: Selected Sub Option in the Left Panel = <b>Organisation Setup</b>
Expected: true
Actual: true

Test Case Description: Clicked user policy for user : PR.Akash test
Expected: true
Actual: true

Test Case Description: opened authorization policy page for the user : PR.Akash test
Expected: true
Actual: true

Test Case Description: IPD policy clicked
Expected: true
Actual: true

Test Case Description: OT Unlink from Admission access
Authorized:    YES
Expected: true
Actual: true

Test Case Description: <font color='blue'>Validated OT Unlink from Admission access is enabled for the user</font>
Expected: true
Actual: true
]]>
  </system-out>
  <testcase classname="tests.authorizationpolicy.ipd.OtDetailsPolicyTest" name="validatePolicy_deleteOtDetails" time="162.957"/>
  <system-out>
    <![CDATA[Test Case Description: Clicked user policy for user : PR.Akash test
Expected: true
Actual: true

Test Case Description: opened authorization policy page for the user : PR.Akash test
Expected: true
Actual: true

Test Case Description: IPD policy clicked
Expected: true
Actual: true

Test Case Description: OT Delete access
Authorized:    NO
Expected: true
Actual: true

Test Case Description: Selected Option <b>Organisation Settings</b>
Expected: true
Actual: true

Test Case Description: Selected Option in the Left Panel = <b>General</b>
Expected: true
Actual: true

Test Case Description: Selected Sub Option in the Left Panel = <b>Organisation Setup</b>
Expected: true
Actual: true

Test Case Description: Expected User is Logged in - <b>PR.Akash test</b> .Current User is PR.Akash test
Expected: true
Actual: true

Test Case Description: The Facility - <b>TST</b> is already selected.
Expected: true
Actual: true

Test Case Description: IPD department is selected.
Expected: true
Actual: true

Test Case Description: <font color='blue'>Validated OT Delete access is disabled for the user</font>
Expected: true
Actual: true

Test Case Description: Expected User is Logged in - <b>PR.Akash test</b> .Current User is PR.Akash test
Expected: true
Actual: true

Test Case Description: Selected Option <b>Organisation Settings</b>
Expected: true
Actual: true

Test Case Description: Selected Option in the Left Panel = <b>General</b>
Expected: true
Actual: true

Test Case Description: Selected Sub Option in the Left Panel = <b>Organisation Setup</b>
Expected: true
Actual: true

Test Case Description: Clicked user policy for user : PR.Akash test
Expected: true
Actual: true

Test Case Description: opened authorization policy page for the user : PR.Akash test
Expected: true
Actual: true

Test Case Description: IPD policy clicked
Expected: true
Actual: true

Test Case Description: OT Delete access
Authorized:    YES
Expected: true
Actual: true

Test Case Description: <font color='blue'>Validated OT Delete access is enabled for the user</font>
Expected: true
Actual: true
]]>
  </system-out>
</testsuite> <!-- tests.authorizationpolicy.ipd.OtDetailsPolicyTest -->
