<?xml version="1.0" encoding="UTF-8"?>
<!-- Generated by org.testng.reporters.JUnitReportReporter -->
<testsuite hostname="SPZMUMLAP0011" failures="0" tests="5" name="tests.authorizationpolicy.inventory.InventoryPolicySubStoreTest" time="468.098" errors="0" timestamp="2023-06-19T16:40:24 IST" skipped="0">
  <testcase classname="tests.authorizationpolicy.inventory.InventoryPolicySubStoreTest" name="validateViewSubStoreInventoryPolicy" time="87.040"/>
  <system-out>
    <![CDATA[Test Case Description: Clicked user policy for user : PR.Akash test
Expected: true
Actual: true

Test Case Description: opened authorization policy page for the user : PR.Akash test
Expected: true
Actual: true

Test Case Description: INVENTORY policy clicked
Expected: true
Actual: true

Test Case Description: Inventory Sub Store View Access
Authorized:    NO
Expected: true
Actual: true

Test Case Description: Pharmacy automation- Pharmacy store is selected.
Expected: true
Actual: true

Test Case Description: Store pop up closed
Expected: true
Actual: true

Test Case Description: Validated -->Inventory Sub Store View Access-->Sub Store Tab is disabled in store
Expected: true
Actual: true

Test Case Description: Clicked user policy for user : PR.Akash test
Expected: true
Actual: true

Test Case Description: opened authorization policy page for the user : PR.Akash test
Expected: true
Actual: true

Test Case Description: INVENTORY policy clicked
Expected: true
Actual: true

Test Case Description: Inventory Sub Store View Access
Authorized:    YES
Expected: true
Actual: true

Test Case Description: Store pop up closed
Expected: true
Actual: true

Test Case Description: Validated --> Inventory Sub Store View Access--> Sub Store Tab is enabled in store
Expected: true
Actual: true
]]>
  </system-out>
  <testcase classname="tests.authorizationpolicy.inventory.InventoryPolicySubStoreTest" name="validateEditSubStoreInventoryPolicy" time="95.246"/>
  <system-out>
    <![CDATA[Test Case Description: Clicked user policy for user : PR.Akash test
Expected: true
Actual: true

Test Case Description: opened authorization policy page for the user : PR.Akash test
Expected: true
Actual: true

Test Case Description: INVENTORY policy clicked
Expected: true
Actual: true

Test Case Description: Inventory Sub Store Edit Access
Authorized:    NO
Expected: true
Actual: true

Test Case Description: Pharmacy automation- Pharmacy store is selected.
Expected: true
Actual: true

Test Case Description: Store pop up closed
Expected: true
Actual: true

Test Case Description: Selected <b>Sub-Store</b> on store left panel
Expected: true
Actual: true

Test Case Description: Validated -->Inventory Purchase Transaction edit-->Edit functionality is disabled in Sub-Store
Expected: true
Actual: true

Test Case Description: Clicked user policy for user : PR.Akash test
Expected: true
Actual: true

Test Case Description: opened authorization policy page for the user : PR.Akash test
Expected: true
Actual: true

Test Case Description: INVENTORY policy clicked
Expected: true
Actual: true

Test Case Description: Inventory Sub Store Edit Access
Authorized:    YES
Expected: true
Actual: true

Test Case Description: Selected <b>Sub-Store</b> on store left panel
Expected: true
Actual: true

Test Case Description: Validated -->Inventory purchase transaction edit-->Edit functionality is enabled in Sub-Store
Expected: true
Actual: true
]]>
  </system-out>
  <testcase classname="tests.authorizationpolicy.inventory.InventoryPolicySubStoreTest" name="validateAddSubStoreInventoryPolicy" time="92.235"/>
  <system-out>
    <![CDATA[Test Case Description: Clicked user policy for user : PR.Akash test
Expected: true
Actual: true

Test Case Description: opened authorization policy page for the user : PR.Akash test
Expected: true
Actual: true

Test Case Description: INVENTORY policy clicked
Expected: true
Actual: true

Test Case Description: Inventory Sub Store Creation Access
Authorized:    NO
Expected: true
Actual: true

Test Case Description: Pharmacy automation- Pharmacy store is selected.
Expected: true
Actual: true

Test Case Description: Store pop up closed
Expected: true
Actual: true

Test Case Description: Selected <b>Sub-Store</b> on store left panel
Expected: true
Actual: true

Test Case Description: Validated --> Inventory Sub Store Creation Access--> Add functionality is disabled in Sub-Store
Expected: true
Actual: true

Test Case Description: Clicked user policy for user : PR.Akash test
Expected: true
Actual: true

Test Case Description: opened authorization policy page for the user : PR.Akash test
Expected: true
Actual: true

Test Case Description: INVENTORY policy clicked
Expected: true
Actual: true

Test Case Description: Inventory Sub Store Creation Access
Authorized:    YES
Expected: true
Actual: true

Test Case Description: Store pop up closed
Expected: true
Actual: true

Test Case Description: Selected <b>Sub-Store</b> on store left panel
Expected: true
Actual: true

Test Case Description: Validated -->Inventory Sub Store Creation Access-->Add functionality is enabled in Sub Store
Expected: true
Actual: true
]]>
  </system-out>
  <testcase classname="tests.authorizationpolicy.inventory.InventoryPolicySubStoreTest" name="validateEnableAccessSubStoreInventoryPolicy" time="99.789"/>
  <system-out>
    <![CDATA[Test Case Description: Clicked user policy for user : PR.Akash test
Expected: true
Actual: true

Test Case Description: opened authorization policy page for the user : PR.Akash test
Expected: true
Actual: true

Test Case Description: INVENTORY policy clicked
Expected: true
Actual: true

Test Case Description: Inventory Sub Store Enable Access
Authorized:    NO
Expected: true
Actual: true

Test Case Description: Pharmacy automation- Pharmacy store is selected.
Expected: true
Actual: true

Test Case Description: Store pop up closed
Expected: true
Actual: true

Test Case Description: Selected <b>Sub-Store</b> on store left panel
Expected: true
Actual: true

Test Case Description: Validated -->Inventory Sub Store Enable Access--> <b>Enable Sub-Store</b> button is not displayed in Sub-Store
Expected: true
Actual: true

Test Case Description: Clicked user policy for user : PR.Akash test
Expected: true
Actual: true

Test Case Description: opened authorization policy page for the user : PR.Akash test
Expected: true
Actual: true

Test Case Description: INVENTORY policy clicked
Expected: true
Actual: true

Test Case Description: Inventory Sub Store Enable Access
Authorized:    YES
Expected: true
Actual: true

Test Case Description: Selected <b>Sub-Store</b> on store left panel
Expected: true
Actual: true

Test Case Description: Validated -->Inventory Sub Store Enable Access--> <b>Enable Sub-Store</b> button is displayed in Sub-Store
Expected: true
Actual: true
]]>
  </system-out>
  <testcase classname="tests.authorizationpolicy.inventory.InventoryPolicySubStoreTest" name="validateDisableAccessSubStoreInventoryPolicy" time="93.788"/>
  <system-out>
    <![CDATA[Test Case Description: Clicked user policy for user : PR.Akash test
Expected: true
Actual: true

Test Case Description: opened authorization policy page for the user : PR.Akash test
Expected: true
Actual: true

Test Case Description: INVENTORY policy clicked
Expected: true
Actual: true

Test Case Description: Inventory Sub Store Disable Access
Authorized:    NO
Expected: true
Actual: true

Test Case Description: Pharmacy automation- Pharmacy store is selected.
Expected: true
Actual: true

Test Case Description: Store pop up closed
Expected: true
Actual: true

Test Case Description: Selected <b>Sub-Store</b> on store left panel
Expected: true
Actual: true

Test Case Description: Validated -->Inventory Sub Store Disable Access--> <b>Disable Sub-Store</b> button is not displayed in Sub-Store
Expected: true
Actual: true

Test Case Description: Clicked user policy for user : PR.Akash test
Expected: true
Actual: true

Test Case Description: opened authorization policy page for the user : PR.Akash test
Expected: true
Actual: true

Test Case Description: INVENTORY policy clicked
Expected: true
Actual: true

Test Case Description: Inventory Sub Store Disable Access
Authorized:    YES
Expected: true
Actual: true

Test Case Description: Selected <b>Sub-Store</b> on store left panel
Expected: true
Actual: true

Test Case Description: Validated -->Inventory Sub Store Disable Access--> <b>Disable Sub-Store</b> button is displayed in Sub-Store
Expected: true
Actual: true
]]>
  </system-out>
</testsuite> <!-- tests.authorizationpolicy.inventory.InventoryPolicySubStoreTest -->
