<?xml version="1.0" encoding="UTF-8"?>
<!-- Generated by org.testng.reporters.JUnitReportReporter -->
<testsuite hostname="SPZMUMLAP0011" failures="0" tests="1" name="tests.inventoryStores.pharmacyStore.Items.MasterTest" time="281.262" errors="0" timestamp="2023-10-04T22:03:08 IST" skipped="0">
  <testcase classname="tests.inventoryStores.pharmacyStore.Items.MasterTest" name="validateDuplicateItemInItemMaster" time="281.262"/>
  <system-out>
    <![CDATA[Test Case Description: <b>SERVER : PP</b>
Expected: true
Actual: true

Test Case Description: Expected User is Logged in - <b>Abhishek Singh</b> .Current User is Abhishek Singh
Expected: true
Actual: true

Test Case Description: Camp Optical- Optical store is selected.
Expected: true
Actual: true

Test Case Description: Store pop up closed
Expected: true
Actual: true

Test Case Description: Selected Option in the Left Panel = <b>Items</b>
Expected: true
Actual: true

Test Case Description: Selected Sub Option in the Left Panel = <b>Master</b>
Expected: true
Actual: true

Test Case Description:  Master Option Displayed In Item 
Expected: true
Actual: true

Test Case Description: No Duplicates Found
Expected: true
Actual: true
]]>
  </system-out>
</testsuite> <!-- tests.inventoryStores.pharmacyStore.Items.MasterTest -->
