<?xml version="1.0" encoding="UTF-8"?>
<!-- Generated by org.testng.reporters.JUnitReportReporter -->
<testsuite hostname="SPZMUMLAP0011" failures="0" tests="5" name="tests.authorizationpolicy.inventory.InventoryPolicyWorkOrderFulfilmentTest" time="644.068" errors="0" timestamp="2023-06-28T22:56:36 IST" skipped="0">
  <testcase classname="tests.authorizationpolicy.inventory.InventoryPolicyWorkOrderFulfilmentTest" name="validateApproveWorkOrderFulfilment" time="139.176"/>
  <system-out>
    <![CDATA[Test Case Description: Clicked user policy for user : PR.Akash test
Expected: true
Actual: true

Test Case Description: opened authorization policy page for the user : PR.Akash test
Expected: true
Actual: true

Test Case Description: INVENTORY policy clicked
Expected: true
Actual: true

Test Case Description: Inventory Work Order Fulfilment Approval access
Authorized:    NO    
Maker-Checker: No
Expected: true
Actual: true

Test Case Description: Pharmacy automation- Pharmacy store is selected.
Expected: true
Actual: true

Test Case Description: Selected Option in the Left Panel = <b>Order</b>
Expected: true
Actual: true

Test Case Description: Selected Sub Option in the Left Panel = <b>Work Order</b>
Expected: true
Actual: true

Test Case Description: Clicked <b>Save Changes</b>
Expected: true
Actual: true

Test Case Description: Selected Option in the Left Panel = <b>Transaction</b>
Expected: true
Actual: true

Test Case Description: Selected Sub Option in the Left Panel = <b>Work Order Fulfilment</b>
Expected: true
Actual: true

Test Case Description: Validated -->Work Order Fulfilment Approval --> Approve functionality is disabled
Expected: true
Actual: true

Test Case Description: Clicked user policy for user : PR.Akash test
Expected: true
Actual: true

Test Case Description: opened authorization policy page for the user : PR.Akash test
Expected: true
Actual: true

Test Case Description: INVENTORY policy clicked
Expected: true
Actual: true

Test Case Description: Inventory Work Order Fulfilment Approval access
Authorized:    YES    
Maker-Checker: No
Expected: true
Actual: true

Test Case Description: Selected Option in the Left Panel = <b>Transaction</b>
Expected: true
Actual: true

Test Case Description: Selected Sub Option in the Left Panel = <b>Work Order Fulfilment</b>
Expected: true
Actual: true

Test Case Description: Validated -->Work Order Fulfilment Approval --> Approve functionality is enabled
Expected: true
Actual: true
]]>
  </system-out>
  <testcase classname="tests.authorizationpolicy.inventory.InventoryPolicyWorkOrderFulfilmentTest" name="validateEditTransactionDateAndTimeWorkOrderFulfilment" time="123.269"/>
  <system-out>
    <![CDATA[Test Case Description: Clicked user policy for user : PR.Akash test
Expected: true
Actual: true

Test Case Description: opened authorization policy page for the user : PR.Akash test
Expected: true
Actual: true

Test Case Description: INVENTORY policy clicked
Expected: true
Actual: true

Test Case Description: Inventory Work Order Fulfilment Date and Time Edit access
Authorized:    NO
Expected: true
Actual: true

Test Case Description: Pharmacy automation- Pharmacy store is selected.
Expected: true
Actual: true

Test Case Description: Selected Option in the Left Panel = <b>Transaction</b>
Expected: true
Actual: true

Test Case Description: Selected Sub Option in the Left Panel = <b>Work Order Fulfilment</b>
Expected: true
Actual: true

Test Case Description: Validated -->Work Order Fulfilment date & time edit access-->Transaction date & time edit functionality is disabled
Expected: true
Actual: true

Test Case Description: Clicked user policy for user : PR.Akash test
Expected: true
Actual: true

Test Case Description: opened authorization policy page for the user : PR.Akash test
Expected: true
Actual: true

Test Case Description: INVENTORY policy clicked
Expected: true
Actual: true

Test Case Description: Inventory Work Order Fulfilment Date and Time Edit access
Authorized:    YES
Expected: true
Actual: true

Test Case Description: Selected Option in the Left Panel = <b>Transaction</b>
Expected: true
Actual: true

Test Case Description: Selected Sub Option in the Left Panel = <b>Work Order Fulfilment</b>
Expected: true
Actual: true

Test Case Description: Validated -->Work Order Fulfilment date & time edit access-->Transaction date & time edit functionality is enabled
Expected: true
Actual: true
]]>
  </system-out>
  <testcase classname="tests.authorizationpolicy.inventory.InventoryPolicyWorkOrderFulfilmentTest" name="validateEditWorkOrderFulfilment" time="120.627"/>
  <system-out>
    <![CDATA[Test Case Description: Clicked user policy for user : PR.Akash test
Expected: true
Actual: true

Test Case Description: opened authorization policy page for the user : PR.Akash test
Expected: true
Actual: true

Test Case Description: INVENTORY policy clicked
Expected: true
Actual: true

Test Case Description: Inventory Work Order Fulfilment Edit access
Authorized:    NO
Expected: true
Actual: true

Test Case Description: Pharmacy automation- Pharmacy store is selected.
Expected: true
Actual: true

Test Case Description: Store pop up closed
Expected: true
Actual: true

Test Case Description: Selected Option in the Left Panel = <b>Transaction</b>
Expected: true
Actual: true

Test Case Description: Selected Sub Option in the Left Panel = <b>Work Order Fulfilment</b>
Expected: true
Actual: true

Test Case Description: Validated -->Work Order Fulfilment edit-->Edit functionality is disabled
Expected: true
Actual: true

Test Case Description: Clicked user policy for user : PR.Akash test
Expected: true
Actual: true

Test Case Description: opened authorization policy page for the user : PR.Akash test
Expected: true
Actual: true

Test Case Description: INVENTORY policy clicked
Expected: true
Actual: true

Test Case Description: Inventory Work Order Fulfilment Edit access
Authorized:    YES
Expected: true
Actual: true

Test Case Description: Selected Option in the Left Panel = <b>Transaction</b>
Expected: true
Actual: true

Test Case Description: Selected Sub Option in the Left Panel = <b>Work Order Fulfilment</b>
Expected: true
Actual: true

Test Case Description: Validated -->Work Order Fulfilment edit -->Edit functionality is enabled
Expected: true
Actual: true
]]>
  </system-out>
  <testcase classname="tests.authorizationpolicy.inventory.InventoryPolicyWorkOrderFulfilmentTest" name="validateCancelWorkOrderFulfilment" time="123.654"/>
  <system-out>
    <![CDATA[Test Case Description: Clicked user policy for user : PR.Akash test
Expected: true
Actual: true

Test Case Description: opened authorization policy page for the user : PR.Akash test
Expected: true
Actual: true

Test Case Description: INVENTORY policy clicked
Expected: true
Actual: true

Test Case Description: Inventory Work Order Fulfilment Cancel access
Authorized:    NO
Expected: true
Actual: true

Test Case Description: Pharmacy automation- Pharmacy store is selected.
Expected: true
Actual: true

Test Case Description: Selected Option in the Left Panel = <b>Transaction</b>
Expected: true
Actual: true

Test Case Description: Selected Sub Option in the Left Panel = <b>Work Order Fulfilment</b>
Expected: true
Actual: true

Test Case Description: Validated -->Work Order Fulfilment cancellation-->Cancel functionality is disabled
Expected: true
Actual: true

Test Case Description: Clicked user policy for user : PR.Akash test
Expected: true
Actual: true

Test Case Description: opened authorization policy page for the user : PR.Akash test
Expected: true
Actual: true

Test Case Description: INVENTORY policy clicked
Expected: true
Actual: true

Test Case Description: Inventory Work Order Fulfilment Cancel access
Authorized:    YES
Expected: true
Actual: true

Test Case Description: Selected Option in the Left Panel = <b>Transaction</b>
Expected: true
Actual: true

Test Case Description: Selected Sub Option in the Left Panel = <b>Work Order Fulfilment</b>
Expected: true
Actual: true

Test Case Description: Validated -->Work Order Fulfilment cancellation-->Cancel functionality is enabled
Expected: true
Actual: true
]]>
  </system-out>
  <testcase classname="tests.authorizationpolicy.inventory.InventoryPolicyWorkOrderFulfilmentTest" name="validateViewWorkOrderFulfilment" time="137.342"/>
  <system-out>
    <![CDATA[Test Case Description: Clicked user policy for user : PR.Akash test
Expected: true
Actual: true

Test Case Description: opened authorization policy page for the user : PR.Akash test
Expected: true
Actual: true

Test Case Description: INVENTORY policy clicked
Expected: true
Actual: true

Test Case Description: Inventory Work Order Fulfilment View access
Authorized:    NO
Expected: true
Actual: true

Test Case Description: Pharmacy automation- Pharmacy store is selected.
Expected: true
Actual: true

Test Case Description: Selected Option in the Left Panel = <b>Order</b>
Expected: true
Actual: true

Test Case Description: Selected Sub Option in the Left Panel = <b>Work Order</b>
Expected: true
Actual: true

Test Case Description: Clicked <b>Save Changes</b>
Expected: true
Actual: true

Test Case Description: Validated -->Work Order Fulfilment view access-->Work Order Fulfilment tab is disabled in store
Expected: true
Actual: true

Test Case Description: Clicked user policy for user : PR.Akash test
Expected: true
Actual: true

Test Case Description: opened authorization policy page for the user : PR.Akash test
Expected: true
Actual: true

Test Case Description: INVENTORY policy clicked
Expected: true
Actual: true

Test Case Description: Inventory Work Order Fulfilment View access
Authorized:    YES
Expected: true
Actual: true

Test Case Description: Selected Option in the Left Panel = <b>Order</b>
Expected: true
Actual: true

Test Case Description: Selected Sub Option in the Left Panel = <b>Work Order</b>
Expected: true
Actual: true

Test Case Description: Validated -->Work Order Fulfilment view access-->Work Order Fulfilment tab is enabled in store
Expected: true
Actual: true
]]>
  </system-out>
</testsuite> <!-- tests.authorizationpolicy.inventory.InventoryPolicyWorkOrderFulfilmentTest -->
