<?xml version="1.0" encoding="UTF-8"?>
<!-- Generated by org.testng.reporters.JUnitReportReporter -->
<testsuite hostname="SPZMUMLAP0011" failures="0" tests="5" name="tests.inventoryStores.pharmacyStore.Transaction.DirectStockEntryTest" time="405.678" errors="0" timestamp="2023-06-27T09:31:35 IST" skipped="0">
  <testcase classname="tests.inventoryStores.pharmacyStore.Transaction.DirectStockEntryTest" name="validatingCreateDirectStockEntryTransaction" time="160.566"/>
  <system-out>
    <![CDATA[Test Case Description: The Facility - <b>TST</b> is already selected.
Expected: true
Actual: true

Test Case Description: Selected Option <b>Organisation Settings</b>
Expected: true
Actual: true

Test Case Description: Selected Option in the Left Panel = <b>Inventory & Supply Chain</b>
Expected: true
Actual: true

Test Case Description: Selected Sub Option in the Left Panel = <b>Store Setup</b>
Expected: true
Actual: true

Test Case Description: GST no. present in Pharmacy automation is <b>20BAC</b>
Expected: true
Actual: true

Test Case Description: Selected Option in the Left Panel = <b>Inventory & Supply Chain</b>
Expected: true
Actual: true

Test Case Description: Selected Sub Option in the Left Panel = <b>Vendor Master</b>
Expected: true
Actual: true

Test Case Description: GST no. present in Supplier ABC is <b>21EAC</b>
Expected: true
Actual: true

Test Case Description: Pharmacy automation- Pharmacy store is selected.
Expected: true
Actual: true

Test Case Description: Store pop up closed
Expected: true
Actual: true

Test Case Description: Selected Option in the Left Panel = <b>Items</b>
Expected: true
Actual: true

Test Case Description: Selected Sub Option in the Left Panel = <b>Master</b>
Expected: true
Actual: true

Test Case Description: <b> Automation Test SON </b> Item Clicked from Item Master List
Expected: true
Actual: true

Test Case Description:  Item Found In Item Master as : <b> Automation Test SON</b>
Expected: true
Actual: true

Test Case Description: Selected Option in the Left Panel = <b>Transaction</b>
Expected: true
Actual: true

Test Case Description: Selected Sub Option in the Left Panel = <b>Direct Stock Entry</b>
Expected: true
Actual: true

Test Case Description:  <b> Refresh Button </b> Displayed In Direct Stock Entry Table
Expected: true
Actual: true

Test Case Description:  <b> Today Filter Button </b> Displayed In Direct Stock Entry Table
Expected: true
Actual: true

Test Case Description:  <b> Vendor Name </b> Search Text Box Displayed In Purchase GRN Table
Expected: true
Actual: true

Test Case Description:  Place Holder Showing Correct In Search Box as Search by Vendor Name
Expected: true
Actual: true

Test Case Description: <b>Date | Time </b> Header Present In Direct Stock Entry Data Table List
Expected: true
Actual: true

Test Case Description: <b>Note </b> Header Present In Direct Stock Entry Data Table List
Expected: true
Actual: true

Test Case Description: <b>Vendor Name </b> Header Present In Direct Stock Entry Data Table List
Expected: true
Actual: true

Test Case Description: <b>Amount </b> Header Present In Direct Stock Entry Data Table List
Expected: true
Actual: true

Test Case Description: <b>Status </b> Header Present In Direct Stock Entry Data Table List
Expected: true
Actual: true

Test Case Description: New Button Displayed and Clicked
Expected: true
Actual: true

Test Case Description: Vendor present in dropdown: <b> Supplier ABC - Sonestaa Meadows Thubarahalli Extended Road Thubarahalli, Whitefield Bengaluru, Karnataka</b>
Expected: true
Actual: true

Test Case Description:  Add Direct Stock Entry Template Opened and Header Displayed as : <b> Direct Stock Entry</b>
Expected: true
Actual: true

Test Case Description: Direct Stock Entry Transaction date:<b> 2023-06-27|09:26AM</b>
Expected: true
Actual: true

Test Case Description: Clicked save changes button to validate required fields
Expected: true
Actual: true

Test Case Description: Validated the Bill Type is required
Expected: true
Actual: true

Test Case Description:  Search Box Displayed and Description Values Entered  as <b>Automation Test SON</b> to search
Expected: true
Actual: true

Test Case Description: Required medication found in search box
Expected: true
Actual: true

Test Case Description: Add Lot Template Opened and Displayed as : <b> Add Lot - Automation Test SON</b>
Expected: true
Actual: true

Test Case Description: <b> Description: </b> Label Present In View Item Lot RHS side 
Expected: true
Actual: true

Test Case Description: <b> Automation Test SON  </b> Value Present In View Item RHS against label <b> Description: </b>
Expected: true
Actual: true

Test Case Description: <b> HSN No: </b> Label Present In View Item Lot RHS side 
Expected: true
Actual: true

<b> HSNIR47  </b> Value Present In View Item RHS against label <b> HSN No: </b>
Test Case Description: <b> HSNIR47  </b> Value Present In View Item RHS against label <b> HSN No: </b>
TEST Case Failed -><b> HSNIR47  </b> Value Present In View Item RHS against label <b> HSN No: </b> expected [true] but found [false]
Expected: true
Actual: false

Test Case Description: <b> Item Code: </b> Label Present In View Item Lot RHS side 
Expected: true
Actual: true

Test Case Description: <b>INV-MED-1151 </b>  Value Present In View Item Lot RHS against label <b> Item Code:</b>
Expected: true
Actual: true

Test Case Description: <b> Category: </b> Label Present In View Item Lot RHS side 
Expected: true
Actual: true

Test Case Description: <b> Medication  </b> Value Present In View Item RHS against label <b> Category: </b>
Expected: true
Actual: true

Test Case Description: <b> Dosage: </b> Label Present In View Item Lot RHS side 
Expected: true
Actual: true

Test Case Description: <b>   </b> Value Present In View Item RHS against label <b> Dosage: </b>
Expected: true
Actual: true

Test Case Description: <b> Dispensing Unit: </b> Label Present In View Item Lot RHS side 
Expected: true
Actual: true

Test Case Description: <b> Tablets  </b> Value Present In View Item RHS against label <b> Dispensing Unit: </b>
Expected: true
Actual: true

Test Case Description: <b> Package Type: </b> Label Present In View Item Lot RHS side 
Expected: true
Actual: true

Test Case Description: <b> Box  </b> Value Present In View Item RHS against label <b> Package Type: </b>
Expected: true
Actual: true

Test Case Description: <b> Sub package/Package: </b> Label Present In View Item Lot RHS side 
Expected: true
Actual: true

<b> 1 Number  </b> Value Present In View Item RHS against label <b> Sub package/Package: </b>
Test Case Description: <b> 1 Number  </b> Value Present In View Item RHS against label <b> Sub package/Package: </b>
TEST Case Failed -><b> 1 Number  </b> Value Present In View Item RHS against label <b> Sub package/Package: </b> expected [true] but found [false]
Expected: true
Actual: false

Test Case Description: <b> Unit/Sub package: </b> Label Present In View Item Lot RHS side 
Expected: true
Actual: true

<b> 1 Number  </b> Value Present In View Item RHS against label <b> Unit/Sub package: </b>
Test Case Description: <b> 1 Number  </b> Value Present In View Item RHS against label <b> Unit/Sub package: </b>
TEST Case Failed -><b> 1 Number  </b> Value Present In View Item RHS against label <b> Unit/Sub package: </b> expected [true] but found [false]
Expected: true
Actual: false

Test Case Description: Variant : <b> 500mg </b>
Expected: true
Actual: true

Test Case Description: Batch Number : <b> BThmwch </b>
Expected: true
Actual: true

Test Case Description: Sub Store: <b> Default </b>
Expected: true
Actual: true

Test Case Description: Entered expiry date as <b> 26/08/2023</b>
Expected: true
Actual: true

Test Case Description: Unit cost without tax entered as : <b> 100</b>
Expected: true
Actual: true

Test Case Description: validated the unit cost with tax amount <b> 105.0</b> on add Lot page
Expected: true
Actual: true

Test Case Description: Package entry entered as : <b> 10</b>
Expected: true
Actual: true

Test Case Description: SubPackage entry entered as : <b> 5</b>
Expected: true
Actual: true

Test Case Description: Unit entry entered as : <b> 5</b>
Expected: true
Actual: true

Test Case Description: Free unit entry entered as : <b> 5</b>
Expected: true
Actual: true

validating the total stock working correctly and displayed as  <b> 25</b> on add Lot page
Test Case Description: validating the total stock working correctly and displayed as  <b> 25</b> on add Lot page
TEST Case Failed ->validating the total stock working correctly and displayed as  <b> 25</b> on add Lot page expected [true] but found [false]
Expected: true
Actual: false

Test Case Description: Selling Price entered as : <b> 200</b>
Expected: true
Actual: true

Test Case Description:  Package Unit Type Selected In Selling Price
Expected: true
Actual: true

Test Case Description: Selling Price W/O Tax calculated by correctly  ,present in add lot as :  190.48
Expected: true
Actual: true

Test Case Description:  Subpackage Unit Type Selected In Selling Price
Expected: true
Actual: true

Test Case Description: Selling Price W/O Tax calculated by correctly  ,present in add lot as :  190.48
Expected: true
Actual: true

Test Case Description:  Package Unit Type Selected In Selling Price
Expected: true
Actual: true

Test Case Description:  Selling Price Per Unit Calculated Correctly on Unit Basis and Displayed as :200
Expected: true
Actual: true

Test Case Description: Selling Price W/O Tax calculated by correctly  ,present in add lot as :  190.48
Expected: true
Actual: true

Validated the total cost <b>2625.0</b> on add Lot Page
Test Case Description: Validated the total cost <b>2625.0</b> on add Lot Page
TEST Case Failed ->Validated the total cost <b>2625.0</b> on add Lot Page expected [true] but found [false]
Expected: true
Actual: false

Test Case Description: Saving the Lot details
Expected: true
Actual: true

Test Case Description:  Item Stock Displaying Correctly in Add/Edit Template as : <b> 25 </b> at index <b> 0</b>
Expected: true
Actual: true

Test Case Description:  Item Batch No Displaying Correctly in Add/Edit Template as : <b> BThmwch </b> at index </b> 0</b>
Expected: true
Actual: true

Test Case Description:  Item Expiry Date Displaying Correctly in Add/Edit Template as : <b> 26/08/2023 </b> at index <b>0</b>
Expected: true
Actual: true

Test Case Description:  Item Taxable Amount Displaying Correctly in Add/Edit Template as : <b> 2500.00</b>  at index <b>0</b>
Expected: true
Actual: true

Test Case Description:  Item Tax Rate Displaying Correctly in Add/Edit Template as : <b> 5.0</b> at index <b>0</b>
Expected: true
Actual: true

Test Case Description:  Item Tax Inc Displaying Correctly in Add/Edit Template as : <b> YES</b> at index <b>0</b>
Expected: true
Actual: true

Test Case Description:  Item Unit Cost Displaying Correctly in Add/Edit Template as : <b>105.00</b> at index <b>0</b>
Expected: true
Actual: true

Test Case Description:  Item Total Cost Displaying Correctly in Add/Edit Template as : <b>2625.00</b> at index <b>0</b>
Expected: true
Actual: true

Test Case Description:  Total Amt Including Tax Label is Displayed 
Expected: true
Actual: true

Test Case Description:  Discount Label is Displayed 
Expected: true
Actual: true

Test Case Description:  Net Amount Label is Displayed 
Expected: true
Actual: true

Test Case Description:  Total Cost Including Tax Calculated Correctly and Displayed as : <b> 2625.00</b>
Expected: true
Actual: true

Test Case Description:  Discount is Initial Empty as no value entered as : <b> Empty </b>
Expected: true
Actual: true

Test Case Description:  Net Amount Calculated Correctly Before Discount and Displayed as : <b> 2625.00</b>
Expected: true
Actual: true

Test Case Description:  Discount Entered as : <b> 10 </b> 
Expected: true
Actual: true

Test Case Description:  Net Amount Calculated Correctly After Discount and Displayed as : <b> 2615.00</b>
Expected: true
Actual: true

Test Case Description:  Transaction Notes is Displayed and value Entered as :<b> Transaction_notesodwc</b>
Expected: true
Actual: true

Test Case Description:  Bill Type Select Box Displayed
Expected: true
Actual: true

Test Case Description: Selected Bill Type as <b>Bill</b>
Expected: true
Actual: true

Test Case Description: Entered<b> BILL_994102</b> in Bill Number
Expected: true
Actual: true

Test Case Description:  Bill Date Input Box Clicked
Expected: true
Actual: true

Test Case Description:  Bill Date Entered as : 27/06/2023
Expected: true
Actual: true

Test Case Description:  Vendor Name Dropdown Displayed and and Value Show correctly as :  Supplier ABC - Sonestaa Meadows Thubarahalli Extended Road Thubarahalli, Whitefield Bengaluru, Karnataka
Expected: true
Actual: true

Test Case Description:  Save Changes Button Clicked In Direct Stock Entry Template 
Expected: true
Actual: true

Test Case Description: Direct Stock Entry Transaction Clicked  In Transaction List
Expected: true
Actual: true

Test Case Description: Direct Stock Entry Transaction Found, Created Successfully for date and time :<b> 2023-06-27|09:26AM</b>
Expected: true
Actual: true
]]>
  </system-out>
  <testcase classname="tests.inventoryStores.pharmacyStore.Transaction.DirectStockEntryTest" name="validateEditDirectStockEntryFunctionality" time="63.128"/>
  <system-out>
    <![CDATA[Test Case Description: The Facility - <b>TST</b> is already selected.
Expected: true
Actual: true

Test Case Description: Pharmacy automation- Pharmacy store is selected.
Expected: true
Actual: true

Test Case Description: Store pop up closed
Expected: true
Actual: true

Test Case Description: Selected Option in the Left Panel = <b>Transaction</b>
Expected: true
Actual: true

Test Case Description: Selected Sub Option in the Left Panel = <b>Direct Stock Entry</b>
Expected: true
Actual: true

Test Case Description: Direct Stock Entry Transaction Clicked  In Transaction List
Expected: true
Actual: true

Test Case Description:  Direct Stock Entry Transaction Found And Clicked
Expected: true
Actual: true

Test Case Description: Edit Button Clicked In Direct Stock Entry Transaction
Expected: true
Actual: true

Test Case Description: Direct Stock Entry Transaction date:<b> 2023-06-27|09:28AM</b>
Expected: true
Actual: true

Test Case Description:  Edit Direct Stock Entry Transaction date:<b> 2023-06-27|09:28AM</b>
Expected: true
Actual: true

Test Case Description:  Search Box Displayed and Description Values Entered  as <b>Automation Test SON</b> to search
Expected: true
Actual: true

Test Case Description: Required medication found in search
Expected: true
Actual: true

Test Case Description: Add Lot Template Opened and Displayed as : Add Lot - Automation Test SON
Expected: true
Actual: true

Test Case Description: Variant : <b> 500mg </b>
Expected: true
Actual: true

Test Case Description: Batch Number : <b> BT_Edit_skegb </b>
Expected: true
Actual: true

Test Case Description: Sub Store: <b> Default </b>
Expected: true
Actual: true

Test Case Description: Entered expiry date as <b> 26/08/2023</b>
Expected: true
Actual: true

Test Case Description: Unit cost without tax entered as : <b> 100.40</b>
Expected: true
Actual: true

Test Case Description: validated the unit cost with tax amount <b> 105.42</b> on add Lot page
Expected: true
Actual: true

Test Case Description: Package entry entered as : <b> 5</b>
Expected: true
Actual: true

Test Case Description: SubPackage entry entered as : <b> 5</b>
Expected: true
Actual: true

Test Case Description: Unit entry entered as : <b> 5</b>
Expected: true
Actual: true

Test Case Description: Free unit entry entered as : <b> 5</b>
Expected: true
Actual: true

validating the total stock working correctly and displayed as  <b> 20</b> on add Lot page
Test Case Description: validating the total stock working correctly and displayed as  <b> 20</b> on add Lot page
TEST Case Failed ->validating the total stock working correctly and displayed as  <b> 20</b> on add Lot page expected [true] but found [false]
Expected: true
Actual: false

Test Case Description: Selling Price entered as : <b> 250.40</b>
Expected: true
Actual: true

Test Case Description:  Package Unit Type Selected In Selling Price
Expected: true
Actual: true

Test Case Description: Selling Price W/O Tax calculated by correctly  ,present in add lot as :  238.48
Expected: true
Actual: true

Test Case Description:  Subpackage Unit Type Selected In Selling Price
Expected: true
Actual: true

Test Case Description: Selling Price W/O Tax calculated by correctly  ,present in add lot as :  238.48
Expected: true
Actual: true

Test Case Description:  Package Unit Type Selected In Selling Price
Expected: true
Actual: true

Test Case Description:  Selling Price Per Unit Calculated Correctly on Unit Basis and Displayed as :250.4
Expected: true
Actual: true

Test Case Description: Selling Price W/O Tax calculated by correctly  ,present in add lot as :  238.48
Expected: true
Actual: true

Validated the total cost <b>2108.4</b> on add Lot Page
Test Case Description: Validated the total cost <b>2108.4</b> on add Lot Page
TEST Case Failed ->Validated the total cost <b>2108.4</b> on add Lot Page expected [true] but found [false]
Expected: true
Actual: false

Test Case Description: Saving the Lot details
Expected: true
Actual: true

Test Case Description:  Item Stock Displaying Correctly in Add/Edit Template as : <b> 25.0 </b> at index <b> 0</b>
Expected: true
Actual: true

Test Case Description:  Item Stock Displaying Correctly in Add/Edit Template as : <b> 20 </b> at index <b> 1</b>
Expected: true
Actual: true

Test Case Description:  Item Batch No Displaying Correctly in Add/Edit Template as : <b> BThmwch </b> at index </b> 0</b>
Expected: true
Actual: true

Test Case Description:  Item Batch No Displaying Correctly in Add/Edit Template as : <b> BT_Edit_skegb </b> at index </b> 1</b>
Expected: true
Actual: true

Test Case Description:  Item Expiry Date Displaying Correctly in Add/Edit Template as : <b> 2023-08-26 </b> at index <b> 0</b>
Expected: true
Actual: true

Test Case Description:  Item Expiry Date Displaying Correctly in Add/Edit Template as : <b> 26/08/2023 </b> at index <b>1</b>
Expected: true
Actual: true

Test Case Description:  Item Taxable Amount Displaying Correctly in Add/Edit Template as : <b> 2500.0</b>  at index <b>0</b>
Expected: true
Actual: true

Test Case Description:  Item Taxable Amount Displaying Correctly in Add/Edit Template as : <b> 2008.00</b>  at index <b>1</b>
Expected: true
Actual: true

Test Case Description:  Item Tax Rate Displaying Correctly in Add/Edit Template as : <b> 5.0</b> at index <b>0</b>
Expected: true
Actual: true

Test Case Description:  Item Tax Rate Displaying Correctly in Add/Edit Template as : <b> 5.0</b> at index <b>1</b>
Expected: true
Actual: true

Test Case Description:  Item Tax Inc Displaying Correctly in Add/Edit Template as : <b> YES</b> at index <b>0</b>
Expected: true
Actual: true

Test Case Description:  Item Tax Inc Displaying Correctly in Add/Edit Template as : <b> YES</b> at index <b>1</b>
Expected: true
Actual: true

Test Case Description:  Item Unit Cost Displaying Correctly in Add/Edit Template as : <b>105.0</b> at index <b>0</b>
Expected: true
Actual: true

Test Case Description:  Item Unit Cost Displaying Correctly in Add/Edit Template as : <b>105.42</b> at index <b>1</b>
Expected: true
Actual: true

Test Case Description:  Item Total Cost Displaying Correctly in Add/Edit Template as : <b>2625.0</b> at index <b>0</b>
Expected: true
Actual: true

Test Case Description:  Item Total Cost Displaying Correctly in Add/Edit Template as : <b>2108.40</b> at index <b>1</b>
Expected: true
Actual: true

Test Case Description:  Total Amt Including Tax Label is Displayed 
Expected: true
Actual: true

Test Case Description:  Discount Label is Displayed 
Expected: true
Actual: true

Test Case Description:  Net Amount Label is Displayed 
Expected: true
Actual: true

Test Case Description:  Total Cost Including Tax Calculated Correctly and Displayed as : <b> 4733.40</b>
Expected: true
Actual: true

Test Case Description:  Discount value displayed as <b> 10.0 </b> 
Expected: true
Actual: true

Test Case Description:  Net Amount Calculated Correctly Before Discount and Displayed as : <b> 4723.40</b>
Expected: true
Actual: true

Test Case Description:  Discount Entered as : <b> 20 </b>
Expected: true
Actual: true

Test Case Description:  Net Amount Calculated Correctly After Discount and Displayed as : <b> 4713.40</b>
Expected: true
Actual: true

Test Case Description:  Save Changes Button Clicked In Direct Stock Entry Template 
Expected: true
Actual: true

Test Case Description: Direct Stock Entry Transaction Clicked  In Transaction List
Expected: true
Actual: true

Test Case Description: Edit Direct Stock Entry Transaction Found, Created Successfully for date and time <b> 2023-06-27|09:28AM</b>
Expected: true
Actual: true
]]>
  </system-out>
  <testcase classname="tests.inventoryStores.pharmacyStore.Transaction.DirectStockEntryTest" name="validateApprovedDirectStockEntryTransaction" time="45.008"/>
  <system-out>
    <![CDATA[Test Case Description: The Facility - <b>TST</b> is already selected.
Expected: true
Actual: true

Test Case Description: Pharmacy automation- Pharmacy store is selected.
Expected: true
Actual: true

Test Case Description: Store pop up closed
Expected: true
Actual: true

Test Case Description: Selected Option in the Left Panel = <b>Transaction</b>
Expected: true
Actual: true

Test Case Description: Selected Sub Option in the Left Panel = <b>Direct Stock Entry</b>
Expected: true
Actual: true

Test Case Description: Direct Stock Entry Transaction Clicked  In Transaction List
Expected: true
Actual: true

Test Case Description:  Direct Stock Entry Transaction Found And Clicked
Expected: true
Actual: true

Test Case Description: Clicked Approve button In RHS Side
Expected: true
Actual: true

Test Case Description:  Print A4 Button Displayed In View Direct Stock Entry
Expected: true
Actual: true

Test Case Description:  Print A5 Button Displayed In View Direct Stock Entry
Expected: true
Actual: true

Test Case Description: Transaction_notesodwc Notes as header displayed in view Direct Stock Entry
Expected: true
Actual: true

Test Case Description: <b> Status:    Approved  </b> displayed in view DSE
Expected: true
Actual: true

Test Case Description: <b>Transaction ID RSO-DS-270623-100057  </b> displayed in view DSE
Expected: true
Actual: true

Test Case Description: <b>Bill Number:     BILL_994102    |   Bill Date:     27/06/2023 </b> displayed in view DSE
Expected: true
Actual: true

Test Case Description:  Transaction Details Section Displayed
Expected: true
Actual: true

Automation Test SON-1 Value not present in table 
Test Case Description: Automation Test SON-1 Value not present in table 
TEST Case Failed ->Automation Test SON-1 Value not present in table  expected [true] but found [false]
Expected: true
Actual: false

Test Case Description: <b>BThmwch </b> Value present in Transaction Detailstable 
Expected: true
Actual: true

Test Case Description: <b> </b> Value present in Transaction Detailstable 
Expected: true
Actual: true

Test Case Description: <b>2023-08-26 </b> Value present in Transaction Detailstable 
Expected: true
Actual: true

Test Case Description: <b>25.0 </b> Value present in Transaction Detailstable 
Expected: true
Actual: true

Test Case Description: <b>2625.0 </b> Value present in Transaction Detailstable 
Expected: true
Actual: true

Automation Test SON-1 Value not present in table 
Test Case Description: Automation Test SON-1 Value not present in table 
TEST Case Failed ->Automation Test SON-1 Value not present in table  expected [true] but found [false]
Expected: true
Actual: false

Test Case Description: <b>BT_Edit_skegb </b> Value present in Transaction Detailstable 
Expected: true
Actual: true

Test Case Description: <b> </b> Value present in Transaction Detailstable 
Expected: true
Actual: true

Test Case Description: <b>2023-08-26 </b> Value present in Transaction Detailstable 
Expected: true
Actual: true

Test Case Description: <b>20.0 </b> Value present in Transaction Detailstable 
Expected: true
Actual: true

Test Case Description: <b>2108.4 </b> Value present in Transaction Detailstable 
Expected: true
Actual: true

Test Case Description:  Total Amt Including Tax Label is Displayed In View Direct Stock Entry 
Expected: true
Actual: true

Test Case Description:  Discount Label is Displayed In View Direct Stock Entry 
Expected: true
Actual: true

Test Case Description:  Net Amount Label is Displayed In View Direct Stock Entry 
Expected: true
Actual: true

Test Case Description:  Amount Paid Label is Displayed In View Direct Stock Entry 
Expected: true
Actual: true

Test Case Description:  Amount Remaining Label is Displayed In View Direct Stock Entry 
Expected: true
Actual: true

Test Case Description:  Total Amt Including Tax Label Value Correctly as : <b> 4733.40</b>
Expected: true
Actual: true

Test Case Description:  Discount Label Value Correctly as : <b> 20.0</b>
Expected: true
Actual: true

Test Case Description:  Net Amount Label Value Correctly as : <b> 4713.40</b>
Expected: true
Actual: true

Test Case Description:  Amount Paid Label Value Correctly as : <b> 0.0 </B> 
Expected: true
Actual: true

Test Case Description:  Amount Remaining Label Value Correctly as : <b> 4713.40</b>
Expected: true
Actual: true

Test Case Description: Direct Stock Entry Transaction Clicked  In Transaction List
Expected: true
Actual: true

Test Case Description:  Approved Status Changes and Transaction Found In List 
Expected: true
Actual: true

Test Case Description: Selected Option in the Left Panel = <b>Items</b>
Expected: true
Actual: true

Test Case Description: Selected Sub Option in the Left Panel = <b>Master</b>
Expected: true
Actual: true

Test Case Description: Total stock of the variant <b> Automation Test SON</b> before txn is <b>0.0 </b>
Expected: true
Actual: true

Test Case Description: Validated the total stock of variant <b>Automation Test SON </b>after txn is <b>45.0
Expected: true
Actual: true
]]>
  </system-out>
  <testcase classname="tests.inventoryStores.pharmacyStore.Transaction.DirectStockEntryTest" name="cancelDirectStockEntryTransaction" time="92.094"/>
  <system-out>
    <![CDATA[Test Case Description: The Facility - <b>TST</b> is already selected.
Expected: true
Actual: true

Test Case Description: Pharmacy automation- Pharmacy store is selected.
Expected: true
Actual: true

Test Case Description: Store pop up closed
Expected: true
Actual: true

Test Case Description: Selected Option in the Left Panel = <b>Items</b>
Expected: true
Actual: true

Test Case Description: Selected Sub Option in the Left Panel = <b>Master</b>
Expected: true
Actual: true

Test Case Description: <b> Automation Test SON </b> Item Clicked from Item Master List
Expected: true
Actual: true

Test Case Description: Selected Option in the Left Panel = <b>Transaction</b>
Expected: true
Actual: true

Test Case Description: Selected Sub Option in the Left Panel = <b>Direct Stock Entry</b>
Expected: true
Actual: true

Test Case Description: New Button Displayed and Clicked
Expected: true
Actual: true

Test Case Description: Vendor present in dropdown: <b> Supplier ABC - Sonestaa Meadows Thubarahalli Extended Road Thubarahalli, Whitefield Bengaluru, Karnataka</b>
Expected: true
Actual: true

Test Case Description:  Add Direct Stock Entry Template Opened and Header Displayed as : Direct Stock Entry
Expected: true
Actual: true

Test Case Description: Direct Stock Entry Transaction date:<b> 2023-06-27|09:30AM</b>
Expected: true
Actual: true

Test Case Description:  Search Box Displayed and Description Values Entered  as <b>Automation Test SON</b> to search
Expected: true
Actual: true

Test Case Description: Required medication found in search
Expected: true
Actual: true

Test Case Description: Add Lot Template Opened and Displayed as : Add Lot - Automation Test SON 1
Expected: true
Actual: true

Test Case Description: Variant : <b> 500mg </b>
Expected: true
Actual: true

Test Case Description: Batch Number : <b> BThmwch </b>
Expected: true
Actual: true

Test Case Description: Sub Store: <b> Default </b>
Expected: true
Actual: true

Test Case Description: Entered expiry date as <b> 26/08/2023</b>
Expected: true
Actual: true

Test Case Description: Unit cost without tax entered as : <b> 100</b>
Expected: true
Actual: true

Test Case Description: validated the unit cost with tax amount <b> 105.0</b> on add Lot page
Expected: true
Actual: true

Test Case Description: Package entry entered as : <b> 10</b>
Expected: true
Actual: true

Test Case Description: SubPackage entry entered as : <b> 5</b>
Expected: true
Actual: true

Test Case Description: Unit entry entered as : <b> 5</b>
Expected: true
Actual: true

Test Case Description: Free unit entry entered as : <b> 5</b>
Expected: true
Actual: true

validating the total stock working correctly and displayed as  <b> 25</b> on add Lot page
Test Case Description: validating the total stock working correctly and displayed as  <b> 25</b> on add Lot page
TEST Case Failed ->validating the total stock working correctly and displayed as  <b> 25</b> on add Lot page expected [true] but found [false]
Expected: true
Actual: false

Test Case Description: Selling Price entered as : <b> 200</b>
Expected: true
Actual: true

Test Case Description:  Package Unit Type Selected In Selling Price
Expected: true
Actual: true

Test Case Description: Selling Price W/O Tax calculated by correctly  ,present in add lot as :  190.48
Expected: true
Actual: true

Test Case Description:  Subpackage Unit Type Selected In Selling Price
Expected: true
Actual: true

Test Case Description: Selling Price W/O Tax calculated by correctly  ,present in add lot as :  190.48
Expected: true
Actual: true

Test Case Description:  Package Unit Type Selected In Selling Price
Expected: true
Actual: true

Test Case Description:  Selling Price Per Unit Calculated Correctly on Unit Basis and Displayed as :200
Expected: true
Actual: true

Test Case Description: Selling Price W/O Tax calculated by correctly  ,present in add lot as :  190.48
Expected: true
Actual: true

Validated the total cost <b>2625.0</b> on add Lot Page
Test Case Description: Validated the total cost <b>2625.0</b> on add Lot Page
TEST Case Failed ->Validated the total cost <b>2625.0</b> on add Lot Page expected [true] but found [false]
Expected: true
Actual: false

Test Case Description: Saving the Lot details
Expected: true
Actual: true

Test Case Description:  Transaction Notes Entered as :<b> Transaction_notesodwc</b>
Expected: true
Actual: true

Test Case Description:  Bill Type Select Box Displayed
Expected: true
Actual: true

Test Case Description: Selected Bill Type as <b>Bill</b>
Expected: true
Actual: true

Test Case Description: Entered<b> BILL_994102</b> in Bill Number
Expected: true
Actual: true

Test Case Description:  Bill Date Input Box Clicked
Expected: true
Actual: true

Test Case Description:  Bill Date Entered as : 27/06/2023
Expected: true
Actual: true

Test Case Description:  Save Changes Button Clicked In Direct Stock Entry Template 
Expected: true
Actual: true

Test Case Description: Direct Stock Entry Transaction Clicked  In Transaction List
Expected: true
Actual: true

Test Case Description: Direct Stock Entry Transaction Found, Created Successfully for date 2023-06-27|09:30AM
Expected: true
Actual: true

Test Case Description: Clicked Cancel button In RHS Side
Expected: true
Actual: true

Test Case Description: Confirmation Message Display In Cancel Direct Stock Entry Template as Are you sure, you want Cancel Stock opening?
Expected: true
Actual: true

Test Case Description: Clicked Cancel button In Cancel Direct Stock Entry Template
Expected: true
Actual: true

Test Case Description:  Print A4 Button Displayed In View Direct Stock Entry
Expected: true
Actual: true

Test Case Description:  Print A5 Button Displayed In View Direct Stock Entry
Expected: true
Actual: true

Test Case Description: Transaction_notesodwc Notes as header displayed in view Direct Stock Entry
Expected: true
Actual: true

Test Case Description: <b> Status:    Cancelled  </b> displayed in view DSE
Expected: true
Actual: true

Test Case Description: <b>Transaction ID RSO-DS-270623-100058  </b> displayed in view DSE
Expected: true
Actual: true

Test Case Description: <b>Bill Number:     BILL_994102    |   Bill Date:     27/06/2023 </b> displayed in view DSE
Expected: true
Actual: true

Test Case Description:  Transaction Details Section Displayed
Expected: true
Actual: true

Automation Test SON-1 Value not present in table 
Test Case Description: Automation Test SON-1 Value not present in table 
TEST Case Failed ->Automation Test SON-1 Value not present in table  expected [true] but found [false]
Expected: true
Actual: false

Test Case Description: <b>BThmwch </b> Value present in Transaction Details table 
Expected: true
Actual: true

Test Case Description: <b> </b> Value present in Transaction Details table 
Expected: true
Actual: true

Test Case Description: <b>2023-08-26 </b> Value present in Transaction Details table 
Expected: true
Actual: true

Test Case Description: <b>25.0 </b> Value present in Transaction Details table 
Expected: true
Actual: true

Test Case Description: <b>2625.0 </b> Value present in Transaction Details table 
Expected: true
Actual: true

Test Case Description:  Total Amt Including Tax Label is Displayed In View Direct Stock Entry 
Expected: true
Actual: true

Test Case Description:  Discount Label is Displayed In View Direct Stock Entry 
Expected: true
Actual: true

Test Case Description:  Net Amount Label is Displayed In View Direct Stock Entry 
Expected: true
Actual: true

Test Case Description:  Amount Paid Label is Displayed In View Direct Stock Entry 
Expected: true
Actual: true

Test Case Description:  Amount Remaining Label is Displayed In View Direct Stock Entry 
Expected: true
Actual: true

Test Case Description:  Total Amt Including Tax Label Value Correctly as : <b> 2625.00</b>
Expected: true
Actual: true

Test Case Description:  Net Amount Label Value Correctly as : <b> 2625.00</b>
Expected: true
Actual: true

Test Case Description:  Amount Paid Label Value Correctly as : <b> 0.0 </B> 
Expected: true
Actual: true

Test Case Description:  Amount Remaining Label Value Correctly as : <b> 2625.00</b>
Expected: true
Actual: true

Test Case Description: Direct Stock Entry Transaction Clicked  In Transaction List
Expected: true
Actual: true

Test Case Description:  Cancelled Status Changes and Transaction Found In List 
Expected: true
Actual: true
]]>
  </system-out>
  <testcase classname="tests.inventoryStores.pharmacyStore.Transaction.DirectStockEntryTest" name="validateViewDirectStockEntryFunctionality" time="44.882"/>
  <system-out>
    <![CDATA[Test Case Description: The Facility - <b>TST</b> is already selected.
Expected: true
Actual: true

Test Case Description: Pharmacy automation- Pharmacy store is selected.
Expected: true
Actual: true

Test Case Description: Store pop up closed
Expected: true
Actual: true

Test Case Description: Selected Option in the Left Panel = <b>Transaction</b>
Expected: true
Actual: true

Test Case Description: Selected Sub Option in the Left Panel = <b>Direct Stock Entry</b>
Expected: true
Actual: true

Test Case Description: Direct Stock Entry Transaction Clicked  In Transaction List
Expected: true
Actual: true

Test Case Description:  Direct Stock Entry Transaction Found And Clicked In List
Expected: true
Actual: true

Test Case Description: Displayed and Clicked PrintA4 button
Expected: true
Actual: true

Test Case Description: Validated Print --> DSE Print page opened
Expected: true
Actual: true

Test Case Description: Displayed and Clicked PrintA5 button
Expected: true
Actual: true

Test Case Description: Validated Print --> DSE Print page opened
Expected: true
Actual: true

Test Case Description:  Approve Button Displayed In View Direct Stock Entry
Expected: true
Actual: true

Test Case Description:  Edit Button Displayed In View Direct Stock Entry
Expected: true
Actual: true

Test Case Description:  Cancel Button Displayed In View Direct Stock Entry
Expected: true
Actual: true

Test Case Description: Transaction_notesodwc Notes as header displayed in view Direct Stock Entry
Expected: true
Actual: true

Test Case Description: <b> Status:    Open  </b> displayed in view DSE
Expected: true
Actual: true

Test Case Description: <b>Transaction ID RSO-DS-270623-100057  </b> displayed in view DSE
Expected: true
Actual: true

Test Case Description: <b>Bill Number:     BILL_994102    |   Bill Date:     27/06/2023 </b> displayed in view DSE
Expected: true
Actual: true

Test Case Description:  Transaction Details Section Displayed
Expected: true
Actual: true

Automation Test SON-1 Value not present in table 
Test Case Description: Automation Test SON-1 Value not present in table 
TEST Case Failed ->Automation Test SON-1 Value not present in table  expected [true] but found [false]
Expected: true
Actual: false

Test Case Description: <b>BThmwch </b> Value present in Transaction Details table 
Expected: true
Actual: true

Test Case Description: <b> </b> Value present in Transaction Details table 
Expected: true
Actual: true

Test Case Description: <b>2023-08-26 </b> Value present in Transaction Details table 
Expected: true
Actual: true

Test Case Description: <b>25.0 </b> Value present in Transaction Details table 
Expected: true
Actual: true

Test Case Description: <b>2625.0 </b> Value present in Transaction Details table 
Expected: true
Actual: true

Test Case Description:  Total Amt Including Tax Label is Displayed In View Direct Stock Entry 
Expected: true
Actual: true

Test Case Description:  Discount Label is Displayed In View Direct Stock Entry 
Expected: true
Actual: true

Test Case Description:  Net Amount Label is Displayed In View Direct Stock Entry 
Expected: true
Actual: true

Test Case Description:  Amount Paid Label is Displayed In View Direct Stock Entry 
Expected: true
Actual: true

Test Case Description:  Amount Remaining Label is Displayed In View Direct Stock Entry 
Expected: true
Actual: true

Test Case Description:  Total Amt Including Tax Label Value Correctly as : <b> 2625.00</b>
Expected: true
Actual: true

Test Case Description:  Discount Label Value Correctly as : <b> 10.0</b>
Expected: true
Actual: true

Test Case Description:  Net Amount Label Value Correctly as : <b> 2615.00</b>
Expected: true
Actual: true

Test Case Description:  Amount Paid Label Value Correctly as : <b> 0.0</b>
Expected: true
Actual: true

Test Case Description:  Amount Remaining Label Value Correctly as : <b> 2615.00</b>
Expected: true
Actual: true
]]>
  </system-out>
</testsuite> <!-- tests.inventoryStores.pharmacyStore.Transaction.DirectStockEntryTest -->
