<?xml version="1.0" encoding="UTF-8"?>
<!-- Generated by org.testng.reporters.JUnitReportReporter -->
<testsuite hostname="SPZMUMLAP0011" failures="0" tests="4" name="tests.inventoryStores.pharmacyStore.Transaction.PaymentRequisitionFormTest" time="574.678" errors="0" timestamp="2023-07-14T08:37:03 IST" skipped="0">
  <testcase classname="tests.inventoryStores.pharmacyStore.Transaction.PaymentRequisitionFormTest" name="validateCancelPaymentRequisitionForm" time="192.008"/>
  <system-out>
    <![CDATA[Test Case Description: The Facility - <b>TST</b> is already selected.
Expected: true
Actual: true

Test Case Description: Pharmacy automation- Pharmacy store is selected.
Expected: true
Actual: true

Test Case Description: Store pop up closed
Expected: true
Actual: true

Test Case Description: Selected Option in the Left Panel = <b>Transaction</b>
Expected: true
Actual: true

Test Case Description: Selected Sub Option in the Left Panel = <b>Payment Requisition Form</b>
Expected: true
Actual: true

Test Case Description: The Facility - <b>TST</b> is already selected.
Expected: true
Actual: true

Test Case Description: Pharmacy automation- Pharmacy store is selected.
Expected: true
Actual: true

Test Case Description: Store pop up closed
Expected: true
Actual: true

Test Case Description: Selected Option in the Left Panel = <b>Transaction</b>
Expected: true
Actual: true

Test Case Description: Selected Sub Option in the Left Panel = <b>Purchase/GRN</b>
Expected: true
Actual: true

Test Case Description: Entered Bill no as <b>BILL_NO_081290</b> in Purchase Grn
Expected: true
Actual: true

Test Case Description: <b>Purchase Grn</b> created and approved
Expected: true
Actual: true

Test Case Description: Selected Option in the Left Panel = <b>Transaction</b>
Expected: true
Actual: true

Test Case Description: Selected Sub Option in the Left Panel = <b>Purchase Bills</b>
Expected: true
Actual: true

Test Case Description: Selected Vendor as <b>Supplier ABC</b> in Purchase Bill
Expected: true
Actual: true

Test Case Description: Net Amount in Purchase Bill : <b>210.00</b>
Expected: true
Actual: true

Test Case Description: <b>Purchase Bill</b> created and approved
Expected: true
Actual: true

Test Case Description: Purchase Bill No : <b>RSO-PB-140723-100260</b>
Expected: true
Actual: true

Test Case Description: Selected Option in the Left Panel = <b>Transaction</b>
Expected: true
Actual: true

Test Case Description: Selected Sub Option in the Left Panel = <b>Payment Requisition Form</b>
Expected: true
Actual: true

Test Case Description: Clicked New in Payment Requisition Form
Expected: true
Actual: true

Test Case Description: Selected vendor as : <b>Supplier ABC</b>
Expected: true
Actual: true

Test Case Description: Entered <b>Auto_Test_Transaction_notes</b> in Transaction Notes
Expected: true
Actual: true

Test Case Description: Entered <b>Test</b> in Remark
Expected: true
Actual: true

Test Case Description: Clicked Save Changes Button
Expected: true
Actual: true

Test Case Description: Selected Option in the Left Panel = <b>Transaction</b>
Expected: true
Actual: true

Test Case Description: Selected Sub Option in the Left Panel = <b>Payment Requisition Form</b>
Expected: true
Actual: true

Test Case Description: Validated -->Payment Requisition Form Created --> PRF no = <b>RSO-PRF-140723-100104</b>
Expected: true
Actual: true

Test Case Description: Clicked Transaction with PRF No = RSO-PRF-140723-100104
Expected: true
Actual: true

Test Case Description: <b>Cancel</b> button is clickable
Expected: true
Actual: true

Test Case Description: Clicked Don't Cancel button
Expected: true
Actual: true

Test Case Description: Entered <b>AUTO TESTING CANCELLATION</b> in cancellation reason
Expected: true
Actual: true

Test Case Description: Clicked <b>Cancel Purchase Bill</b> button
Expected: true
Actual: true

Test Case Description: <b>This PRF is cancelled</b> notify message is displayed
Expected: true
Actual: true

Test Case Description: Store pop up closed
Expected: true
Actual: true

Test Case Description: Selected Option in the Left Panel = <b>Transaction</b>
Expected: true
Actual: true

Test Case Description: Selected Sub Option in the Left Panel = <b>Payment Requisition Form</b>
Expected: true
Actual: true

Test Case Description: Validated Cancel --> Status = <b>Cancelled</b>
Expected: true
Actual: true

Test Case Description: Validated Cancel -->Cancelled Reason in rhs side = <b>AUTO TESTING CANCELLATION</b>
Expected: true
Actual: true

Test Case Description: Validated Cancel --> Cancelled By user in rhs side : <b>PR.Akash test</b>
Expected: true
Actual: true
]]>
  </system-out>
  <testcase classname="tests.inventoryStores.pharmacyStore.Transaction.PaymentRequisitionFormTest" name="validateApprovePaymentRequisitionForm" time="35.418"/>
  <system-out>
    <![CDATA[Test Case Description: The Facility - <b>TST</b> is already selected.
Expected: true
Actual: true

Test Case Description: Pharmacy automation- Pharmacy store is selected.
Expected: true
Actual: true

Test Case Description: Store pop up closed
Expected: true
Actual: true

Test Case Description: Selected Option in the Left Panel = <b>Transaction</b>
Expected: true
Actual: true

Test Case Description: Selected Sub Option in the Left Panel = <b>Payment Requisition Form</b>
Expected: true
Actual: true

Test Case Description: Clicked Transaction with PRF No = RSO-PRF-140723-100103
Expected: true
Actual: true

Test Case Description: <b>Approve</b> button is clickable
Expected: true
Actual: true

Test Case Description: <b>This PRF is approved</b> notify message is displayed
Expected: true
Actual: true

Test Case Description: Validated Approve --> PRF RHS --> STATUS : <b>Approved</b>
Expected: true
Actual: true

Test Case Description: Validated Approve --> PRF RHS --> APPROVED BY USER : <b>PR.Akash test</b>
Expected: true
Actual: true

Test Case Description: Validated Approve --> Print option is displayed
Expected: true
Actual: true

Test Case Description: Validated Approve --> Edit option is removed
Expected: true
Actual: true

Test Case Description: Validated Approve --> Cancel option is removed
Expected: true
Actual: true

Test Case Description: Clicked Print button
Expected: true
Actual: true

Test Case Description: Validated Print -->Purchase Bill Print page opened
Expected: true
Actual: true
]]>
  </system-out>
  <testcase classname="tests.inventoryStores.pharmacyStore.Transaction.PaymentRequisitionFormTest" name="validateCreatePaymentRequisitionForm" time="315.354"/>
  <system-out>
    <![CDATA[Test Case Description: The Facility - <b>TST</b> is already selected.
Expected: true
Actual: true

Test Case Description: Selected Option <b>Organisation Settings</b>
Expected: true
Actual: true

Test Case Description: Selected Option in the Left Panel = <b>Inventory & Supply Chain</b>
Expected: true
Actual: true

Test Case Description: Selected Sub Option in the Left Panel = <b>Store Setup</b>
Expected: true
Actual: true

Test Case Description: GST no. present in Pharmacy automation is <b>20BAC</b>
Expected: true
Actual: true

Test Case Description: Selected Option in the Left Panel = <b>Inventory & Supply Chain</b>
Expected: true
Actual: true

Test Case Description: Selected Sub Option in the Left Panel = <b>Vendor Master</b>
Expected: true
Actual: true

Test Case Description: GST no. present in Supplier ABC is <b>21EAC</b>
Expected: true
Actual: true

Test Case Description: Pharmacy automation- Pharmacy store is selected.
Expected: true
Actual: true

Test Case Description: Store pop up closed
Expected: true
Actual: true

Test Case Description: Selected Option in the Left Panel = <b>Transaction</b>
Expected: true
Actual: true

Test Case Description: Selected Sub Option in the Left Panel = <b>Purchase/GRN</b>
Expected: true
Actual: true

Test Case Description: Entered Bill no as <b>BILL_NO_162734</b> in Purchase Grn
Expected: true
Actual: true

Test Case Description: <b>Purchase Grn</b> created and approved
Expected: true
Actual: true

Test Case Description: Selected Option in the Left Panel = <b>Transaction</b>
Expected: true
Actual: true

Test Case Description: Selected Sub Option in the Left Panel = <b>Purchase Bills</b>
Expected: true
Actual: true

Test Case Description: Selected Vendor as <b>Supplier ABC</b> in Purchase Bill
Expected: true
Actual: true

Test Case Description: Net Amount in Purchase Bill : <b>210.00</b>
Expected: true
Actual: true

Test Case Description: <b>Purchase Bill</b> created and approved
Expected: true
Actual: true

Test Case Description: Purchase Bill No : <b>RSO-PB-140723-100259</b>
Expected: true
Actual: true

Test Case Description: Selected Option in the Left Panel = <b>Transaction</b>
Expected: true
Actual: true

Test Case Description: Selected Sub Option in the Left Panel = <b>Payment Requisition Form</b>
Expected: true
Actual: true

Test Case Description: Clicked New in Payment Requisition Form
Expected: true
Actual: true

Test Case Description: Selected vendor as : <b>Supplier ABC</b>
Expected: true
Actual: true

Test Case Description: Validated--> Vendor GST no
Expected: true
Actual: true

Test Case Description: Validated-->Newly Created Purchase Bill is present in list
Expected: true
Actual: true

Test Case Description: Validated-->Purchase Bill created on : 14-07-2023
Expected: true
Actual: true

Test Case Description: Validated-->Purchase Bill created By user : PR.Akash test
Expected: true
Actual: true

Test Case Description: Validated-->Purchase Bill Net Amount  : 210.00
Expected: true
Actual: true

Test Case Description: Validated-->Purchase Bill Vendor : Supplier ABC
Expected: true
Actual: true

Test Case Description: <b>Save Changes</b> button is enabled after adding the purchase
Expected: true
Actual: true

Test Case Description: Clicked <b>Remove from List</b> button
Expected: true
Actual: true

Test Case Description: Validated --> Item Removed From List
Expected: true
Actual: true

Test Case Description: <b>Save Changes</b> button is disabled after removing the purchase
Expected: true
Actual: true

Test Case Description: Entered <b>RSO-PB-140723-100259</b> in search purchase
Expected: true
Actual: true

Test Case Description: Validated Search Functionality -->Found Purchase Bill : RSO-PB-140723-100259
Expected: true
Actual: true

Test Case Description: Clicked clear search button
Expected: true
Actual: true

Test Case Description: Validated Search Clear Functionality
Expected: true
Actual: true

Test Case Description: Validated -->Time Period-Yesterday
Expected: true
Actual: true

Test Case Description: Validated -->Time Period-This Week
Expected: true
Actual: true

Test Case Description: Validated -->Time Period-This Month
Expected: true
Actual: true

Test Case Description: Validated -->Time Period-This Quarter
Expected: true
Actual: true

Test Case Description: Validated -->Time Period-This Year
Expected: true
Actual: true

Test Case Description: Validated -->Time Period-Previous Week
Expected: true
Actual: true

Test Case Description: Validated -->Time Period-Previous Month
Expected: true
Actual: true

Test Case Description: Validated -->Time Period-Previous Quarter
Expected: true
Actual: true

Test Case Description: Validated -->Time Period-Previous Year
Expected: true
Actual: true

Test Case Description: Validated -->Time Period-Today
Expected: true
Actual: true

Test Case Description: Changing vendor as : <b>kumar vendor</b>
Expected: true
Actual: true

Test Case Description: Validated -->Confirmation Message is displayed --> <b>You are about to change vendor</b>
Expected: true
Actual: true

Test Case Description: Clicked <b>No Don't Change</b> button
Expected: true
Actual: true

Test Case Description: <b>No Don't Change</b> button is not clickable
TEST Case Failed -><b>No Don't Change</b> button is not clickable expected [true] but found [false]
Expected: true
Actual: true

Test Case Description: Store pop up closed
Expected: true
Actual: true

Test Case Description: Selected Option in the Left Panel = <b>Transaction</b>
Expected: true
Actual: true

Test Case Description: Selected Sub Option in the Left Panel = <b>Payment Requisition Form</b>
Expected: true
Actual: true

Test Case Description: Selecting vendor as : <b>Supplier ABC</b>
Expected: true
Actual: true

Test Case Description: Changing vendor as : <b>kumar vendor</b>
Expected: true
Actual: true

Test Case Description: Validated -->Confirmation Message is displayed --> <b>You are about to change vendor</b>
Expected: true
Actual: true

Test Case Description: Clicked <b>Yes Change</b> button
Expected: true
Actual: true

Test Case Description: Validated --> <b>Yes Change</b> button -->Vendor changed
Expected: true
Actual: true

Test Case Description: Changing vendor back to : <b>kumar vendor</b>
Expected: true
Actual: true

Test Case Description: Selected Payment Requisition Form Date as : <b>14/07/2023</b>
Expected: true
Actual: true

Test Case Description: Entered <b>Auto_Test_Transaction_notes</b> in Transaction Notes
Expected: true
Actual: true

Test Case Description: Validate PRF table -->Purchase Bill No = <b>RSO-PB-140723-100259</b>
Expected: true
Actual: true

Test Case Description: Validate PRF table -->Purchase Bill Date = <b>14-07-2023</b>
Expected: true
Actual: true

Test Case Description: Validate PRF table -->Invoice No = <b>BILL_NO_162734</b>
Expected: true
Actual: true

Test Case Description: Validate PRF table -->Invoice Date = <b>14-07-2023</b>
Expected: true
Actual: true

Test Case Description: Validate PRF table -->Net Amount = <b>210.00</b>
Expected: true
Actual: true

Test Case Description: Entered <b>Test</b> in Remark
Expected: true
Actual: true

Test Case Description: Validated Total Net Amount : <b>210.00</b>
Expected: true
Actual: true

Test Case Description: Clicked Save Changes Button
Expected: true
Actual: true

Test Case Description: Selected Option in the Left Panel = <b>Transaction</b>
Expected: true
Actual: true

Test Case Description: Selected Sub Option in the Left Panel = <b>Payment Requisition Form</b>
Expected: true
Actual: true

Test Case Description: Validated -->Payment Requisition Form created --> PRF No = <b>RSO-PRF-140723-100103</b>
Expected: true
Actual: true

Test Case Description: Validated -->Payment Requisition Form RHS --> Vendor = <b>Supplier ABC</b>
Expected: true
Actual: true

Test Case Description: Validated -->Payment Requisition Form RHS --> Vendor Location = <b>Supplier ABC - Sonestaa Meadows Thubarahalli Extended Road Thubarahalli, Whitefield Bengaluru, Karnataka, Mysuru, KARNATAKA, 571311</b>
Expected: true
Actual: true

Test Case Description: Validated -->Payment Requisition Form RHS --> Vendor GST No = <b>21EAC</b>
Expected: true
Actual: true

Test Case Description: Validated -->Payment Requisition Form RHS --> PRF Created By user = <b>PR.Akash test</b>
Expected: true
Actual: true

Test Case Description: Validated -->Payment Requisition Form RHS --> PRF Created By user = <b>14-07-2023 | 08:32 AM</b>
Expected: true
Actual: true

Test Case Description: Validated -->Payment Requisition Form RHS --> Status = <b>Open</b>
Expected: true
Actual: true
]]>
  </system-out>
  <testcase classname="tests.inventoryStores.pharmacyStore.Transaction.PaymentRequisitionFormTest" name="validateEditPaymentRequisitionForm" time="31.898"/>
  <system-out>
    <![CDATA[Test Case Description: The Facility - <b>TST</b> is already selected.
Expected: true
Actual: true

Test Case Description: Pharmacy automation- Pharmacy store is selected.
Expected: true
Actual: true

Test Case Description: Store pop up closed
Expected: true
Actual: true

Test Case Description: Selected Option in the Left Panel = <b>Transaction</b>
Expected: true
Actual: true

Test Case Description: Selected Sub Option in the Left Panel = <b>Payment Requisition Form</b>
Expected: true
Actual: true

Test Case Description: Clicked Transaction with PRF No = RSO-PRF-140723-100103
Expected: true
Actual: true

Test Case Description: <b>Edit</b> button is clickable
Expected: true
Actual: true

Test Case Description: <b>Update Payment Requisition Form</b> Header is displayed 
Expected: true
Actual: true

Test Case Description: Validated Edit --> PRF Date is Editable
Expected: true
Actual: true

Test Case Description: Validated Edit --> PRF Time is Editable
Expected: true
Actual: true

Test Case Description: Validated Edit --> Transaction Note is Editable
Expected: true
Actual: true

Test Case Description: Clicked Remove From list Button
Expected: true
Actual: true

Test Case Description: Validated Edit --> Existing transaction Removed
Expected: true
Actual: true

Test Case Description: Validated Edit --> New transaction Added
Expected: true
Actual: true

Test Case Description: Clicked Save Changes Button
Expected: true
Actual: true
]]>
  </system-out>
</testsuite> <!-- tests.inventoryStores.pharmacyStore.Transaction.PaymentRequisitionFormTest -->
