<?xml version="1.0" encoding="UTF-8"?>
<!-- Generated by org.testng.reporters.JUnitReportReporter -->
<testsuite hostname="SPZMUMLAP0011" failures="0" tests="3" name="tests.settings.organisationSettings.general.GenerateDuplicateSequence.Test.StockIssueAgainstSequenceParallelTest" time="145.977" errors="0" timestamp="2023-11-29T15:49:34 IST" skipped="0">
  <testcase classname="tests.settings.organisationSettings.general.GenerateDuplicateSequence.Test.StockIssueAgainstSequenceParallelTest" name="generateIssueAgainstSequence" time="67.226"/>
  <system-out>
    <![CDATA[Test Case Description: Entered Username : hgdummydoc
Expected: true
Actual: true

Test Case Description: Entered Password : HGraph@3$3$
Expected: true
Actual: true

Test Case Description: Clicked on Login Button
Expected: true
Actual: true

Test Case Description: Selected Store - CENTRAL HUB 01- Central Hub
Expected: true
Actual: true

Test Case Description: Issue Against Created
Expected: true
Actual: true

Test Case Description: Generated Issue Against ID : KARN1-RSO-291123-000002 | 29/11/2023  03:49PM | OPEN
Expected: true
Actual: true
]]>
  </system-out>
  <testcase classname="tests.settings.organisationSettings.general.GenerateDuplicateSequence.Test.StockIssueAgainstSequenceParallelTest" name="validateIssueAgainstSequence" time="26.489"/>
  <system-out>
    <![CDATA[Test Case Description: Entered Username : hgdummydoc
Expected: true
Actual: true

Test Case Description: Entered Password : HGraph@3$3$
Expected: true
Actual: true

Test Case Description: Clicked on Login Button
Expected: true
Actual: true

Test Case Description: Generated Issue Against ID : KARN1-RSO-291123-000002
Expected: true
Actual: true

Test Case Description: Generated Issue Against ID : KARN1-RSO-291123-000001
Expected: true
Actual: true

Test Case Description: Validated Issue Against Sequence
Expected: true
Actual: true
]]>
  </system-out>
  <testcase classname="tests.settings.organisationSettings.general.GenerateDuplicateSequence.Test.StockIssueAgainstSequenceParallelTest" name="generateIssueAgainstSequence" time="52.262"/>
  <system-out>
    <![CDATA[Test Case Description: Entered Username : hgdummydoc
Expected: true
Actual: true

Test Case Description: Entered Password : HGraph@3$3$
Expected: true
Actual: true

Test Case Description: Clicked on Login Button
Expected: true
Actual: true

Test Case Description: Selected Store - CENTRAL HUB 01- Central Hub
Expected: true
Actual: true

Test Case Description: Issue Against Created
Expected: true
Actual: true

Test Case Description: Generated Issue Against ID : KARN1-RSO-291123-000001 | 29/11/2023  03:49PM | OPEN
Expected: true
Actual: true
]]>
  </system-out>
</testsuite> <!-- tests.settings.organisationSettings.general.GenerateDuplicateSequence.Test.StockIssueAgainstSequenceParallelTest -->
