<?xml version="1.0" encoding="UTF-8"?>
<!-- Generated by org.testng.reporters.JUnitReportReporter -->
<testsuite hostname="SPZMUMLAP0011" failures="0" tests="3" name="tests.settings.organisationSettings.general.GenerateDuplicateSequence.Test.StockDirectTransferSequenceParallelTest" time="322.721" errors="0" timestamp="2023-12-15T22:37:45 IST" skipped="0">
  <testcase classname="tests.settings.organisationSettings.general.GenerateDuplicateSequence.Test.StockDirectTransferSequenceParallelTest" name="generateDirectTransferSequence" time="117.808"/>
  <system-out>
    <![CDATA[Test Case Description: Entered Username : hgdummydoc
Expected: true
Actual: true

Test Case Description: Entered Password : FO#sSpRd12$23$
Expected: true
Actual: true

Test Case Description: Clicked on Login Button
Expected: true
Actual: true

Test Case Description: Selected Store - Pharmacy Viet- Pharmacy
Expected: true
Actual: true

Test Case Description: Transfer Transaction Created
Expected: true
Actual: true
]]>
  </system-out>
  <testcase classname="tests.settings.organisationSettings.general.GenerateDuplicateSequence.Test.StockDirectTransferSequenceParallelTest" name="validateTransferSequence" time="92.340"/>
  <system-out>
    <![CDATA[Test Case Description: Entered Username : hgdummydoc
Expected: true
Actual: true

Test Case Description: Entered Password : FO#sSpRd12$23$
Expected: true
Actual: true

Test Case Description: Clicked on Login Button
Expected: true
Actual: true

Test Case Description: Generated Transfer ID : RSO-TRAFC-151223-100374
Expected: true
Actual: true

Test Case Description: Generated Transfer ID : RSO-TRAFC-151223-100373
Expected: true
Actual: true

Test Case Description: Validate Direct Transfer Sequence - No Duplicates found
Expected: true
Actual: true

Test Case Description: Validated Primary Sequence counter got increased by 2 count
Expected: true
Actual: true

Test Case Description: Counter Level : Organisation = BEFORE :  --> <font color='yellow'>RSO-TRAFC-151223-100372</font> --> AFTER CONSUMING :  --> <font color='light blue'>RSO-TRAFC-151223-100374</font>
Expected: true
Actual: true
]]>
  </system-out>
  <testcase classname="tests.settings.organisationSettings.general.GenerateDuplicateSequence.Test.StockDirectTransferSequenceParallelTest" name="generateDirectTransferSequence" time="112.573"/>
  <system-out>
    <![CDATA[Test Case Description: Entered Username : hgdummydoc
Expected: true
Actual: true

Test Case Description: Entered Password : FO#sSpRd12$23$
Expected: true
Actual: true

Test Case Description: Clicked on Login Button
Expected: true
Actual: true

Test Case Description: Selected Store - Pharmacy Viet- Pharmacy
Expected: true
Actual: true

Test Case Description: Transfer Transaction Created
Expected: true
Actual: true
]]>
  </system-out>
</testsuite> <!-- tests.settings.organisationSettings.general.GenerateDuplicateSequence.Test.StockDirectTransferSequenceParallelTest -->
