<?xml version="1.0" encoding="UTF-8"?>
<!-- Generated by org.testng.reporters.JUnitReportReporter -->
<testsuite hostname="SPZMUMLAP0011" failures="0" tests="2" name="tests.authorizationpolicy.ehrSetting.CorporateMasterPolicyTest" time="166.209" errors="0" timestamp="2023-12-13T00:25:46 IST" skipped="0">
  <testcase classname="tests.authorizationpolicy.ehrSetting.CorporateMasterPolicyTest" name="validatePolicy_disableCorporateMaster" time="81.481"/>
  <system-out>
    <![CDATA[Test Case Description: Clicked user policy for user : PR.Akash test
Expected: true
Actual: true

Test Case Description: opened authorization policy page for the user : PR.Akash test
Expected: true
Actual: true

Test Case Description: EHR SETTINGS policy clicked
Expected: true
Actual: true

Test Case Description: Corporate Master Disable access
Authorized:    NO
Expected: true
Actual: true

Test Case Description: Expected User is Logged in - <b>PR.Akash test</b> .Current User is PR.Akash test
Expected: true
Actual: true

Test Case Description: Selected Option <b>Organisation Settings</b>
Expected: true
Actual: true

Test Case Description: Selected Option in the Left Panel = <b>General</b>
Expected: true
Actual: true

Test Case Description: Selected Sub Option in the Left Panel = <b>Corporate Master</b>
Expected: true
Actual: true

Test Case Description: <font color='blue'>Validated Corporate Master Disable access is disabled for the user</font>
Expected: true
Actual: true

Test Case Description: Clicked user policy for user : PR.Akash test
Expected: true
Actual: true

Test Case Description: opened authorization policy page for the user : PR.Akash test
Expected: true
Actual: true

Test Case Description: EHR SETTINGS policy clicked
Expected: true
Actual: true

Test Case Description: Corporate Master Disable access
Authorized:    YES
Expected: true
Actual: true

Test Case Description: Selected Option in the Left Panel = <b>General</b>
Expected: true
Actual: true

Test Case Description: Selected Sub Option in the Left Panel = <b>Corporate Master</b>
Expected: true
Actual: true

Test Case Description: <font color='blue'>Validated Corporate Master Disable access is enabled for the user</font>
Expected: true
Actual: true
]]>
  </system-out>
  <testcase classname="tests.authorizationpolicy.ehrSetting.CorporateMasterPolicyTest" name="validatePolicy_viewCorporateMaster" time="84.728"/>
  <system-out>
    <![CDATA[Test Case Description: Clicked user policy for user : PR.Akash test
Expected: true
Actual: true

Test Case Description: opened authorization policy page for the user : PR.Akash test
Expected: true
Actual: true

Test Case Description: EHR SETTINGS policy clicked
Expected: true
Actual: true

Test Case Description: Corporate Master View access
Authorized:    NO
Expected: true
Actual: true

Test Case Description: Expected User is Logged in - <b>PR.Akash test</b> .Current User is PR.Akash test
Expected: true
Actual: true

Test Case Description: Selected Option <b>Organisation Settings</b>
Expected: true
Actual: true

Test Case Description: Selected Option in the Left Panel = <b>General</b>
Expected: true
Actual: true

Test Case Description: <font color='blue'>Validated Corporate Master View access is disabled for the user</font>
Expected: true
Actual: true

Test Case Description: Clicked user policy for user : PR.Akash test
Expected: true
Actual: true

Test Case Description: opened authorization policy page for the user : PR.Akash test
Expected: true
Actual: true

Test Case Description: EHR SETTINGS policy clicked
Expected: true
Actual: true

Test Case Description: Corporate Master View access
Authorized:    YES
Expected: true
Actual: true

Test Case Description: Selected Option in the Left Panel = <b>General</b>
Expected: true
Actual: true

Test Case Description: Selected Sub Option in the Left Panel = <b>Corporate Master</b>
Expected: true
Actual: true

Test Case Description: <font color='blue'>Validated Corporate Master View access is enabled for the user</font>
Expected: true
Actual: true
]]>
  </system-out>
</testsuite> <!-- tests.authorizationpolicy.ehrSetting.CorporateMasterPolicyTest -->
