<?xml version="1.0" encoding="UTF-8"?>
<!-- Generated by org.testng.reporters.JUnitReportReporter -->
<testsuite hostname="SPZMUMLAP0011" failures="0" tests="3" name="tests.inventoryStores.pharmacyStore.Items.VariantTest" time="180.367" errors="0" timestamp="2023-07-03T17:28:27 IST" skipped="0">
  <testcase classname="tests.inventoryStores.pharmacyStore.Items.VariantTest" name="validateAddFunctionalityInItemMaster" time="86.308"/>
  <system-out>
    <![CDATA[Test Case Description: The Facility - <b>TST</b> is already selected.
Expected: true
Actual: true

Test Case Description: Pharmacy automation- Pharmacy store is selected.
Expected: true
Actual: true

Test Case Description: Store pop up closed
Expected: true
Actual: true

Test Case Description: Selected Option in the Left Panel = <b>Items</b>
Expected: true
Actual: true

Test Case Description: Selected Sub Option in the Left Panel = <b>Master</b>
Expected: true
Actual: true

Test Case Description:  Master Option Displayed In Item 
Expected: true
Actual: true

Test Case Description:  Add Item Button Displayed and Clicked
Expected: true
Actual: true

Test Case Description: Add Item Template Header Open and  Displayed as : Add New Item to Inventory
Expected: true
Actual: true

Test Case Description:  Item Details Section Heading  Present In Add Item Template
Expected: true
Actual: true

Test Case Description: Category Dropdown Displayed and Clicked in add item 
Expected: true
Actual: true

Test Case Description: Category selected: <b> Medication</b>
Expected: true
Actual: true

Test Case Description: Sub Category Dropdown Arrow Clicked In Add Item
Expected: true
Actual: true

Test Case Description: Sub Category selected: <b> Test</b>
Expected: true
Actual: true

Test Case Description:  Item HSN Code Displayed and  Entered as : <b>HSN3YKZ</b>
Expected: true
Actual: true

Test Case Description: Item Brand/Company Name Displayed and  Entered as : <b> HealthGraph</b>
Expected: true
Actual: true

Test Case Description: Item Description Displayed and Entered as : <b>Item_Description_cfif</b>
Expected: true
Actual: true

Test Case Description: Item Manufacturer Name Displayed and Entered as :<b>HealthGraph</b>
Expected: true
Actual: true

Test Case Description:  Properties Section Heading Displayed
Expected: true
Actual: true

Test Case Description:  Tax Inclusive Checkbox Displayed and Selected
Expected: true
Actual: true

Test Case Description:  Tax Dropdown Clicked
Expected: true
Actual: true

Test Case Description: Item Properties Tax Entered as : <b>GST5 - 5.0%</b>
Expected: true
Actual: true

Test Case Description: Item Properties Expiry Present Checkbox Displayed and Clicked
Expected: true
Actual: true

Test Case Description: Item Properties Prescription Mandatory Checkbox Displayed and Clicked
Expected: true
Actual: true

Test Case Description: Item Properties Unit Level Checkbox Displayed and Clicked
Expected: true
Actual: true

Test Case Description:  Dispensing Unit Section Displayed
Expected: true
Actual: true

Test Case Description:  Dispensing Unit Displayed as : <b> Tablets </b>
Expected: true
Actual: true

Test Case Description: Package Type Displayed as : <b> Box</b>
Expected: true
Actual: true

Test Case Description: Sub Package Unit Displayed as : <b> 1 </b>
Expected: true
Actual: true

Test Case Description: Sub Package Unit Type Displayed as : <b> Number</b>
Expected: true
Actual: true

Test Case Description: Item Sub Package Unit Displayed as : <b> 1</b>
Expected: true
Actual: true

Test Case Description: Item Sub Package Unit Type Displayed as : <b> Number</b>
Expected: true
Actual: true

Test Case Description: Low Scoring Warning Section Displayed
Expected: true
Actual: true

Test Case Description: Fixed Threshold Checkbox Displayed
Expected: true
Actual: true

Test Case Description: Mini Stock Label Displayed
Expected: true
Actual: true

Test Case Description:  Class Section Displayed
Expected: true
Actual: true

Test Case Description:  Medicine Class Input Box Displayed
Expected: true
Actual: true

Test Case Description: Class Filter Displayed
Expected: true
Actual: true

Test Case Description:  Generic Composition Section Displayed
Expected: true
Actual: true

Test Case Description:  Item generic Composition Name Displayed and  Entered as : <b> Hexapeptide-11 </b>
Expected: true
Actual: true

Test Case Description: Medication Name Clicked on Generic Composition Suggestion Value
Expected: true
Actual: true

Test Case Description:  Generic Composition Value Entered as : <b>1.0</b>
Expected: true
Actual: true

Test Case Description:  Generic Composition Unit Entered as : <b>mg</b>
Expected: true
Actual: true

Test Case Description:  Possible Variant Section Text Present 
Expected: true
Actual: true

Test Case Description: Item Possible Variant Name Entered as : <b>Variant1</b>
Expected: true
Actual: true

Test Case Description: Item Possible Variant Value Clicked
Expected: true
Actual: true

Test Case Description: Item Possible Variant Value Entered as : <b>100mg</b>
Expected: true
Actual: true

Test Case Description: Item Possible Variant Name Entered as : <b>Variant2</b>
Expected: true
Actual: true

Test Case Description: Item Possible Variant Value Clicked
Expected: true
Actual: true

Test Case Description: Item Possible Variant Value Entered as : <b>200mg</b>
Expected: true
Actual: true

Test Case Description: Item Possible Variant Name Entered as : <b>Variant3</b>
Expected: true
Actual: true

Test Case Description: Item Possible Variant Value Clicked
Expected: true
Actual: true

Test Case Description: Item Possible Variant Value Entered as : <b>300mg</b>
Expected: true
Actual: true

Test Case Description: Item Possible Variant Name Entered as : <b>Variant4</b>
Expected: true
Actual: true

Test Case Description: Item Possible Variant Value Clicked
Expected: true
Actual: true

Test Case Description: Item Possible Variant Value Entered as : <b>400mg</b>
Expected: true
Actual: true

Test Case Description: Save Button Clicked with filled required field
Expected: true
Actual: true

Test Case Description:  Empty Stock Item Row Color Displayed In Red 
Expected: true
Actual: true

Test Case Description: <b> Item_Description_cfif </b> Item Clicked from Item Master List
Expected: true
Actual: true

Test Case Description:  <b> Item Code </b> of Created/Updated Item Displayed as : <b> INV-MED-1199 </b> In Item Master List
Expected: true
Actual: true

Test Case Description:  <b> Item Name </b> of Created/Updated  Item Displayed as : <b> Item_Description_cfif </b> In Item Master List
Expected: true
Actual: true

Test Case Description:  <b> Item Stock </b> of Created/Updated  Item Displayed as : <b> 0.0 </b> 
Expected: true
Actual: true

Test Case Description:  <b> Item Dispensing Unit </b> of Created/Updated  Item Displayed as : <b> Tablets </b> In Item Master List
Expected: true
Actual: true

Test Case Description:  <b> Item Category </b> of Created/Updated  Item Displayed as : <b> Medication </b> In Item master List 
Expected: true
Actual: true

Test Case Description:  Item Name <b> Item_Description_cfif </b> Found and Created Successfully Item Data Displayed Correctly in Table List
Expected: true
Actual: true
]]>
  </system-out>
  <testcase classname="tests.inventoryStores.pharmacyStore.Items.VariantTest" name="validateViewVariantFunctionalityInItemVariant" time="33.979"/>
  <system-out>
    <![CDATA[Test Case Description: The Facility - <b>TST</b> is already selected.
Expected: true
Actual: true

Test Case Description: Pharmacy automation- Pharmacy store is selected.
Expected: true
Actual: true

Test Case Description: Store pop up closed
Expected: true
Actual: true

Test Case Description: Selected Option in the Left Panel = <b>Items</b>
Expected: true
Actual: true

Test Case Description: Selected Sub Option in the Left Panel = <b>Variant</b>
Expected: true
Actual: true

Test Case Description:  Variant Option Displayed and Clicked In Item 
Expected: true
Actual: true

Test Case Description: <b> Variant Code </b> Header Present In Item Variant List Table at index : <b> 0 </b>
Expected: true
Actual: true

Test Case Description: <b> Description </b> Header Present In Item Variant List Table at index : <b> 1 </b>
Expected: true
Actual: true

Test Case Description: <b> Stock </b> Header Present In Item Variant List Table at index : <b> 2 </b>
Expected: true
Actual: true

Test Case Description: <b> Category </b> Header Present In Item Variant List Table at index : <b> 3 </b>
Expected: true
Actual: true

Test Case Description: <b> Item_Description_cfif </b> Item Clicked from Item Variant List
Expected: true
Actual: true

Test Case Description:  <b> Item Code </b> of Created/Updated Item Displayed as : <b> INV-MED-1199-100 </b> In Item Variant List
Expected: true
Actual: true

Test Case Description:  <b> Item Name </b> of Created/Updated  Item Displayed as : <b> Item_Description_cfif </b> In Item Variant List
Expected: true
Actual: true

Test Case Description:  <b> Item Stock </b> of Created/Updated  Item Displayed as : <b> 0.0 </b> in Item variant
Expected: true
Actual: true

Test Case Description:  <b> Item Category </b> of Created/Updated  Item Displayed as : <b> Medication </b> In Item Variant List 
Expected: true
Actual: true

Test Case Description:  Item Found In Item Variant List
Expected: true
Actual: true

Test Case Description: <b> Description: </b> Label Present In View Item RHS side 
Expected: true
Actual: true

Test Case Description: <b> Item_Description_cfif  </b> Value Present In View Item RHS against label <b> Description: </b>
Expected: true
Actual: true

Test Case Description: <b> Item Code: </b> Label Present In View Item RHS side 
Expected: true
Actual: true

Test Case Description: <b> INV-MED-1199  </b> Value Present In View Item RHS against label <b> Item Code: </b>
Expected: true
Actual: true

Test Case Description: <b> Barcode: </b> Label Present In View Item RHS side 
Expected: true
Actual: true

Test Case Description: <b>RSO172202INVMED1199100 </b>  Value Present In View Item RHS against label <b> Barcode:</b>
Expected: true
Actual: true

Test Case Description: <b> Stock: </b> Label Present In View Item RHS side 
Expected: true
Actual: true

Test Case Description: <b> 0.0  </b> Value Present In View Item RHS against label <b> Stock: </b>
Expected: true
Actual: true

Test Case Description: <b> Identifier: </b> Label Present In View Item RHS side 
Expected: true
Actual: true

Test Case Description: <b> </b>  Value Present In View Item RHS against label <b> Identifier:</b>
Expected: true
Actual: true

Test Case Description: <b> Category: </b> Label Present In View Item RHS side 
Expected: true
Actual: true

Test Case Description: <b> Medication  </b> Value Present In View Item RHS against label <b> Category: </b>
Expected: true
Actual: true

Test Case Description: <b> Variant Code: </b> Label Present In View Item RHS side 
Expected: true
Actual: true

Test Case Description: <b> INV-MED-1199-100  </b> Value Present In View Item RHS against label <b> Variant Code: </b>
Expected: true
Actual: true

Test Case Description: <b> Threshold Value: </b> Label Present In View Item RHS side 
Expected: true
Actual: true

Test Case Description: <b> 0  </b> Value Present In View Item RHS against label <b> Threshold Value: </b>
Expected: true
Actual: true

Test Case Description: <b> Generic Names: </b> Label Present In View Item RHS side 
Expected: true
Actual: true

Test Case Description: <b> Hexapeptide-11 1.0 mg  </b> Value Present In View Item RHS against label <b> Generic Names: </b>
Expected: true
Actual: true
]]>
  </system-out>
  <testcase classname="tests.inventoryStores.pharmacyStore.Items.VariantTest" name="validateDeleteFunctionalityInItemVariant" time="60.080"/>
  <system-out>
    <![CDATA[Test Case Description: The Facility - <b>TST</b> is already selected.
Expected: true
Actual: true

Test Case Description: Pharmacy automation- Pharmacy store is selected.
Expected: true
Actual: true

Test Case Description: Store pop up closed
Expected: true
Actual: true

Test Case Description: Selected Option in the Left Panel = <b>Items</b>
Expected: true
Actual: true

Test Case Description: Selected Sub Option in the Left Panel = <b>Variant</b>
Expected: true
Actual: true

Test Case Description:  Master Option Displayed In Item 
Expected: true
Actual: true

Test Case Description: Item_Description_cfif Item Clicked from Item Variant List
Expected: true
Actual: true

Test Case Description: Item Found And Clicked
Expected: true
Actual: true

Test Case Description: Delete Button Clicked
Expected: true
Actual: true

Test Case Description:  Input Delete Field Displayed
Expected: true
Actual: true

Test Case Description:  Input Variant Code Text Box displayed and value send as : INV-MED-1199-100
Expected: true
Actual: true

Test Case Description: Confirm Delete Button is Enabled and CLicked
Expected: true
Actual: true

Test Case Description: Item_Description_cfif Item Variant Deleted Successfully 
Expected: true
Actual: true

Test Case Description: Store pop up closed
Expected: true
Actual: true

Test Case Description: Selected Option in the Left Panel = <b>Items</b>
Expected: true
Actual: true

Test Case Description: Selected Sub Option in the Left Panel = <b>Variant</b>
Expected: true
Actual: true

Test Case Description:  Item Found In Master , Even After Deleting Variant
Expected: true
Actual: true
]]>
  </system-out>
</testsuite> <!-- tests.inventoryStores.pharmacyStore.Items.VariantTest -->
