<?xml version="1.0" encoding="UTF-8"?>
<!-- Generated by org.testng.reporters.JUnitReportReporter -->
<testsuite hostname="SPZMUMLAP0011" failures="0" tests="2" name="tests.departments.opd.ValidateDoctorTest" time="39.516" errors="0" timestamp="2023-07-14T00:07:41 IST" skipped="0">
  <testcase classname="tests.departments.opd.ValidateDoctorTest" name="createEyeTemplate" time="29.881"/>
  <system-out>
    <![CDATA[Test Case Description: New Template Details button is clicked
Expected: true
Actual: true

Test Case Description: Validate <b>Eye</b> template is selected and opened. Header of Template = Eye Template RSO-CS-1003890
Expected: true
Actual: true

Test Case Description: Validate Eye template  is selected
Expected: true
Actual: true

Test Case Description: Investigation Tab Is selected
Expected: true
Actual: true

Test Case Description: Ophthal in Investigation Tab Is selected
Expected: true
Actual: true

Test Case Description: Cataract Biometry option is selected under Ophthal Sets
Expected: true
Actual: true

Test Case Description: Validate at least one Investigation is selected. Current count of Ophthal investigations = 3
Expected: true
Actual: true

Test Case Description: Laboratory in Investigation Tab Is selected
Expected: true
Actual: true

Test Case Description: cornea option is selected under Laboratory Sets
Expected: true
Actual: true

Test Case Description: Validate at least one Investigation is selected. Current count of Laboratory investigations = 4
Expected: true
Actual: true

Test Case Description: Radiology in Investigation Tab Is selected
Expected: true
Actual: true

Test Case Description: testenv option is selected under Radiology Sets
Expected: true
Actual: true

Test Case Description: Validate at least one Investigation is selected. Current count of Radiology investigations = 2
Expected: true
Actual: true

Test Case Description: Diagnosis Tab Is selected
Expected: true
Actual: true

Test Case Description: Provisional diagnosis checkbox is clicked
Expected: true
Actual: true

Test Case Description: Validate provisional diagnosis Comment is entered as Smoke Test
Expected: true
Actual: true

Test Case Description: Advice Tab Is selected
Expected: true
Actual: true

Test Case Description: No Medication Advice check box is clicked
Expected: true
Actual: true

Test Case Description: Procedures Tab Is selected
Expected: true
Actual: true

Test Case Description: No Procedures check box is checked
Expected: true
Actual: true

Test Case Description: Referral Tab Is selected
Expected: true
Actual: true

Test Case Description: Advice Tab Is selected
Expected: true
Actual: true

Test Case Description: Save button is clicked
Expected: true
Actual: true

Test Case Description: Upon clicking Save template, opd summary is displayed
Expected: true
Actual: true

Test Case Description: Close template button is clicked
Expected: true
Actual: true

Test Case Description: Upon clicking close template send to user dropdown is displayed
Expected: true
Actual: true
]]>
  </system-out>
  <testcase classname="tests.departments.opd.ValidateDoctorTest" name="validatePatientArrivedInDoctor" time="9.635"/>
  <system-out>
    <![CDATA[Test Case Description: User already logged in
Expected: true
Actual: true

Test Case Description: The Facility - <b>TST</b> is already selected.
Expected: true
Actual: true

Test Case Description: Expected User is Logged in - <b>PR.Akash test</b> .Current User is PR.Akash test
Expected: true
Actual: true

Test Case Description: Patient name - Mr. SMOKE
Expected: true
Actual: true

Test Case Description: Validate My Queue tab is selected
Expected: true
Actual: true

Test Case Description: Patient Name Matched in Appointment Details Section
Expected: true
Actual: true

Test Case Description: Validate Patient  MR. SMOKE is clicked in My Queue of Doctor
Expected: true
Actual: true
]]>
  </system-out>
</testsuite> <!-- tests.departments.opd.ValidateDoctorTest -->
