<?xml version="1.0" encoding="UTF-8"?>
<!-- Generated by org.testng.reporters.JUnitReportReporter -->
<testsuite hostname="SPZMUMLAP0011" failures="0" tests="3" name="tests.departments.ipd.IPDWFTest" time="186.745" errors="0" timestamp="2023-07-14T00:11:17 IST" skipped="0">
  <testcase classname="tests.departments.ipd.IPDWFTest" name="validateReadyForAdmissionInIpd" time="26.966"/>
  <system-out>
    <![CDATA[Test Case Description: User already logged in
Expected: true
Actual: true

Test Case Description: The Facility - <b>TST</b> is already selected.
Expected: true
Actual: true

Test Case Description: Expected User is Logged in - <b>PR.Akash test</b> .Current User is PR.Akash test
Expected: true
Actual: true

Test Case Description: IPD department is selected.
Expected: true
Actual: true

Test Case Description: Patient name - Mr. SMOKE
Expected: true
Actual: true

Test Case Description: Validate IPD_SCHEDULED tab is selected
Expected: true
Actual: true

Test Case Description: Patient name found in IPD: <b> MR. SMOKE</b>
Expected: true
Actual: true

Test Case Description: Ready for admission Button visible 
Expected: true
Actual: true

Test Case Description: Ready for admission Button clicked 
Expected: true
Actual: true

Test Case Description: Admit Patient Button visible
Expected: true
Actual: true

Test Case Description: Validate My Queue tab is selected
Expected: true
Actual: true

Test Case Description: Validate Patient Count has been increased from <b>-1</b> to <b>232</b> in My Queue
Expected: true
Actual: true
]]>
  </system-out>
  <testcase classname="tests.departments.ipd.IPDWFTest" name="validatePatientAdmitToIpd" time="20.950"/>
  <system-out>
    <![CDATA[Test Case Description: User already logged in
Expected: true
Actual: true

Test Case Description: The Facility - <b>TST</b> is already selected.
Expected: true
Actual: true

Test Case Description: Expected User is Logged in - <b>PR.Akash test</b> .Current User is PR.Akash test
Expected: true
Actual: true

Test Case Description: Patient name - Mr. SMOKE
Expected: true
Actual: true

Test Case Description: Validate My Queue tab is selected
Expected: true
Actual: true

Test Case Description: Patient name found in IPD: <b> MR. SMOKE</b>
Expected: true
Actual: true

Test Case Description: Admit Patient Button clicked 
Expected: true
Actual: true

Test Case Description: Admission form is displayed
Expected: true
Actual: true

Test Case Description: Admission Form Saved. 
Expected: true
Actual: true

Test Case Description: Validate Patient Count has been increased from <b>-1</b> to <b>232</b> in Admitted Patients
Expected: true
Actual: true
]]>
  </system-out>
  <testcase classname="tests.departments.ipd.IPDWFTest" name="scheduleAdmissionFromOPD" time="138.829"/>
  <system-out>
    <![CDATA[Test Case Description: User already logged in
Expected: true
Actual: true

Test Case Description: The Facility - <b>TST</b> is already selected.
Expected: true
Actual: true

Test Case Description: Expected User is Logged in - <b>PR.Akash test</b> .Current User is PR.Akash test
Expected: true
Actual: true

Test Case Description: Patient name - Mr. SMOKE
Expected: true
Actual: true

Test Case Description: Validate My Queue tab is selected
Expected: true
Actual: true

Test Case Description: Patient name found in OPD: <b> MR. SMOKE</b>
Expected: true
Actual: true

Test Case Description: Patient name found in OPD: <b> MR. SMOKE</b>
Expected: true
Actual: true

Test Case Description: Scheduled admission button is displayed
Expected: true
Actual: true

Test Case Description: Clicked on scheduled admission button
Expected: true
Actual: true

Test Case Description: Scheduled admission form is displayed
Expected: true
Actual: true

Test Case Description: Admission Details Tab is selected on start by default.
TEST Case Failed ->expected [Admission Details Tab is selected on start by default.] but found [true]
Expected: true
Actual: true

Test Case Description: Yes Button in Cashless Hospitalisation is Clickable
Expected: true
Actual: true

Test Case Description: No Button in Cashless Hospitalisation is Clickable
Expected: true
Actual: true

Test Case Description: Planned Button in Admission Type is Clickable
Expected: true
Actual: true

Test Case Description: Planned Admission Notification message validated
TEST Case Failed ->expected [Planned Admission Notification message validated] but found [true]
Expected: true
Actual: true

Test Case Description: Emergency Button in Admission Type is Clickable
Expected: true
Actual: true

Test Case Description: Same Day Button in Admission Type is Clickable
Expected: true
Actual: true

Test Case Description: Select Planned radio button
Expected: true
Actual: true

Test Case Description: Clicked Location in Admission Form
Expected: true
Actual: true

Test Case Description: TESTING_FACILITY is selected in Location
Expected: true
Actual: true

Test Case Description: Clicked Doctor in Admission Form
Expected: true
Actual: true

Test Case Description: PR.Akash test is selected in Doctor Options
Expected: true
Actual: true

Test Case Description: Clicked Additional Doctors field
Expected: true
Actual: true

Test Case Description: Arpit Singh is selected in Additional Doctors Options
Expected: true
Actual: true

Test Case Description: Clicked Additional Doctors field
Expected: true
Actual: true

Test Case Description: HG Doctor5 is selected in Additional Doctors Options
Expected: true
Actual: true

Test Case Description: 11:30 PM is selected as Admission Time
Expected: true
Actual: true

Test Case Description: Selected<b> Topical </b>in Anesthesia Type
Expected: true
Actual: true

Test Case Description: 24/02/2023 is selected as Discharge Date
Expected: true
Actual: true

Test Case Description: 11.30 PM is selected as Discharge Time
Expected: true
Actual: true

Test Case Description: Entered NA in Reason for Admission Field
Expected: true
Actual: true

Test Case Description: Entered NA in Management Plans Field
Expected: true
Actual: true

Test Case Description: View case details button is clicked
Expected: true
Actual: true

Test Case Description: Entered Phaco with foldable IOL implant in Procedures field
Expected: true
Actual: true

Test Case Description: Clicked Save button in procedure
Expected: true
Actual: true

Test Case Description: Clicked Procedure case sheet CheckBox
Expected: true
Actual: true

Test Case Description: Selected <b>test iol type cat 1</b> in Procedure CaseSheet Items1
Expected: true
Actual: true

Test Case Description: Selected <b>test iol type cat 1</b> in Procedure CaseSheet Items2
Expected: true
Actual: true

Test Case Description: Selected <b>test iol type cat 1</b> in Procedure CaseSheet Items3
Expected: true
Actual: true

Test Case Description: Create admission button is clicked
Expected: true
Actual: true

Test Case Description: Assigned bed Form is displayed
Expected: true
Actual: true

Test Case Description: Ward dropdown Clicked
Expected: true
Actual: true

Test Case Description: Ward Value Selected
Expected: true
Actual: true

Test Case Description: SelectRoom dropdown Clicked
Expected: true
Actual: true

Test Case Description: SelectRoom value Selected
Expected: true
Actual: true

Test Case Description: Clicked on Save bed
Expected: true
Actual: true

Test Case Description: OPD department is selected.
Expected: true
Actual: true

Test Case Description: Patient name found in OPD: <b> MR. SMOKE</b>
Expected: true
Actual: true

Test Case Description: Scheduled admission button is displayed
Expected: true
Actual: true

Test Case Description: Clicked on scheduled admission button
Expected: true
Actual: true

Test Case Description: Scheduled admission form is displayed
Expected: true
Actual: true

Test Case Description: Admission Details Tab is selected on start by default.
TEST Case Failed ->expected [Admission Details Tab is selected on start by default.] but found [true]
Expected: true
Actual: true

Test Case Description: Select Same Day radio button
Expected: true
Actual: true

Test Case Description: Clicked Location in Admission Form
Expected: true
Actual: true

Test Case Description: TESTING_FACILITY is selected in Location
Expected: true
Actual: true

Test Case Description: Clicked Doctor in Admission Form
Expected: true
Actual: true

Test Case Description: PR.Akash test is selected in Doctor Options
Expected: true
Actual: true

Test Case Description: Clicked Additional Doctors field
Expected: true
Actual: true

Test Case Description: Arpit Singh is selected in Additional Doctors Options
Expected: true
Actual: true

Test Case Description: Clicked Additional Doctors field
Expected: true
Actual: true

Test Case Description: HG Doctor5 is selected in Additional Doctors Options
Expected: true
Actual: true

Test Case Description: Selected<b> Topical </b>in Anesthesia Type
Expected: true
Actual: true

Test Case Description: 24/02/2023 is selected as Discharge Date
Expected: true
Actual: true

Test Case Description: 11.30 PM is selected as Discharge Time
Expected: true
Actual: true

Test Case Description: Entered NA in Reason for Admission Field
Expected: true
Actual: true

Test Case Description: Entered NA in Management Plans Field
Expected: true
Actual: true

Test Case Description: View case details button is clicked
Expected: true
Actual: true

Test Case Description: Entered Phaco with foldable IOL implant in Procedures field
Expected: true
Actual: true

Test Case Description: Clicked Save button in procedure
Expected: true
Actual: true

Test Case Description: Clicked Procedure case sheet CheckBox
Expected: true
Actual: true

Test Case Description: Selected <b>test iol type cat 1</b> in Procedure CaseSheet Items1
Expected: true
Actual: true

Test Case Description: Selected <b>test iol type cat 1</b> in Procedure CaseSheet Items2
Expected: true
Actual: true

Test Case Description: Selected <b>test iol type cat 1</b> in Procedure CaseSheet Items3
Expected: true
Actual: true

Test Case Description: Create admission button is clicked
Expected: true
Actual: true

Test Case Description: Assigned bed Form is displayed
Expected: true
Actual: true

Test Case Description: Ward dropdown Clicked
Expected: true
Actual: true

Test Case Description: Ward Value Selected
Expected: true
Actual: true

Test Case Description: SelectRoom dropdown Clicked
Expected: true
Actual: true

Test Case Description: SelectRoom value Selected
Expected: true
Actual: true

Test Case Description: Clicked on Save bed
Expected: true
Actual: true

Test Case Description: OPD department is selected.
Expected: true
Actual: true

Test Case Description: Patient name found in OPD: <b> MR. SMOKE</b>
Expected: true
Actual: true

Test Case Description: Clicked Jump to Admission Button
Expected: true
Actual: true

Test Case Description: Validated emergency admission on 14/07/2023
Expected: true
Actual: true

Test Case Description: Clicked on Jump to admission
Expected: true
Actual: true
]]>
  </system-out>
</testsuite> <!-- tests.departments.ipd.IPDWFTest -->
