<?xml version="1.0" encoding="UTF-8"?>
<!-- Generated by org.testng.reporters.JUnitReportReporter -->
<testsuite hostname="SPZMUMLAP0011" failures="0" tests="9" name="tests.authorizationpolicy.opd.PatientSummaryPolicyTest" time="994.957" errors="0" timestamp="2023-11-09T18:52:34 IST" skipped="0">
  <testcase classname="tests.authorizationpolicy.opd.PatientSummaryPolicyTest" name="validatePolicy_viewPatientSummary" time="106.893"/>
  <system-out>
    <![CDATA[Test Case Description: Clicked user policy for user : Dr. Akash Jajee
Expected: true
Actual: true

Test Case Description: opened authorization policy page for the user : Dr. Akash Jajee
Expected: true
Actual: true

Test Case Description: OPD policy clicked
Expected: true
Actual: true

Test Case Description: Patient summary view access (Sub module)
Authorized:    NO
Expected: true
Actual: true

Test Case Description: Selected Option <b>Organisation Settings</b>
Expected: true
Actual: true

Test Case Description: Selected Option in the Left Panel = <b>General</b>
Expected: true
Actual: true

Test Case Description: Selected Sub Option in the Left Panel = <b>Organisation Setup</b>
Expected: true
Actual: true

Test Case Description: Expected User is Logged in - <b>Dr. Akash Jajee</b> .Current User is Dr. Akash Jajee
Expected: true
Actual: true

Test Case Description: Patient name - Mr. Mark 
Expected: true
Actual: true

Test Case Description: <font color='blue'>Validated Patient summary view access (Sub module) is disabled for the user</font>
Expected: true
Actual: true

Test Case Description: Expected User is Logged in - <b>Dr. Akash Jajee</b> .Current User is Dr. Akash Jajee
Expected: true
Actual: true

Test Case Description: Selected Option <b>Organisation Settings</b>
Expected: true
Actual: true

Test Case Description: Selected Option in the Left Panel = <b>General</b>
Expected: true
Actual: true

Test Case Description: Selected Sub Option in the Left Panel = <b>Organisation Setup</b>
Expected: true
Actual: true

Test Case Description: Clicked user policy for user : Dr. Akash Jajee
Expected: true
Actual: true

Test Case Description: opened authorization policy page for the user : Dr. Akash Jajee
Expected: true
Actual: true

Test Case Description: OPD policy clicked
Expected: true
Actual: true

Test Case Description: Patient summary view access (Sub module)
Authorized:    YES
Expected: true
Actual: true

Test Case Description: Patient name - Mr. Mark 
Expected: true
Actual: true

Test Case Description: <font color='blue'>Validated Patient summary view access (Sub module) is enabled for the user</font>
Expected: true
Actual: true
]]>
  </system-out>
  <testcase classname="tests.authorizationpolicy.opd.PatientSummaryPolicyTest" name="validatePolicy_patientUploadPatientSummary" time="113.385"/>
  <system-out>
    <![CDATA[Test Case Description: Clicked user policy for user : Dr. Akash Jajee
Expected: true
Actual: true

Test Case Description: opened authorization policy page for the user : Dr. Akash Jajee
Expected: true
Actual: true

Test Case Description: OPD policy clicked
Expected: true
Actual: true

Test Case Description: Patient uploads view access
Authorized:    NO
Expected: true
Actual: true

Test Case Description: Selected Option <b>Organisation Settings</b>
Expected: true
Actual: true

Test Case Description: Selected Option in the Left Panel = <b>General</b>
Expected: true
Actual: true

Test Case Description: Selected Sub Option in the Left Panel = <b>Organisation Setup</b>
Expected: true
Actual: true

Test Case Description: Expected User is Logged in - <b>Dr. Akash Jajee</b> .Current User is Dr. Akash Jajee
Expected: true
Actual: true

Test Case Description: Patient name - Mr. Mark 
Expected: true
Actual: true

Test Case Description: <font color='blue'>Validated Patient uploads view access is disabled for the user</font>
Expected: true
Actual: true

Test Case Description: Expected User is Logged in - <b>Dr. Akash Jajee</b> .Current User is Dr. Akash Jajee
Expected: true
Actual: true

Test Case Description: Selected Option <b>Organisation Settings</b>
Expected: true
Actual: true

Test Case Description: Selected Option in the Left Panel = <b>General</b>
Expected: true
Actual: true

Test Case Description: Selected Sub Option in the Left Panel = <b>Organisation Setup</b>
Expected: true
Actual: true

Test Case Description: Clicked user policy for user : Dr. Akash Jajee
Expected: true
Actual: true

Test Case Description: opened authorization policy page for the user : Dr. Akash Jajee
Expected: true
Actual: true

Test Case Description: OPD policy clicked
Expected: true
Actual: true

Test Case Description: Patient uploads view access
Authorized:    YES
Expected: true
Actual: true

Test Case Description: <font color='blue'>Validated Patient uploads view access is enabled for the user</font>
Expected: true
Actual: true
]]>
  </system-out>
  <testcase classname="tests.authorizationpolicy.opd.PatientSummaryPolicyTest" name="validatePolicy_investigationsPatientSummary" time="111.570"/>
  <system-out>
    <![CDATA[Test Case Description: Clicked user policy for user : Dr. Akash Jajee
Expected: true
Actual: true

Test Case Description: opened authorization policy page for the user : Dr. Akash Jajee
Expected: true
Actual: true

Test Case Description: OPD policy clicked
Expected: true
Actual: true

Test Case Description: Patient investigations view access
Authorized:    NO
Expected: true
Actual: true

Test Case Description: Selected Option <b>Organisation Settings</b>
Expected: true
Actual: true

Test Case Description: Selected Option in the Left Panel = <b>General</b>
Expected: true
Actual: true

Test Case Description: Selected Sub Option in the Left Panel = <b>Organisation Setup</b>
Expected: true
Actual: true

Test Case Description: Expected User is Logged in - <b>Dr. Akash Jajee</b> .Current User is Dr. Akash Jajee
Expected: true
Actual: true

Test Case Description: Patient name - Mr. Mark 
Expected: true
Actual: true

Test Case Description: <font color='blue'>Validated Patient investigations view access is disabled for the user</font>
Expected: true
Actual: true

Test Case Description: Expected User is Logged in - <b>Dr. Akash Jajee</b> .Current User is Dr. Akash Jajee
Expected: true
Actual: true

Test Case Description: Selected Option <b>Organisation Settings</b>
Expected: true
Actual: true

Test Case Description: Selected Option in the Left Panel = <b>General</b>
Expected: true
Actual: true

Test Case Description: Selected Sub Option in the Left Panel = <b>Organisation Setup</b>
Expected: true
Actual: true

Test Case Description: Clicked user policy for user : Dr. Akash Jajee
Expected: true
Actual: true

Test Case Description: opened authorization policy page for the user : Dr. Akash Jajee
Expected: true
Actual: true

Test Case Description: OPD policy clicked
Expected: true
Actual: true

Test Case Description: Patient investigations view access
Authorized:    YES
Expected: true
Actual: true

Test Case Description: <font color='blue'>Validated Patient investigations view access is enabled for the user</font>
Expected: true
Actual: true
]]>
  </system-out>
  <testcase classname="tests.authorizationpolicy.opd.PatientSummaryPolicyTest" name="validatePolicy_medicationsPatientSummary" time="113.218"/>
  <system-out>
    <![CDATA[Test Case Description: Clicked user policy for user : Dr. Akash Jajee
Expected: true
Actual: true

Test Case Description: opened authorization policy page for the user : Dr. Akash Jajee
Expected: true
Actual: true

Test Case Description: OPD policy clicked
Expected: true
Actual: true

Test Case Description: Patient medications view access
Authorized:    NO
Expected: true
Actual: true

Test Case Description: Selected Option <b>Organisation Settings</b>
Expected: true
Actual: true

Test Case Description: Selected Option in the Left Panel = <b>General</b>
Expected: true
Actual: true

Test Case Description: Selected Sub Option in the Left Panel = <b>Organisation Setup</b>
Expected: true
Actual: true

Test Case Description: Expected User is Logged in - <b>Dr. Akash Jajee</b> .Current User is Dr. Akash Jajee
Expected: true
Actual: true

Test Case Description: Patient name - Mr. Mark 
Expected: true
Actual: true

Test Case Description: <font color='blue'>Validated Patient medications view access is disabled for the user</font>
Expected: true
Actual: true

Test Case Description: Expected User is Logged in - <b>Dr. Akash Jajee</b> .Current User is Dr. Akash Jajee
Expected: true
Actual: true

Test Case Description: Selected Option <b>Organisation Settings</b>
Expected: true
Actual: true

Test Case Description: Selected Option in the Left Panel = <b>General</b>
Expected: true
Actual: true

Test Case Description: Selected Sub Option in the Left Panel = <b>Organisation Setup</b>
Expected: true
Actual: true

Test Case Description: Clicked user policy for user : Dr. Akash Jajee
Expected: true
Actual: true

Test Case Description: opened authorization policy page for the user : Dr. Akash Jajee
Expected: true
Actual: true

Test Case Description: OPD policy clicked
Expected: true
Actual: true

Test Case Description: Patient medications view access
Authorized:    YES
Expected: true
Actual: true

Test Case Description: <font color='blue'>Validated Patient medications view access is enabled for the user</font>
Expected: true
Actual: true
]]>
  </system-out>
  <testcase classname="tests.authorizationpolicy.opd.PatientSummaryPolicyTest" name="validatePolicy_opticalPatientSummary" time="109.800"/>
  <system-out>
    <![CDATA[Test Case Description: Clicked user policy for user : Dr. Akash Jajee
Expected: true
Actual: true

Test Case Description: opened authorization policy page for the user : Dr. Akash Jajee
Expected: true
Actual: true

Test Case Description: OPD policy clicked
Expected: true
Actual: true

Test Case Description: Patient optical prescription view access
Authorized:    NO
Expected: true
Actual: true

Test Case Description: Selected Option <b>Organisation Settings</b>
Expected: true
Actual: true

Test Case Description: Selected Option in the Left Panel = <b>General</b>
Expected: true
Actual: true

Test Case Description: Selected Sub Option in the Left Panel = <b>Organisation Setup</b>
Expected: true
Actual: true

Test Case Description: Expected User is Logged in - <b>Dr. Akash Jajee</b> .Current User is Dr. Akash Jajee
Expected: true
Actual: true

Test Case Description: Patient name - Mr. Mark 
Expected: true
Actual: true

Test Case Description: <font color='blue'>Validated Patient optical prescription view access is disabled for the user</font>
Expected: true
Actual: true

Test Case Description: Expected User is Logged in - <b>Dr. Akash Jajee</b> .Current User is Dr. Akash Jajee
Expected: true
Actual: true

Test Case Description: Selected Option <b>Organisation Settings</b>
Expected: true
Actual: true

Test Case Description: Selected Option in the Left Panel = <b>General</b>
Expected: true
Actual: true

Test Case Description: Selected Sub Option in the Left Panel = <b>Organisation Setup</b>
Expected: true
Actual: true

Test Case Description: Clicked user policy for user : Dr. Akash Jajee
Expected: true
Actual: true

Test Case Description: opened authorization policy page for the user : Dr. Akash Jajee
Expected: true
Actual: true

Test Case Description: OPD policy clicked
Expected: true
Actual: true

Test Case Description: Patient optical prescription view access
Authorized:    YES
Expected: true
Actual: true

Test Case Description: <font color='blue'>Validated Patient optical prescription view access is enabled for the user</font>
Expected: true
Actual: true
]]>
  </system-out>
  <testcase classname="tests.authorizationpolicy.opd.PatientSummaryPolicyTest" name="validatePolicy_patientTimelinePatientSummary" time="112.834"/>
  <system-out>
    <![CDATA[Test Case Description: Clicked user policy for user : Dr. Akash Jajee
Expected: true
Actual: true

Test Case Description: opened authorization policy page for the user : Dr. Akash Jajee
Expected: true
Actual: true

Test Case Description: OPD policy clicked
Expected: true
Actual: true

Test Case Description: Patient timeline view access
Authorized:    NO
Expected: true
Actual: true

Test Case Description: Selected Option <b>Organisation Settings</b>
Expected: true
Actual: true

Test Case Description: Selected Option in the Left Panel = <b>General</b>
Expected: true
Actual: true

Test Case Description: Selected Sub Option in the Left Panel = <b>Organisation Setup</b>
Expected: true
Actual: true

Test Case Description: Expected User is Logged in - <b>Dr. Akash Jajee</b> .Current User is Dr. Akash Jajee
Expected: true
Actual: true

Test Case Description: Patient name - Mr. Mark 
Expected: true
Actual: true

Test Case Description: <font color='blue'>Validated Patient timeline view access is disabled for the user</font>
Expected: true
Actual: true

Test Case Description: Expected User is Logged in - <b>Dr. Akash Jajee</b> .Current User is Dr. Akash Jajee
Expected: true
Actual: true

Test Case Description: Selected Option <b>Organisation Settings</b>
Expected: true
Actual: true

Test Case Description: Selected Option in the Left Panel = <b>General</b>
Expected: true
Actual: true

Test Case Description: Selected Sub Option in the Left Panel = <b>Organisation Setup</b>
Expected: true
Actual: true

Test Case Description: Clicked user policy for user : Dr. Akash Jajee
Expected: true
Actual: true

Test Case Description: opened authorization policy page for the user : Dr. Akash Jajee
Expected: true
Actual: true

Test Case Description: OPD policy clicked
Expected: true
Actual: true

Test Case Description: Patient timeline view access
Authorized:    YES
Expected: true
Actual: true

Test Case Description: <font color='blue'>Validated Patient timeline view access is enabled for the user</font>
Expected: true
Actual: true
]]>
  </system-out>
  <testcase classname="tests.authorizationpolicy.opd.PatientSummaryPolicyTest" name="validatePolicy_referralMessagePatientSummary" time="109.141"/>
  <system-out>
    <![CDATA[Test Case Description: Clicked user policy for user : Dr. Akash Jajee
Expected: true
Actual: true

Test Case Description: opened authorization policy page for the user : Dr. Akash Jajee
Expected: true
Actual: true

Test Case Description: OPD policy clicked
Expected: true
Actual: true

Test Case Description: Patients referral message generate access
Authorized:    NO
Expected: true
Actual: true

Test Case Description: Selected Option <b>Organisation Settings</b>
Expected: true
Actual: true

Test Case Description: Selected Option in the Left Panel = <b>General</b>
Expected: true
Actual: true

Test Case Description: Selected Sub Option in the Left Panel = <b>Organisation Setup</b>
Expected: true
Actual: true

Test Case Description: Expected User is Logged in - <b>Dr. Akash Jajee</b> .Current User is Dr. Akash Jajee
Expected: true
Actual: true

Test Case Description: Patient name - Mr. Mark 
Expected: true
Actual: true

Test Case Description: <font color='blue'>Validated Patients referral message generate access is disabled for the user</font>
Expected: true
Actual: true

Test Case Description: Expected User is Logged in - <b>Dr. Akash Jajee</b> .Current User is Dr. Akash Jajee
Expected: true
Actual: true

Test Case Description: Selected Option <b>Organisation Settings</b>
Expected: true
Actual: true

Test Case Description: Selected Option in the Left Panel = <b>General</b>
Expected: true
Actual: true

Test Case Description: Selected Sub Option in the Left Panel = <b>Organisation Setup</b>
Expected: true
Actual: true

Test Case Description: Clicked user policy for user : Dr. Akash Jajee
Expected: true
Actual: true

Test Case Description: opened authorization policy page for the user : Dr. Akash Jajee
Expected: true
Actual: true

Test Case Description: OPD policy clicked
Expected: true
Actual: true

Test Case Description: Patients referral message generate access
Authorized:    YES
Expected: true
Actual: true

Test Case Description: <font color='blue'>Validated Patients referral message generate access is enabled for the user</font>
Expected: true
Actual: true
]]>
  </system-out>
  <testcase classname="tests.authorizationpolicy.opd.PatientSummaryPolicyTest" name="validatePolicy_billsPatientSummary" time="110.955"/>
  <system-out>
    <![CDATA[Test Case Description: Clicked user policy for user : Dr. Akash Jajee
Expected: true
Actual: true

Test Case Description: opened authorization policy page for the user : Dr. Akash Jajee
Expected: true
Actual: true

Test Case Description: OPD policy clicked
Expected: true
Actual: true

Test Case Description: Patient bills view access
Authorized:    NO
Expected: true
Actual: true

Test Case Description: Selected Option <b>Organisation Settings</b>
Expected: true
Actual: true

Test Case Description: Selected Option in the Left Panel = <b>General</b>
Expected: true
Actual: true

Test Case Description: Selected Sub Option in the Left Panel = <b>Organisation Setup</b>
Expected: true
Actual: true

Test Case Description: Expected User is Logged in - <b>Dr. Akash Jajee</b> .Current User is Dr. Akash Jajee
Expected: true
Actual: true

Test Case Description: Patient name - Mr. Mark 
Expected: true
Actual: true

Test Case Description: <font color='blue'>Validated Patient bills view access is disabled for the user</font>
Expected: true
Actual: true

Test Case Description: Expected User is Logged in - <b>Dr. Akash Jajee</b> .Current User is Dr. Akash Jajee
Expected: true
Actual: true

Test Case Description: Selected Option <b>Organisation Settings</b>
Expected: true
Actual: true

Test Case Description: Selected Option in the Left Panel = <b>General</b>
Expected: true
Actual: true

Test Case Description: Selected Sub Option in the Left Panel = <b>Organisation Setup</b>
Expected: true
Actual: true

Test Case Description: Clicked user policy for user : Dr. Akash Jajee
Expected: true
Actual: true

Test Case Description: opened authorization policy page for the user : Dr. Akash Jajee
Expected: true
Actual: true

Test Case Description: OPD policy clicked
Expected: true
Actual: true

Test Case Description: Patient bills view access
Authorized:    YES
Expected: true
Actual: true

Test Case Description: <font color='blue'>Validated Patient bills view access is enabled for the user</font>
Expected: true
Actual: true
]]>
  </system-out>
  <testcase classname="tests.authorizationpolicy.opd.PatientSummaryPolicyTest" name="validatePolicy_certificatePatientSummary" time="107.161"/>
  <system-out>
    <![CDATA[Test Case Description: Clicked user policy for user : Dr. Akash Jajee
Expected: true
Actual: true

Test Case Description: opened authorization policy page for the user : Dr. Akash Jajee
Expected: true
Actual: true

Test Case Description: OPD policy clicked
Expected: true
Actual: true

Test Case Description: Patients medical cetificatate generate access
Authorized:    NO
Expected: true
Actual: true

Test Case Description: Selected Option <b>Organisation Settings</b>
Expected: true
Actual: true

Test Case Description: Selected Option in the Left Panel = <b>General</b>
Expected: true
Actual: true

Test Case Description: Selected Sub Option in the Left Panel = <b>Organisation Setup</b>
Expected: true
Actual: true

Test Case Description: Expected User is Logged in - <b>Dr. Akash Jajee</b> .Current User is Dr. Akash Jajee
Expected: true
Actual: true

Test Case Description: Patient name - Mr. Mark 
Expected: true
Actual: true

Test Case Description: <font color='blue'>Validated Patients medical cetificatate generate access is disabled for the user</font>
Expected: true
Actual: true

Test Case Description: Expected User is Logged in - <b>Dr. Akash Jajee</b> .Current User is Dr. Akash Jajee
Expected: true
Actual: true

Test Case Description: Selected Option <b>Organisation Settings</b>
Expected: true
Actual: true

Test Case Description: Selected Option in the Left Panel = <b>General</b>
Expected: true
Actual: true

Test Case Description: Selected Sub Option in the Left Panel = <b>Organisation Setup</b>
Expected: true
Actual: true

Test Case Description: Clicked user policy for user : Dr. Akash Jajee
Expected: true
Actual: true

Test Case Description: opened authorization policy page for the user : Dr. Akash Jajee
Expected: true
Actual: true

Test Case Description: OPD policy clicked
Expected: true
Actual: true

Test Case Description: Patients medical cetificatate generate access
Authorized:    YES
Expected: true
Actual: true

Test Case Description: <font color='blue'>Validated Patients medical cetificatate generate access is enabled for the user</font>
Expected: true
Actual: true
]]>
  </system-out>
</testsuite> <!-- tests.authorizationpolicy.opd.PatientSummaryPolicyTest -->
