<?xml version="1.0" encoding="UTF-8"?>
<!-- Generated by org.testng.reporters.JUnitReportReporter -->
<testsuite hostname="SPZMUMLAP0011" failures="0" tests="1" name="tests.inventoryStores.pharmacyStore.Order.IndentTest" time="238.820" errors="0" timestamp="2023-07-19T21:33:46 IST" skipped="0">
  <testcase classname="tests.inventoryStores.pharmacyStore.Order.IndentTest" name="CreateIndentFromVariant" time="238.820"/>
  <system-out>
    <![CDATA[Test Case Description: The Facility - <b>TST</b> is already selected.
Expected: true
Actual: true

Test Case Description: Selected Option <b>Organisation Settings</b>
Expected: true
Actual: true

Test Case Description: Selected Option in the Left Panel = <b>Inventory & Supply Chain</b>
Expected: true
Actual: true

Test Case Description: Selected Sub Option in the Left Panel = <b>Store Setup</b>
Expected: true
Actual: true

Test Case Description: Default Billing Address for Pharmacy automation is <b>add</b>
Expected: true
Actual: true

Test Case Description: GST no. present in Pharmacy automation is <b>20BAC</b>
Expected: true
Actual: true

Test Case Description: Default Shipping Address for Pharmacy automation is <b>add</b>
Expected: true
Actual: true

Test Case Description: Selected Option in the Left Panel = <b>Inventory & Supply Chain</b>
Expected: true
Actual: true

Test Case Description: Selected Sub Option in the Left Panel = <b>Vendor Master</b>
Expected: true
Actual: true

Test Case Description: Vendor Credit days present in Supplier ABC is <b>45</b>
Expected: true
Actual: true

Test Case Description: Vendor GST No present in Supplier ABC is <b>21EAC</b>
Expected: true
Actual: true

Test Case Description: Pharmacy automation- Pharmacy store is selected.
Expected: true
Actual: true

Test Case Description: Selected Option in the Left Panel = <b>Items</b>
Expected: true
Actual: true

Test Case Description: Selected Sub Option in the Left Panel = <b>Master</b>
Expected: true
Actual: true

Test Case Description: <b> Otrivin </b> is present in Item Master List
Expected: true
Actual: true

Test Case Description: Available stock of item : Otrivin --> <b>20.0</b>
Expected: true
Actual: true

Test Case Description: Selected Option in the Left Panel = <b>Order</b>
Expected: true
Actual: true

Test Case Description: Selected Sub Option in the Left Panel = <b>Indent</b>
Expected: true
Actual: true

Test Case Description: <b>New</b> Button clicked in Indent Order
Expected: true
Actual: true

Test Case Description: Validated Indent Order -><b> Varient</b> is selected by Default
Expected: true
Actual: true

Test Case Description: Selected Store as <b>Pharmacy automation</b>
Expected: true
Actual: true

Test Case Description: Validated Displayed Indent header --> <b>Indent For Purchase : Pharmacy automation</b>
Expected: true
Actual: true

Test Case Description: Entered <b>Auto-Test</b> in Order Note
Expected: true
Actual: true

Test Case Description: Selected Indent Type as <b>Normal</b>
Expected: true
Actual: true

Test Case Description: Selected Item for indent purchase
Expected: true
Actual: true

Test Case Description: Clicked on save button without entering any value
Expected: true
Actual: true

Test Case Description: Validated Displayed error msg for quantity field = <b>This field is required.</b>
Expected: true
Actual: true

Test Case Description: Clicked Remove item from list
Expected: true
Actual: true

Test Case Description: Validated Remove Item functionality
Expected: true
Actual: true

Test Case Description: Save button is disabled, if Item is not selected
Expected: true
Actual: true

Test Case Description: Entered <b>Otrivin</b> in search item field
Expected: true
Actual: true

Test Case Description: Selected Item : <b>Otrivin</b>
Expected: true
Actual: true

Test Case Description: Displayed Indent order time:<b> 09:31PM</b>
Expected: true
Actual: true

Test Case Description: Displayed Indent order date:<b> 19-07-2023</b>
Expected: true
Actual: true

Test Case Description: Validated Displayed Date and Time
Expected: true
Actual: true

Test Case Description: Item <b>Otrivin</b> found
Expected: true
Actual: true

Test Case Description: Validated Item(Otrivin) -> Variant Code : <b>INV-CNSM-1005-100</b>
Expected: true
Actual: true

Test Case Description: Validated Item(Otrivin) -> Pack Size : <b>1</b>
Expected: true
Actual: true

Test Case Description: Validated Item(Otrivin) -> UOM : <b>Nosedrops</b>
Expected: true
Actual: true

Test Case Description: Entered lesser than Unit value in Quantity
Expected: true
Actual: true

Test Case Description: Validated Error Msg displayed -> <b>Item can be in multiple of 1</b>
Expected: true
Actual: true

Test Case Description: Entered Quantity for Item(Otrivin) <b>: 10.0</b>
Expected: true
Actual: true

Test Case Description: Entered Remark for Item(Otrivin) : TEST
Expected: true
Actual: true

Test Case Description: Selected Sub-Store for Item(Otrivin) : Default
Expected: true
Actual: true

Test Case Description: Validated Indent Order -> Total Quantity : 10
Expected: true
Actual: true

Test Case Description: Indent order saved
Expected: true
Actual: true

Test Case Description: Selected Indent Order -> <b>Indent No :</b> RSO-INDT-190723-100392 | <b>Status :</b> Open
Expected: true
Actual: true

Test Case Description: Validated Indent Order (RSO-INDT-190723-100392) -> Status = <b>Open </b>
Expected: true
Actual: true

Test Case Description: Validated Indent Order (RSO-INDT-190723-100392) -> Order Created Store = <b>Pharmacy automation </b>
Expected: true
Actual: true

Test Case Description: Validated Indent Order (RSO-INDT-190723-100392) -> Order Created At = <b>19-07-2023  |  09:31PM </b>
Expected: true
Actual: true

Test Case Description: Validated Indent Order (RSO-INDT-190723-100392) -> Order Type = <b>Normal </b>
Expected: true
Actual: true

Test Case Description: Validated Indent Order RHS -> Status = <b>Open </b>
Expected: true
Actual: true

Test Case Description: Validated Indent Order RHS -> Order Created Store = <b>Pharmacy automation - Pharmacy </b>
Expected: true
Actual: true

Test Case Description: Validated Indent Order RHS -> Order Created At = <b>19-07-2023 | 09:31 PM </b>
Expected: true
Actual: true

Test Case Description: Validated Indent Order RHS -> Order Created By User = <b>PR.Akash test </b>
Expected: true
Actual: true

Test Case Description: Validated Indent Order RHS -> Order Type = <b>Normal </b>
Expected: true
Actual: true

Test Case Description: Validated RHS Item Details -> Item(Otrivin) Category : <b>Consumable</b>
Expected: true
Actual: true

Test Case Description: Validated RHS Item Details -> Item(Otrivin) Quantity : <b>10.0</b>
Expected: true
Actual: true

Test Case Description: Validated RHS Item Details -> Item(Otrivin) Pack Size : <b>1</b>
Expected: true
Actual: true

Test Case Description: Validated RHS Item Details -> Item(Otrivin) UOM : <b>Nosedrops</b>
Expected: true
Actual: true

Test Case Description: Validated RHS Item Details -> Item(Otrivin) Remark : <b>TEST</b>
Expected: true
Actual: true

Test Case Description: Validated RHS Item Details -> Item (Otrivin) found
Expected: true
Actual: true

Test Case Description: Clicked on New Order button to create PO
Expected: true
Actual: true

Test Case Description: Validated Indent Number while creating new purchase order =  <b>RSO-INDT-190723-100392</b>
Expected: true
Actual: true

Test Case Description: Selected store : <b>Pharmacy automation </b>
Expected: true
Actual: true

Test Case Description: Vendor selected : <b>Supplier ABC</b>
Expected: true
Actual: true

Test Case Description: Entered Auto-Test in Order Note
Expected: true
Actual: true

Test Case Description: Validated displayed Store GST No : <b>20BAC</b>
Expected: true
Actual: true

Test Case Description: Validated displayed PO expiry Date : <b>19/07/2023</b>
Expected: true
Actual: true

Test Case Description: Validated displayed Vendor Credit Days : <b>45</b>
Expected: true
Actual: true

Test Case Description: Validated displayed Bill To Address : <b>Pharmacy automation - add, Hassan, KARNATAKA, 573213</b>
Expected: true
Actual: true

Test Case Description: Validated displayed Ship To Address : <b>Pharmacy automation - add, Hassan, KARNATAKA, 573213</b>
Expected: true
Actual: true

Test Case Description: Rate per unit =  <b>10.0 </b>
Expected: true
Actual: true

Test Case Description: Indent purchase order Save Button clicked
Expected: true
Actual: true

Test Case Description: Selected Option in the Left Panel = <b>Order</b>
Expected: true
Actual: true

Test Case Description: Selected Sub Option in the Left Panel = <b>Purchase</b>
Expected: true
Actual: true

Test Case Description: Clicked <b>Approve</b> button
Expected: true
Actual: true

Test Case Description: Validated Purchase Order Approved Notify Msg displayed
Expected: true
Actual: true

Test Case Description: Validated -> Purchase Order created -> PO No : <b>RSO-PO-190723-100845</b>
Expected: true
Actual: true

Test Case Description: Clicked New transaction button to create GRN
Expected: true
Actual: true

Test Case Description: Selected Bill Type as <b>Bill</b>
Expected: true
Actual: true

Test Case Description: Entered<b> BILL_NO_538656</b> in Bill Number
Expected: true
Actual: true

Test Case Description: Validated GRN -> Entered Item Rate :<b>10.0 </b>
Expected: true
Actual: true

Test Case Description: Entered  batch number : <b>069382 </b>
Expected: true
Actual: true

Test Case Description: Entered item Mrp : <b>312 </b>
Expected: true
Actual: true

Test Case Description: Validated GRN -> Entered Item Quantity :<b>10.0 </b>
Expected: true
Actual: true

Test Case Description: Selected Option in the Left Panel = <b>Transaction</b>
Expected: true
Actual: true

Test Case Description: Selected Sub Option in the Left Panel = <b>Purchase/GRN</b>
Expected: true
Actual: true

Test Case Description: Purchase Grn no =<b>RSO-GRN-190723-101234</b>
Expected: true
Actual: true

Test Case Description: Purchase Grn created and approved
Expected: true
Actual: true

Test Case Description: Purchase Grn Created At = <b>19-07-2023 | 09:33 PM</b>
Expected: true
Actual: true

Test Case Description: Selected Option in the Left Panel = <b>Order</b>
Expected: true
Actual: true

Test Case Description: Selected Sub Option in the Left Panel = <b>Indent</b>
Expected: true
Actual: true

Test Case Description: Selected Indent Order -> <b>Indent No :</b> RSO-INDT-190723-100392 | <b>Status :</b> Completed
Expected: true
Actual: true

Test Case Description: Validated Indent Order RHS -> Status = <b>Completed </b>
Expected: true
Actual: true

Test Case Description: Validated Indent Order (RSO-INDT-190723-100392) -> Status = <b>Completed </b>
Expected: true
Actual: true

Test Case Description: Validated Order Against Indent -> Order (RSO-PO-190723-100845) found
Expected: true
Actual: true
]]>
  </system-out>
</testsuite> <!-- tests.inventoryStores.pharmacyStore.Order.IndentTest -->
