<?xml version="1.0" encoding="UTF-8"?>
<!-- Generated by org.testng.reporters.JUnitReportReporter -->
<testsuite hostname="SPZMUMLAP0011" failures="0" tests="3" name="tests.inventoryStores.pharmacyStore.Order.WorkOrderTest" time="405.648" errors="0" timestamp="2023-07-31T17:22:58 IST" skipped="0">
  <testcase classname="tests.inventoryStores.pharmacyStore.Order.WorkOrderTest" name="validateWorkOrderRHS" time="29.229"/>
  <system-out>
    <![CDATA[Test Case Description: The Facility - <b>TST</b> is already selected.
Expected: true
Actual: true

Test Case Description: Pharmacy automation- Pharmacy store is selected.
Expected: true
Actual: true

Test Case Description: Selected Option in the Left Panel = <b>Order</b>
Expected: true
Actual: true

Test Case Description: Selected Sub Option in the Left Panel = <b>Work Order</b>
Expected: true
Actual: true

Test Case Description: Validated Work Order RHS --> Work Order Created By User <b>: PR.Akash test</b>
Expected: true
Actual: true

Test Case Description: Validated Work Order RHS --> Work Order Created Store <b>: Pharmacy automation - Pharmacy</b>
Expected: true
Actual: true

Test Case Description: Validated Work Order RHS --> Work Order Created At <b>: 31-07-2023 | 05:00 PM</b>
Expected: true
Actual: true

Test Case Description: Validated Work Order RHS --> Status <b>: open </b>
Expected: true
Actual: true

Test Case Description: Validated Work Order RHS --> Type <b>: Urgent</b>
Expected: true
Actual: true

Test Case Description: Validated Work Order RHS --> Vendor Details <b>: Supplier ABC - Sonestaa Meadows Thubarahalli Extended Road Thubarahalli, Whitefield Bengaluru, Karnataka, Mysuru, KARNATAKA, 571311</b>
Expected: true
Actual: true

Test Case Description: Validated Work Order RHS --> Vendor GST No <b>: 21EAC</b>
Expected: true
Actual: true

Test Case Description: Validate Work Order RHS Table --> Item Description : <b>AUTO_TEST_ITEM_1_5847-</b>
Expected: true
Actual: true

Test Case Description: Validate Work Order RHS Table --> Instruction : <b>AUTO-TEST</b>
Expected: true
Actual: true

Test Case Description: Validate Work Order RHS Table --> Rate : <b>55.16</b>
Expected: true
Actual: true

Test Case Description: Validate Work Order RHS Table --> Quantity : <b>10.27</b>
Expected: true
Actual: true

Test Case Description: Validate Work Order RHS Table --> Discount : <b>28.4</b>
Expected: true
Actual: true

Test Case Description: Validate Work Order RHS Table --> Net Amount : <b>565.00</b>
Expected: true
Actual: true

Test Case Description: Validate Work Order RHS Table --> Item Description : <b>AUTO_TEST_ITEM_2_1074-</b>
Expected: true
Actual: true

Test Case Description: Validate Work Order RHS Table --> Instruction : <b>AUTO-TEST</b>
Expected: true
Actual: true

Test Case Description: Validate Work Order RHS Table --> Rate : <b>345.66</b>
Expected: true
Actual: true

Test Case Description: Validate Work Order RHS Table --> Quantity : <b>81.56</b>
Expected: true
Actual: true

Test Case Description: Validate Work Order RHS Table --> Discount : <b>13763.35</b>
Expected: true
Actual: true

Test Case Description: Validate Work Order RHS Table --> Net Amount : <b>16160.12</b>
Expected: true
Actual: true

Test Case Description: Validated RHS Item Information --> Gross Amount = <b>28758.52</b>
Expected: true
Actual: true

Test Case Description: Validated RHS Item Information --> Total Discount = <b>13791.75</b>
Expected: true
Actual: true

Test Case Description: Validated RHS Item Information --> Total Tax Amount GST5= <b>26.90</b>
Expected: true
Actual: true

Test Case Description: Validated RHS Item Information --> Total Tax Amount GST12= <b>1731.44</b>
Expected: true
Actual: true

Test Case Description: Validated RHS Item Information --> Other Charges = <b>150.0</b>
Expected: true
Actual: true

Test Case Description: Validated RHS Item Information --> Net Amount = <b>16875.12</b>
Expected: true
Actual: true
]]>
  </system-out>
  <testcase classname="tests.inventoryStores.pharmacyStore.Order.WorkOrderTest" name="validateCreateWorkOrder" time="344.481"/>
  <system-out>
    <![CDATA[Test Case Description: Selected the Facility - <b>TESTING_FACILITY - TST</b>
Expected: true
Actual: true

Test Case Description: Selected Option <b>Organisation Settings</b>
Expected: true
Actual: true

Test Case Description: Selected Option in the Left Panel = <b>Inventory & Supply Chain</b>
Expected: true
Actual: true

Test Case Description: Selected Sub Option in the Left Panel = <b>Category Master</b>
Expected: true
Actual: true

Test Case Description: Category Name Entered as : <b>TEST ASSET 0104</b>
Expected: true
Actual: true

Test Case Description: Category Description Entered as : <b>AUTO-TEST ITEM</b>
Expected: true
Actual: true

Test Case Description: Category Type selected as : <b>Asset</b>
Expected: true
Actual: true

Test Case Description: Selected Option in the Left Panel = <b>Inventory & Supply Chain</b>
Expected: true
Actual: true

Test Case Description: Selected Sub Option in the Left Panel = <b>Item Master</b>
Expected: true
Actual: true

Test Case Description: Category selected: <b> TEST ASSET 0104</b>
Expected: true
Actual: true

Test Case Description: Item Description Entered as : <b>AUTO_TEST_ITEM_1_5847</b>
Expected: true
Actual: true

Test Case Description: Item Tax Entered as : <b>GST5 - 5.0%</b>
Expected: true
Actual: true

Test Case Description: Item code for AUTO_TEST_ITEM_1_5847 = <b>INV-mdeyka-1000</b>
Expected: true
Actual: true

Test Case Description: Category selected: <b> TEST ASSET 0104</b>
Expected: true
Actual: true

Test Case Description: Item Description Entered as : <b>AUTO_TEST_ITEM_2_1074</b>
Expected: true
Actual: true

Test Case Description: Item Tax Entered as : <b>GST5 - 5.0%</b>
Expected: true
Actual: true

Test Case Description: Item code for AUTO_TEST_ITEM_2_1074 = <b>INV-mdeyka-1001</b>
Expected: true
Actual: true

Test Case Description: Selected Option in the Left Panel = <b>Inventory & Supply Chain</b>
Expected: true
Actual: true

Test Case Description: Selected Sub Option in the Left Panel = <b>Vendor Master</b>
Expected: true
Actual: true

Test Case Description: Selected Category as : <b>TEST ASSET 0104</b> in Vendor Master
Expected: true
Actual: true

Test Case Description: Vendor Credit days present in Supplier ABC is <b>45</b>
Expected: true
Actual: true

Test Case Description: Vendor GST No present in Supplier ABC is <b>21EAC</b>
Expected: true
Actual: true

Test Case Description: Selected Option in the Left Panel = <b>Inventory & Supply Chain</b>
Expected: true
Actual: true

Test Case Description: Selected Sub Option in the Left Panel = <b>Store Setup</b>
Expected: true
Actual: true

Test Case Description: Linked Category <b>TEST ASSET 0104</b> to the Pharmacy automation
Expected: true
Actual: true

Test Case Description: Pharmacy automation- Pharmacy store is selected.
Expected: true
Actual: true

Test Case Description: Selected Option in the Left Panel = <b>Order</b>
Expected: true
Actual: true

Test Case Description: Selected Sub Option in the Left Panel = <b>Work Order</b>
Expected: true
Actual: true

Test Case Description: Clicked New Button
Expected: true
Actual: true

Test Case Description: Validated --> Create New Order Page Displayed
Expected: true
Actual: true

Test Case Description: Selected Vendor : <b>Supplier ABC</b>
Expected: true
Actual: true

Test Case Description: Validated Work Order --> Item Description : <b>AUTO_TEST_ITEM_1_5847</b>
Expected: true
Actual: true

Test Case Description: Validated Work Order --> Item Category : <b>Test Asset 0104</b>
Expected: true
Actual: true

Validated Work Order --> Item Code : <b>INV-mdeyka-1000-100</b>
Test Case Description: Validated Work Order --> Item Code : <b>INV-mdeyka-1000-100</b>
TEST Case Failed ->Validated Work Order --> Item Code : <b>INV-mdeyka-1000-100</b> expected [true] but found [false]
Expected: true
Actual: false

Test Case Description: Entered <b>AUTO_TEST_ITEM_1_5847</b> in item search
Expected: true
Actual: true

Test Case Description: Unable to validate search functionality
TEST Case Failed ->Unable to validate search functionality expected [true] but found [false]
Expected: true
Actual: true

Test Case Description: Clicked Item AUTO_TEST_ITEM_2_1074
Expected: true
Actual: true

Test Case Description: Clicked Item AUTO_TEST_ITEM_1_5847
Expected: true
Actual: true

Test Case Description: Clicked <b>Remove From List</b> Button
Expected: true
Actual: true

Test Case Description: Validated Remove From List Functionality --> Item Removed
Expected: true
Actual: true

Test Case Description: Clicked <b>Remove From List</b> Button
Expected: true
Actual: true

Test Case Description: Validated Remove From List Functionality --> Item not removed if only one is selected
Expected: true
Actual: true

Test Case Description: Clicked Item AUTO_TEST_ITEM_2_1074
Expected: true
Actual: true

Test Case Description: Clicked Save Changes Button without filling anything
Expected: true
Actual: true

Test Case Description: Validated Alert message on Order Type
Expected: true
Actual: true

Test Case Description: Validated Alert message on Other Charges Type
Expected: true
Actual: true

Test Case Description: Validated Alert message on Other Charges input text box
Expected: true
Actual: true

Test Case Description: Validated Alert message on Other Charges Display box
Expected: true
Actual: true

Test Case Description: Validated Alert message on Instructions
Expected: true
Actual: true

Test Case Description: Validated Alert message on Rate
Expected: true
Actual: true

Test Case Description: Validated Alert message on Quantity
Expected: true
Actual: true

Test Case Description: Validated Alert message on Tax Type
Expected: true
Actual: true

Test Case Description: Entered <i>Test Notes</i> in Order Notes
Expected: true
Actual: true

Test Case Description: Selected <i>Urgent</i> in Order Type
Expected: true
Actual: true

Test Case Description: Selected Work Order Date as : <b>31/07/2023</b>
Expected: true
Actual: true

Test Case Description: Selected Work Order Time as : <b>10:00:PM</b>
Expected: true
Actual: true

Test Case Description: Validated Credit Days in Work Order --> Credit Days : <b>45</b>
Expected: true
Actual: true

Validated Work Order Expiry Date --> Expiry Day : <b>31/07/2023</b>
Test Case Description: Validated Work Order Expiry Date --> Expiry Day : <b>31/07/2023</b>
TEST Case Failed ->Validated Work Order Expiry Date --> Expiry Day : <b>31/07/2023</b> expected [true] but found [false]
Expected: true
Actual: false

Test Case Description: Validated Item Description --> <b>AUTO_TEST_ITEM_1_5847</b>
Expected: true
Actual: true

Test Case Description: Entered minimum length of characters in Instruction Text Box
Expected: true
Actual: true

Test Case Description: Validated Alert message is displayed ,if user enters minimum characters in Instruction
Expected: true
Actual: true

Test Case Description: Entered <b>AUTO-TEST</b> in Instructions
Expected: true
Actual: true

Test Case Description: Entered <b>55.16</b> in Item Rate
Expected: true
Actual: true

Test Case Description: Clicked Up arrow Twice in Item Quantity
Expected: true
Actual: true

Test Case Description: Validated --> Quantity Increment Functionality
Expected: true
Actual: true

Test Case Description: Clicked Down arrow once in Item Quantity
Expected: true
Actual: true

Test Case Description: Validated --> Quantity Decrement Functionality
Expected: true
Actual: true

Test Case Description: Entered <b>10.27</b> in Item Quantity
Expected: true
Actual: true

Test Case Description: Validated --> Gross Amount = <b>566.49</b>
Expected: true
Actual: true

Test Case Description: Entered <b>28.40</b> in Discount Value
Expected: true
Actual: true

Test Case Description: Selected <b>₹</b> in Discount Type
Expected: true
Actual: true

Test Case Description: Validated Discount Label --> Discount = <b>28.4</b>
Expected: true
Actual: true

Test Case Description: Validated --> Total Discount = <b>28.40</b>
Expected: true
Actual: true

Test Case Description: Selected <b>GST5</b> in Item Tax type
Expected: true
Actual: true

Test Case Description: Validated --> GST 5.0 Tax Amount = <b>26.90</b>
Expected: true
Actual: true

Test Case Description: Validated --> Item Net Amount = <b>565.00</b>
Expected: true
Actual: true

Test Case Description: Validated Item Description --> <b>AUTO_TEST_ITEM_2_1074</b>
Expected: true
Actual: true

Test Case Description: Entered minimum length of characters in Instruction Text Box
Expected: true
Actual: true

Test Case Description: Validated Alert message is displayed ,if user enters minimum characters in Instruction
Expected: true
Actual: true

Test Case Description: Entered <b>AUTO-TEST</b> in Instructions
Expected: true
Actual: true

Test Case Description: Entered <b>345.66</b> in Item Rate
Expected: true
Actual: true

Test Case Description: Clicked Up arrow Twice in Item Quantity
Expected: true
Actual: true

Test Case Description: Validated --> Quantity Increment Functionality
Expected: true
Actual: true

Test Case Description: Clicked Down arrow once in Item Quantity
Expected: true
Actual: true

Test Case Description: Validated --> Quantity Decrement Functionality
Expected: true
Actual: true

Test Case Description: Entered <b>81.56</b> in Item Quantity
Expected: true
Actual: true

Test Case Description: Validated --> Gross Amount = <b>28758.52</b>
Expected: true
Actual: true

Test Case Description: Entered <b>48.82</b> in Discount Value
Expected: true
Actual: true

Test Case Description: Selected <b>%</b> in Discount Type
Expected: true
Actual: true

Test Case Description: Validated Discount Label --> Discount = <b>13763.35</b>
Expected: true
Actual: true

Test Case Description: Validated --> Total Discount = <b>13791.75</b>
Expected: true
Actual: true

Test Case Description: Selected <b>GST12</b> in Item Tax type
Expected: true
Actual: true

Test Case Description: Validated --> GST 12.0 Tax Amount = <b>1731.44</b>
Expected: true
Actual: true

Test Case Description: Validated --> Item Net Amount = <b>16160.12</b>
Expected: true
Actual: true

Test Case Description: Selected <b>Fitting Charges</b> on Other Charges
Expected: true
Actual: true

Test Case Description: Entered <b>100</b> on Other Charges
Expected: true
Actual: true

Test Case Description: Entered <b>50</b> on Other Charges Percentage
Expected: true
Actual: true

Test Case Description: Validated Displayed Other Charges
Expected: true
Actual: true

Test Case Description: Clicked Add new Other Charges button
Expected: true
Actual: true

Test Case Description: Validated --> Add Other Charges
Expected: true
Actual: true

Test Case Description: Selected <b>Item_other</b> on Newly added Other Charges
Expected: true
Actual: true

Test Case Description: Entered <b>100</b> on Newly added Other Charges
Expected: true
Actual: true

Test Case Description: Clicked <b>-</b> in other charge
Expected: true
Actual: true

Test Case Description: Validated Total Other Charges : <b>50.0</b>
Expected: true
Actual: true

Test Case Description: Clicked Remove Other Charges button
Expected: true
Actual: true

Test Case Description: Validated --> Delete Other Charges
Expected: true
Actual: true

Test Case Description: Validated Total Other Charges after deleting other charge : <b>150.0</b>
Expected: true
Actual: true

Test Case Description: Entered <b>20.2</b> in Global Discount
Expected: true
Actual: true

Test Case Description: Selected <b>%</b> in Global Discount Type
Expected: true
Actual: true

Test Case Description: Validated Total Net Amount : <b>16875.12</b>
Expected: true
Actual: true

Test Case Description: Selected Payment Terms
Expected: true
Actual: true

Test Case Description: Clicked Delivery Terms
Expected: true
Actual: true

Test Case Description: Selected Delivery Terms
Expected: true
Actual: true

Test Case Description: Clicked <b>Save Changes</b>
Expected: true
Actual: true

Test Case Description: Selected Option in the Left Panel = <b>Order</b>
Expected: true
Actual: true

Test Case Description: Selected Sub Option in the Left Panel = <b>Work Order</b>
Expected: true
Actual: true

Test Case Description: Work Order Created successfully --> Work Order No : <b>RSO-WO-310723-100959</b>
Expected: true
Actual: true
]]>
  </system-out>
  <testcase classname="tests.inventoryStores.pharmacyStore.Order.WorkOrderTest" name="validateEditWorkOrder" time="31.938"/>
  <system-out>
    <![CDATA[Test Case Description: The Facility - <b>TST</b> is already selected.
Expected: true
Actual: true

Test Case Description: Pharmacy automation- Pharmacy store is selected.
Expected: true
Actual: true

Test Case Description: Selected Option in the Left Panel = <b>Order</b>
Expected: true
Actual: true

Test Case Description: Selected Sub Option in the Left Panel = <b>Work Order</b>
Expected: true
Actual: true

Test Case Description: Clicked <b>Edit</b> button
Expected: true
Actual: true

Test Case Description: Validated Edit --> Item Description --> <b>AUTO_TEST_ITEM_1_5847</b>
Expected: true
Actual: true

Test Case Description: Validated Edit --> Entered Instructions : <b>AUTO-TEST</b>
Expected: true
Actual: true

Test Case Description: Validated Edit --> Entered Item Rate : <b>55.16</b>
Expected: true
Actual: true

Test Case Description: Validated Edit --> Entered Item Quantity : <b>10.27</b>
Expected: true
Actual: true

Test Case Description: Validated Discount Label --> Discount = <b>28.4</b>
Expected: true
Actual: true

Test Case Description: Validated --> Item Net Amount = <b>565.00</b>
Expected: true
Actual: true

Test Case Description: Validated Edit --> Item Description --> <b>AUTO_TEST_ITEM_2_1074</b>
Expected: true
Actual: true

Test Case Description: Validated Edit --> Entered Instructions : <b>AUTO-TEST</b>
Expected: true
Actual: true

Test Case Description: Validated Edit --> Entered Item Rate : <b>345.66</b>
Expected: true
Actual: true

Test Case Description: Validated Edit --> Entered Item Quantity : <b>81.56</b>
Expected: true
Actual: true

Test Case Description: Validated Discount Label --> Discount = <b>13763.35</b>
Expected: true
Actual: true

Test Case Description: Validated --> Item Net Amount = <b>16160.12</b>
Expected: true
Actual: true

Test Case Description: Validated -->Selected Other Charges
Expected: true
Actual: true

Validated -->Displayed Other Charges
Test Case Description: Validated -->Displayed Other Charges
TEST Case Failed ->Validated -->Displayed Other Charges expected [true] but found [false]
Expected: true
Actual: false

Test Case Description: Validated -->Total Other Charges
Expected: true
Actual: true

Test Case Description: Entered lesser than minimum character in update reason
Expected: true
Actual: true

Test Case Description: Validated Update Reason --> <b>Update Changes</b> button is disabled
Expected: true
Actual: true

Test Case Description: Entered <b>TEST</B> in update reason
Expected: true
Actual: true

Test Case Description: Validated Update Reason --> <b>Update Changes</b> button is enabled
Expected: true
Actual: true

Test Case Description: Validated Net Amount : <b>16875.12</b>
Expected: true
Actual: true

Test Case Description: Clicked <b>Update Changes</b> button
Expected: true
Actual: true
]]>
  </system-out>
</testsuite> <!-- tests.inventoryStores.pharmacyStore.Order.WorkOrderTest -->
