<?xml version="1.0" encoding="UTF-8"?>
<!-- Generated by org.testng.reporters.JUnitReportReporter -->
<testsuite hostname="SPZMUMLAP0011" failures="0" tests="3" name="tests.settings.organisationSettings.general.GenerateDuplicateSequence.Test.RequisitionSequenceParallelTest" time="162.262" errors="0" timestamp="2023-12-11T20:01:23 IST" skipped="0">
  <testcase classname="tests.settings.organisationSettings.general.GenerateDuplicateSequence.Test.RequisitionSequenceParallelTest" name="generateRequisitionSequence" time="64.277"/>
  <system-out>
    <![CDATA[Test Case Description: Entered Username : hgdummydoc
Expected: true
Actual: true

Test Case Description: Entered Password : HGraph@3$3$
Expected: true
Actual: true

Test Case Description: Clicked on Login Button
Expected: true
Actual: true

Test Case Description: Selected Store - Optical Store 1- Optical
Expected: true
Actual: true

Test Case Description: New Requisition Created
Expected: true
Actual: true
]]>
  </system-out>
  <testcase classname="tests.settings.organisationSettings.general.GenerateDuplicateSequence.Test.RequisitionSequenceParallelTest" name="generateRequisitionSequence" time="51.707"/>
  <system-out>
    <![CDATA[Test Case Description: Entered Username : hgdummydoc
Expected: true
Actual: true

Test Case Description: Entered Password : HGraph@3$3$
Expected: true
Actual: true

Test Case Description: Clicked on Login Button
Expected: true
Actual: true

Test Case Description: Selected Store - Optical Store 1- Optical
Expected: true
Actual: true

Test Case Description: New Requisition Created
Expected: true
Actual: true
]]>
  </system-out>
  <testcase classname="tests.settings.organisationSettings.general.GenerateDuplicateSequence.Test.RequisitionSequenceParallelTest" name="validateRequisitionSequence" time="46.278"/>
  <system-out>
    <![CDATA[Test Case Description: Entered Username : hgdummydoc
Expected: true
Actual: true

Test Case Description: Entered Password : HGraph@3$3$
Expected: true
Actual: true

Test Case Description: Clicked on Login Button
Expected: true
Actual: true

Test Case Description: Generated Requisition ID : RSO-REQFC-111223-105250
Expected: true
Actual: true

Test Case Description: Generated Requisition ID : RSO-REQFC-111223-105249
Expected: true
Actual: true

Test Case Description: Validated Requisition Sequence
Expected: true
Actual: true
]]>
  </system-out>
</testsuite> <!-- tests.settings.organisationSettings.general.GenerateDuplicateSequence.Test.RequisitionSequenceParallelTest -->
