<?xml version="1.0" encoding="UTF-8"?>
<!-- Generated by org.testng.reporters.JUnitReportReporter -->
<testsuite hostname="SPZMUMLAP0011" failures="0" tests="3" name="tests.authorizationpolicy.ipd.ScheduleAdmissionPolicyTest" time="350.213" errors="0" timestamp="2023-11-09T23:36:05 IST" skipped="0">
  <testcase classname="tests.authorizationpolicy.ipd.ScheduleAdmissionPolicyTest" name="validatePolicy_emergencyAdmission" time="110.116"/>
  <system-out>
    <![CDATA[Test Case Description: Clicked user policy for user : Dr. Akash Jajee
Expected: true
Actual: true

Test Case Description: opened authorization policy page for the user : Dr. Akash Jajee
Expected: true
Actual: true

Test Case Description: IPD policy clicked
Expected: true
Actual: true

Test Case Description: Schedule Emergency IP Admission Access
Authorized:    NO
Expected: true
Actual: true

Test Case Description: Selected Option <b>Organisation Settings</b>
Expected: true
Actual: true

Test Case Description: Selected Option in the Left Panel = <b>General</b>
Expected: true
Actual: true

Test Case Description: Selected Sub Option in the Left Panel = <b>Organisation Setup</b>
Expected: true
Actual: true

Test Case Description: Expected User is Logged in - <b>Dr. Akash Jajee</b> .Current User is Dr. Akash Jajee
Expected: true
Actual: true

Test Case Description: OPD department is selected.
Expected: true
Actual: true

Test Case Description: Patient name - Mr. Mark 
Expected: true
Actual: true

Test Case Description: <font color='blue'>Validated Schedule Emergency IP Admission Access is disabled for the user</font>
Expected: true
Actual: true

Test Case Description: Expected User is Logged in - <b>Dr. Akash Jajee</b> .Current User is Dr. Akash Jajee
Expected: true
Actual: true

Test Case Description: Selected Option <b>Organisation Settings</b>
Expected: true
Actual: true

Test Case Description: Selected Option in the Left Panel = <b>General</b>
Expected: true
Actual: true

Test Case Description: Selected Sub Option in the Left Panel = <b>Organisation Setup</b>
Expected: true
Actual: true

Test Case Description: Clicked user policy for user : Dr. Akash Jajee
Expected: true
Actual: true

Test Case Description: opened authorization policy page for the user : Dr. Akash Jajee
Expected: true
Actual: true

Test Case Description: IPD policy clicked
Expected: true
Actual: true

Test Case Description: Schedule Emergency IP Admission Access
Authorized:    YES
Expected: true
Actual: true

Test Case Description: Patient name - Mr. Mark 
Expected: true
Actual: true

Test Case Description: <font color='blue'>Validated Schedule Emergency IP Admission Access is enabled for the user</font>
Expected: true
Actual: true
]]>
  </system-out>
  <testcase classname="tests.authorizationpolicy.ipd.ScheduleAdmissionPolicyTest" name="validatePolicy_plannedAdmission" time="132.403"/>
  <system-out>
    <![CDATA[Test Case Description: Expected User is Logged in - <b>Dr. Akash Jajee</b> .Current User is Dr. Akash Jajee
Expected: true
Actual: true

Test Case Description: Selected Option <b>Organisation Settings</b>
Expected: true
Actual: true

Test Case Description: Selected Option in the Left Panel = <b>General</b>
Expected: true
Actual: true

Test Case Description: Selected Sub Option in the Left Panel = <b>Organisation Setup</b>
Expected: true
Actual: true

Test Case Description: Clicked user policy for user : Dr. Akash Jajee
Expected: true
Actual: true

Test Case Description: opened authorization policy page for the user : Dr. Akash Jajee
Expected: true
Actual: true

Test Case Description: IPD policy clicked
Expected: true
Actual: true

Test Case Description: Schedule Planned IP Admission Access
Authorized:    NO
Expected: true
Actual: true

Test Case Description: Selected Option <b>Organisation Settings</b>
Expected: true
Actual: true

Test Case Description: Selected Option in the Left Panel = <b>General</b>
Expected: true
Actual: true

Test Case Description: Selected Sub Option in the Left Panel = <b>Organisation Setup</b>
Expected: true
Actual: true

Test Case Description: Expected User is Logged in - <b>Dr. Akash Jajee</b> .Current User is Dr. Akash Jajee
Expected: true
Actual: true

Test Case Description: OPD department is selected.
Expected: true
Actual: true

Test Case Description: Patient name - Mr. Mark 
Expected: true
Actual: true

Test Case Description: <font color='blue'>Validated Schedule Planned IP Admission Access is disabled for the user</font>
Expected: true
Actual: true

Test Case Description: Expected User is Logged in - <b>Dr. Akash Jajee</b> .Current User is Dr. Akash Jajee
Expected: true
Actual: true

Test Case Description: Selected Option <b>Organisation Settings</b>
Expected: true
Actual: true

Test Case Description: Selected Option in the Left Panel = <b>General</b>
Expected: true
Actual: true

Test Case Description: Selected Sub Option in the Left Panel = <b>Organisation Setup</b>
Expected: true
Actual: true

Test Case Description: Clicked user policy for user : Dr. Akash Jajee
Expected: true
Actual: true

Test Case Description: opened authorization policy page for the user : Dr. Akash Jajee
Expected: true
Actual: true

Test Case Description: IPD policy clicked
Expected: true
Actual: true

Test Case Description: Schedule Planned IP Admission Access
Authorized:    YES
Expected: true
Actual: true

Test Case Description: Patient name - Mr. Mark 
Expected: true
Actual: true

Test Case Description: <font color='blue'>Validated Schedule Planned IP Admission Access is enabled for the user</font>
Expected: true
Actual: true
]]>
  </system-out>
  <testcase classname="tests.authorizationpolicy.ipd.ScheduleAdmissionPolicyTest" name="validatePolicy_sameDayAdmission" time="107.694"/>
  <system-out>
    <![CDATA[Test Case Description: Clicked user policy for user : Dr. Akash Jajee
Expected: true
Actual: true

Test Case Description: opened authorization policy page for the user : Dr. Akash Jajee
Expected: true
Actual: true

Test Case Description: IPD policy clicked
Expected: true
Actual: true

Test Case Description: Scheduled Same Day IP Admission Access
Authorized:    NO
Expected: true
Actual: true

Test Case Description: Selected Option <b>Organisation Settings</b>
Expected: true
Actual: true

Test Case Description: Selected Option in the Left Panel = <b>General</b>
Expected: true
Actual: true

Test Case Description: Selected Sub Option in the Left Panel = <b>Organisation Setup</b>
Expected: true
Actual: true

Test Case Description: Expected User is Logged in - <b>Dr. Akash Jajee</b> .Current User is Dr. Akash Jajee
Expected: true
Actual: true

Test Case Description: OPD department is selected.
Expected: true
Actual: true

Test Case Description: Patient name - Mr. Mark 
Expected: true
Actual: true

Test Case Description: <font color='blue'>Validated Scheduled Same Day IP Admission Access is disabled for the user</font>
Expected: true
Actual: true

Test Case Description: Expected User is Logged in - <b>Dr. Akash Jajee</b> .Current User is Dr. Akash Jajee
Expected: true
Actual: true

Test Case Description: Selected Option <b>Organisation Settings</b>
Expected: true
Actual: true

Test Case Description: Selected Option in the Left Panel = <b>General</b>
Expected: true
Actual: true

Test Case Description: Selected Sub Option in the Left Panel = <b>Organisation Setup</b>
Expected: true
Actual: true

Test Case Description: Clicked user policy for user : Dr. Akash Jajee
Expected: true
Actual: true

Test Case Description: opened authorization policy page for the user : Dr. Akash Jajee
Expected: true
Actual: true

Test Case Description: IPD policy clicked
Expected: true
Actual: true

Test Case Description: Scheduled Same Day IP Admission Access
Authorized:    YES
Expected: true
Actual: true

Test Case Description: Patient name - Mr. Mark 
Expected: true
Actual: true

Test Case Description: <font color='blue'>Validated Scheduled Same Day IP Admission Access is enabled for the user</font>
Expected: true
Actual: true
]]>
  </system-out>
</testsuite> <!-- tests.authorizationpolicy.ipd.ScheduleAdmissionPolicyTest -->
