<?xml version="1.0" encoding="UTF-8"?>
<!-- Generated by org.testng.reporters.JUnitReportReporter -->
<testsuite hostname="SPZMUMLAP0011" failures="0" tests="3" name="tests.inventoryStores.pharmacyStore.Transaction.PurchaseReturnTest" time="327.469" errors="0" timestamp="2023-07-11T08:56:14 IST" skipped="0">
  <testcase classname="tests.inventoryStores.pharmacyStore.Transaction.PurchaseReturnTest" name="ValidatePurchaseReturnTransactionInItemLotFunctionality" time="30.268"/>
  <system-out>
    <![CDATA[Test Case Description: The Facility - <b>TST</b> is already selected.
Expected: true
Actual: true

Test Case Description: Pharmacy automation- Pharmacy store is selected.
Expected: true
Actual: true

Test Case Description: Store pop up closed
Expected: true
Actual: true

Test Case Description: Selected Option in the Left Panel = <b>Items</b>
Expected: true
Actual: true

Test Case Description: Selected Sub Option in the Left Panel = <b>Lot</b>
Expected: true
Actual: true

Test Case Description: TransactionPurchase_gecq Clicked in Items Lot at index 0
Expected: true
Actual: true

Test Case Description:  <b> Return Purchase Working Fine, as initial stock was: 2.0 after return stock is: 1.0</b> 
Expected: true
Actual: true
]]>
  </system-out>
  <testcase classname="tests.inventoryStores.pharmacyStore.Transaction.PurchaseReturnTest" name="createPurchaseTransactionForReturn" time="201.448"/>
  <system-out>
    <![CDATA[Test Case Description: The Facility - <b>TST</b> is already selected.
Expected: true
Actual: true

Test Case Description: Selected Option <b>Organisation Settings</b>
Expected: true
Actual: true

Test Case Description: Selected Option in the Left Panel = <b>Inventory & Supply Chain</b>
Expected: true
Actual: true

Test Case Description: Selected Sub Option in the Left Panel = <b>Store Setup</b>
Expected: true
Actual: true

Test Case Description: GST no. present in Pharmacy automation is <b>20BAC</b>
Expected: true
Actual: true

Test Case Description: Selected Option in the Left Panel = <b>Inventory & Supply Chain</b>
Expected: true
Actual: true

Test Case Description: Selected Sub Option in the Left Panel = <b>Vendor Master</b>
Expected: true
Actual: true

Test Case Description: GST no. present in Supplier ABC is <b>21EAC</b>
Expected: true
Actual: true

Test Case Description: Pharmacy automation- Pharmacy store is selected.
Expected: true
Actual: true

Test Case Description: Store pop up closed
Expected: true
Actual: true

Test Case Description: Selected Option in the Left Panel = <b>Items</b>
Expected: true
Actual: true

Test Case Description: Selected Sub Option in the Left Panel = <b>Master</b>
Expected: true
Actual: true

Test Case Description:  Add Item Button Clicked
Expected: true
Actual: true

Test Case Description: Category Dropdown Clicked in add item 
Expected: true
Actual: true

Test Case Description: Category selected: <b> Medication</b>
Expected: true
Actual: true

Test Case Description:  Item HSN code Entered as : <b>HSN70XR</b>
Expected: true
Actual: true

Test Case Description: Item Description Entered as : <b>TransactionPurchase_gecq</b>
Expected: true
Actual: true

Test Case Description: Item Properties Tax Entered as : <b>GST5 - 5.0%</b>
Expected: true
Actual: true

Test Case Description: Item Properties Expiry Present Checkbox Clicked
Expected: true
Actual: true

Test Case Description: Item Properties Prescription Mandatory Checkbox Clicked
Expected: true
Actual: true

Test Case Description: Item Properties Unit Level Checkbox Clicked
Expected: true
Actual: true

Test Case Description: Item Possible Variant Name Entered as : <b>Variant1</b>
Expected: true
Actual: true

Test Case Description: Item Possible Variant Value Clicked
Expected: true
Actual: true

Test Case Description: Item Possible Variant Value Entered as : <b>1</b>
Expected: true
Actual: true

Test Case Description: Save Button Clicked with filled required field
Expected: true
Actual: true

Test Case Description: Item is Added in Item Master Description as: <b> TransactionPurchase_gecq</b>
Expected: true
Actual: true

Test Case Description: Selected Option in the Left Panel = <b>Transaction</b>
Expected: true
Actual: true

Test Case Description: Selected Sub Option in the Left Panel = <b>Purchase/GRN</b>
Expected: true
Actual: true

Test Case Description: New Button clicked in Purchase Transaction
Expected: true
Actual: true

Test Case Description: Vendor present in dropdown: <b> Supplier ABC</b>
Expected: true
Actual: true

Test Case Description: Item found in purchase: <b> TransactionPurchase_gecq</b>
Expected: true
Actual: true

Test Case Description: Sub Store: <b> Default </b>
Expected: true
Actual: true

Test Case Description: Save button is present in A lot Template
Expected: true
Actual: true

Test Case Description:  Cancel button is present in A lot Template
Expected: true
Actual: true

Test Case Description: Previous Rate Button is present in A lot Template
Expected: true
Actual: true

Test Case Description: Stock Availability button is present in A lot Template
Expected: true
Actual: true

Test Case Description: Expiry Date Input box clicked
Expected: true
Actual: true

Test Case Description: Unit cost without tax entered as : <b> 100</b>
Expected: true
Actual: true

Test Case Description: package entry entered as : <b> 2</b>
Expected: true
Actual: true

Test Case Description: Discount entered as : <b> 10</b>
Expected: true
Actual: true

Test Case Description: Selling Price entered as : <b> 120</b>
Expected: true
Actual: true

Test Case Description: Total Cost calculated by function ,present in box are same 
Expected: true
Actual: true

Test Case Description: Selling calculated by function ,present in box are same 
Expected: true
Actual: true

Test Case Description:  Save Changes Button CLicked In Inventory Template
Expected: true
Actual: true

Test Case Description: Stock added successfully
Expected: true
Actual: true

Test Case Description:  Net amount calculated correctly for Item Stock No. <b>0</b>
Expected: true
Actual: true

Test Case Description: Net amount calculated correctly for each item in table
Expected: true
Actual: true

Test Case Description:  Gross Amount Calculated Correctly
Expected: true
Actual: true

Test Case Description:  Discount Amount Calculated Correctly
Expected: true
Actual: true

Test Case Description:  GST Amount Calculated Per Item Stock Correctly
Expected: true
Actual: true

Test Case Description:  GST Amount Calculated Correctly For All Item 
Expected: true
Actual: true

Test Case Description:  Net amount calculating correctly
Expected: true
Actual: true

Test Case Description:  Transaction Notes Entered as :<b> Transaction_notesywjp</b>
Expected: true
Actual: true

Test Case Description: Bill Type Selected:<b> Bill </b>
Expected: true
Actual: true

Test Case Description: Bill Number: <b> 1111phvek </b>
Expected: true
Actual: true

Test Case Description: Date of bill selected:<b> 11 </b>
Expected: true
Actual: true

Test Case Description: Purchase Transaction time:<b> 8:53AM</b>
Expected: true
Actual: true

Test Case Description: Requisition order time:<b> 08:53AM</b>
Expected: true
Actual: true

Test Case Description: Purchase Transaction date:<b> 2023-07-11|08:53AM</b>
Expected: true
Actual: true

Test Case Description: Other Charges: <b> AutomationName_OtherCharges </b>
Expected: true
Actual: true

Test Case Description: Other Charges addition working correctly and adding successfully in net amount
Expected: true
Actual: true

Test Case Description: Save Changes Button Clicked In A Lot Inventory Template
Expected: true
Actual: true

Test Case Description: Purchase Transaction Clicked  In Transaction List
Expected: true
Actual: true

Test Case Description: Purchase Transaction Found, Created Successfully for date 2023-07-11and 08:53AM
Expected: true
Actual: true

Test Case Description: Purchase transaction found for item : <b> TransactionPurchase_gecq</b>
Expected: true
Actual: true

Test Case Description:  Approve Button Clicked In Purchase Transaction
Expected: true
Actual: true

Test Case Description: Complete Payment Button Clicked in purchase transaction
Expected: true
Actual: true

Test Case Description: Complete payment button clicked in Review complete payment template 
Expected: true
Actual: true
]]>
  </system-out>
  <testcase classname="tests.inventoryStores.pharmacyStore.Transaction.PurchaseReturnTest" name="ValidatePurchaseReturnTransactionFunctionality" time="95.753"/>
  <system-out>
    <![CDATA[Test Case Description: The Facility - <b>TST</b> is already selected.
Expected: true
Actual: true

Test Case Description: Selected Option <b>Organisation Settings</b>
Expected: true
Actual: true

Test Case Description: Selected Option in the Left Panel = <b>General</b>
Expected: true
Actual: true

Test Case Description: Selected Sub Option in the Left Panel = <b>Sequence Manager</b>
Expected: true
Actual: true

Test Case Description: Pharmacy automation- Pharmacy store is selected.
Expected: true
Actual: true

Test Case Description: Store pop up closed
Expected: true
Actual: true

Test Case Description: Selected Option in the Left Panel = <b>Transaction</b>
Expected: true
Actual: true

Test Case Description: Selected Sub Option in the Left Panel = <b>Purchase Return</b>
Expected: true
Actual: true

Test Case Description: Refresh Button Displayed In Purchase Return Table
Expected: true
Actual: true

Test Case Description:  Today Filter Button Displayed In Purchase Return Table
Expected: true
Actual: true

Test Case Description:  Vendor Filter Button Displayed In Purchase Return Table
Expected: true
Actual: true

Test Case Description:  Vendor Name Search Text Box Displayed In Purchase Return Table
Expected: true
Actual: true

Test Case Description:  Report Button Displayed In Purchase Return Table
Expected: true
Actual: true

Test Case Description: New Button Clicked in Return Purchase
Expected: true
Actual: true

Test Case Description: Vendor present in dropdown: <b> Supplier ABC - Sonestaa Meadows Thubarahalli Extended Road Thubarahalli, Whitefield Bengaluru, Karnataka</b>
Expected: true
Actual: true

Test Case Description:  Purchase Item Selected From Left Panel in Return Purchase Template: TransactionPurchase_gecq
Expected: true
Actual: true

Test Case Description:  Validating Current Stock and Available Stock Are Same as :<b> 2.0</b>
Expected: true
Actual: true

Test Case Description:  Net Unit Cost Without Tax Calculated Correctly as :<b> 95.0</b>
Expected: true
Actual: true

Test Case Description: Margin Amount Calculated Correctly as : <b> 5.0</b>
Expected: true
Actual: true

Test Case Description:  Returnable Quantity and Total Quantity are same as :<b> 2.0</b>
Expected: true
Actual: true

Test Case Description:  Return Quantity Enter as <b> 1
Expected: true
Actual: true

Test Case Description:  Amount Before Tax Calculated Correctly as :<b> 95.0</b>
Expected: true
Actual: true

Test Case Description: Net Amount Per Item Calculated Correctly as :<b>99.75</b>
Expected: true
Actual: true

Test Case Description: GST Amount Per Item Calculated Correctly as : <b> 4.75</b>
Expected: true
Actual: true

Test Case Description: Net Return With Tax Calculated Correctly as : <b> 99.75</b>
Expected: true
Actual: true

Test Case Description: Purchase Return Transaction time:<b> 08:55AM</b>
Expected: true
Actual: true

Test Case Description: Save Changes Button CLicked In Return Purchase
Expected: true
Actual: true

Test Case Description:  Purchase return transaction found for date : 2023-07-11|08:55AM and vendor name :Supplier ABC
Expected: true
Actual: true

Test Case Description: Print4 Size In Sale Transaction Button Displayed and Clicked 
Expected: true
Actual: true

Test Case Description: Validated Print --> Sale Transaction Print page opened
Expected: true
Actual: true

Test Case Description: Print5 Size In Sale Transaction Button Displayed and Clicked 
Expected: true
Actual: true

Test Case Description: Validated Print --> Sale Transaction Print page opened
Expected: true
Actual: true

Test Case Description:  PrintA4 Working In Purchase Return Transaction
Expected: true
Actual: true

Test Case Description:  PrintA5 Working In Purchase Return Transaction
Expected: true
Actual: true

Test Case Description:  View Return Header Displayed As : Pharmacy  Return Invoice
Expected: true
Actual: true

Test Case Description:  Vendor Label and value displayed as : Vendor:  Supplier ABC - Sonestaa Meadows Thubarahalli Extended Road Thubarahalli, Whitefield Bengaluru, Karnataka, Mysuru, KARNATAKA, 571311
Expected: true
Actual: true

Test Case Description:  Mobile Label and value displayed as : Mobile:  7878989098
Expected: true
Actual: true

Test Case Description:  Total Cost Label and value displayed as : Total Cost:  95.0
Expected: true
Actual: true

Test Case Description:  Transaction Id Label and value displayed as : Transaction ID:  RSO-test1-110723-000021
Expected: true
Actual: true

Test Case Description:  Created By Label and value displayed as : Created By:  PR.Akash test
Expected: true
Actual: true

Test Case Description:  Date And Time Label and value displayed as : Date|Time:  2023-07-11  |  08:55AM
Expected: true
Actual: true

Test Case Description:  GST Label and value displayed as : GST:  21EAC
Expected: true
Actual: true

Test Case Description:  Note Label and value displayed as : Note:  Return_notescul
Expected: true
Actual: true

Test Case Description: # Header Present In item Details
Expected: true
Actual: true

Test Case Description: Code Header Present In item Details
Expected: true
Actual: true

Test Case Description: Description Header Present In item Details
Expected: true
Actual: true

Test Case Description: QTY Header Present In item Details
Expected: true
Actual: true

Test Case Description: Batch Header Present In item Details
Expected: true
Actual: true

Test Case Description: Model No. Header Present In item Details
Expected: true
Actual: true

Test Case Description: U.Price Header Present In item Details
Expected: true
Actual: true

Test Case Description: Remark Header Present In item Details
Expected: true
Actual: true

Test Case Description: Total Header Present In item Details
Expected: true
Actual: true

Test Case Description: 1 Value Present In item Details
Expected: true
Actual: true

Test Case Description: INV-MED-1253 Value Present In item Details
Expected: true
Actual: true

Test Case Description: Transactionpurchase_gecq Value Present In item Details
Expected: true
Actual: true

Test Case Description: 1.0 Value Present In item Details
Expected: true
Actual: true

Test Case Description:  Value Present In item Details
Expected: true
Actual: true

Test Case Description:  Value Present In item Details
Expected: true
Actual: true

Test Case Description: 105.0 Value Present In item Details
Expected: true
Actual: true

Test Case Description:  Value Present In item Details
Expected: true
Actual: true

Test Case Description: 105.0 Value Present In item Details
Expected: true
Actual: true

Test Case Description:  Amount Before Tax Label and value displayed as : 95.0
Expected: true
Actual: true

Test Case Description:  GST5 Label and value displayed as : 4.75
Expected: true
Actual: true

Test Case Description:  Net Return With Tax Label and value displayed as : 99.75
Expected: true
Actual: true
]]>
  </system-out>
</testsuite> <!-- tests.inventoryStores.pharmacyStore.Transaction.PurchaseReturnTest -->
