<?xml version="1.0" encoding="UTF-8"?>
<!-- Generated by org.testng.reporters.JUnitReportReporter -->
<testsuite hostname="SPZMUMLAP0011" failures="0" tests="5" name="tests.settings.organisationSettings.general.GenerateDuplicateSequence.SequenceManagerThreadIssueTest" time="23.172" errors="0" timestamp="2023-11-02T23:08:30 IST" skipped="0">
  <testcase classname="tests.settings.organisationSettings.general.GenerateDuplicateSequence.SequenceManagerThreadIssueTest" name="createPatient" time="6.134"/>
  <system-out/>
  <testcase classname="tests.settings.organisationSettings.general.GenerateDuplicateSequence.SequenceManagerThreadIssueTest" name="createPatient" time="3.259"/>
  <system-out/>
  <testcase classname="tests.settings.organisationSettings.general.GenerateDuplicateSequence.SequenceManagerThreadIssueTest" name="createPatient" time="6.120"/>
  <system-out/>
  <testcase classname="tests.settings.organisationSettings.general.GenerateDuplicateSequence.SequenceManagerThreadIssueTest" name="createPatient" time="3.452"/>
  <system-out/>
  <testcase classname="tests.settings.organisationSettings.general.GenerateDuplicateSequence.SequenceManagerThreadIssueTest" name="createPatient" time="4.207"/>
  <system-out/>
</testsuite> <!-- tests.settings.organisationSettings.general.GenerateDuplicateSequence.SequenceManagerThreadIssueTest -->
