<?xml version="1.0" encoding="UTF-8"?>
<!-- Generated by org.testng.reporters.JUnitReportReporter -->
<testsuite hostname="SPZMUMLAP0011" failures="0" tests="3" name="tests.settings.organisationSettings.general.GenerateDuplicateSequence.Test.PurchaseReturnSequenceParallelTest" time="111.371" errors="0" timestamp="2023-11-28T21:46:25 IST" skipped="0">
  <testcase classname="tests.settings.organisationSettings.general.GenerateDuplicateSequence.Test.PurchaseReturnSequenceParallelTest" name="validatePurchaseReturnSequence" time="33.239"/>
  <system-out>
    <![CDATA[Test Case Description: Entered Username : hgdummydoc
Expected: true
Actual: true

Test Case Description: Entered Password : HGraph@3$3$
Expected: true
Actual: true

Test Case Description: Clicked on Login Button
Expected: true
Actual: true

Test Case Description: Purchase Return ID =<b>  OPTHA1-RSO-RETURN-000006</b>
Expected: true
Actual: true

Test Case Description: Purchase Return ID =<b>  OPTHA1-RSO-RETURN-000005</b>
Expected: true
Actual: true

Test Case Description: Validated Purchase Return Sequence
Expected: true
Actual: true
]]>
  </system-out>
  <testcase classname="tests.settings.organisationSettings.general.GenerateDuplicateSequence.Test.PurchaseReturnSequenceParallelTest" name="generatePurchaseReturnSequence" time="38.869"/>
  <system-out>
    <![CDATA[Test Case Description: Entered Username : hgdummydoc
Expected: true
Actual: true

Test Case Description: Entered Password : HGraph@3$3$
Expected: true
Actual: true

Test Case Description: Clicked on Login Button
Expected: true
Actual: true

Test Case Description: Selected Store - OT Store- IPD
Expected: true
Actual: true

Test Case Description: Purchase Return created
Expected: true
Actual: true
]]>
  </system-out>
  <testcase classname="tests.settings.organisationSettings.general.GenerateDuplicateSequence.Test.PurchaseReturnSequenceParallelTest" name="generatePurchaseReturnSequence" time="39.263"/>
  <system-out>
    <![CDATA[Test Case Description: Entered Username : hgdummydoc
Expected: true
Actual: true

Test Case Description: Entered Password : HGraph@3$3$
Expected: true
Actual: true

Test Case Description: Clicked on Login Button
Expected: true
Actual: true

Test Case Description: Selected Store - OT Store- IPD
Expected: true
Actual: true

Test Case Description: Purchase Return created
Expected: true
Actual: true
]]>
  </system-out>
</testsuite> <!-- tests.settings.organisationSettings.general.GenerateDuplicateSequence.Test.PurchaseReturnSequenceParallelTest -->
