<?xml version="1.0" encoding="UTF-8"?>
<!-- Generated by org.testng.reporters.JUnitReportReporter -->
<testsuite hostname="SPZMUMLAP0011" failures="0" tests="5" name="tests.inventoryStores.pharmacyStore.Order.PurchaseOrderTest" time="484.327" errors="0" timestamp="2023-09-06T23:36:56 IST" skipped="0">
  <testcase classname="tests.inventoryStores.pharmacyStore.Order.PurchaseOrderTest" name="validatePurchaseOrderCreation" time="212.554"/>
  <system-out>
    <![CDATA[Test Case Description: Expected User is Logged in - <b>PR.Akash test</b> .Current User is PR.Akash test
Expected: true
Actual: true

Test Case Description: Selected Option <b>Organisation Settings</b>
Expected: true
Actual: true

Test Case Description: Selected Option in the Left Panel = <b>Inventory & Supply Chain</b>
Expected: true
Actual: true

Test Case Description: Selected Sub Option in the Left Panel = <b>Store Setup</b>
Expected: true
Actual: true

Test Case Description: Default Billing Address for Pharmacy automation is <b>add</b>
Expected: true
Actual: true

Test Case Description: GST no. present in Pharmacy automation is <b>20BAC</b>
Expected: true
Actual: true

Test Case Description: Default Shipping Address for Pharmacy automation is <b>add</b>
Expected: true
Actual: true

Test Case Description: Selected Option in the Left Panel = <b>Inventory & Supply Chain</b>
Expected: true
Actual: true

Test Case Description: Selected Sub Option in the Left Panel = <b>Vendor Master</b>
Expected: true
Actual: true

Test Case Description: Vendor Credit days present in Supplier ABC is <b>45</b>
Expected: true
Actual: true

Test Case Description: Vendor GST No present in Supplier ABC is <b>21EAC</b>
Expected: true
Actual: true

Test Case Description: Selected Option in the Left Panel = <b>Inventory & Supply Chain</b>
Expected: true
Actual: true

Test Case Description: Selected Sub Option in the Left Panel = <b>Terms & Conditions</b>
Expected: true
Actual: true

Test Case Description: Pharmacy automation- Pharmacy store is selected.
Expected: true
Actual: true

Test Case Description: Selected Option in the Left Panel = <b>Items</b>
Expected: true
Actual: true

Test Case Description: Selected Sub Option in the Left Panel = <b>Master</b>
Expected: true
Actual: true

Test Case Description: <b> Midodrine </b> is present in Item Master List
Expected: true
Actual: true

Test Case Description: Available stock of item : Midodrine --> <b>10.0</b>
Expected: true
Actual: true

Test Case Description: <b> Ciplox Eye </b> is present in Item Master List
Expected: true
Actual: true

Test Case Description: Available stock of item : Ciplox Eye --> <b>22.0</b>
Expected: true
Actual: true

Test Case Description: Selected Option in the Left Panel = <b>Order</b>
Expected: true
Actual: true

Test Case Description: Selected Sub Option in the Left Panel = <b>Purchase</b>
Expected: true
Actual: true

Test Case Description: Clicked <b>New</b> Button in  Purchase Order
Expected: true
Actual: true

Test Case Description: Validated Create Purchase Order Page displayed
Expected: true
Actual: true

Test Case Description: Purchase Order time:<b> 11:32 PM</b>
Expected: true
Actual: true

Test Case Description: Purchase Order date:<b> 06/09/2023</b>
Expected: true
Actual: true

Test Case Description: Validated Purchase Order Date and Time
Expected: true
Actual: true

Test Case Description: Store selected : <b>Pharmacy automation </b>
Expected: true
Actual: true

Test Case Description: Vendor selected : <b>Supplier ABC</b>
Expected: true
Actual: true

Test Case Description: PO Type selected : <b>Normal </b>
Expected: true
Actual: true

Test Case Description: Validate the PO item:<b> Midodrine </b> is found & selected
Expected: true
Actual: true

Test Case Description: Validated Displayed Add Lot Header : <b>Add Lot - Midodrine</b>
Expected: true
Actual: true

Test Case Description: Validated Add Lot Header -> Description : <b>Midodrine</b>
Expected: true
Actual: true

Test Case Description: Validated Add Lot Header -> HSN No : <b>HSNMAQ3</b>
Expected: true
Actual: true

Test Case Description: Validated Add Lot Header -> Item Code : <b>INV-MED-1204</b>
Expected: true
Actual: true

Test Case Description: Validated Add Lot Header -> Category : <b>Medication</b>
Expected: true
Actual: true

Test Case Description: Validated Add Lot Header -> Dispensing Unit : <b>Tablets</b>
Expected: true
Actual: true

Test Case Description: Validated Add Lot Header -> Package Type : <b>Box</b>
Expected: true
Actual: true

Test Case Description: Validated Add Lot Header -> Sub Package Type : <b>Number</b>
Expected: true
Actual: true

Test Case Description: Validated Add Lot Header -> Sub Package in Package : <b>1</b>
Expected: true
Actual: true

Test Case Description: Validated Add Lot Header -> Unit Type : <b>Number</b>
Expected: true
Actual: true

Test Case Description: Validated Add Lot Header -> Unit in Sub Package : <b>1</b>
Expected: true
Actual: true

Test Case Description: Clicked <b>Save</b> without entering any value
Expected: true
Actual: true

Test Case Description: Validated Error Msg is displayed for Total Paid Unit -> <b>Please enter a value greater than or equal to 1.</b>
Expected: true
Actual: true

Test Case Description: Validated Error Msg is displayed for Unit Cost -> <b>Required</b>
Expected: true
Actual: true

Test Case Description: Validated ->Displayed Possible Variant Name <b>Variant1</b> for the item Midodrine
Expected: true
Actual: true

Test Case Description: Validated Displayed variants for Variant1 : <b>1</b>
Expected: true
Actual: true

Test Case Description: Selected <b>1</b> in variant Variant1
Expected: true
Actual: true

Test Case Description: Selected Expiry Date for item Midodrine as <b>01/09/2026</b>
Expected: true
Actual: true

Test Case Description: Entered Unit Cost price w/o Tax as : <b>100</b>
Expected: true
Actual: true

Test Case Description: Validated Displayed Unit Cost price with Tax : <b>105.00</b>
Expected: true
Actual: true

Test Case Description: Entered <b>1</b> in Sub Package
Expected: true
Actual: true

Test Case Description: Validated Displayed Paid qty ->Units in a Sub Package= 1.0
Expected: true
Actual: true

Test Case Description: Entered <b>1</b> in Package
Expected: true
Actual: true

Test Case Description: Validated Displayed Paid qty ->Units in a Package= 1.0
Expected: true
Actual: true

Test Case Description: Entered <b>3</b> in Unit Quantity
Expected: true
Actual: true

Test Case Description: Entered <b>1.0</b> in Free Quantity
Expected: true
Actual: true

Test Case Description: Entered <b>21</b> in Discount input
Expected: true
Actual: true

Test Case Description: Selected <b>%</b> as Discount Type
Expected: true
Actual: true

Test Case Description: Validated -> Displayed Discount Amount : <b>63.0</b>
Expected: true
Actual: true

Test Case Description: Validated -> Displayed Total Cost Amount : <b>248.85</b>
Expected: true
Actual: true

Test Case Description: Clicked <b>Save</b> Lot
Expected: true
Actual: true

Test Case Description: Validate the PO item:<b> Ciplox Eye </b> is found & selected
Expected: true
Actual: true

Test Case Description: Validated Displayed Add Lot Header : <b>Add Lot - Ciplox Eye</b>
Expected: true
Actual: true

Test Case Description: Validated Add Lot Header -> Description : <b>Ciplox Eye</b>
Expected: true
Actual: true

Test Case Description: Validated Add Lot Header -> HSN No : <b></b>
Expected: true
Actual: true

Test Case Description: Validated Add Lot Header -> Item Code : <b>INV-MED-1021</b>
Expected: true
Actual: true

Test Case Description: Validated Add Lot Header -> Category : <b>medication</b>
Expected: true
Actual: true

Test Case Description: Validated Add Lot Header -> Dispensing Unit : <b>Eyedrops</b>
Expected: true
Actual: true

Test Case Description: Validated Add Lot Header -> Package Type : <b>Box</b>
Expected: true
Actual: true

Test Case Description: Validated Add Lot Header -> Sub Package Type : <b>Number</b>
Expected: true
Actual: true

Test Case Description: Validated Add Lot Header -> Sub Package in Package : <b>10</b>
Expected: true
Actual: true

Test Case Description: Validated Add Lot Header -> Unit Type : <b>Number</b>
Expected: true
Actual: true

Test Case Description: Validated Add Lot Header -> Unit in Sub Package : <b>1</b>
Expected: true
Actual: true

Test Case Description: Clicked <b>Save</b> without entering any value
Expected: true
Actual: true

Test Case Description: Validated Error Msg is displayed for Total Paid Unit -> <b>Please enter a value greater than or equal to 1.</b>
Expected: true
Actual: true

Test Case Description: Validated Error Msg is displayed for Unit Cost -> <b>Required</b>
Expected: true
Actual: true

Test Case Description: Selected Expiry Date for item Ciplox Eye as <b>01/09/2026</b>
Expected: true
Actual: true

Test Case Description: Entered Unit Cost price w/o Tax as : <b>100</b>
Expected: true
Actual: true

Test Case Description: Validated Displayed Unit Cost price with Tax : <b>105.00</b>
Expected: true
Actual: true

Test Case Description: Entered <b>1</b> in Sub Package
Expected: true
Actual: true

Test Case Description: Validated Displayed Paid qty ->Units in a Sub Package= 1.0
Expected: true
Actual: true

Test Case Description: Entered <b>1</b> in Package
Expected: true
Actual: true

Test Case Description: Validated Displayed Paid qty ->Units in a Package= 10.0
Expected: true
Actual: true

Test Case Description: Entered <b>3</b> in Unit Quantity
Expected: true
Actual: true

Test Case Description: Entered <b>1.0</b> in Free Quantity
Expected: true
Actual: true

Test Case Description: Entered <b>12</b> in Discount input
Expected: true
Actual: true

Test Case Description: Selected <b>â‚¹</b> as Discount Type
Expected: true
Actual: true

Test Case Description: Validated -> Displayed Discount Amount : <b>12.0</b>
Expected: true
Actual: true

Test Case Description: Validated -> Displayed Total Cost Amount : <b>302.4</b>
Expected: true
Actual: true

Test Case Description: Clicked <b>Save</b> Lot
Expected: true
Actual: true

Test Case Description: Entered AUTO-TEST in Order Note
Expected: true
Actual: true

Test Case Description: Validated displayed Store GST No : <b>20BAC</b>
Expected: true
Actual: true

Test Case Description: Validated displayed PO expiry Date : <b>07/09/2023</b>
Expected: true
Actual: true

Test Case Description: Validated displayed Vendor Credit Days : <b>45</b>
Expected: true
Actual: true

Test Case Description: Validated displayed Bill To Address : <b>Pharmacy automation - add, Hassan, KARNATAKA, 573213</b>
Expected: true
Actual: true

Test Case Description: Validated displayed Ship To Address : <b>Pharmacy automation - add, Hassan, KARNATAKA, 573213</b>
Expected: true
Actual: true

Test Case Description: Validated Item : Midodrine found in Create PO
Expected: true
Actual: true

Test Case Description: Validated -> Rate for Midodrine : <b>100</b>
Expected: true
Actual: true

Test Case Description: Validated -> Tax Rate for Midodrine : <b>5.0</b>
Expected: true
Actual: true

Test Case Description: Validated -> Paid Qty for Midodrine : <b>3.00</b>
Expected: true
Actual: true

Test Case Description: Validated -> Free Qty for Midodrine : <b>1</b>
Expected: true
Actual: true

Test Case Description: Validated -> Discount Amount for Midodrine : <b>63.0</b>
Expected: true
Actual: true

Test Case Description: Validated -> Net Amount for Midodrine : <b>248.85</b>
Expected: true
Actual: true

Test Case Description: Validated -> Selected Sub-Store for Midodrine : <b>N/A</b>
Expected: true
Actual: true

Test Case Description: Entered TEST in remark
Expected: true
Actual: true

Test Case Description: Validated Item : Ciplox Eye found in Create PO
Expected: true
Actual: true

Test Case Description: Validated -> Rate for Ciplox Eye : <b>100</b>
Expected: true
Actual: true

Test Case Description: Validated -> Tax Rate for Ciplox Eye : <b>5.0</b>
Expected: true
Actual: true

Test Case Description: Validated -> Paid Qty for Ciplox Eye : <b>3.00</b>
Expected: true
Actual: true

Test Case Description: Validated -> Free Qty for Ciplox Eye : <b>1</b>
Expected: true
Actual: true

Test Case Description: Validated -> Discount Amount for Ciplox Eye : <b>12.0</b>
Expected: true
Actual: true

Test Case Description: Validated -> Net Amount for Ciplox Eye : <b>302.40</b>
Expected: true
Actual: true

Test Case Description: Validated -> Selected Sub-Store for Ciplox Eye : <b>N/A</b>
Expected: true
Actual: true

Test Case Description: Entered TEST in remark
Expected: true
Actual: true

Test Case Description: Selected <b>Fitting Charges</b> on Other Charges
Expected: true
Actual: true

Test Case Description: Entered <b>50.0</b> on Other Charges
Expected: true
Actual: true

Test Case Description: Entered <b>100.0</b> on Other Charges Percentage
Expected: true
Actual: true

Test Case Description: Validated Displayed Other Charges : <b> 100.0</b>
Expected: true
Actual: true

Test Case Description: Clicked Add new Other Charges button
Expected: true
Actual: true

Test Case Description: Validated --> Add Other Charges
Expected: true
Actual: true

Test Case Description: Selected <b>Item_other</b> on Newly added Other Charges
Expected: true
Actual: true

Test Case Description: Entered <b>50.0</b> on Newly added Other Charges
Expected: true
Actual: true

Test Case Description: Clicked <b>-</b> in other charge
Expected: true
Actual: true

Test Case Description: Validated Total Other Charges : <b>50.0</b>
Expected: true
Actual: true

Test Case Description: Clicked Remove Other Charges button
Expected: true
Actual: true

Test Case Description: Validated --> Delete Other Charges
Expected: true
Actual: true

Test Case Description: Validated Total Other Charges after deleting other charge : <b>100.0</b>
Expected: true
Actual: true

Test Case Description: Gross Amount Validated:<b>  600.0</b>
Expected: true
Actual: true

Test Case Description: Discount Amount Validated:<b> 75.0</b>
Expected: true
Actual: true

Test Case Description: GST5 Amount Validated: <b> 26.25</b>
Expected: true
Actual: true

Test Case Description: Net Amount Validated:<b> 651.25</b>
Expected: true
Actual: true

Test Case Description: Validated Payment Terms -> Displayed Terms : <b>Test Payment Terms and Conditions</b>
Expected: true
Actual: true

Test Case Description: Selected Payment Terms as : <b>Test Payment Terms and Conditions</b>
Expected: true
Actual: true

Test Case Description: Clicked <b>Delivery Terms</b> button
Expected: true
Actual: true

Test Case Description: Validated Delivery Terms -> Displayed Terms : <b>Test Delivery Terms and Conditions</b>
Expected: true
Actual: true

Test Case Description: Selected Delivery Terms as : <b>Test Delivery Terms and Conditions</b>
Expected: true
Actual: true

Test Case Description: Purchase Order Saved
Expected: true
Actual: true

Test Case Description: Selected Purchase Order Transaction -> PO No : RSO-PO-060923-100984 | Status : pending
Expected: true
Actual: true

Test Case Description: Validated PO Created At : 06-09-2023 | 11:32 PM
Expected: true
Actual: true
]]>
  </system-out>
  <testcase classname="tests.inventoryStores.pharmacyStore.Order.PurchaseOrderTest" name="validatePurchaseOrderRHS" time="27.362"/>
  <system-out>
    <![CDATA[Test Case Description: Expected User is Logged in - <b>PR.Akash test</b> .Current User is PR.Akash test
Expected: true
Actual: true

Test Case Description: Pharmacy automation- Pharmacy store is selected.
Expected: true
Actual: true

Test Case Description: Selected Option in the Left Panel = <b>Order</b>
Expected: true
Actual: true

Test Case Description: Selected Sub Option in the Left Panel = <b>Purchase</b>
Expected: true
Actual: true

Test Case Description: Selected Purchase Order Transaction -> PO No : RSO-PO-060923-100984 | Status : pending
Expected: true
Actual: true

Test Case Description: Validated Purchase Order RHS -> PO No :<b> RSO-PO-060923-100984</b>
Expected: true
Actual: true

Test Case Description: Purchase Order Created By <b>PR.Akash test</b> at -> <b>06-09-2023 | 11:32 PM</b>
Expected: true
Actual: true

Test Case Description: Validated Purchase Order RHS -> PO Status :<b> Pending</b>
Expected: true
Actual: true

Test Case Description: Validated Purchase Order RHS -> PO Type :<b> Normal</b>
Expected: true
Actual: true

Test Case Description: Validated Purchase Order RHS -> PO Type :<b> 07/09/2023</b>
Expected: true
Actual: true

Test Case Description: Validated Purchase Order RHS -> Vendor Name :<b> Supplier ABC</b>
Expected: true
Actual: true

Test Case Description: Validated Purchase Order RHS -> Vendor Address :<b> Sonestaa Meadows Thubarahalli Extended Road Thubarahalli, Whitefield Bengaluru, Karnataka</b>
Expected: true
Actual: true

Test Case Description: Validated Purchase Order RHS -> Vendor GST No :<b> 21EAC</b>
Expected: true
Actual: true

Test Case Description: Validated Purchase Order RHS -> Vendor Credit Days :<b> 45</b>
Expected: true
Actual: true

Test Case Description: Validated Purchase Order RHS -> Ship To Address :<b> Pharmacy automation - add, Hassan, KARNATAKA, 573213</b>
Expected: true
Actual: true

Test Case Description: Validated Purchase Order RHS -> Bill To Address :<b> Pharmacy automation - add, Hassan, KARNATAKA, 573213</b>
Expected: true
Actual: true

Test Case Description: Validated Purchase Order RHS -> Store GST No :<b> 20BAC</b>
Expected: true
Actual: true

Test Case Description: Validated Purchase Order RHS -> Store Entity Group :<b> Testing_Entity - test1</b>
Expected: true
Actual: true

Test Case Description: Validated -> PO Created Item Description : <b>Midodrine-1</b>
Expected: true
Actual: true

Test Case Description: Validated -> PO Created Item HSN : <b>HSNMAQ3</b>
Expected: true
Actual: true

Test Case Description: Validated ->PO Created Item Paid Qty : <b>3.0</b>
Expected: true
Actual: true

Test Case Description: Validated ->PO Created Item Free Qty : <b>1.0</b>
Expected: true
Actual: true

Test Case Description: Validated ->PO Created Item Tax Percentage : <b>5.0</b>
Expected: true
Actual: true

Test Case Description: Validated ->PO Created Item Rate : <b>100.0</b>
Expected: true
Actual: true

Test Case Description: Validated ->PO Created Item Discount : <b>63.0</b>
Expected: true
Actual: true

Test Case Description: Validated ->PO Created Item Net Amount : <b>248.85</b>
Expected: true
Actual: true

Test Case Description: Validated -> PO Created Item Remark : <b>TEST</b>
Expected: true
Actual: true

Test Case Description: Validated -> PO Created Item Description : <b>Ciplox Eye-</b>
Expected: true
Actual: true

Test Case Description: Validated ->PO Created Item Paid Qty : <b>3.0</b>
Expected: true
Actual: true

Test Case Description: Validated ->PO Created Item Free Qty : <b>1.0</b>
Expected: true
Actual: true

Test Case Description: Validated ->PO Created Item Tax Percentage : <b>5.0</b>
Expected: true
Actual: true

Test Case Description: Validated ->PO Created Item Rate : <b>100.0</b>
Expected: true
Actual: true

Test Case Description: Validated ->PO Created Item Discount : <b>12.0</b>
Expected: true
Actual: true

Test Case Description: Validated ->PO Created Item Net Amount : <b>302.40</b>
Expected: true
Actual: true

Test Case Description: Validated -> PO Created Item Remark : <b>TEST</b>
Expected: true
Actual: true

Test Case Description: Validated PO -> Gross Amount <b>600.0 </b>
Expected: true
Actual: true

Test Case Description: Validated PO -> GST5 Tax Amount <b>26.25 </b>
Expected: true
Actual: true

Test Case Description: Validated PO -> Other Charges Amount <b>100.0 </b>
Expected: true
Actual: true

Test Case Description: Validated PO -> Total Net Amount <b>651.25 </b>
Expected: true
Actual: true
]]>
  </system-out>
  <testcase classname="tests.inventoryStores.pharmacyStore.Order.PurchaseOrderTest" name="validatePurchaseOrderEditFunctionality" time="32.528"/>
  <system-out>
    <![CDATA[Test Case Description: Expected User is Logged in - <b>PR.Akash test</b> .Current User is PR.Akash test
Expected: true
Actual: true

Test Case Description: Pharmacy automation- Pharmacy store is selected.
Expected: true
Actual: true

Test Case Description: Selected Option in the Left Panel = <b>Order</b>
Expected: true
Actual: true

Test Case Description: Selected Sub Option in the Left Panel = <b>Purchase</b>
Expected: true
Actual: true

Test Case Description: Selected Purchase Order Transaction -> PO No : RSO-PO-060923-100984 | Status : pending
Expected: true
Actual: true

Test Case Description: Clicked <b>Edit</b> Purchase Order
Expected: true
Actual: true

Test Case Description: Validated Purchase Order Edit Date and Time
Expected: true
Actual: true

Test Case Description: Validated Edit -> Order Note = AUTO-TEST
Expected: true
Actual: true

Test Case Description: Validated Edit -> PO Type = Normal
Expected: true
Actual: true

Test Case Description: Validated Edit -> PO Store = Pharmacy automation
Expected: true
Actual: true

Test Case Description: Validated Edit -> PO GST No = 20BAC
Expected: true
Actual: true

Test Case Description: Validated Edit -> PO Vendor = Supplier ABC - Sonestaa Meadows Thubarahalli Extended Road Thubarahalli, Whitefield Bengaluru, Karnataka, Mysuru, KARNATAKA, 571311
Expected: true
Actual: true

Test Case Description: Validated Edit -> PO Expiry Date = 07/09/2023
Expected: true
Actual: true

Test Case Description: Validated Edit -> PO Vendor Credit Days = 45
Expected: true
Actual: true

Test Case Description: Validated Edit -> PO Store Ship To = Pharmacy automation - add, Hassan, KARNATAKA, 573213
Expected: true
Actual: true

Test Case Description: Validated Edit -> PO Store Bill To = Pharmacy automation - add, Hassan, KARNATAKA, 573213
Expected: true
Actual: true

Test Case Description: Validated Item : Midodrine found in Create PO
Expected: true
Actual: true

Test Case Description: Validated -> Rate for Midodrine : <b>100.0</b>
Expected: true
Actual: true

Test Case Description: Validated -> Tax Rate for Midodrine : <b>5.0</b>
Expected: true
Actual: true

Test Case Description: Validated -> Paid Qty for Midodrine : <b>3.0</b>
Expected: true
Actual: true

Test Case Description: Validated -> Free Qty for Midodrine : <b>1.0</b>
Expected: true
Actual: true

Test Case Description: Validated -> Discount Amount for Midodrine : <b>63.0</b>
Expected: true
Actual: true

Test Case Description: Validated -> Net Amount for Midodrine : <b>248.85</b>
Expected: true
Actual: true

Test Case Description: Validated -> Selected Sub-Store for Midodrine : <b>N/A</b>
Expected: true
Actual: true

Test Case Description: Validated -> Remark for Midodrine : <b>TEST</b>
Expected: true
Actual: true

Test Case Description: Validated Item : Ciplox Eye found in Create PO
Expected: true
Actual: true

Test Case Description: Validated -> Rate for Ciplox Eye : <b>100.0</b>
Expected: true
Actual: true

Test Case Description: Validated -> Tax Rate for Ciplox Eye : <b>5.0</b>
Expected: true
Actual: true

Test Case Description: Validated -> Paid Qty for Ciplox Eye : <b>3.0</b>
Expected: true
Actual: true

Test Case Description: Validated -> Free Qty for Ciplox Eye : <b>1.0</b>
Expected: true
Actual: true

Test Case Description: Validated -> Discount Amount for Ciplox Eye : <b>12.0</b>
Expected: true
Actual: true

Test Case Description: Validated -> Net Amount for Ciplox Eye : <b>302.4</b>
Expected: true
Actual: true

Test Case Description: Validated -> Selected Sub-Store for Ciplox Eye : <b>N/A</b>
Expected: true
Actual: true

Test Case Description: Validated -> Remark for Ciplox Eye : <b>TEST</b>
Expected: true
Actual: true

Test Case Description: Validate PO Edit -> Gross Amount :<b>  600.0</b>
Expected: true
Actual: true

Test Case Description: Validate PO Edit -> Discount Amount :<b> 75.0</b>
Expected: true
Actual: true

Test Case Description: Validate PO Edit -> Net Amount Validated:<b> 651.25</b>
Expected: true
Actual: true

Test Case Description: Purchase Order Saved
Expected: true
Actual: true

Test Case Description: Selected Purchase Order Transaction -> PO No : RSO-PO-060923-100984 | Status : pending
Expected: true
Actual: true

Test Case Description: Validated PO Updated At : 06-09-2023 | 11:34 PM
Expected: true
Actual: true
]]>
  </system-out>
  <testcase classname="tests.inventoryStores.pharmacyStore.Order.PurchaseOrderTest" name="validatePartiallyCompletedNewTransaction" time="140.813"/>
  <system-out>
    <![CDATA[Test Case Description: Expected User is Logged in - <b>PR.Akash test</b> .Current User is PR.Akash test
Expected: true
Actual: true

Test Case Description: Pharmacy automation- Pharmacy store is selected.
Expected: true
Actual: true

Test Case Description: Selected Option in the Left Panel = <b>Order</b>
Expected: true
Actual: true

Test Case Description: Selected Sub Option in the Left Panel = <b>Purchase</b>
Expected: true
Actual: true

Test Case Description: Selected Purchase Order Transaction -> PO No : RSO-PO-060923-100984 | Status : pending
Expected: true
Actual: true

Test Case Description: Clicked <b>Approve</b> button
Expected: true
Actual: true

Test Case Description: Validated Purchase Order Approved Notify Msg displayed
Expected: true
Actual: true

Test Case Description: Selected Option in the Left Panel = <b>Order</b>
Expected: true
Actual: true

Test Case Description: Selected Sub Option in the Left Panel = <b>Purchase</b>
Expected: true
Actual: true

Test Case Description: Selected Purchase Order Transaction -> PO No : RSO-PO-060923-100984 | Status : approved
Expected: true
Actual: true

Test Case Description: Validated Purchase Order : RSO-PO-060923-100984 is Approved
Expected: true
Actual: true

Test Case Description: Clicked <b>New Transaction</b> button
Expected: true
Actual: true

Test Case Description: Goods Receive Note Page is Displayed
Expected: true
Actual: true

Test Case Description: Validated GRN Date -> 06/09/2023 and Time -> 11:35 PM
Expected: true
Actual: true

Test Case Description: Validated Displayed Purchase Order No : RSO-PO-060923-100984
Expected: true
Actual: true

Test Case Description: Clicked Purchase Order Link
Expected: true
Actual: true

Test Case Description: Validated PO Link-> Item Description : <b>Midodrine-1</b>
Expected: true
Actual: true

Test Case Description: Validated PO Link-> Item HSN : <b>HSNMAQ3</b>
Expected: true
Actual: true

Test Case Description: Validated PO Link-> Item Paid Qty : <b>3.0</b>
Expected: true
Actual: true

Test Case Description: Validated PO Link-> Item Free Qty : <b>1.0</b>
Expected: true
Actual: true

Test Case Description: Validated PO Link-> Item Tax Percentage : <b>5.0</b>
Expected: true
Actual: true

Test Case Description: Validated PO Link-> Item Rate : <b>100.0</b>
Expected: true
Actual: true

Test Case Description: Validated PO Link-> Item Discount : <b>63.0</b>
Expected: true
Actual: true

Test Case Description: Validated PO Link-> Item Net Amount : <b>248.85</b>
Expected: true
Actual: true

Test Case Description: Validated PO Link-> Item Remark : <b>TEST</b>
Expected: true
Actual: true

Test Case Description: Validated PO Link-> Item Description : <b>Ciplox Eye-</b>
Expected: true
Actual: true

Test Case Description: Validated PO Link-> Item Paid Qty : <b>3.0</b>
Expected: true
Actual: true

Test Case Description: Validated PO Link-> Item Free Qty : <b>1.0</b>
Expected: true
Actual: true

Test Case Description: Validated PO Link-> Item Tax Percentage : <b>5.0</b>
Expected: true
Actual: true

Test Case Description: Validated PO Link-> Item Rate : <b>100.0</b>
Expected: true
Actual: true

Test Case Description: Validated PO Link-> Item Discount : <b>12.0</b>
Expected: true
Actual: true

Test Case Description: Validated PO Link-> Item Net Amount : <b>302.40</b>
Expected: true
Actual: true

Test Case Description: Validated PO Link-> Item Remark : <b>TEST</b>
Expected: true
Actual: true

Test Case Description: Validated PO -> Gross Amount <b>600.0 </b>
Expected: true
Actual: true

Test Case Description: Validated PO -> GST5 Tax Amount <b>26.25 </b>
Expected: true
Actual: true

Test Case Description: Validated PO -> Other Charges Amount <b>100.0 </b>
Expected: true
Actual: true

Test Case Description: Validated PO -> Total Net Amount <b>651.25 </b>
Expected: true
Actual: true

Test Case Description: Entered AUTO-TEST in Transaction Note
Expected: true
Actual: true

Test Case Description: Validated Displayed vendor in GRN : Supplier ABC - Sonestaa Meadows Thubarahalli Extended Road Thubarahalli, Whitefield Bengaluru, Karnataka, Mysuru, KARNATAKA, 571311
Expected: true
Actual: true

Test Case Description: Selected Bill Type as <b>Bill</b>
Expected: true
Actual: true

Test Case Description: Entered<b> PO_BILL_NO_3690</b> in Bill Number
Expected: true
Actual: true

Test Case Description: Selected Bill Date as 06/09/2023
Expected: true
Actual: true

Test Case Description: Validated Create GRN -> Item Description : <b>Midodrine- 1</b>
Expected: true
Actual: true

Test Case Description: Validated Create GRN for Midodrine- 1-> Item Rate : <b>100.0</b>
Expected: true
Actual: true

Test Case Description: Validated Create GRN Midodrine- 1-> Total PO Qty : <b>4.0</b>
Expected: true
Actual: true

Test Case Description: Validated Create GRN Midodrine- 1-> Pending Qty : <b>3.0</b>
Expected: true
Actual: true

Test Case Description: Validated Create GRN Midodrine- 1-> Tax Percentage : <b>5.0</b>
Expected: true
Actual: true

Test Case Description: Validated Create GRN Midodrine- 1-> Item Paid Qty : <b>3.0</b>
Expected: true
Actual: true

Test Case Description: Validated Create GRN Midodrine- 1-> Item Free Qty : <b>1.0</b>
Expected: true
Actual: true

Test Case Description: Validated Create GRN Midodrine- 1-> Item Discount : <b>63.00</b>
Expected: true
Actual: true

Test Case Description: Validated Create GRN Midodrine- 1-> Item Net Amount : <b>248.85</b>
Expected: true
Actual: true

Test Case Description: Validated Create GRN -> Item Remark : <b>TEST</b>
Expected: true
Actual: true

Test Case Description: Entering value greater than paid qty
Expected: true
Actual: true

Test Case Description: Validated displayed error message : paid cannot be greater than 3
Expected: true
Actual: true

Test Case Description: Entering value lesser than free qty
Expected: true
Actual: true

Test Case Description: Validated displayed error message : free cannot be less than 1
Expected: true
Actual: true

Test Case Description: Entered 1.5 in Paid qty for item Midodrine- 1
Expected: true
Actual: true

Test Case Description: Entered 0.0 in Free qty for item Midodrine- 1
Expected: true
Actual: true

Test Case Description: Validated Create GRN -> Discount after changing the quantity : <b>31.50</b>
Expected: true
Actual: true

Validated Create GRN -> Item Net Amount after changing the quantity : <b>124.42</b>
Test Case Description: Validated Create GRN -> Item Net Amount after changing the quantity : <b>124.42</b>
TEST Case Failed ->Validated Create GRN -> Item Net Amount after changing the quantity : <b>124.42</b> expected [true] but found [false]
Expected: true
Actual: false

Test Case Description: Entered <b>558.92</b> in MRP for Item Midodrine- 1
Expected: true
Actual: true

Test Case Description: Entered <b>PO-8722</b> in Batch No for Item Midodrine- 1
Expected: true
Actual: true

Test Case Description: Entered Item Expiry Date as : <b>01/09/2026</b>
Expected: true
Actual: true

Test Case Description: Validated Create GRN -> Item Description : <b>Ciplox Eye</b>
Expected: true
Actual: true

Test Case Description: Validated Create GRN for Ciplox Eye-> Item Rate : <b>100.0</b>
Expected: true
Actual: true

Test Case Description: Validated Create GRN Ciplox Eye-> Total PO Qty : <b>4.0</b>
Expected: true
Actual: true

Test Case Description: Validated Create GRN Ciplox Eye-> Pending Qty : <b>3.0</b>
Expected: true
Actual: true

Test Case Description: Validated Create GRN Ciplox Eye-> Tax Percentage : <b>5.0</b>
Expected: true
Actual: true

Test Case Description: Validated Create GRN Ciplox Eye-> Item Paid Qty : <b>3.0</b>
Expected: true
Actual: true

Test Case Description: Validated Create GRN Ciplox Eye-> Item Free Qty : <b>1.0</b>
Expected: true
Actual: true

Test Case Description: Validated Create GRN Ciplox Eye-> Item Discount : <b>12.00</b>
Expected: true
Actual: true

Test Case Description: Validated Create GRN Ciplox Eye-> Item Net Amount : <b>302.40</b>
Expected: true
Actual: true

Test Case Description: Validated Create GRN -> Item Remark : <b>TEST</b>
Expected: true
Actual: true

Test Case Description: Entering value greater than paid qty
Expected: true
Actual: true

Test Case Description: Validated displayed error message : 
Expected: true
Actual: true

Test Case Description: Entering value lesser than free qty
Expected: true
Actual: true

Test Case Description: Validated displayed error message : 
Expected: true
Actual: true

Test Case Description: Entered 3.0 in Paid qty for item Ciplox Eye
Expected: true
Actual: true

Test Case Description: Entered 1.0 in Free qty for item Ciplox Eye
Expected: true
Actual: true

Test Case Description: Entered <b>82.72</b> in MRP for Item Ciplox Eye
Expected: true
Actual: true

Test Case Description: Entered <b>PO-4506</b> in Batch No for Item Ciplox Eye
Expected: true
Actual: true

Test Case Description: Entered Item Expiry Date as : <b>01/09/2026</b>
Expected: true
Actual: true

Test Case Description: Validated GRN -> Total Gross Amount : <b>450.00</b>
Expected: true
Actual: true

Test Case Description: Validated GRN -> Total Discount Amount : <b>43.50</b>
Expected: true
Actual: true

Validated GRN -> Total Net Amount : <b>426.82</b>
Test Case Description: Validated GRN -> Total Net Amount : <b>426.82</b>
TEST Case Failed ->Validated GRN -> Total Net Amount : <b>426.82</b> expected [true] but found [false]
Expected: true
Actual: false

Test Case Description: Sub Store dropdown clicked
Expected: true
Actual: true

Test Case Description: Sub Store selected: Default
Expected: true
Actual: true

Test Case Description: Sub Store dropdown clicked
Expected: true
Actual: true

Test Case Description: Sub Store selected: Default
Expected: true
Actual: true

Test Case Description: Validated Displayed Pending amount to be paid : 100.0
Expected: true
Actual: true

Test Case Description: Entering <b>100.0</b> in Pending amount to be paid 
Expected: true
Actual: true

Test Case Description: Validated GRN -> Total Other Charges after paying vendor charges : <b>100</b>
Expected: true
Actual: true

Test Case Description: Clicked Save Changes
Expected: true
Actual: true

Test Case Description: Selected Option in the Left Panel = <b>Transaction</b>
Expected: true
Actual: true

Test Case Description: Selected Sub Option in the Left Panel = <b>Purchase/GRN</b>
Expected: true
Actual: true

Test Case Description: Purchase Grn created and approved
Expected: true
Actual: true

Test Case Description: Purchase Grn no =<b>RSO-GRN-060923-101456</b>
Expected: true
Actual: true

Test Case Description: Validated Purchase GRN -> Item Description : <b>Midodrine-1</b>
Expected: true
Actual: true

Test Case Description: Validated Purchase GRN -> Item(Midodrine-1) -> HSN : <b>HSNMAQ3</b>
Expected: true
Actual: true

Test Case Description: Validated Purchase GRN -> Item(Midodrine-1) -> Batch No : <b>PO-8722</b>
Expected: true
Actual: true

Test Case Description: Validated Purchase GRN -> Item(Midodrine-1) -> Expiry : <b>2026-09-01</b>
Expected: true
Actual: true

Test Case Description: Validated Purchase GRN -> Item(Midodrine-1) -> MRP : <b>558.92</b>
Expected: true
Actual: true

Test Case Description: Validated Purchase GRN -> Item(Midodrine-1) -> GRN Qty : <b>1.5</b>
Expected: true
Actual: true

Test Case Description: Validated Purchase GRN -> Item(Midodrine-1) -> Free Qty : <b>0.0</b>
Expected: true
Actual: true

Test Case Description: Validated Purchase GRN -> Item(Midodrine-1) -> Rate : <b>100.0</b>
Expected: true
Actual: true

Test Case Description: Validated Purchase GRN -> Item(Midodrine-1) -> Tax% : <b>5.0</b>
Expected: true
Actual: true

Test Case Description: Validated Purchase GRN -> Item(Midodrine-1) -> Discount : <b>31.5</b>
Expected: true
Actual: true

Validated Purchase GRN -> Item(Midodrine-1) -> Total Amount : <b>124.42</b>
Test Case Description: Validated Purchase GRN -> Item(Midodrine-1) -> Total Amount : <b>124.42</b>
TEST Case Failed ->Validated Purchase GRN -> Item(Midodrine-1) -> Total Amount : <b>124.42</b> expected [true] but found [false]
Expected: true
Actual: false

Test Case Description: Validated Purchase GRN -> Item(Midodrine-1) -> Remark : <b>TEST</b>
Expected: true
Actual: true

Test Case Description: Validated Purchase GRN -> Item Description : <b>Ciplox Eye-</b>
Expected: true
Actual: true

Test Case Description: Validated Purchase GRN -> Item(Ciplox Eye-) -> Batch No : <b>PO-4506</b>
Expected: true
Actual: true

Test Case Description: Validated Purchase GRN -> Item(Ciplox Eye-) -> Expiry : <b>2026-09-01</b>
Expected: true
Actual: true

Test Case Description: Validated Purchase GRN -> Item(Ciplox Eye-) -> MRP : <b>82.72</b>
Expected: true
Actual: true

Test Case Description: Validated Purchase GRN -> Item(Ciplox Eye-) -> GRN Qty : <b>3.0</b>
Expected: true
Actual: true

Test Case Description: Validated Purchase GRN -> Item(Ciplox Eye-) -> Free Qty : <b>1.0</b>
Expected: true
Actual: true

Test Case Description: Validated Purchase GRN -> Item(Ciplox Eye-) -> Rate : <b>100.0</b>
Expected: true
Actual: true

Test Case Description: Validated Purchase GRN -> Item(Ciplox Eye-) -> Tax% : <b>5.0</b>
Expected: true
Actual: true

Test Case Description: Validated Purchase GRN -> Item(Ciplox Eye-) -> Discount : <b>12.0</b>
Expected: true
Actual: true

Test Case Description: Validated Purchase GRN -> Item(Ciplox Eye-) -> Total Amount : <b>302.4</b>
Expected: true
Actual: true

Test Case Description: Validated Purchase GRN -> Item(Ciplox Eye-) -> Remark : <b>TEST</b>
Expected: true
Actual: true

Test Case Description: Validated Created GRN -> Gross Amount <b>450.0 </b>
Expected: true
Actual: true

Test Case Description: Validated Created GRN -> Total Discount Amount <b>43.5 </b>
Expected: true
Actual: true

Validated Created GRN -> GST5 Tax Amount <b>20.33 </b>
Test Case Description: Validated Created GRN -> GST5 Tax Amount <b>20.33 </b>
TEST Case Failed ->Validated Created GRN -> GST5 Tax Amount <b>20.33 </b> expected [true] but found [false]
Expected: true
Actual: false

Test Case Description: Validated Created GRN -> Other Charges Amount <b>100.0 </b>
Expected: true
Actual: true

Validated Created GRN -> Amount Paid <b>526.82 </b>
Test Case Description: Validated Created GRN -> Amount Paid <b>526.82 </b>
TEST Case Failed ->Validated Created GRN -> Amount Paid <b>526.82 </b> expected [true] but found [false]
Expected: true
Actual: false

Validated Created GRN-> Amount Remaining <b>0.0 </b>
Test Case Description: Validated Created GRN-> Amount Remaining <b>0.0 </b>
TEST Case Failed ->Validated Created GRN-> Amount Remaining <b>0.0 </b> expected [true] but found [false]
Expected: true
Actual: false

Validated Created GRN -> Total Net Amount <b>526.82 </b>
Test Case Description: Validated Created GRN -> Total Net Amount <b>526.82 </b>
TEST Case Failed ->Validated Created GRN -> Total Net Amount <b>526.82 </b> expected [true] but found [false]
Expected: true
Actual: false

Test Case Description: Selected Option in the Left Panel = <b>Order</b>
Expected: true
Actual: true

Test Case Description: Selected Sub Option in the Left Panel = <b>Purchase</b>
Expected: true
Actual: true

Test Case Description: Selected Purchase Order Transaction -> PO No : RSO-PO-060923-100984 | Status : partially_completed
Expected: true
Actual: true

Test Case Description: Validated partially completed Transaction | PO Status  - <b>Partially Completed</b>
Expected: true
Actual: true

Test Case Description: Validated Transaction against Order -> RSO-GRN-060923-101456 | 06/09/2023  11:36PM  | APPROVED
Expected: true
Actual: true
]]>
  </system-out>
  <testcase classname="tests.inventoryStores.pharmacyStore.Order.PurchaseOrderTest" name="validateCompletedNewTransaction" time="71.070"/>
  <system-out>
    <![CDATA[Test Case Description: Expected User is Logged in - <b>PR.Akash test</b> .Current User is PR.Akash test
Expected: true
Actual: true

Test Case Description: Pharmacy automation- Pharmacy store is selected.
Expected: true
Actual: true

Test Case Description: Selected Option in the Left Panel = <b>Order</b>
Expected: true
Actual: true

Test Case Description: Selected Sub Option in the Left Panel = <b>Purchase</b>
Expected: true
Actual: true

Test Case Description: Selected Purchase Order Transaction -> PO No : RSO-PO-060923-100984 | Status : partially_completed
Expected: true
Actual: true

Test Case Description: Clicked <b>New Transaction</b> button
Expected: true
Actual: true

Test Case Description: Goods Receive Note Page is Displayed
Expected: true
Actual: true

Test Case Description: Validated GRN Date -> 06/09/2023 and Time -> 11:37 PM
Expected: true
Actual: true

Test Case Description: Validated Displayed Purchase Order No : RSO-PO-060923-100984
Expected: true
Actual: true

Test Case Description: Clicked Purchase Order Link
Expected: true
Actual: true

Test Case Description: Entered AUTO-TEST in Transaction Note
Expected: true
Actual: true

Test Case Description: Validated Displayed vendor in GRN : Supplier ABC - Sonestaa Meadows Thubarahalli Extended Road Thubarahalli, Whitefield Bengaluru, Karnataka, Mysuru, KARNATAKA, 571311
Expected: true
Actual: true

Test Case Description: Selected Bill Type as <b>Bill</b>
Expected: true
Actual: true

Test Case Description: Entered<b> PO_BILL_NO_9015</b> in Bill Number
Expected: true
Actual: true

Test Case Description: Selected Bill Date as 06/09/2023
Expected: true
Actual: true

Test Case Description: Validated Create GRN -> Item Description : <b>Midodrine- 1</b>
Expected: true
Actual: true

Test Case Description: Validated Create GRN for Midodrine- 1-> Item Rate : <b>100.0</b>
Expected: true
Actual: true

Test Case Description: Validated Create GRN Midodrine- 1-> Total PO Qty : <b>4.0</b>
Expected: true
Actual: true

Test Case Description: Validated Create GRN Midodrine- 1-> Pending Qty : <b>1.5</b>
Expected: true
Actual: true

Test Case Description: Validated Create GRN Midodrine- 1-> Tax Percentage : <b>5.0</b>
Expected: true
Actual: true

Test Case Description: Validated Create GRN Midodrine- 1-> Item Paid Qty : <b>3.0</b>
Expected: true
Actual: true

Test Case Description: Validated Create GRN Midodrine- 1-> Item Free Qty : <b>1.0</b>
Expected: true
Actual: true

Test Case Description: Validated Create GRN Midodrine- 1-> Item Discount : <b>31.50</b>
Expected: true
Actual: true

Validated Create GRN Midodrine- 1-> Item Net Amount : <b>124.42</b>
Test Case Description: Validated Create GRN Midodrine- 1-> Item Net Amount : <b>124.42</b>
TEST Case Failed ->Validated Create GRN Midodrine- 1-> Item Net Amount : <b>124.42</b> expected [true] but found [false]
Expected: true
Actual: false

Test Case Description: Validated Create GRN -> Item Remark : <b>TEST</b>
Expected: true
Actual: true

Test Case Description: Entering value greater than paid qty
Expected: true
Actual: true

Test Case Description: Validated displayed error message : paid cannot be greater than 1.5
Expected: true
Actual: true

Test Case Description: Entering value lesser than free qty
Expected: true
Actual: true

Test Case Description: Validated displayed error message : free cannot be less than 1
Expected: true
Actual: true

Test Case Description: Entered 1.5 in Paid qty for item Midodrine- 1
Expected: true
Actual: true

Test Case Description: Entered 1.0 in Free qty for item Midodrine- 1
Expected: true
Actual: true

Test Case Description: Entered <b>244.44</b> in MRP for Item Midodrine- 1
Expected: true
Actual: true

Test Case Description: Entered <b>PO-6521</b> in Batch No for Item Midodrine- 1
Expected: true
Actual: true

Test Case Description: Entered Item Expiry Date as : <b>01/09/2026</b>
Expected: true
Actual: true

Test Case Description: Validated GRN -> Total Gross Amount : <b>150.00</b>
Expected: true
Actual: true

Test Case Description: Validated GRN -> Total Discount Amount : <b>31.50</b>
Expected: true
Actual: true

Validated GRN -> Total GST5 Amount : <b>5.92</b>
Test Case Description: Validated GRN -> Total GST5 Amount : <b>5.92</b>
TEST Case Failed ->Validated GRN -> Total GST5 Amount : <b>5.92</b> expected [true] but found [false]
Expected: true
Actual: false

Validated GRN -> Total Net Amount : <b>124.42</b>
Test Case Description: Validated GRN -> Total Net Amount : <b>124.42</b>
TEST Case Failed ->Validated GRN -> Total Net Amount : <b>124.42</b> expected [true] but found [false]
Expected: true
Actual: false

Test Case Description: Validated Displayed Pending amount to be paid : 0.0
Expected: true
Actual: true

Test Case Description: Clicked Save Changes
Expected: true
Actual: true

Test Case Description: Selected Option in the Left Panel = <b>Transaction</b>
Expected: true
Actual: true

Test Case Description: Selected Sub Option in the Left Panel = <b>Purchase/GRN</b>
Expected: true
Actual: true
]]>
  </system-out>
</testsuite> <!-- tests.inventoryStores.pharmacyStore.Order.PurchaseOrderTest -->
