<?xml version="1.0" encoding="UTF-8"?>
<!-- Generated by org.testng.reporters.JUnitReportReporter -->
<testsuite hostname="SPZMUMLAP0011" failures="0" tests="5" name="tests.inventoryStores.pharmacyStore.Transaction.DirectStockEntryTest" time="376.360" errors="0" timestamp="2023-06-28T08:47:13 IST" skipped="0">
  <testcase classname="tests.inventoryStores.pharmacyStore.Transaction.DirectStockEntryTest" name="validateEditDirectStockEntryFunctionality" time="57.191"/>
  <system-out>
    <![CDATA[Test Case Description: The Facility - <b>TST</b> is already selected.
Expected: true
Actual: true

Test Case Description: Pharmacy automation- Pharmacy store is selected.
Expected: true
Actual: true

Test Case Description: Store pop up closed
Expected: true
Actual: true

Test Case Description: Selected Option in the Left Panel = <b>Transaction</b>
Expected: true
Actual: true

Test Case Description: Selected Sub Option in the Left Panel = <b>Direct Stock Entry</b>
Expected: true
Actual: true

Test Case Description: Direct Stock Entry Transaction Clicked  In Transaction List
Expected: true
Actual: true

Test Case Description:  Direct Stock Entry Transaction Found And Clicked
Expected: true
Actual: true

Test Case Description: Edit Button Clicked In Direct Stock Entry Transaction
Expected: true
Actual: true

Test Case Description: Direct Stock Entry Transaction date:<b> 2023-06-28|08:44AM</b>
Expected: true
Actual: true

Test Case Description:  Edit Direct Stock Entry Transaction date:<b> 2023-06-28|08:44AM</b>
Expected: true
Actual: true

Test Case Description:  Search Box Displayed and Description Values Entered  as <b>Automation Test SON</b> to search
Expected: true
Actual: true

Test Case Description: Required medication found in search
Expected: true
Actual: true

Test Case Description: Add Lot Template Opened and Displayed as : Add Lot - Automation Test SON 500mg
Expected: true
Actual: true

Test Case Description: Variant : <b> 500mg </b>
Expected: true
Actual: true

Test Case Description: Batch Number : <b> BT_Edit_dvhze </b>
Expected: true
Actual: true

Test Case Description: Sub Store: <b> Default </b>
Expected: true
Actual: true

Test Case Description: Entered expiry date as <b> 27/08/2023</b>
Expected: true
Actual: true

Test Case Description: Unit cost without tax entered as : <b> 100.40</b>
Expected: true
Actual: true

Test Case Description: validated the unit cost with tax amount <b> 105.42</b> on add Lot page
Expected: true
Actual: true

Test Case Description: Package entry entered as : <b> 5</b>
Expected: true
Actual: true

Test Case Description: SubPackage entry entered as : <b> 5</b>
Expected: true
Actual: true

Test Case Description: Unit entry entered as : <b> 5</b>
Expected: true
Actual: true

Test Case Description: Free unit entry entered as : <b> 5</b>
Expected: true
Actual: true

Test Case Description: validating the total stock working correctly and displayed as  <b> 40</b> on add Lot page
Expected: true
Actual: true

Test Case Description: Selling Price entered as : <b> 250.40</b>
Expected: true
Actual: true

Test Case Description:  Package Unit Type Selected In Selling Price
Expected: true
Actual: true

Test Case Description:  Selling Price Per Unit Calculated Correctly on Unit Basis and Displayed as :62.6
Expected: true
Actual: true

Test Case Description: Selling Price W/O Tax calculated by correctly  ,present in add lot as :  59.62
Expected: true
Actual: true

Test Case Description:  Subpackage Unit Type Selected In Selling Price
Expected: true
Actual: true

Test Case Description:  Selling Price Per Unit Calculated Correctly on Unit Basis and Displayed as :125.2
Expected: true
Actual: true

Test Case Description: Selling Price W/O Tax calculated by correctly  ,present in add lot as :  119.24
Expected: true
Actual: true

Test Case Description:  Package Unit Type Selected In Selling Price
Expected: true
Actual: true

Test Case Description:  Selling Price Per Unit Calculated Correctly on Unit Basis and Displayed as :250.4
Expected: true
Actual: true

Test Case Description: Selling Price W/O Tax calculated by correctly  ,present in add lot as :  238.48
Expected: true
Actual: true

Test Case Description: Validated the total cost <b>4216.8</b> on add Lot Page
Expected: true
Actual: true

Test Case Description: Saving the Lot details
Expected: true
Actual: true

Test Case Description:  Item Description Name Displaying Correctly in Add/Edit Template as : <b>  Automation Test SON  500mg </b> at index <b> 0
Expected: true
Actual: true

Test Case Description:  Item Description Name Displaying Correctly in Add/Edit Template as : <b>  Automation Test SON  500mg </b> at index <b> 1
Expected: true
Actual: true

Test Case Description:  Item Stock Displaying Correctly in Add/Edit Template as : <b> 60.0 </b> at index <b> 0</b>
Expected: true
Actual: true

Test Case Description:  Item Stock Displaying Correctly in Add/Edit Template as : <b> 40 </b> at index <b> 1</b>
Expected: true
Actual: true

Test Case Description:  Item Batch No Displaying Correctly in Add/Edit Template as : <b> BTndihp </b> at index </b> 0</b>
Expected: true
Actual: true

Test Case Description:  Item Batch No Displaying Correctly in Add/Edit Template as : <b> BT_Edit_dvhze </b> at index </b> 1</b>
Expected: true
Actual: true

Test Case Description:  Item Expiry Date Displaying Correctly in Add/Edit Template as : <b> 2023-08-27 </b> at index <b> 0</b>
Expected: true
Actual: true

Test Case Description:  Item Expiry Date Displaying Correctly in Add/Edit Template as : <b> 27/08/2023 </b> at index <b>1</b>
Expected: true
Actual: true

Test Case Description:  Item Taxable Amount Displaying Correctly in Add/Edit Template as : <b> 6000.0</b>  at index <b>0</b>
Expected: true
Actual: true

Test Case Description:  Item Taxable Amount Displaying Correctly in Add/Edit Template as : <b> 4016.00</b>  at index <b>1</b>
Expected: true
Actual: true

Test Case Description:  Item Tax Rate Displaying Correctly in Add/Edit Template as : <b> 5.0</b> at index <b>0</b>
Expected: true
Actual: true

Test Case Description:  Item Tax Rate Displaying Correctly in Add/Edit Template as : <b> 5.0</b> at index <b>1</b>
Expected: true
Actual: true

Test Case Description:  Item Tax Inc Displaying Correctly in Add/Edit Template as : <b> YES</b> at index <b>0</b>
Expected: true
Actual: true

Test Case Description:  Item Tax Inc Displaying Correctly in Add/Edit Template as : <b> YES</b> at index <b>1</b>
Expected: true
Actual: true

Test Case Description:  Item Unit Cost Displaying Correctly in Add/Edit Template as : <b>105.0</b> at index <b>0</b>
Expected: true
Actual: true

Test Case Description:  Item Unit Cost Displaying Correctly in Add/Edit Template as : <b>105.42</b> at index <b>1</b>
Expected: true
Actual: true

Test Case Description:  Item Total Cost Displaying Correctly in Add/Edit Template as : <b>6300.0</b> at index <b>0</b>
Expected: true
Actual: true

Test Case Description:  Item Total Cost Displaying Correctly in Add/Edit Template as : <b>4216.80</b> at index <b>1</b>
Expected: true
Actual: true

Test Case Description:  Total Amt Including Tax Label is Displayed 
Expected: true
Actual: true

Test Case Description:  Discount Label is Displayed 
Expected: true
Actual: true

Test Case Description:  Net Amount Label is Displayed 
Expected: true
Actual: true

Test Case Description:  Total Cost Including Tax Calculated Correctly and Displayed as : <b> 10516.80</b>
Expected: true
Actual: true

Test Case Description:  Discount value displayed as <b> 10.0 </b> 
Expected: true
Actual: true

Test Case Description:  Net Amount Calculated Correctly Before Discount and Displayed as : <b> 10506.80</b>
Expected: true
Actual: true

Test Case Description:  Discount Entered as : <b> 20 </b>
Expected: true
Actual: true

Test Case Description:  Net Amount Calculated Correctly After Discount and Displayed as : <b> 10496.80</b>
Expected: true
Actual: true

Test Case Description:  Save Changes Button Clicked In Direct Stock Entry Template 
Expected: true
Actual: true

Test Case Description: Direct Stock Entry Transaction Clicked  In Transaction List
Expected: true
Actual: true

Test Case Description: Edit Direct Stock Entry Transaction Found, Created Successfully for date and time <b> 2023-06-28|08:44AM</b>
Expected: true
Actual: true
]]>
  </system-out>
  <testcase classname="tests.inventoryStores.pharmacyStore.Transaction.DirectStockEntryTest" name="validateViewDirectStockEntryFunctionality" time="42.602"/>
  <system-out>
    <![CDATA[Test Case Description: The Facility - <b>TST</b> is already selected.
Expected: true
Actual: true

Test Case Description: Pharmacy automation- Pharmacy store is selected.
Expected: true
Actual: true

Test Case Description: Store pop up closed
Expected: true
Actual: true

Test Case Description: Selected Option in the Left Panel = <b>Transaction</b>
Expected: true
Actual: true

Test Case Description: Selected Sub Option in the Left Panel = <b>Direct Stock Entry</b>
Expected: true
Actual: true

Test Case Description: Direct Stock Entry Transaction Clicked  In Transaction List
Expected: true
Actual: true

Test Case Description:  Direct Stock Entry Transaction Found And Clicked In List
Expected: true
Actual: true

Test Case Description: Displayed and Clicked PrintA4 button
Expected: true
Actual: true

Test Case Description: Validated Print --> DSE Print page opened
Expected: true
Actual: true

Test Case Description: Displayed and Clicked PrintA5 button
Expected: true
Actual: true

Test Case Description: Validated Print --> DSE Print page opened
Expected: true
Actual: true

Test Case Description:  Approve Button Displayed In View Direct Stock Entry
Expected: true
Actual: true

Test Case Description:  Edit Button Displayed In View Direct Stock Entry
Expected: true
Actual: true

Test Case Description:  Cancel Button Displayed In View Direct Stock Entry
Expected: true
Actual: true

Test Case Description: Transaction_notesivzt Notes as header displayed in view Direct Stock Entry
Expected: true
Actual: true

Test Case Description: <b> Status:    Open  </b> displayed in view DSE
Expected: true
Actual: true

Test Case Description: <b>Transaction ID RSO-DS-280623-100060  </b> displayed in view DSE
Expected: true
Actual: true

Test Case Description: <b>Bill Number:     BILL_580324    |   Bill Date:     28/06/2023 </b> displayed in view DSE
Expected: true
Actual: true

Test Case Description:  Transaction Details Section Displayed
Expected: true
Actual: true

Test Case Description: <b>Automation Test SON-500mg </b> Value present in Transaction Details table 
Expected: true
Actual: true

Test Case Description: <b>BTndihp </b> Value present in Transaction Details table 
Expected: true
Actual: true

Test Case Description: <b> </b> Value present in Transaction Details table 
Expected: true
Actual: true

Test Case Description: <b>2023-08-27 </b> Value present in Transaction Details table 
Expected: true
Actual: true

Test Case Description: <b>60.0 </b> Value present in Transaction Details table 
Expected: true
Actual: true

Test Case Description: <b>6300.0 </b> Value present in Transaction Details table 
Expected: true
Actual: true

Test Case Description:  Total Amt Including Tax Label is Displayed In View Direct Stock Entry 
Expected: true
Actual: true

Test Case Description:  Discount Label is Displayed In View Direct Stock Entry 
Expected: true
Actual: true

Test Case Description:  Net Amount Label is Displayed In View Direct Stock Entry 
Expected: true
Actual: true

Test Case Description:  Amount Paid Label is Displayed In View Direct Stock Entry 
Expected: true
Actual: true

Test Case Description:  Amount Remaining Label is Displayed In View Direct Stock Entry 
Expected: true
Actual: true

Test Case Description:  Total Amt Including Tax Label Value Correctly as : <b> 6300.00</b>
Expected: true
Actual: true

Test Case Description:  Discount Label Value Correctly as : <b> 10.0</b>
Expected: true
Actual: true

Test Case Description:  Net Amount Label Value Correctly as : <b> 6290.00</b>
Expected: true
Actual: true

Test Case Description:  Amount Paid Label Value Correctly as : <b> 0.0</b>
Expected: true
Actual: true

Test Case Description:  Amount Remaining Label Value Correctly as : <b> 6290.00</b>
Expected: true
Actual: true
]]>
  </system-out>
  <testcase classname="tests.inventoryStores.pharmacyStore.Transaction.DirectStockEntryTest" name="validateApprovedDirectStockEntryTransaction" time="42.909"/>
  <system-out>
    <![CDATA[Test Case Description: The Facility - <b>TST</b> is already selected.
Expected: true
Actual: true

Test Case Description: Pharmacy automation- Pharmacy store is selected.
Expected: true
Actual: true

Test Case Description: Store pop up closed
Expected: true
Actual: true

Test Case Description: Selected Option in the Left Panel = <b>Transaction</b>
Expected: true
Actual: true

Test Case Description: Selected Sub Option in the Left Panel = <b>Direct Stock Entry</b>
Expected: true
Actual: true

Test Case Description: Direct Stock Entry Transaction Clicked  In Transaction List
Expected: true
Actual: true

Test Case Description:  Direct Stock Entry Transaction Found And Clicked
Expected: true
Actual: true

Test Case Description: Clicked Approve button In RHS Side
Expected: true
Actual: true

Test Case Description:  Print A4 Button Displayed In View Direct Stock Entry
Expected: true
Actual: true

Test Case Description:  Print A5 Button Displayed In View Direct Stock Entry
Expected: true
Actual: true

Test Case Description: Transaction_notesivzt Notes as header displayed in view Direct Stock Entry
Expected: true
Actual: true

Test Case Description: <b> Status:    Approved  </b> displayed in view DSE
Expected: true
Actual: true

Test Case Description: <b>Transaction ID RSO-DS-280623-100060  </b> displayed in view DSE
Expected: true
Actual: true

Test Case Description: <b>Bill Number:     BILL_580324    |   Bill Date:     28/06/2023 </b> displayed in view DSE
Expected: true
Actual: true

Test Case Description:  Transaction Details Section Displayed
Expected: true
Actual: true

Test Case Description: <b>Automation Test SON-500mg </b> Value present in Transaction Detailstable 
Expected: true
Actual: true

Test Case Description: <b>BTndihp </b> Value present in Transaction Detailstable 
Expected: true
Actual: true

Test Case Description: <b> </b> Value present in Transaction Detailstable 
Expected: true
Actual: true

Test Case Description: <b>2023-08-27 </b> Value present in Transaction Detailstable 
Expected: true
Actual: true

Test Case Description: <b>60.0 </b> Value present in Transaction Detailstable 
Expected: true
Actual: true

Test Case Description: <b>6300.0 </b> Value present in Transaction Detailstable 
Expected: true
Actual: true

Test Case Description: <b>Automation Test SON-500mg </b> Value present in Transaction Detailstable 
Expected: true
Actual: true

Test Case Description: <b>BT_Edit_dvhze </b> Value present in Transaction Detailstable 
Expected: true
Actual: true

Test Case Description: <b> </b> Value present in Transaction Detailstable 
Expected: true
Actual: true

Test Case Description: <b>2023-08-27 </b> Value present in Transaction Detailstable 
Expected: true
Actual: true

Test Case Description: <b>40.0 </b> Value present in Transaction Detailstable 
Expected: true
Actual: true

Test Case Description: <b>4216.8 </b> Value present in Transaction Detailstable 
Expected: true
Actual: true

Test Case Description:  Total Amt Including Tax Label is Displayed In View Direct Stock Entry 
Expected: true
Actual: true

Test Case Description:  Discount Label is Displayed In View Direct Stock Entry 
Expected: true
Actual: true

Test Case Description:  Net Amount Label is Displayed In View Direct Stock Entry 
Expected: true
Actual: true

Test Case Description:  Amount Paid Label is Displayed In View Direct Stock Entry 
Expected: true
Actual: true

Test Case Description:  Amount Remaining Label is Displayed In View Direct Stock Entry 
Expected: true
Actual: true

Test Case Description:  Total Amt Including Tax Label Value Correctly as : <b> 10516.80</b>
Expected: true
Actual: true

Test Case Description:  Discount Label Value Correctly as : <b> 20.0</b>
Expected: true
Actual: true

Test Case Description:  Net Amount Label Value Correctly as : <b> 10496.80</b>
Expected: true
Actual: true

Test Case Description:  Amount Paid Label Value Correctly as : <b> 0.0 </B> 
Expected: true
Actual: true

Test Case Description:  Amount Remaining Label Value Correctly as : <b> 10496.80</b>
Expected: true
Actual: true

Test Case Description: Direct Stock Entry Transaction Clicked  In Transaction List
Expected: true
Actual: true

Test Case Description:  Approved Status Changes and Transaction Found In List 
Expected: true
Actual: true

Test Case Description: Selected Option in the Left Panel = <b>Items</b>
Expected: true
Actual: true

Test Case Description: Selected Sub Option in the Left Panel = <b>Master</b>
Expected: true
Actual: true

Test Case Description: Total stock of the variant <b> Automation Test SON</b> before txn is <b>60.0 </b>
Expected: true
Actual: true

Test Case Description: Validated the total stock of variant <b>Automation Test SON </b>after txn is <b>160.0
Expected: true
Actual: true
]]>
  </system-out>
  <testcase classname="tests.inventoryStores.pharmacyStore.Transaction.DirectStockEntryTest" name="cancelDirectStockEntryTransaction" time="90.114"/>
  <system-out>
    <![CDATA[Test Case Description: The Facility - <b>TST</b> is already selected.
Expected: true
Actual: true

Test Case Description: Pharmacy automation- Pharmacy store is selected.
Expected: true
Actual: true

Test Case Description: Store pop up closed
Expected: true
Actual: true

Test Case Description: Selected Option in the Left Panel = <b>Items</b>
Expected: true
Actual: true

Test Case Description: Selected Sub Option in the Left Panel = <b>Master</b>
Expected: true
Actual: true

Test Case Description: <b> Automation Test SON </b> Item Clicked from Item Master List
Expected: true
Actual: true

Test Case Description: Selected Option in the Left Panel = <b>Transaction</b>
Expected: true
Actual: true

Test Case Description: Selected Sub Option in the Left Panel = <b>Direct Stock Entry</b>
Expected: true
Actual: true

Test Case Description: New Button Displayed and Clicked
Expected: true
Actual: true

Test Case Description: Vendor present in dropdown: <b> Supplier ABC - Sonestaa Meadows Thubarahalli Extended Road Thubarahalli, Whitefield Bengaluru, Karnataka</b>
Expected: true
Actual: true

Test Case Description:  Add Direct Stock Entry Template Opened and Header Displayed as : Direct Stock Entry
Expected: true
Actual: true

Test Case Description: Direct Stock Entry Transaction date:<b> 2023-06-28|08:46AM</b>
Expected: true
Actual: true

Test Case Description:  Search Box Displayed and Description Values Entered  as <b>Automation Test SON</b> to search
Expected: true
Actual: true

Test Case Description: Required medication found in search
Expected: true
Actual: true

Test Case Description: Add Lot Template Opened and Displayed as : Add Lot - Automation Test SON 500mg
Expected: true
Actual: true

Test Case Description: Variant : <b> 500mg </b>
Expected: true
Actual: true

Test Case Description: Batch Number : <b> BTndihp </b>
Expected: true
Actual: true

Test Case Description: Sub Store: <b> Default </b>
Expected: true
Actual: true

Test Case Description: Entered expiry date as <b> 27/08/2023</b>
Expected: true
Actual: true

Test Case Description: Unit cost without tax entered as : <b> 100</b>
Expected: true
Actual: true

Test Case Description: validated the unit cost with tax amount <b> 105.0</b> on add Lot page
Expected: true
Actual: true

Test Case Description: Package entry entered as : <b> 10</b>
Expected: true
Actual: true

Test Case Description: SubPackage entry entered as : <b> 5</b>
Expected: true
Actual: true

Test Case Description: Unit entry entered as : <b> 5</b>
Expected: true
Actual: true

Test Case Description: Free unit entry entered as : <b> 5</b>
Expected: true
Actual: true

Test Case Description: validating the total stock working correctly and displayed as  <b> 60</b> on add Lot page
Expected: true
Actual: true

Test Case Description: Selling Price entered as : <b> 200</b>
Expected: true
Actual: true

Test Case Description:  Package Unit Type Selected In Selling Price
Expected: true
Actual: true

Test Case Description:  Selling Price Per Unit Calculated Correctly on Unit Basis and Displayed as :50
Expected: true
Actual: true

Test Case Description: Selling Price W/O Tax calculated by correctly  ,present in add lot as :  47.62
Expected: true
Actual: true

Test Case Description:  Subpackage Unit Type Selected In Selling Price
Expected: true
Actual: true

Test Case Description:  Selling Price Per Unit Calculated Correctly on Unit Basis and Displayed as :100
Expected: true
Actual: true

Test Case Description: Selling Price W/O Tax calculated by correctly  ,present in add lot as :  95.24
Expected: true
Actual: true

Test Case Description:  Package Unit Type Selected In Selling Price
Expected: true
Actual: true

Test Case Description:  Selling Price Per Unit Calculated Correctly on Unit Basis and Displayed as :200
Expected: true
Actual: true

Test Case Description: Selling Price W/O Tax calculated by correctly  ,present in add lot as :  190.48
Expected: true
Actual: true

Test Case Description: Validated the total cost <b>6300.0</b> on add Lot Page
Expected: true
Actual: true

Test Case Description: Saving the Lot details
Expected: true
Actual: true

Test Case Description:  Transaction Notes Entered as :<b> Transaction_notesivzt</b>
Expected: true
Actual: true

Test Case Description:  Bill Type Select Box Displayed
Expected: true
Actual: true

Test Case Description: Selected Bill Type as <b>Bill</b>
Expected: true
Actual: true

Test Case Description: Entered<b> BILL_580324</b> in Bill Number
Expected: true
Actual: true

Test Case Description:  Bill Date Input Box Clicked
Expected: true
Actual: true

Test Case Description:  Bill Date Entered as : 28/06/2023
Expected: true
Actual: true

Test Case Description:  Save Changes Button Clicked In Direct Stock Entry Template 
Expected: true
Actual: true

Test Case Description: Direct Stock Entry Transaction Clicked  In Transaction List
Expected: true
Actual: true

Test Case Description: Direct Stock Entry Transaction Found, Created Successfully for date 2023-06-28|08:46AM
Expected: true
Actual: true

Test Case Description: Clicked Cancel button In RHS Side
Expected: true
Actual: true

Test Case Description: Confirmation Message Display In Cancel Direct Stock Entry Template as Are you sure, you want Cancel Stock opening?
Expected: true
Actual: true

Test Case Description: Clicked Cancel button In Cancel Direct Stock Entry Template
Expected: true
Actual: true

Test Case Description:  Print A4 Button Displayed In View Direct Stock Entry
Expected: true
Actual: true

Test Case Description:  Print A5 Button Displayed In View Direct Stock Entry
Expected: true
Actual: true

Test Case Description: Transaction_notesivzt Notes as header displayed in view Direct Stock Entry
Expected: true
Actual: true

Test Case Description: <b> Status:    Cancelled  </b> displayed in view DSE
Expected: true
Actual: true

Test Case Description: <b>Transaction ID RSO-DS-280623-100061  </b> displayed in view DSE
Expected: true
Actual: true

Test Case Description: <b>Bill Number:     BILL_580324    |   Bill Date:     28/06/2023 </b> displayed in view DSE
Expected: true
Actual: true

Test Case Description:  Transaction Details Section Displayed
Expected: true
Actual: true

Test Case Description: <b>Automation Test SON-500mg </b> Value present in Transaction Details table 
Expected: true
Actual: true

Test Case Description: <b>BTndihp </b> Value present in Transaction Details table 
Expected: true
Actual: true

Test Case Description: <b> </b> Value present in Transaction Details table 
Expected: true
Actual: true

Test Case Description: <b>2023-08-27 </b> Value present in Transaction Details table 
Expected: true
Actual: true

Test Case Description: <b>60.0 </b> Value present in Transaction Details table 
Expected: true
Actual: true

Test Case Description: <b>6300.0 </b> Value present in Transaction Details table 
Expected: true
Actual: true

Test Case Description:  Total Amt Including Tax Label is Displayed In View Direct Stock Entry 
Expected: true
Actual: true

Test Case Description:  Discount Label is Displayed In View Direct Stock Entry 
Expected: true
Actual: true

Test Case Description:  Net Amount Label is Displayed In View Direct Stock Entry 
Expected: true
Actual: true

Test Case Description:  Amount Paid Label is Displayed In View Direct Stock Entry 
Expected: true
Actual: true

Test Case Description:  Amount Remaining Label is Displayed In View Direct Stock Entry 
Expected: true
Actual: true

Test Case Description:  Total Amt Including Tax Label Value Correctly as : <b> 6300.00</b>
Expected: true
Actual: true

Test Case Description:  Net Amount Label Value Correctly as : <b> 6300.00</b>
Expected: true
Actual: true

Test Case Description:  Amount Paid Label Value Correctly as : <b> 0.0 </B> 
Expected: true
Actual: true

Test Case Description:  Amount Remaining Label Value Correctly as : <b> 6300.00</b>
Expected: true
Actual: true

Test Case Description: Direct Stock Entry Transaction Clicked  In Transaction List
Expected: true
Actual: true

Test Case Description:  Cancelled Status Changes and Transaction Found In List 
Expected: true
Actual: true
]]>
  </system-out>
  <testcase classname="tests.inventoryStores.pharmacyStore.Transaction.DirectStockEntryTest" name="validatingCreateDirectStockEntryTransaction" time="143.544"/>
  <system-out>
    <![CDATA[Test Case Description: The Facility - <b>TST</b> is already selected.
Expected: true
Actual: true

Test Case Description: Selected Option <b>Organisation Settings</b>
Expected: true
Actual: true

Test Case Description: Selected Option in the Left Panel = <b>Inventory & Supply Chain</b>
Expected: true
Actual: true

Test Case Description: Selected Sub Option in the Left Panel = <b>Store Setup</b>
Expected: true
Actual: true

Test Case Description: GST no. present in Pharmacy automation is <b>20BAC</b>
Expected: true
Actual: true

Test Case Description: Selected Option in the Left Panel = <b>Inventory & Supply Chain</b>
Expected: true
Actual: true

Test Case Description: Selected Sub Option in the Left Panel = <b>Vendor Master</b>
Expected: true
Actual: true

Test Case Description: GST no. present in Supplier ABC is <b>21EAC</b>
Expected: true
Actual: true

Test Case Description: Pharmacy automation- Pharmacy store is selected.
Expected: true
Actual: true

Test Case Description: Store pop up closed
Expected: true
Actual: true

Test Case Description: Selected Option in the Left Panel = <b>Items</b>
Expected: true
Actual: true

Test Case Description: Selected Sub Option in the Left Panel = <b>Master</b>
Expected: true
Actual: true

Test Case Description: <b> Automation Test SON </b> Item Clicked from Item Master List
Expected: true
Actual: true

Test Case Description:  Item Found In Item Master as : <b> Automation Test SON</b>
Expected: true
Actual: true

Test Case Description: Selected Option in the Left Panel = <b>Transaction</b>
Expected: true
Actual: true

Test Case Description: Selected Sub Option in the Left Panel = <b>Direct Stock Entry</b>
Expected: true
Actual: true

Test Case Description:  <b> Refresh Button </b> Displayed In Direct Stock Entry Table
Expected: true
Actual: true

Test Case Description:  <b> Today Filter Button </b> Displayed In Direct Stock Entry Table
Expected: true
Actual: true

Test Case Description:  <b> Vendor Name </b> Search Text Box Displayed In Purchase GRN Table
Expected: true
Actual: true

Test Case Description:  Place Holder Showing Correct In Search Box as Search by Vendor Name
Expected: true
Actual: true

Test Case Description: <b>Date | Time </b> Header Present In Direct Stock Entry Data Table List
Expected: true
Actual: true

Test Case Description: <b>Note </b> Header Present In Direct Stock Entry Data Table List
Expected: true
Actual: true

Test Case Description: <b>Vendor Name </b> Header Present In Direct Stock Entry Data Table List
Expected: true
Actual: true

Test Case Description: <b>Amount </b> Header Present In Direct Stock Entry Data Table List
Expected: true
Actual: true

Test Case Description: <b>Status </b> Header Present In Direct Stock Entry Data Table List
Expected: true
Actual: true

Test Case Description: New Button Displayed and Clicked
Expected: true
Actual: true

Test Case Description: Vendor present in dropdown: <b> Supplier ABC - Sonestaa Meadows Thubarahalli Extended Road Thubarahalli, Whitefield Bengaluru, Karnataka</b>
Expected: true
Actual: true

Test Case Description:  Add Direct Stock Entry Template Opened and Header Displayed as : <b> Direct Stock Entry</b>
Expected: true
Actual: true

Test Case Description: Direct Stock Entry Transaction date:<b> 2023-06-28|08:42AM</b>
Expected: true
Actual: true

Test Case Description: Clicked save changes button to validate required fields
Expected: true
Actual: true

Test Case Description: Validated the Bill Type is required
Expected: true
Actual: true

Test Case Description:  Search Box Displayed and Description Values Entered  as <b>Automation Test SON</b> to search
Expected: true
Actual: true

Test Case Description: Required medication found in search box
Expected: true
Actual: true

Test Case Description: Add Lot Template Opened and Displayed as : <b> Add Lot - Automation Test SON 500mg</b>
Expected: true
Actual: true

Test Case Description: <b> Description: </b> Label Present In View Item Lot RHS side 
Expected: true
Actual: true

Test Case Description: <b> Automation Test SON  </b> Value Present In View Item RHS against label <b> Description: </b>
Expected: true
Actual: true

Test Case Description: <b> HSN No: </b> Label Present In View Item Lot RHS side 
Expected: true
Actual: true

Test Case Description: <b> Deep12345  </b> Value Present In View Item RHS against label <b> HSN No: </b>
Expected: true
Actual: true

Test Case Description: <b> Item Code: </b> Label Present In View Item Lot RHS side 
Expected: true
Actual: true

Test Case Description: <b>INV-MED-1057 </b>  Value Present In View Item Lot RHS against label <b> Item Code:</b>
Expected: true
Actual: true

Test Case Description: <b> Category: </b> Label Present In View Item Lot RHS side 
Expected: true
Actual: true

Test Case Description: <b> Medication  </b> Value Present In View Item RHS against label <b> Category: </b>
Expected: true
Actual: true

Test Case Description: <b> Dosage: </b> Label Present In View Item Lot RHS side 
Expected: true
Actual: true

Test Case Description: <b>   </b> Value Present In View Item RHS against label <b> Dosage: </b>
Expected: true
Actual: true

Test Case Description: <b> Dispensing Unit: </b> Label Present In View Item Lot RHS side 
Expected: true
Actual: true

Test Case Description: <b> Tablets  </b> Value Present In View Item RHS against label <b> Dispensing Unit: </b>
Expected: true
Actual: true

Test Case Description: <b> Package Type: </b> Label Present In View Item Lot RHS side 
Expected: true
Actual: true

Test Case Description: <b> Box  </b> Value Present In View Item RHS against label <b> Package Type: </b>
Expected: true
Actual: true

Test Case Description: <b> Sub package/Package: </b> Label Present In View Item Lot RHS side 
Expected: true
Actual: true

Test Case Description: <b> 2 Number  </b> Value Present In View Item RHS against label <b> Sub package/Package: </b>
Expected: true
Actual: true

Test Case Description: <b> Unit/Sub package: </b> Label Present In View Item Lot RHS side 
Expected: true
Actual: true

Test Case Description: <b> 2 Number  </b> Value Present In View Item RHS against label <b> Unit/Sub package: </b>
Expected: true
Actual: true

Test Case Description: Variant : <b> 500mg </b>
Expected: true
Actual: true

Test Case Description: Batch Number : <b> BTndihp </b>
Expected: true
Actual: true

Test Case Description: Sub Store: <b> Default </b>
Expected: true
Actual: true

Test Case Description: Entered expiry date as <b> 27/08/2023</b>
Expected: true
Actual: true

Test Case Description: Unit cost without tax entered as : <b> 100</b>
Expected: true
Actual: true

Test Case Description: validated the unit cost with tax amount <b> 105.0</b> on add Lot page
Expected: true
Actual: true

Test Case Description: Package entry entered as : <b> 10</b>
Expected: true
Actual: true

Test Case Description: SubPackage entry entered as : <b> 5</b>
Expected: true
Actual: true

Test Case Description: Unit entry entered as : <b> 5</b>
Expected: true
Actual: true

Test Case Description: Free unit entry entered as : <b> 5</b>
Expected: true
Actual: true

Test Case Description: validating the total stock working correctly and displayed as  <b> 60</b> on add Lot page
Expected: true
Actual: true

Test Case Description: Selling Price entered as : <b> 200</b>
Expected: true
Actual: true

Test Case Description:  Package Unit Type Selected In Selling Price
Expected: true
Actual: true

Test Case Description:  Selling Price Per Unit Calculated Correctly on Unit Basis and Displayed as :50
Expected: true
Actual: true

Test Case Description: Selling Price W/O Tax calculated by correctly  ,present in add lot as :  47.62
Expected: true
Actual: true

Test Case Description:  Subpackage Unit Type Selected In Selling Price
Expected: true
Actual: true

Test Case Description:  Selling Price Per Unit Calculated Correctly on Unit Basis and Displayed as :100
Expected: true
Actual: true

Test Case Description: Selling Price W/O Tax calculated by correctly  ,present in add lot as :  95.24
Expected: true
Actual: true

Test Case Description:  Package Unit Type Selected In Selling Price
Expected: true
Actual: true

Test Case Description:  Selling Price Per Unit Calculated Correctly on Unit Basis and Displayed as :200
Expected: true
Actual: true

Test Case Description: Selling Price W/O Tax calculated by correctly  ,present in add lot as :  190.48
Expected: true
Actual: true

Test Case Description: Validated the total cost <b>6300.0</b> on add Lot Page
Expected: true
Actual: true

Test Case Description: Saving the Lot details
Expected: true
Actual: true

Test Case Description:  Item Description Name Displaying Correctly in Add/Edit Template as : <b>  Automation Test SON  500mg </b> at index <b> 0
Expected: true
Actual: true

Test Case Description:  Item Stock Displaying Correctly in Add/Edit Template as : <b> 60 </b> at index <b> 0</b>
Expected: true
Actual: true

Test Case Description:  Item Batch No Displaying Correctly in Add/Edit Template as : <b> BTndihp </b> at index </b> 0</b>
Expected: true
Actual: true

Test Case Description:  Item Expiry Date Displaying Correctly in Add/Edit Template as : <b> 27/08/2023 </b> at index <b>0</b>
Expected: true
Actual: true

Test Case Description:  Item Taxable Amount Displaying Correctly in Add/Edit Template as : <b> 6000.00</b>  at index <b>0</b>
Expected: true
Actual: true

Test Case Description:  Item Tax Rate Displaying Correctly in Add/Edit Template as : <b> 5.0</b> at index <b>0</b>
Expected: true
Actual: true

Test Case Description:  Item Tax Inc Displaying Correctly in Add/Edit Template as : <b> YES</b> at index <b>0</b>
Expected: true
Actual: true

Test Case Description:  Item Unit Cost Displaying Correctly in Add/Edit Template as : <b>105.00</b> at index <b>0</b>
Expected: true
Actual: true

Test Case Description:  Item Total Cost Displaying Correctly in Add/Edit Template as : <b>6300.00</b> at index <b>0</b>
Expected: true
Actual: true

Test Case Description:  Total Amt Including Tax Label is Displayed 
Expected: true
Actual: true

Test Case Description:  Discount Label is Displayed 
Expected: true
Actual: true

Test Case Description:  Net Amount Label is Displayed 
Expected: true
Actual: true

Test Case Description:  Total Cost Including Tax Calculated Correctly and Displayed as : <b> 6300.00</b>
Expected: true
Actual: true

Test Case Description:  Discount is Initial Empty as no value entered as : <b> Empty </b>
Expected: true
Actual: true

Test Case Description:  Net Amount Calculated Correctly Before Discount and Displayed as : <b> 6300.00</b>
Expected: true
Actual: true

Test Case Description:  Discount Entered as : <b> 10 </b> 
Expected: true
Actual: true

Test Case Description:  Net Amount Calculated Correctly After Discount and Displayed as : <b> 6290.00</b>
Expected: true
Actual: true

Test Case Description:  Transaction Notes is Displayed and value Entered as :<b> Transaction_notesivzt</b>
Expected: true
Actual: true

Test Case Description:  Bill Type Select Box Displayed
Expected: true
Actual: true

Test Case Description: Selected Bill Type as <b>Bill</b>
Expected: true
Actual: true

Test Case Description: Entered<b> BILL_580324</b> in Bill Number
Expected: true
Actual: true

Test Case Description:  Bill Date Input Box Clicked
Expected: true
Actual: true

Test Case Description:  Bill Date Entered as : 28/06/2023
Expected: true
Actual: true

Test Case Description:  Vendor Name Dropdown Displayed and and Value Show correctly as :  Supplier ABC - Sonestaa Meadows Thubarahalli Extended Road Thubarahalli, Whitefield Bengaluru, Karnataka
Expected: true
Actual: true

Test Case Description:  Save Changes Button Clicked In Direct Stock Entry Template 
Expected: true
Actual: true

Test Case Description: Direct Stock Entry Transaction Clicked  In Transaction List
Expected: true
Actual: true

Test Case Description: Direct Stock Entry Transaction Found, Created Successfully for date and time :<b> 2023-06-28|08:42AM</b>
Expected: true
Actual: true
]]>
  </system-out>
</testsuite> <!-- tests.inventoryStores.pharmacyStore.Transaction.DirectStockEntryTest -->
