<?xml version="1.0" encoding="UTF-8"?>
<!-- Generated by org.testng.reporters.JUnitReportReporter -->
<testsuite hostname="SPZMUMLAP0011" failures="0" tests="2" name="tests.settings.organisationSettings.general.GenerateDuplicateSequence.Test.SalesOrderSequenceParallelTest" time="143.431" errors="0" timestamp="2023-12-11T19:21:07 IST" skipped="0">
  <testcase classname="tests.settings.organisationSettings.general.GenerateDuplicateSequence.Test.SalesOrderSequenceParallelTest" name="generateSalesOrderSequence" time="75.371"/>
  <system-out>
    <![CDATA[Test Case Description: Entered Username : hgdummydoc
Expected: true
Actual: true

Test Case Description: Entered Password : HGraph@3$3$
Expected: true
Actual: true

Test Case Description: Clicked on Login Button
Expected: true
Actual: true

Test Case Description: Selected Store - Optical Store 1- Optical
Expected: true
Actual: true

Test Case Description:  Sale Order Created Successfully
Expected: true
Actual: true

Test Case Description: Sales Order No = <b>OPTHA1-SALES-000002</b>
Expected: true
Actual: true

Test Case Description: Validate Sales Order Sequence
Expected: true
Actual: true
]]>
  </system-out>
  <testcase classname="tests.settings.organisationSettings.general.GenerateDuplicateSequence.Test.SalesOrderSequenceParallelTest" name="generateSalesOrderSequence" time="68.060"/>
  <system-out>
    <![CDATA[Test Case Description: Entered Username : hgdummydoc
Expected: true
Actual: true

Test Case Description: Entered Password : HGraph@3$3$
Expected: true
Actual: true

Test Case Description: Clicked on Login Button
Expected: true
Actual: true

Test Case Description: Selected Store - Optical Store 1- Optical
Expected: true
Actual: true

Test Case Description:  Sale Order Created Successfully
Expected: true
Actual: true

Test Case Description: Sales Order No = <b>OPTHA1-SALES-000001</b>
Expected: true
Actual: true

Test Case Description: Validate Sales Order Sequence
Expected: true
Actual: true
]]>
  </system-out>
</testsuite> <!-- tests.settings.organisationSettings.general.GenerateDuplicateSequence.Test.SalesOrderSequenceParallelTest -->
