<?xml version="1.0" encoding="UTF-8"?>
<!-- Generated by org.testng.reporters.JUnitReportReporter -->
<testsuite hostname="SPZMUMLAP0011" failures="0" tests="5" name="tests.departments.ipd.IPDFormsTest" time="250.296" errors="0" timestamp="2023-07-14T00:37:34 IST" skipped="0">
  <testcase classname="tests.departments.ipd.IPDFormsTest" name="fillPostOperativeTemplateForm" time="58.394"/>
  <system-out>
    <![CDATA[Test Case Description: Patient name - Mr. SMOKE
Expected: true
Actual: true

Test Case Description: User already logged in
Expected: true
Actual: true

Test Case Description: The Facility - <b>TST</b> is already selected.
Expected: true
Actual: true

Test Case Description: Expected User is Logged in - <b>PR.Akash test</b> .Current User is PR.Akash test
Expected: true
Actual: true

Test Case Description: Validate My Queue tab is selected
Expected: true
Actual: true

Test Case Description: Validate patient found
Expected: true
Actual: true

Test Case Description: clicked on Alderte score template 
Expected: true
Actual: true

Test Case Description: selected 2 extremities(1) radio button as Activity 
Expected: true
Actual: true

Test Case Description: Aldrete score template saved 
Expected: true
Actual: true

Test Case Description: Aldrete score template closed 
Expected: true
Actual: true

Test Case Description: clicked on Discharge template 
Expected: true
Actual: true

Test Case Description: selected all discharge checklist 
Expected: true
Actual: true

Test Case Description:  clicked on next button
Expected: true
Actual: true

Test Case Description: Treatment notes entered as treatment notes
Expected: true
Actual: true

Test Case Description:  clicked on next button
Expected: true
Actual: true

Test Case Description: malfoy medication set selected in discharge template
Expected: true
Actual: true

Test Case Description:  clicked on next button
Expected: true
Actual: true

Test Case Description: Precaution in discharge template filled as Advised
Expected: true
Actual: true

Test Case Description:  Discharge template successfully saved
Expected: true
Actual: true

Test Case Description: Discharge form closed 
Expected: true
Actual: true

Test Case Description: Clicked on pain assessment template
Expected: true
Actual: true

Test Case Description: Hurt little Bit(2) radio button is selected from Wong-Baker Faces Pain Rating Scale
Expected: true
Actual: true

Test Case Description: clicked on medication tab in pain assessment template
Expected: true
Actual: true

Test Case Description: clicked on medication tab in pain assessment template
Expected: true
Actual: true

Test Case Description: Medicine name entered in pain assessment template as EYE DROP
Expected: true
Actual: true

Test Case Description: clicked on others tab in pain assessment template
Expected: true
Actual: true

Test Case Description: Received by field under others tab in pain assessment template filled as Gagana
Expected: true
Actual: true

Test Case Description: Pain assessment template saved 
Expected: true
Actual: true

Test Case Description: Pain assessment template closed 
Expected: true
Actual: true
]]>
  </system-out>
  <testcase classname="tests.departments.ipd.IPDFormsTest" name="fillIntraOperativeTemplateForm" time="65.997"/>
  <system-out>
    <![CDATA[Test Case Description: Patient name - Mr. SMOKE
Expected: true
Actual: true

Test Case Description: User already logged in
Expected: true
Actual: true

Test Case Description: The Facility - <b>TST</b> is already selected.
Expected: true
Actual: true

Test Case Description: Expected User is Logged in - <b>PR.Akash test</b> .Current User is PR.Akash test
Expected: true
Actual: true

Test Case Description: Validate My Queue tab is selected
Expected: true
Actual: true

Test Case Description: Validate patient found
Expected: true
Actual: true

Test Case Description: clicked on Pre Anesthesia button
Expected: true
Actual: true

Test Case Description: Validate Planned AnesthesiaGA button is Clickable
Expected: true
Actual: true

Test Case Description: Validate Planned AnesthesiaGA  button is Clicked
Expected: true
Actual: true

Test Case Description: Extra Information to doctor entered as SOME COMPLICATION
Expected: true
Actual: true

Test Case Description:  Medication field in Pre Anesthesia template filled as EYE DROP
Expected: true
Actual: true

Test Case Description: Clicked on save Button to save Pre Anesthesia Template 
Expected: true
Actual: true

Test Case Description: Clicked on close Button to close Pre Anesthesia Template 
Expected: true
Actual: true

Test Case Description: Clicked on OT checklist Button
Expected: true
Actual: true

Test Case Description: Clicked on New checklist to view OT Checklist template 
Expected: true
Actual: true

Test Case Description: Clicked on correct patient checkbox 
Expected: true
Actual: true

Test Case Description: Clicked on identify checkbox under correct patient
Expected: true
Actual: true

Test Case Description: Comment box in OT Checklist Template filled as COMMENT
Expected: true
Actual: true

Test Case Description: OT checklist template saved 
Expected: true
Actual: true

Test Case Description: OT checklist template closed
Expected: true
Actual: true

Test Case Description: Clicked on sedation chart template 
Expected: true
Actual: true

Test Case Description: Respiration rate captured as 12
Expected: true
Actual: true

Test Case Description: Blood pressure captured as 80
Expected: true
Actual: true

Test Case Description: Pulse rate captured as 60
Expected: true
Actual: true

Test Case Description: sedation score captured as 100
Expected: true
Actual: true

Test Case Description: sedation score captured as EYE DROP
Expected: true
Actual: true

Test Case Description: Bolus ml value captured as 60
Expected: true
Actual: true

Test Case Description: Bolus Mg value captured as 60
Expected: true
Actual: true

Test Case Description: O2 saturation field in sedation chart filled as 92
Expected: true
Actual: true

Test Case Description: Comments field in sedation chart filled as COMMENTS
Expected: true
Actual: true

Test Case Description: Name field in sedation chart filled as Name
Expected: true
Actual: true

Test Case Description: sedation chart template saved 
Expected: true
Actual: true

Test Case Description: sedation chart template closed 
Expected: true
Actual: true

Test Case Description: Clicked on bill of material template 
Expected: true
Actual: true

Test Case Description: Clicked on + bill of material to fill the template 
Expected: true
Actual: true

Test Case Description: selected a item from the list for BOM
Expected: true
Actual: true

Test Case Description: Billable unit price entered as 2
Expected: true
Actual: true

Test Case Description: Consumed quantity entered as 2
Expected: true
Actual: true

Test Case Description:  BOM saved
Expected: true
Actual: true

Test Case Description:  clicked on operative template button
Expected: true
Actual: true

Test Case Description:  clicked on new note to view operative template 
Expected: true
Actual: true

Test Case Description: Personnel comment inside operative note entered as comments
Expected: true
Actual: true

Test Case Description:  clicked on surgeon 1 radio button 
Expected: true
Actual: true

Test Case Description:  clicked on next button
Expected: true
Actual: true

Test Case Description:  clicked on select bill of material button
Expected: true
Actual: true

Test Case Description:  bill of material is selected from dropdown
Expected: true
Actual: true

Test Case Description:  clicked on next button
Expected: true
Actual: true

Test Case Description:  Type of surgery need to be performed is selected
Expected: true
Actual: true

Test Case Description: Clicked procedure  performed in Operative note
Expected: true
Actual: true

Test Case Description: Selected HG Doctor under Procedure performed By
Expected: true
Actual: true

Test Case Description:  clicked on next button
Expected: true
Actual: true

Test Case Description:  clicked on one of the saved surgery note
Expected: true
Actual: true

Test Case Description:  clicked on next button
Expected: true
Actual: true

Test Case Description: Intraoperative Complications filled as Intraoperative Complications
Expected: true
Actual: true

Test Case Description:  clicked on next button
Expected: true
Actual: true

Test Case Description: Post OP Plan filled as plan
Expected: true
Actual: true

Test Case Description:  clicked on next button
Expected: true
Actual: true

Test Case Description: devices used during procedure are selected 
Expected: true
Actual: true

Test Case Description: Operative form saved 
Expected: true
Actual: true

Test Case Description: operative form closed 
Expected: true
Actual: true
]]>
  </system-out>
  <testcase classname="tests.departments.ipd.IPDFormsTest" name="fillConsentForms" time="49.107"/>
  <system-out>
    <![CDATA[Test Case Description: Patient name - Mr. SMOKE
Expected: true
Actual: true

Test Case Description: User already logged in
Expected: true
Actual: true

Test Case Description: The Facility - <b>TST</b> is already selected.
Expected: true
Actual: true

Test Case Description: Expected User is Logged in - <b>PR.Akash test</b> .Current User is PR.Akash test
Expected: true
Actual: true

Test Case Description: Validate My Queue tab is selected
Expected: true
Actual: true

Test Case Description: Patient name found in IPD: <b> MR. SMOKE</b>
Expected: true
Actual: true

Test Case Description: Validate patient MR. SMOKE is found
Expected: true
Actual: true

Test Case Description: Validate the Consent forms section is displayed
Expected: true
Actual: true

Test Case Description: <b>Validate Admission button is visible under the Consents forms</b>
Expected: true
Actual: true

Test Case Description: Validate New tab is opened when clicking on Admission button
Expected: true
Actual: true

Test Case Description: <b>Validate Operative button is visible under the Consents forms</b>
Expected: true
Actual: true

Test Case Description: Validate Operative consent window is visible
Expected: true
Actual: true

Test Case Description: Validate Select option for Operative Template is visible
Expected: true
Actual: true

Test Case Description: Validate 56 options are present under Operative Template
Expected: true
Actual: true

Test Case Description: Validate New tab is opened with Consent form when clicking on Print button
Expected: true
Actual: true

Test Case Description: <b>Validate Upload Papers button is visible under the Consents forms</b>
Expected: true
Actual: true

Test Case Description: Validate Add Files button is displayed on New Tab
Expected: true
Actual: true

Test Case Description: Validate Upload Files button is displayed on New Tab
Expected: true
Actual: true

Test Case Description: Validate Drag & Drop section is displayed on New Tab
Expected: true
Actual: true

Test Case Description: Validate Upload document tab is opened when clicking on Upload Documents button
Expected: true
Actual: true

Test Case Description: <b>Validate Custom Consent button is visible under the Consents forms</b>
Expected: true
Actual: true

Test Case Description: Validate the Speciality dropdown is visible
Expected: true
Actual: true

Test Case Description: Validate 5 options are present under Speciality dropdown
Expected: true
Actual: true

Test Case Description: Validate the Consent Name dropdown is visible
Expected: true
Actual: true

Test Case Description: Validate 30 options are present under Consent Name dropdown
Expected: true
Actual: true

Test Case Description: Validate the Language dropdown is visible
Expected: true
Actual: true

Test Case Description: Validate 2 options are present under Language dropdown
Expected: true
Actual: true
]]>
  </system-out>
  <testcase classname="tests.departments.ipd.IPDFormsTest" name="wardTemplateForm" time="18.477"/>
  <system-out>
    <![CDATA[Test Case Description: Patient name - Mr. SMOKE
Expected: true
Actual: true

Test Case Description: Validate My Queue tab is selected
Expected: true
Actual: true

Test Case Description: Validate patient found
Expected: true
Actual: true

Test Case Description:  Clicked on new to view ward note
Expected: true
Actual: true

Test Case Description: Ward note field filled as NOTE
Expected: true
Actual: true

Test Case Description: Weight is captured as 20
Expected: true
Actual: true

Test Case Description: Height is captured as 5.3
Expected: true
Actual: true

Test Case Description: Temperature captured as 32
Expected: true
Actual: true

Test Case Description: Pulse rate captured entered as 60
Expected: true
Actual: true

Test Case Description: BP value captured as 80
Expected: true
Actual: true

Test Case Description: Respiration rate entered as 12
Expected: true
Actual: true

Test Case Description: Spo2 entered as 94
Expected: true
Actual: true

Test Case Description:  ward note successfully saved
Expected: true
Actual: true

Test Case Description:  ward note closed 
Expected: true
Actual: true
]]>
  </system-out>
  <testcase classname="tests.departments.ipd.IPDFormsTest" name="fillPreOperativeForms" time="58.321"/>
  <system-out>
    <![CDATA[Test Case Description: Patient name - Mr. SMOKE
Expected: true
Actual: true

Test Case Description: User already logged in
Expected: true
Actual: true

Test Case Description: The Facility - <b>TST</b> is already selected.
Expected: true
Actual: true

Test Case Description: Expected User is Logged in - <b>PR.Akash test</b> .Current User is PR.Akash test
Expected: true
Actual: true

Test Case Description: Validate My Queue tab is selected
Expected: true
Actual: true

Test Case Description: Patient name found in IPD: <b> MR. SMOKE</b>
Expected: true
Actual: true

Test Case Description: Validate patient MR. SMOKE is found
Expected: true
Actual: true

Test Case Description: Validate the Pre-Operative forms section is displayed
Expected: true
Actual: true

Test Case Description: <b>Validate Admission button is visible under the Pre-Operative forms</b>
Expected: true
Actual: true

Test Case Description: Validate Admin Tab is clicked
Expected: true
Actual: true

Test Case Description: Validate Case Clinical Tab is clicked
Expected: true
Actual: true

Test Case Description: Validate History Tab is clicked
Expected: true
Actual: true

Test Case Description: Validate Save button is clicked on Admission under Pre-Operative
Expected: true
Actual: true

Test Case Description: <b>Validate Assessment button is visible under the Pre-Operative forms</b>
Expected: true
Actual: true

Test Case Description: Validate Primary Assessment Tab is clicked
Expected: true
Actual: true

Test Case Description: Validate Secondary Assessment Tab is clicked
Expected: true
Actual: true

Test Case Description: Validate Vital Signs Tab is clicked
Expected: true
Actual: true

Test Case Description: Validate Save button is clicked on Assessment under Pre-Operative
Expected: true
Actual: true

Test Case Description: <b>Validate Care Plan button is visible under the Pre-Operative forms</b>
Expected: true
Actual: true

Test Case Description: Validate Care Plan button is clicked
Expected: true
Actual: true

Test Case Description: Validate n option is selected under Medical sets for Nurse Care Plan
Expected: true
Actual: true

Test Case Description: Validate Save button is clicked on Assessment under Pre-Operative
Expected: true
Actual: true

Test Case Description: <b>Validate Assessment button is visible under the Pre-Operative forms</b>
Expected: true
Actual: true

Test Case Description: Validate Assessment button is clicked
Expected: true
Actual: true

Test Case Description: Validate Save button is clicked on Assessment under Pre-Operative
Expected: true
Actual: true
]]>
  </system-out>
</testsuite> <!-- tests.departments.ipd.IPDFormsTest -->
