<?xml version="1.0" encoding="UTF-8"?>
<!-- Generated by org.testng.reporters.JUnitReportReporter -->
<testsuite hostname="SPZMUMLAP0011" failures="0" tests="3" name="tests.settings.organisationSettings.general.GenerateDuplicateSequence.Test.AdjustmentSequenceParallelTest" time="303.627" errors="0" timestamp="2023-12-15T14:29:58 IST" skipped="0">
  <testcase classname="tests.settings.organisationSettings.general.GenerateDuplicateSequence.Test.AdjustmentSequenceParallelTest" name="validateAdjustmentSequence" time="76.305"/>
  <system-out>
    <![CDATA[Test Case Description: Entered Username : hgdummydoc
Expected: true
Actual: true

Test Case Description: Entered Password : FO#sSpRd12$23$
Expected: true
Actual: true

Test Case Description: Clicked on Login Button
Expected: true
Actual: true

Test Case Description: Adjustment Transaction ID =<b>    RSO-ADJ-151223-100124</b>
Expected: true
Actual: true

Test Case Description: Adjustment Transaction ID =<b>    RSO-ADJ-151223-100123</b>
Expected: true
Actual: true

Test Case Description: Validate Stock Adjustment ID Sequence - No Duplicates found
Expected: true
Actual: true

Test Case Description: Validated Primary Sequence counter after consuming sequence --> Counter Level : Organisation --> <font color='yellow'>RSO-ADJ-151223-100124</font>
Expected: true
Actual: true

Test Case Description: Validated Secondary Sequence counter after consuming sequence --> Counter Level : Facility --> <font color='yellow'>RSO-OPTHA1-000004</font>
Expected: true
Actual: true
]]>
  </system-out>
  <testcase classname="tests.settings.organisationSettings.general.GenerateDuplicateSequence.Test.AdjustmentSequenceParallelTest" name="generateAdjustmentSequence" time="113.468"/>
  <system-out>
    <![CDATA[Test Case Description: Entered Username : hgdummydoc
Expected: true
Actual: true

Test Case Description: Entered Password : FO#sSpRd12$23$
Expected: true
Actual: true

Test Case Description: Clicked on Login Button
Expected: true
Actual: true

Test Case Description: Selected Store - Pharmacy Viet- Pharmacy
Expected: true
Actual: true

Test Case Description: Adjustment Transaction Created
Expected: true
Actual: true
]]>
  </system-out>
  <testcase classname="tests.settings.organisationSettings.general.GenerateDuplicateSequence.Test.AdjustmentSequenceParallelTest" name="generateAdjustmentSequence" time="113.854"/>
  <system-out>
    <![CDATA[Test Case Description: Entered Username : hgdummydoc
Expected: true
Actual: true

Test Case Description: Entered Password : FO#sSpRd12$23$
Expected: true
Actual: true

Test Case Description: Clicked on Login Button
Expected: true
Actual: true

Test Case Description: Entered Username : hgdummydoc
Expected: true
Actual: true

Test Case Description: Entered Password : FO#sSpRd12$23$
Expected: true
Actual: true

Test Case Description: Clicked on Login Button
Expected: true
Actual: true

Test Case Description: Selected Store - Pharmacy Viet- Pharmacy
Expected: true
Actual: true

Test Case Description: Adjustment Transaction Created
Expected: true
Actual: true
]]>
  </system-out>
</testsuite> <!-- tests.settings.organisationSettings.general.GenerateDuplicateSequence.Test.AdjustmentSequenceParallelTest -->
