<?xml version="1.0" encoding="UTF-8"?>
<!-- Generated by org.testng.reporters.JUnitReportReporter -->
<testsuite hostname="SPZMUMLAP0011" failures="0" tests="7" name="tests.authorizationpolicy.inventory.InventoryPolicyTransferTransactionTest" time="829.608" errors="0" timestamp="2023-06-23T16:13:38 IST" skipped="0">
  <testcase classname="tests.authorizationpolicy.inventory.InventoryPolicyTransferTransactionTest" name="validateEditTransferTransaction" time="119.382"/>
  <system-out>
    <![CDATA[Test Case Description: Clicked user policy for user : PR.Akash test
Expected: true
Actual: true

Test Case Description: opened authorization policy page for the user : PR.Akash test
Expected: true
Actual: true

Test Case Description: INVENTORY policy clicked
Expected: true
Actual: true

Test Case Description: Inventory Transfer Transaction Edit Access
Authorized:    NO
Expected: true
Actual: true

Test Case Description: Pharmacy automation- Pharmacy store is selected.
Expected: true
Actual: true

Test Case Description: Selected Option in the Left Panel = <b>Transaction</b>
Expected: true
Actual: true

Test Case Description: Selected Sub Option in the Left Panel = <b>Transfer/Issue</b>
Expected: true
Actual: true

Validated --> Inventory Transfer Transaction Edit Access -->Edit functionality is disabled in Transfer
Test Case Description: Validated --> Inventory Transfer Transaction Edit Access -->Edit functionality is disabled in Transfer
TEST Case Failed ->Validated --> Inventory Transfer Transaction Edit Access -->Edit functionality is disabled in Transfer expected [true] but found [false]
Expected: true
Actual: false

Test Case Description: Clicked user policy for user : PR.Akash test
Expected: true
Actual: true

Test Case Description: opened authorization policy page for the user : PR.Akash test
Expected: true
Actual: true

Test Case Description: INVENTORY policy clicked
Expected: true
Actual: true

Test Case Description: Inventory Transfer Transaction Edit Access
Authorized:    YES
Expected: true
Actual: true

Test Case Description: Selected Option in the Left Panel = <b>Transaction</b>
Expected: true
Actual: true

Test Case Description: Selected Sub Option in the Left Panel = <b>Transfer/Issue</b>
Expected: true
Actual: true

Test Case Description: Validated --> Inventory Transfer Transaction Edit Access -->Edit functionality is enabled in Transfer
Expected: true
Actual: true
]]>
  </system-out>
  <testcase classname="tests.authorizationpolicy.inventory.InventoryPolicyTransferTransactionTest" name="validateEditDateTransferTransaction" time="118.712"/>
  <system-out>
    <![CDATA[Test Case Description: Clicked user policy for user : PR.Akash test
Expected: true
Actual: true

Test Case Description: opened authorization policy page for the user : PR.Akash test
Expected: true
Actual: true

Test Case Description: INVENTORY policy clicked
Expected: true
Actual: true

Test Case Description: Inventory Transfer Transaction Date Edit Access
Authorized:    NO
Expected: true
Actual: true

Test Case Description: Pharmacy automation- Pharmacy store is selected.
Expected: true
Actual: true

Test Case Description: Selected Option in the Left Panel = <b>Transaction</b>
Expected: true
Actual: true

Test Case Description: Selected Sub Option in the Left Panel = <b>Transfer/Issue</b>
Expected: true
Actual: true

Test Case Description: Validated -->Inventory Transfer Transaction Date Edit Access-->Transaction date edit functionality is disabled in Transfer
Expected: true
Actual: true

Test Case Description: Clicked user policy for user : PR.Akash test
Expected: true
Actual: true

Test Case Description: opened authorization policy page for the user : PR.Akash test
Expected: true
Actual: true

Test Case Description: INVENTORY policy clicked
Expected: true
Actual: true

Test Case Description: Inventory Transfer Transaction Date Edit Access
Authorized:    YES
Expected: true
Actual: true

Test Case Description: Selected Option in the Left Panel = <b>Transaction</b>
Expected: true
Actual: true

Test Case Description: Selected Sub Option in the Left Panel = <b>Transfer/Issue</b>
Expected: true
Actual: true

Test Case Description: Validated -->Inventory Transfer Transaction Date Edit Access-->Transaction date edit functionality is enabled in Transfer
Expected: true
Actual: true
]]>
  </system-out>
  <testcase classname="tests.authorizationpolicy.inventory.InventoryPolicyTransferTransactionTest" name="validateCancelTransferTransaction" time="117.138"/>
  <system-out>
    <![CDATA[Test Case Description: Clicked user policy for user : PR.Akash test
Expected: true
Actual: true

Test Case Description: opened authorization policy page for the user : PR.Akash test
Expected: true
Actual: true

Test Case Description: INVENTORY policy clicked
Expected: true
Actual: true

Test Case Description: Inventory Transfer Transaction Cancellation Access
Authorized:    NO
Expected: true
Actual: true

Test Case Description: Pharmacy automation- Pharmacy store is selected.
Expected: true
Actual: true

Test Case Description: Selected Option in the Left Panel = <b>Transaction</b>
Expected: true
Actual: true

Test Case Description: Selected Sub Option in the Left Panel = <b>Transfer/Issue</b>
Expected: true
Actual: true

Validated -->Inventory Transfer Transaction Cancellation Access-->Cancel functionality is disabled in Transfer
Test Case Description: Validated -->Inventory Transfer Transaction Cancellation Access-->Cancel functionality is disabled in Transfer
TEST Case Failed ->Validated -->Inventory Transfer Transaction Cancellation Access-->Cancel functionality is disabled in Transfer expected [true] but found [false]
Expected: true
Actual: false

Test Case Description: Clicked user policy for user : PR.Akash test
Expected: true
Actual: true

Test Case Description: opened authorization policy page for the user : PR.Akash test
Expected: true
Actual: true

Test Case Description: INVENTORY policy clicked
Expected: true
Actual: true

Test Case Description: Inventory Transfer Transaction Cancellation Access
Authorized:    YES
Expected: true
Actual: true

Test Case Description: Selected Option in the Left Panel = <b>Transaction</b>
Expected: true
Actual: true

Test Case Description: Selected Sub Option in the Left Panel = <b>Transfer/Issue</b>
Expected: true
Actual: true

Test Case Description: Validated -->Inventory Transfer Transaction Cancellation Access-->Cancel functionality is enabled in Transfer
Expected: true
Actual: true
]]>
  </system-out>
  <testcase classname="tests.authorizationpolicy.inventory.InventoryPolicyTransferTransactionTest" name="validateViewTransferTransaction" time="106.691"/>
  <system-out>
    <![CDATA[Test Case Description: Clicked user policy for user : PR.Akash test
Expected: true
Actual: true

Test Case Description: opened authorization policy page for the user : PR.Akash test
Expected: true
Actual: true

Test Case Description: INVENTORY policy clicked
Expected: true
Actual: true

Test Case Description: Inventory Transfer Transaction View Access
Authorized:    NO
Expected: true
Actual: true

Test Case Description: Pharmacy automation- Pharmacy store is selected.
Expected: true
Actual: true

Test Case Description: Selected Option in the Left Panel = <b>Transaction</b>
Expected: true
Actual: true

Test Case Description: Selected Sub Option in the Left Panel = <b>Transfer/Issue</b>
Expected: true
Actual: true

Test Case Description: Validated --> Inventory Transfer Transaction View Access --> Transfer Transaction is disabled in store
Expected: true
Actual: true

Test Case Description: Clicked user policy for user : PR.Akash test
Expected: true
Actual: true

Test Case Description: opened authorization policy page for the user : PR.Akash test
Expected: true
Actual: true

Test Case Description: INVENTORY policy clicked
Expected: true
Actual: true

Test Case Description: Inventory Transfer Transaction View Access
Authorized:    YES
Expected: true
Actual: true

Test Case Description: Selected Option in the Left Panel = <b>Transaction</b>
Expected: true
Actual: true

Test Case Description: Selected Sub Option in the Left Panel = <b>Transfer/Issue</b>
Expected: true
Actual: true

Test Case Description: Validated --> Inventory Transfer Transaction View Access --> Transfer Transaction is enabled in store
Expected: true
Actual: true
]]>
  </system-out>
  <testcase classname="tests.authorizationpolicy.inventory.InventoryPolicyTransferTransactionTest" name="validateAddTransferTransaction" time="120.708"/>
  <system-out>
    <![CDATA[Test Case Description: Clicked user policy for user : PR.Akash test
Expected: true
Actual: true

Test Case Description: opened authorization policy page for the user : PR.Akash test
Expected: true
Actual: true

Test Case Description: INVENTORY policy clicked
Expected: true
Actual: true

Test Case Description: Inventory Transfer Transaction Creation Access
Authorized:    NO
Expected: true
Actual: true

Test Case Description: Pharmacy automation- Pharmacy store is selected.
Expected: true
Actual: true

Test Case Description: Selected Option in the Left Panel = <b>Transaction</b>
Expected: true
Actual: true

Test Case Description: Selected Sub Option in the Left Panel = <b>Transfer/Issue</b>
Expected: true
Actual: true

Test Case Description: Validated --> Inventory Transfer Transaction Creation Access --> Add functionality is disabled in Transfer
Expected: true
Actual: true

Test Case Description: Clicked user policy for user : PR.Akash test
Expected: true
Actual: true

Test Case Description: opened authorization policy page for the user : PR.Akash test
Expected: true
Actual: true

Test Case Description: INVENTORY policy clicked
Expected: true
Actual: true

Test Case Description: Inventory Transfer Transaction Creation Access
Authorized:    YES
Expected: true
Actual: true

Test Case Description: Selected Option in the Left Panel = <b>Transaction</b>
Expected: true
Actual: true

Test Case Description: Selected Sub Option in the Left Panel = <b>Transfer/Issue</b>
Expected: true
Actual: true

Test Case Description: Validated --> Inventory Transfer Transaction Creation Access --> Add functionality is enabled in Transfer
Expected: true
Actual: true
]]>
  </system-out>
  <testcase classname="tests.authorizationpolicy.inventory.InventoryPolicyTransferTransactionTest" name="validateApproveTransferTransaction" time="174.198"/>
  <system-out>
    <![CDATA[Test Case Description: Clicked user policy for user : PR.Akash test
Expected: true
Actual: true

Test Case Description: opened authorization policy page for the user : PR.Akash test
Expected: true
Actual: true

Test Case Description: INVENTORY policy clicked
Expected: true
Actual: true

Test Case Description: Inventory Transfer Transaction Approval Access
Authorized:    NO    
Maker-Checker: No
Expected: true
Actual: true

Test Case Description: Pharmacy automation- Pharmacy store is selected.
Expected: true
Actual: true

Test Case Description: Selected Option in the Left Panel = <b>Transaction</b>
Expected: true
Actual: true

Test Case Description: Selected Sub Option in the Left Panel = <b>Transfer/Issue</b>
Expected: true
Actual: true

Test Case Description: Selected Option in the Left Panel = <b>Transaction</b>
Expected: true
Actual: true

Test Case Description: Selected Sub Option in the Left Panel = <b>Transfer/Issue</b>
Expected: true
Actual: true

Test Case Description: Selected Received Store as : <b>OpticalStore</b>
Expected: true
Actual: true

Test Case Description: Transfer Transaction saved
Expected: true
Actual: true

Test Case Description: Clicked user policy for user : PR.Akash test
Expected: true
Actual: true

Test Case Description: opened authorization policy page for the user : PR.Akash test
Expected: true
Actual: true

Test Case Description: INVENTORY policy clicked
Expected: true
Actual: true

Test Case Description: Inventory Transfer Transaction Approval Access
Authorized:    YES    
Maker-Checker: No
Expected: true
Actual: true

Test Case Description: Selected Option in the Left Panel = <b>Transaction</b>
Expected: true
Actual: true

Test Case Description: Selected Sub Option in the Left Panel = <b>Transfer/Issue</b>
Expected: true
Actual: true

Test Case Description: Validated --> Inventory Transfer Transaction Approval Access --> Approve functionality is enabled in Transfer
Expected: true
Actual: true
]]>
  </system-out>
  <testcase classname="tests.authorizationpolicy.inventory.InventoryPolicyTransferTransactionTest" name="validateRestockTransferTransaction" time="72.779"/>
  <system-out>
    <![CDATA[Test Case Description: Clicked user policy for user : PR.Akash test
Expected: true
Actual: true

Test Case Description: opened authorization policy page for the user : PR.Akash test
Expected: true
Actual: true

Test Case Description: INVENTORY policy clicked
Expected: true
Actual: true

Test Case Description: Inventory Transfer Transaction Re Stock Access
Authorized:    NO
Expected: true
Actual: true

Test Case Description: Pharmacy automation- Pharmacy store is selected.
Expected: true
Actual: true

Test Case Description: Selected Option in the Left Panel = <b>Transaction</b>
Expected: true
Actual: true

Test Case Description: Selected Sub Option in the Left Panel = <b>Transfer/Issue</b>
Expected: true
Actual: true

Test Case Description: Unable to validate Restock Transfer policyjava.lang.Exception: Element not clicked org.openqa.selenium.NoSuchElementException: no such element: Unable to locate element: {"method":"xpath","selector":"//div[@class='inventory-show-panel']/div/div/a[text()='Approve']"}
  (Session info: chrome=114.0.5735.134)
For documentation on this error, please visit: https://selenium.dev/exceptions/#no_such_element
Build info: version: '4.1.2', revision: '9a5a329c5a'
System info: host: 'SPZMUMLAP0011', ip: '192.168.1.5', os.name: 'Windows 11', os.arch: 'amd64', os.version: '10.0', java.version: '19.0.2'
Driver info: org.openqa.selenium.chrome.ChromeDriver
Command: [6659e812caee39cc0dca093fdbd6fc53, findElement {using=xpath, value=//div[@class='inventory-show-panel']/div/div/a[text()='Approve']}]
Capabilities {acceptInsecureCerts: false, browserName: chrome, browserVersion: 114.0.5735.134, chrome: {chromedriverVersion: 114.0.5735.16 (7e1ff058633f..., userDataDir: C:\Users\praveenikkr\AppDat...}, goog:chromeOptions: {debuggerAddress: localhost:51052}, javascriptEnabled: true, networkConnectionEnabled: false, pageLoadStrategy: normal, platform: WINDOWS, platformName: WINDOWS, proxy: Proxy(), se:cdp: ws://localhost:51052/devtoo..., se:cdpVersion: 114.0.5735.134, setWindowRect: true, strictFileInteractability: false, timeouts: {implicit: 0, pageLoad: 300000, script: 30000}, unhandledPromptBehavior: dismiss and notify, webauthn:extension:credBlob: true, webauthn:extension:largeBlob: true, webauthn:extension:minPinLength: true, webauthn:extension:prf: true, webauthn:virtualAuthenticators: true}
Session ID: 6659e812caee39cc0dca093fdbd6fc53
TEST Case Failed ->Unable to validate Restock Transfer policyjava.lang.Exception: Element not clicked org.openqa.selenium.NoSuchElementException: no such element: Unable to locate element: {"method":"xpath","selector":"//div[@class='inventory-show-panel']/div/div/a[text()='Approve']"}
  (Session info: chrome=114.0.5735.134)
For documentation on this error, please visit: https://selenium.dev/exceptions/#no_such_element
Build info: version: '4.1.2', revision: '9a5a329c5a'
System info: host: 'SPZMUMLAP0011', ip: '192.168.1.5', os.name: 'Windows 11', os.arch: 'amd64', os.version: '10.0', java.version: '19.0.2'
Driver info: org.openqa.selenium.chrome.ChromeDriver
Command: [6659e812caee39cc0dca093fdbd6fc53, findElement {using=xpath, value=//div[@class='inventory-show-panel']/div/div/a[text()='Approve']}]
Capabilities {acceptInsecureCerts: false, browserName: chrome, browserVersion: 114.0.5735.134, chrome: {chromedriverVersion: 114.0.5735.16 (7e1ff058633f..., userDataDir: C:\Users\praveenikkr\AppDat...}, goog:chromeOptions: {debuggerAddress: localhost:51052}, javascriptEnabled: true, networkConnectionEnabled: false, pageLoadStrategy: normal, platform: WINDOWS, platformName: WINDOWS, proxy: Proxy(), se:cdp: ws://localhost:51052/devtoo..., se:cdpVersion: 114.0.5735.134, setWindowRect: true, strictFileInteractability: false, timeouts: {implicit: 0, pageLoad: 300000, script: 30000}, unhandledPromptBehavior: dismiss and notify, webauthn:extension:credBlob: true, webauthn:extension:largeBlob: true, webauthn:extension:minPinLength: true, webauthn:extension:prf: true, webauthn:virtualAuthenticators: true}
Session ID: 6659e812caee39cc0dca093fdbd6fc53 expected [true] but found [false]
Expected: true
Actual: true
]]>
  </system-out>
</testsuite> <!-- tests.authorizationpolicy.inventory.InventoryPolicyTransferTransactionTest -->
