<?xml version="1.0" encoding="UTF-8"?>
<!-- Generated by org.testng.reporters.JUnitReportReporter -->
<testsuite hostname="SPZMUMLAP0011" failures="0" tests="1" name="tests.authorizationpolicy.ehrSetting.PayerMasterPolicyTest" time="151.961" errors="0" timestamp="2023-12-13T00:49:16 IST" skipped="0">
  <testcase classname="tests.authorizationpolicy.ehrSetting.PayerMasterPolicyTest" name="validatePolicy_clonePayerMaster" time="151.961"/>
  <system-out>
    <![CDATA[Test Case Description: Expected User is Logged in - <b>PR.Akash test</b> .Current User is PR.Akash test
Expected: true
Actual: true

Test Case Description: Selected Option <b>Organisation Settings</b>
Expected: true
Actual: true

Test Case Description: Selected Option in the Left Panel = <b>General</b>
Expected: true
Actual: true

Test Case Description: Selected Sub Option in the Left Panel = <b>Organisation Setup</b>
Expected: true
Actual: true

Test Case Description: Clicked user policy for user : PR.Akash test
Expected: true
Actual: true

Test Case Description: opened authorization policy page for the user : PR.Akash test
Expected: true
Actual: true

Test Case Description: EHR SETTINGS policy clicked
Expected: true
Actual: true

Test Case Description: Expected User is Logged in - <b>PR.Akash test</b> .Current User is PR.Akash test
Expected: true
Actual: true

Test Case Description: Selected Option <b>Organisation Settings</b>
Expected: true
Actual: true

Test Case Description: Selected Option in the Left Panel = <b>General</b>
Expected: true
Actual: true

Test Case Description: Selected Sub Option in the Left Panel = <b>Payer Master</b>
Expected: true
Actual: true

<font color='blue'>Validated Payer Master clone access is disabled for the user</font>
Test Case Description: <font color='blue'>Validated Payer Master clone access is disabled for the user</font>
TEST Case Failed -><font color='blue'>Validated Payer Master clone access is disabled for the user</font> expected [true] but found [false]
Expected: true
Actual: false

Test Case Description: Clicked user policy for user : PR.Akash test
Expected: true
Actual: true

Test Case Description: opened authorization policy page for the user : PR.Akash test
Expected: true
Actual: true

Test Case Description: EHR SETTINGS policy clicked
Expected: true
Actual: true

Test Case Description: Payer Master clone access
Authorized:    YES
Expected: true
Actual: true

Test Case Description: Selected Option in the Left Panel = <b>General</b>
Expected: true
Actual: true

Test Case Description: Selected Sub Option in the Left Panel = <b>Payer Master</b>
Expected: true
Actual: true

Test Case Description: <font color='blue'>Validated Payer Master clone access is enabled for the user</font>
Expected: true
Actual: true
]]>
  </system-out>
</testsuite> <!-- tests.authorizationpolicy.ehrSetting.PayerMasterPolicyTest -->
