<?xml version="1.0" encoding="UTF-8"?>
<!-- Generated by org.testng.reporters.JUnitReportReporter -->
<testsuite hostname="SPZMUMLAP0011" failures="0" tests="2" name="tests.inventoryStores.pharmacyStore.Transaction.AdjustmentTest" time="160.052" errors="0" timestamp="2023-07-11T09:56:53 IST" skipped="0">
  <testcase classname="tests.inventoryStores.pharmacyStore.Transaction.AdjustmentTest" name="validatingAdjustmentTransactionAndValidateLOT" time="119.851"/>
  <system-out>
    <![CDATA[Test Case Description: The Facility - <b>TST</b> is already selected.
Expected: true
Actual: true

Test Case Description: Pharmacy automation- Pharmacy store is selected.
Expected: true
Actual: true

Test Case Description: Store pop up closed
Expected: true
Actual: true

Test Case Description: Selected Option in the Left Panel = <b>Items</b>
Expected: true
Actual: true

Test Case Description: Selected Sub Option in the Left Panel = <b>Lot</b>
Expected: true
Actual: true

Test Case Description: <b>Adjustment_Automation_01 </b> found in Items Lot Page
Expected: true
Actual: true

Test Case Description: <b>Adjustment_Automation_02 </b> found in Items Lot Page
Expected: true
Actual: true

Test Case Description: <b> The Available stock for the Adjustment_Automation_01 is : 997.0</b>
Expected: true
Actual: true

Test Case Description: <b> The Available stock for the Adjustment_Automation_02 is : 1003.0</b>
Expected: true
Actual: true

Test Case Description: <b> The Cost Price for the Adjustment_Automation_01 is : 105.0</b>
Expected: true
Actual: true

Test Case Description: <b> The Cost Price for the Adjustment_Automation_02 is : 110.25</b>
Expected: true
Actual: true

Test Case Description: Selected Option in the Left Panel = <b>Transaction</b>
Expected: true
Actual: true

Test Case Description: Selected Sub Option in the Left Panel = <b>Adjustment</b>
Expected: true
Actual: true

Test Case Description:  <b> Refresh Button </b> Displayed In Adjustment Page
Expected: true
Actual: true

Test Case Description:  <b> Today Filter Button </b> Displayed And Clicked In Adjustment Page
Expected: true
Actual: true

Test Case Description:  This Month Selected as Filter
Expected: true
Actual: true

Test Case Description:  <b> This Month Filter Working </b> 
Expected: true
Actual: true

Test Case Description:  <b> Report Button </b> Displayed In Adjustment Page
Expected: true
Actual: true

Test Case Description:  <b> Search Box Displayed and placeholder Displayed as : Search here... </b> 
Expected: true
Actual: true

Test Case Description:  <b> New Button </b> Clicked In adjustment
Expected: true
Actual: true

Test Case Description:  Adjustment Header Displayed
Expected: true
Actual: true

Test Case Description: <b> Description Button </b> Clicked In New Adjustment Template
Expected: true
Actual: true

Test Case Description: Validated medication description Adjustment_Automation_01 found in adjustment
Expected: true
Actual: true

Test Case Description: Validated medication description Adjustment_Automation_02 found in adjustment
Expected: true
Actual: true

Test Case Description: <b>Description </b> Header Present In Table In Add Adjustment Template
Expected: true
Actual: true

Test Case Description: <b>Batch No. </b> Header Present In Table In Add Adjustment Template
Expected: true
Actual: true

Test Case Description: <b>Barcode </b> Header Present In Table In Add Adjustment Template
Expected: true
Actual: true

Test Case Description: <b>Model No. </b> Header Present In Table In Add Adjustment Template
Expected: true
Actual: true

Test Case Description: <b>Expiry </b> Header Present In Table In Add Adjustment Template
Expected: true
Actual: true

Test Case Description: <b>Add/Deduct </b> Header Present In Table In Add Adjustment Template
Expected: true
Actual: true

Test Case Description: <b>Quantity </b> Header Present In Table In Add Adjustment Template
Expected: true
Actual: true

Test Case Description: <b>Total Cost Price </b> Header Present In Table In Add Adjustment Template
Expected: true
Actual: true

Test Case Description: <b>Action </b> Header Present In Table In Add Adjustment Template
Expected: true
Actual: true

Test Case Description: Adjustment_Automation_01 Item Present In Table In Add Adjustment Template
Expected: true
Actual: true

Test Case Description: Adjustment_Automation_02 Item Present In Table In Add Adjustment Template
Expected: true
Actual: true

Test Case Description: BN1234578 Batch No Present In Table In Add Adjustment Template
Expected: true
Actual: true

Test Case Description: BN12345789 Batch No Present In Table In Add Adjustment Template
Expected: true
Actual: true

Test Case Description: RSO155557INVOPCNT10171001000 Barcode Present In Table In Add Adjustment Template 
Expected: true
Actual: true

Test Case Description: RSO155557INVMED12361001000 Barcode Present In Table In Add Adjustment Template 
Expected: true
Actual: true

Test Case Description: Mod12345 Model No Present In Add Adjustment Template
Expected: true
Actual: true

Test Case Description:  Model No Present In Add Adjustment Template
Expected: true
Actual: true

Test Case Description: N.A Expiry Date Present In Table In Add Adjustment Template
Expected: true
Actual: true

Test Case Description: 2032-07-29 Expiry Date Present In Table In Add Adjustment Template
Expected: true
Actual: true

Test Case Description:  Delete Button Present In Adjustment Table In Table In Add Adjustment Template
Expected: true
Actual: true

Test Case Description:  Delete Button Present In Adjustment Table In Table In Add Adjustment Template
Expected: true
Actual: true

Test Case Description:  Delete Button Is working
Expected: true
Actual: true

Test Case Description: Validated medication description Adjustment_Automation_02 found in adjustment
Expected: true
Actual: true

Test Case Description: Deduct From LotSelected For Adjustment_Automation_01
Expected: true
Actual: true

Test Case Description: Add to LotSelected For Adjustment_Automation_02
Expected: true
Actual: true

Test Case Description:  Qty Entered as 997.01
Expected: true
Actual: true

Test Case Description: <b> Validation message displayed :Cannot Adjust more than stock</b> 
Expected: true
Actual: true

Test Case Description:  Qty Entered as : 1for item Adjustment_Automation_01
Expected: true
Actual: true

Test Case Description:  Qty Entered as : 1for item Adjustment_Automation_02
Expected: true
Actual: true

Test Case Description: Total Cost Calculated Correctly as :105.00 For Item : Adjustment_Automation_01
Expected: true
Actual: true

Test Case Description: Total Cost Calculated Correctly as :110.25 For Item : Adjustment_Automation_02
Expected: true
Actual: true

Test Case Description: Total Amount Including Tax Calculated Correctly as :215.25
Expected: true
Actual: true

Test Case Description:  Transaction Notes Entered As :Adjustment_Note_zbhmq
Expected: true
Actual: true

Test Case Description: <b> Adjustment transaction is created for [Ljava.lang.String;@7b3c2ae0 of quantity: 1</b> 
Expected: true
Actual: true

Test Case Description: Selected Option in the Left Panel = <b>Items</b>
Expected: true
Actual: true

Test Case Description: Selected Sub Option in the Left Panel = <b>Lot</b>
Expected: true
Actual: true

Test Case Description: Item found in Items Lot Page
Expected: true
Actual: true

Test Case Description: <b> The final stock available after adjustment for the item Adjustment_Automation_01 is: 996.0</b> 
Expected: true
Actual: true

Test Case Description: Item found in Items Lot Page
Expected: true
Actual: true

Test Case Description: <b> The final stock available after adjustment for the item Adjustment_Automation_02 is: 1004.0</b> 
Expected: true
Actual: true
]]>
  </system-out>
  <testcase classname="tests.inventoryStores.pharmacyStore.Transaction.AdjustmentTest" name="validatingViewAdjustmentTransactionAndValidateLOT" time="40.201"/>
  <system-out>
    <![CDATA[Test Case Description: The Facility - <b>TST</b> is already selected.
Expected: true
Actual: true

Test Case Description: Selected Option <b>Organisation Settings</b>
Expected: true
Actual: true

Test Case Description: Selected Option in the Left Panel = <b>General</b>
Expected: true
Actual: true

Test Case Description: Selected Sub Option in the Left Panel = <b>Sequence Manager</b>
Expected: true
Actual: true

Test Case Description: Pharmacy automation- Pharmacy store is selected.
Expected: true
Actual: true

Test Case Description: Store pop up closed
Expected: true
Actual: true

Test Case Description: Selected Option in the Left Panel = <b>Transaction</b>
Expected: true
Actual: true

Test Case Description: Selected Sub Option in the Left Panel = <b>Adjustment</b>
Expected: true
Actual: true

Test Case Description: <b>Transaction Date </b> Header Present In View Adjustment Page
Expected: true
Actual: true

Test Case Description: <b>Store </b> Header Present In View Adjustment Page
Expected: true
Actual: true

Test Case Description: <b>Note </b> Header Present In View Adjustment Page
Expected: true
Actual: true

Test Case Description: <b>Amount </b> Header Present In View Adjustment Page
Expected: true
Actual: true

Test Case Description: Adjustment Transaction Clicked In Transaction List
Expected: true
Actual: true

Test Case Description:  Adjustment Record Found And Clicked
Expected: true
Actual: true

Test Case Description:  View Adjustment Header Displayed as :Adjustment_Note_zbhmq
Expected: true
Actual: true

Test Case Description:  Transaction Id Displayed as :RSO-ADJ-110723-100080
Expected: true
Actual: true

Test Case Description:  Transaction Details  Header Displayed 
Expected: true
Actual: true

Test Case Description: <b>Description </b> Header Present In Transaction Details Table
Expected: true
Actual: true

Test Case Description: <b>Batch No. </b> Header Present In Transaction Details Table
Expected: true
Actual: true

Test Case Description: <b>Model No. </b> Header Present In Transaction Details Table
Expected: true
Actual: true

Test Case Description: <b>Expiry </b> Header Present In Transaction Details Table
Expected: true
Actual: true

Test Case Description: <b>Add/Deduct </b> Header Present In Transaction Details Table
Expected: true
Actual: true

Test Case Description: <b>Quantity </b> Header Present In Transaction Details Table
Expected: true
Actual: true

Test Case Description: <b>Total Price </b> Header Present In Transaction Details Table
Expected: true
Actual: true

Test Case Description: <b>Adjustment_Automation_01-, </b> Value Present In Transaction Details Table
Expected: true
Actual: true

Test Case Description: <b>BN1234578 </b> Value Present In Transaction Details Table
Expected: true
Actual: true

Test Case Description: <b>Mod12345 </b> Value Present In Transaction Details Table
Expected: true
Actual: true

Test Case Description: <b> </b> Value Present In Transaction Details Table
Expected: true
Actual: true

Test Case Description: <b>Deduct </b> Value Present In Transaction Details Table
Expected: true
Actual: true

Test Case Description: <b>1.0 </b> Value Present In Transaction Details Table
Expected: true
Actual: true

Test Case Description: <b>105.0 </b> Value Present In Transaction Details Table
Expected: true
Actual: true

Test Case Description: <b>Adjustment_Automation_02- </b> Value Present In Transaction Details Table
Expected: true
Actual: true

Test Case Description: <b>BN12345789 </b> Value Present In Transaction Details Table
Expected: true
Actual: true

Test Case Description: <b> </b> Value Present In Transaction Details Table
Expected: true
Actual: true

Test Case Description: <b>2032-07-29 </b> Value Present In Transaction Details Table
Expected: true
Actual: true

Test Case Description: <b>Add </b> Value Present In Transaction Details Table
Expected: true
Actual: true

Test Case Description: <b>1.0 </b> Value Present In Transaction Details Table
Expected: true
Actual: true

Test Case Description: <b>110.25 </b> Value Present In Transaction Details Table
Expected: true
Actual: true
]]>
  </system-out>
</testsuite> <!-- tests.inventoryStores.pharmacyStore.Transaction.AdjustmentTest -->
